                  Welcome to Q-Chem
     A Quantum Leap Into The Future Of Chemistry


 Q-Chem 5.4 (devel), Q-Chem, Inc., Pleasanton, CA (2021)

 E. Epifanovsky,  A. T. B. Gilbert,  Xintian Feng,  Joonho Lee,  Yuezhi Mao,  
 N. Mardirossian,  P. Pokhilko,  A. White,  M. Wormit,  M. P. Coons,  
 A. L. Dempwolff,  Zhengting Gan,  D. Hait,  P. R. Horn,  L. D. Jacobson,  
 I. Kaliman,  J. Kussmann,  A. W. Lange,  Ka Un Lao,  D. S. Levine,  Jie Liu,  
 S. C. McKenzie,  A. F. Morrison,  K. Nanda,  F. Plasser,  D. R. Rehn,  
 M. L. Vidal,  Zhi-Qiang You,  Ying Zhu,  B. Alam,  B. Albrecht,  
 A. Aldossary,  E. Alguire,  J. H. Andersen,  D. Barton,  K. Begam,  A. Behn,  
 Y. A. Bernard,  E. J. Berquist,  H. Burton,  A. Carreras,  K. Carter-Fenk,  
 R. Chakraborty,  A. D. Chien,  K. D. Closser,  V. Cofer-Shabica,  
 S. Dasgupta,  Jia Deng,  M. de Wergifosse,  M. Diedenhofen,  Hainam Do,  
 S. Ehlert,  Po-Tung Fang,  S. Fatehi,  Qingguo Feng,  T. Friedhoff,  
 J. Gayvert,  Qinghui Ge,  G. Gidofalvi,  M. Goldey,  J. Gomes,  
 C. Gonzalez-Espinoza,  S. Gulania,  A. Gunina,  M. W. D. Hanson-Heine,  
 P. H. P. Harbach,  A. W. Hauser,  M. F. Herbst,  M. Hernandez Vera,  
 M. Hodecker,  Z. C. Holden,  S. Houck,  Xunkun Huang,  Kerwin Hui,  
 B. C. Huynh,  M. Ivanov,  Hyunjun Ji,  Hanjie Jiang,  B. Kaduk,  S. Kaehler,  
 K. Khistyaev,  Jaehoon Kim,  P. Klunzinger,  Z. Koczor-Benda,  
 Joong Hoon Koh,  D. Kosenkov,  L. Koulias,  T. Kowalczyk,  C. M. Krauter,  
 K. Kue,  A. Kunitsa,  T. Kus,  A. Landau,  K. V. Lawler,  D. Lefrancois,  
 S. Lehtola,  Rain Li,  Yi-Pei Li,  Jiashu Liang,  M. Liebenthal,  
 Hung-Hsuan Lin,  You-Sheng Lin,  Fenglai Liu,  Kuan-Yu Liu,  
 M. Loipersberger,  A. Luenser,  A. Manjanath,  P. Manohar,  E. Mansoor,  
 S. F. Manzer,  Shan-Ping Mao,  A. V. Marenich,  T. Markovich,  S. Mason,  
 S. A. Maurer,  P. F. McLaughlin,  M. F. S. J. Menger,  J.-M. Mewes,  
 S. A. Mewes,  P. Morgante,  J. W. Mullinax,  K. J. Oosterbaan,  G. Paran,  
 Alexander C. Paul,  Suranjan K. Paul,  F. Pavosevic,  Zheng Pei,  S. Prager,  
 E. I. Proynov,  E. Ramos,  B. Rana,  A. E. Rask,  A. Rettig,  R. M. Richard,  
 F. Rob,  E. Rossomme,  T. Scheele,  M. Scheurer,  M. Schneider,  
 N. Sergueev,  S. M. Sharada,  W. Skomorowski,  D. W. Small,  C. J. Stein,  
 Yu-Chuan Su,  E. J. Sundstrom,  Zhen Tao,  J. Thirman,  T. Tsuchimochi,  
 N. M. Tubman,  S. P. Veccham,  O. Vydrov,  J. Wenzel,  J. Witte,  A. Yamada,  
 Kun Yao,  S. Yeganeh,  S. R. Yost,  A. Zech,  Igor Ying Zhang,  Xing Zhang,  
 Yu Zhang,  D. Zuev,  A. Aspuru-Guzik,  A. T. Bell,  N. A. Besley,  
 K. B. Bravaya,  B. R. Brooks,  D. Casanova,  Jeng-Da Chai,  S. Coriani,  
 C. J. Cramer,  A. E. DePrince, III,  R. A. DiStasio Jr.,  A. Dreuw,  
 B. D. Dunietz,  T. R. Furlani,  W. A. Goddard III,  S. Grimme,  
 S. Hammes-Schiffer,  T. Head-Gordon,  W. J. Hehre,  Chao-Ping Hsu,  
 T.-C. Jagau,  Yousung Jung,  A. Klamt,  Jing Kong,  D. S. Lambrecht,  
 WanZhen Liang,  N. J. Mayhall,  C. W. McCurdy,  J. B. Neaton,  
 C. Ochsenfeld,  J. A. Parkhill,  R. Peverati,  V. A. Rassolov,  Yihan Shao,  
 L. V. Slipchenko,  T. Stauch,  R. P. Steele,  J. E. Subotnik,  
 A. J. W. Thom,  A. Tkatchenko,  D. G. Truhlar,  T. Van Voorhis,  
 T. A. Wesolowski,  K. B. Whaley,  H. L. Woodcock III,  P. M. Zimmerman,  
 S. Faraji,  P. M. W. Gill,  M. Head-Gordon,  J. M. Herbert,  A. I. Krylov

 Additional authors for Version 5.4.1: 
 S. Kotaru,  Shaozhi Li,  Xiangyuan Li,  F. Matz,  A. Molle,  Haisheng Ren,  
 Yingli Su,  Hung-Yi Tsai,  C. Utku,  Fang Wang

 Contributors to earlier versions of Q-Chem not listed above: 
 R. D. Adamson,  B. Austin,  R. Baer,  J. Baker,  G. J. O. Beran,  
 K. Brandhorst,  S. T. Brown,  E. F. C. Byrd,  A. K. Chakraborty,  
 G. K. L. Chan,  Chun-Min Chang,  Yunqing Chen,  C.-L. Cheng,  
 Siu Hung Chien,  D. M. Chipman,  D. L. Crittenden,  H. Dachsel,  
 R. J. Doerksen,  A. D. Dutoi,  R. G. Edgar,  J. Fosso-Tande,  
 L. Fusti-Molnar,  D. Ghosh,  A. Ghysels,  A. Golubeva-Zadorozhnaya,  
 J. Gonthier,  M. S. Gordon,  S. R. Gwaltney,  G. Hawkins,  J. E. Herr,  
 A. Heyden,  S. Hirata,  E. G. Hohenstein,  G. Kedziora,  F. J. Keil,  
 C. Kelley,  Jihan Kim,  R. A. King,  R. Z. Khaliullin,  P. P. Korambath,  
 W. Kurlancheek,  A. Laurent,  A. M. Lee,  M. S. Lee,  S. V. Levchenko,  
 Ching Yeh Lin,  D. Liotard,  E. Livshits,  R. C. Lochan,  I. Lotan,  
 L. A. Martinez-Martinez,  P. E. Maslen,  N. Nair,  D. P. O'Neill,  
 D. Neuhauser,  E. Neuscamman,  C. M. Oana,  R. Olivares-Amaya,  R. Olson,  
 T. M. Perrine,  B. Peters,  P. A. Pieniazek,  A. Prociuk,  Y. M. Rhee,  
 J. Ritchie,  M. A. Rohrdanz,  E. Rosta,  N. J. Russ,  H. F. Schaefer III,  
 M. W. Schmidt,  N. E. Schultz,  S. Sharma,  N. Shenvi,  C. D. Sherrill,  
 A. C. Simmonett,  A. Sodt,  T. Stein,  D. Stuck,  K. S. Thanthiriwatte,  
 V. Vanovschi,  L. Vogt,  Tao Wang,  A. Warshel,  M. A. Watson,  
 C. F. Williams,  Q. Wu,  X. Xu,  Jun Yang,  W. Zhang,  Yan Zhao

 Please cite Q-Chem as follows:
 Y. Shao et al., Mol. Phys. 113, 184-215 (2015)
 DOI: 10.1080/00268976.2014.952696

 Q-Chem 5.4.1 for Intel X86 EM64T Linux

 Parts of Q-Chem use Armadillo 9.800.1 (Horizon Scraper).
 http://arma.sourceforge.net/

 Q-Chem begins on Wed Jun 29 13:40:22 2022  

 Host: gadi-cpu-clx-0694.gadi.nci.org.au
0

     Scratch files written to /jobfs/48735423.gadi-pbs/qchem3997758//
 Processing $rem in /apps/qchem/5.4.1/config/preferences:
 Processing $rem in /home/561/yj5695/.qchemrc:
 Symmetry turned off for PCM/SM12/SMD calculation
 Method-specific promolecule density matrix will be built for SM12 calculation

 Checking the input file for inconsistencies... 	...done.

--------------------------------------------------------------
User input:
--------------------------------------------------------------
$molecule
-1  1
C -1.3917891336  0.7240534892 -1.0355314268
C -2.3860577194  1.2595784827 -1.8454982927
H -3.3364741855  1.5531386514 -1.4088468853
C -2.1771308548  1.4139693661 -3.2159676608
H -2.9711243903  1.8261335566 -3.8295668198
C -0.9508329077  1.0430318462 -3.7929913691
N -0.6884597134  1.2280860362 -5.1381392598
C  0.0497123894  0.4984128159 -2.9576771891
H  0.9989311364  0.1998930884 -3.3963168364
C -0.1680008369  0.3423196126 -1.6000734465
H  0.6130957256 -0.0830278758 -0.975474724
S -1.6365785155  0.5711226561  0.7329182749
O -1.096668175 -0.7914707136  1.050925846
O -0.8198406852  1.6640854682  1.3430632525
N -3.1376055914  0.7959909197  1.1012387444
H -3.6711295528 -0.0154698425  0.7786120631
C -1.7863728374  1.4272791481 -6.0699085859
H  0.0531448231  0.6332894289 -5.4909655932
H -2.2539371293  2.4029950048 -5.9112270434
H -2.5603957057  0.6527966774 -5.979306932
H -1.3847061408  1.4061891834 -7.0833941161
$end

$rem
jobtype sp
exchange M062X
basis 6-31+G*
SMX_GAS_PHASE = TRUE
solvent_method sm12
$end

$smx
solvent water
charges mk
$end
--------------------------------------------------------------
 ----------------------------------------------------------------
             Standard Nuclear Orientation (Angstroms)
    I     Atom           X                Y                Z
 ----------------------------------------------------------------
    1      C      -1.3917891336     0.7240534892    -1.0355314268
    2      C      -2.3860577194     1.2595784827    -1.8454982927
    3      H      -3.3364741855     1.5531386514    -1.4088468853
    4      C      -2.1771308548     1.4139693661    -3.2159676608
    5      H      -2.9711243903     1.8261335566    -3.8295668198
    6      C      -0.9508329077     1.0430318462    -3.7929913691
    7      N      -0.6884597134     1.2280860362    -5.1381392598
    8      C       0.0497123894     0.4984128159    -2.9576771891
    9      H       0.9989311364     0.1998930884    -3.3963168364
   10      C      -0.1680008369     0.3423196126    -1.6000734465
   11      H       0.6130957256    -0.0830278758    -0.9754747240
   12      S      -1.6365785155     0.5711226561     0.7329182749
   13      O      -1.0966681750    -0.7914707136     1.0509258460
   14      O      -0.8198406852     1.6640854682     1.3430632525
   15      N      -3.1376055914     0.7959909197     1.1012387444
   16      H      -3.6711295528    -0.0154698425     0.7786120631
   17      C      -1.7863728374     1.4272791481    -6.0699085859
   18      H       0.0531448231     0.6332894289    -5.4909655932
   19      H      -2.2539371293     2.4029950048    -5.9112270434
   20      H      -2.5603957057     0.6527966774    -5.9793069320
   21      H      -1.3847061408     1.4061891834    -7.0833941161
 ----------------------------------------------------------------
 Nuclear Repulsion Energy =         804.84732515 hartrees
 There are       49 alpha and       49 beta electrons
 Requested basis set is 6-31+G(d)
 There are 79 shells and 250 basis functions

 Total QAlloc Memory Limit   2000 MB
 Mega-Array Size       188 MB
 MEM_STATIC part       192 MB
 A cutoff of  1.0D-08 yielded   2429 shell pairs
 There are     26082 function pairs
 Smallest overlap matrix eigenvalue = 1.73E-06

 Q-Chem warning in module stvman/mkSTV.C, line 323:

 Overlap eigenvalue is smaller than square root of threshold
 Use THRESH >= 12 to get rid of this warning


 Scale SEOQF with 1.000000e-01/1.000000e-01/1.000000e-02

 Standard Electronic Orientation quadrupole field applied
 Nucleus-field energy     =     0.0000000083 hartrees
 ================ Generating on-the-fly Promolecule Density  ================
Attempting to make child job directory: /jobfs/48735423.gadi-pbs/qchem3997758//Frg1/
Attempting to make child job directory: /jobfs/48735423.gadi-pbs/qchem3997758//Frg2/
Attempting to make child job directory: /jobfs/48735423.gadi-pbs/qchem3997758//Frg3/
Attempting to make child job directory: /jobfs/48735423.gadi-pbs/qchem3997758//Frg4/
Attempting to make child job directory: /jobfs/48735423.gadi-pbs/qchem3997758//Frg5/
Creating input file /jobfs/48735423.gadi-pbs/qchem3997758/Frg1.input
using default PutDataFrgm: nothing
calling putenv with: QCSCRATCH=/jobfs/48735423.gadi-pbs/qchem3997758/ 
Spawning Job For Fragment 0
Done Job For Fragment 0
calling putenv with: QCSCRATCH=/jobfs/48735423.gadi-pbs 
calling putenv with: QCTHREADS=8 
Creating input file /jobfs/48735423.gadi-pbs/qchem3997758/Frg2.input
using default PutDataFrgm: nothing
calling putenv with: QCSCRATCH=/jobfs/48735423.gadi-pbs/qchem3997758/ 
Spawning Job For Fragment 1
Done Job For Fragment 1
calling putenv with: QCSCRATCH=/jobfs/48735423.gadi-pbs 
calling putenv with: QCTHREADS=8 
Creating input file /jobfs/48735423.gadi-pbs/qchem3997758/Frg3.input
using default PutDataFrgm: nothing
calling putenv with: QCSCRATCH=/jobfs/48735423.gadi-pbs/qchem3997758/ 
Spawning Job For Fragment 2
Done Job For Fragment 2
calling putenv with: QCSCRATCH=/jobfs/48735423.gadi-pbs 
calling putenv with: QCTHREADS=8 
Creating input file /jobfs/48735423.gadi-pbs/qchem3997758/Frg4.input
using default PutDataFrgm: nothing
calling putenv with: QCSCRATCH=/jobfs/48735423.gadi-pbs/qchem3997758/ 
Spawning Job For Fragment 3
Done Job For Fragment 3
calling putenv with: QCSCRATCH=/jobfs/48735423.gadi-pbs 
calling putenv with: QCTHREADS=8 
Creating input file /jobfs/48735423.gadi-pbs/qchem3997758/Frg5.input
using default PutDataFrgm: nothing
calling putenv with: QCSCRATCH=/jobfs/48735423.gadi-pbs/qchem3997758/ 
Spawning Job For Fragment 4
Done Job For Fragment 4
calling putenv with: QCSCRATCH=/jobfs/48735423.gadi-pbs 
calling putenv with: QCTHREADS=8 
 Time for running child jobs:  CPU 1.10 s  wall 2.10 s
 ============= Method Specific Promolecule Density Constructed =============
 Guess from superposition of atomic densities
 Warning:  Energy on first SCF cycle will be non-variational
 SAD guess density has 97.000000 electrons

 -----------------------------------------------------------------------
  General SCF calculation program by
  Eric Jon Sundstrom, Paul Horn, Yuezhi Mao, Dmitri Zuev, Alec White,
  David Stuck, Shaama M.S., Shane Yost, Joonho Lee, David Small,
  Daniel Levine, Susi Lehtola, Hugh Burton, Evgeny Epifanovsky,
  Bang C. Huynh
 -----------------------------------------------------------------------
 Exchange:     0.5400 Hartree-Fock + 1.0000 M06-2X
 Correlation:  1.0000 M06-2X
 Using SG-3 standard quadrature grid
 using 8 threads for integral computing
 -------------------------------------------------------
 OpenMP Integral computing Module                
 Release: version 1.0, May 2013, Q-Chem Inc. Pittsburgh 
 -------------------------------------------------------
 A restricted SCF calculation will be
 performed using DIIS
 SCF converges when DIIS error is below 1.0e-05
 ---------------------------------------
  Cycle       Energy         DIIS error
 ---------------------------------------
    1    -933.6212381385      4.81e-02  
    2    -929.7365934882      6.38e-03  
    3    -929.6610453189      7.79e-03  
    4    -930.0148874421      9.30e-04  
    5    -930.0200892659      4.18e-04  
    6    -930.0213238290      1.16e-04  
    7    -930.0214266784      2.73e-05  
    8    -930.0214335232      9.00e-06  Convergence criterion met
 ---------------------------------------
 SCF time:   CPU 72.23s  wall 10.00s 
 SCF   energy in the final basis set =     -930.0214335232
 Total energy in the final basis set =     -930.0214335232
 Exchange:     0.5400 Hartree-Fock + 1.0000 M06-2X
 Correlation:  1.0000 M06-2X
 Using SG-3 standard quadrature grid
 
 SM12 calculation using Merz-Singh-Kollman charges
 Citation of the SM12 model:
 Marenich, A.V.; Cramer, C.J.; Truhlar, D.G.
 J. Chem. Theory Comput. 2013, 9, 609-612.
 iSolventCode=           1
 Solvent: water                                                           
 
  Building new vdw surfaces
         Merz-Kollman ESP Net Atomic Charges

     Atom                 Charge (a.u.)
  ----------------------------------------
      1 C                    -0.305657
      2 C                    -0.049273
      3 H                     0.128668
      4 C                    -0.313581
      5 H                     0.138490
      6 C                     0.590999
      7 N                    -0.694336
      8 C                    -0.589994
      9 H                     0.186054
     10 C                     0.112231
     11 H                     0.132580
     12 S                     1.265762
     13 O                    -0.741304
     14 O                    -0.664751
     15 N                    -1.014071
     16 H                     0.341329
     17 C                    -0.213404
     18 H                     0.373759
     19 H                     0.122265
     20 H                     0.068456
     21 H                     0.125778
  ----------------------------------------
  Sum of atomic charges =    -1.000000

  Related Dipole Moment =    11.2333 (X  7.2583 Y -4.3293 Z -7.4000)


 Charges (in A.U.) from Merz-Kollman fitting 
 -----------------------------------------------
 Center     Atomic                  MZ       
 Number     Number                  Charge
 -----------------------------------------------
    1          6                   -0.305657
    2          6                   -0.049273
    3          1                    0.128668
    4          6                   -0.313581
    5          1                    0.138490
    6          6                    0.590999
    7          7                   -0.694336
    8          6                   -0.589994
    9          1                    0.186054
   10          6                    0.112231
   11          1                    0.132580
   12         16                    1.265762
   13          8                   -0.741304
   14          8                   -0.664751
   15          7                   -1.014071
   16          1                    0.341329
   17          6                   -0.213404
   18          1                    0.373759
   19          1                    0.122265
   20          1                    0.068456
   21          1                    0.125778
 -----------------------------------------------
 A restricted SCF calculation will be
 performed using Roothaan-Hall, DIIS
 SCF converges when DIIS error is below 1.0e-05
 ---------------------------------------
  Cycle       Energy         DIIS error
 ---------------------------------------
         Merz-Kollman ESP Net Atomic Charges

     Atom                 Charge (a.u.)
  ----------------------------------------
      1 C                    -0.350365
      2 C                    -0.079783
      3 H                     0.145653
      4 C                    -0.316905
      5 H                     0.163749
      6 C                     0.668596
      7 N                    -0.681594
      8 C                    -0.592466
      9 H                     0.215652
     10 C                     0.061336
     11 H                     0.148225
     12 S                     1.289098
     13 O                    -0.780526
     14 O                    -0.721250
     15 N                    -1.055292
     16 H                     0.368015
     17 C                    -0.230498
     18 H                     0.391936
     19 H                     0.129893
     20 H                     0.074199
     21 H                     0.152328
  ----------------------------------------
  Sum of atomic charges =    -1.000000

  Related Dipole Moment =    13.9871 (X  7.3589 Y -4.1218 Z -11.1579)


 Charges (in A.U.) from Merz-Kollman fitting 
 -----------------------------------------------
 Center     Atomic                  MZ       
 Number     Number                  Charge
 -----------------------------------------------
    1          6                   -0.350365
    2          6                   -0.079783
    3          1                    0.145653
    4          6                   -0.316905
    5          1                    0.163749
    6          6                    0.668596
    7          7                   -0.681594
    8          6                   -0.592466
    9          1                    0.215652
   10          6                    0.061336
   11          1                    0.148225
   12         16                    1.289098
   13          8                   -0.780526
   14          8                   -0.721250
   15          7                   -1.055292
   16          1                    0.368015
   17          6                   -0.230498
   18          1                    0.391936
   19          1                    0.129893
   20          1                    0.074199
   21          1                    0.152328
 -----------------------------------------------
    1    -930.0214341350      6.85e-04  Roothaan Step
 ---------------------------------------
  Cycle       Energy         DIIS error
 ---------------------------------------
         Merz-Kollman ESP Net Atomic Charges

     Atom                 Charge (a.u.)
  ----------------------------------------
      1 C                    -0.289254
      2 C                    -0.067974
      3 H                     0.142113
      4 C                    -0.365480
      5 H                     0.179108
      6 C                     0.652418
      7 N                    -0.685118
      8 C                    -0.633683
      9 H                     0.228636
     10 C                     0.087136
     11 H                     0.142995
     12 S                     1.328387
     13 O                    -0.804817
     14 O                    -0.728260
     15 N                    -1.082471
     16 H                     0.359433
     17 C                    -0.259795
     18 H                     0.399170
     19 H                     0.142308
     20 H                     0.085804
     21 H                     0.169344
  ----------------------------------------
  Sum of atomic charges =    -1.000000

  Related Dipole Moment =    14.1704 (X  7.5328 Y -4.0464 Z -11.2998)


 Charges (in A.U.) from Merz-Kollman fitting 
 -----------------------------------------------
 Center     Atomic                  MZ       
 Number     Number                  Charge
 -----------------------------------------------
    1          6                   -0.289254
    2          6                   -0.067974
    3          1                    0.142113
    4          6                   -0.365480
    5          1                    0.179108
    6          6                    0.652418
    7          7                   -0.685118
    8          6                   -0.633683
    9          1                    0.228636
   10          6                    0.087136
   11          1                    0.142995
   12         16                    1.328387
   13          8                   -0.804817
   14          8                   -0.728260
   15          7                   -1.082471
   16          1                    0.359433
   17          6                   -0.259795
   18          1                    0.399170
   19          1                    0.142308
   20          1                    0.085804
   21          1                    0.169344
 -----------------------------------------------
    1    -930.0089039259      4.26e-04  
         Merz-Kollman ESP Net Atomic Charges

     Atom                 Charge (a.u.)
  ----------------------------------------
      1 C                    -0.340691
      2 C                    -0.067401
      3 H                     0.143568
      4 C                    -0.350979
      5 H                     0.175568
      6 C                     0.682368
      7 N                    -0.678165
      8 C                    -0.621555
      9 H                     0.226626
     10 C                     0.075660
     11 H                     0.145829
     12 S                     1.333091
     13 O                    -0.803186
     14 O                    -0.738049
     15 N                    -1.077972
     16 H                     0.363382
     17 C                    -0.255458
     18 H                     0.396111
     19 H                     0.140251
     20 H                     0.083946
     21 H                     0.167054
  ----------------------------------------
  Sum of atomic charges =    -1.000000

  Related Dipole Moment =    14.5815 (X  7.4746 Y -4.0246 Z -11.8555)


 Charges (in A.U.) from Merz-Kollman fitting 
 -----------------------------------------------
 Center     Atomic                  MZ       
 Number     Number                  Charge
 -----------------------------------------------
    1          6                   -0.340691
    2          6                   -0.067401
    3          1                    0.143568
    4          6                   -0.350979
    5          1                    0.175568
    6          6                    0.682368
    7          7                   -0.678165
    8          6                   -0.621555
    9          1                    0.226626
   10          6                    0.075660
   11          1                    0.145829
   12         16                    1.333091
   13          8                   -0.803186
   14          8                   -0.738049
   15          7                   -1.077972
   16          1                    0.363382
   17          6                   -0.255458
   18          1                    0.396111
   19          1                    0.140251
   20          1                    0.083946
   21          1                    0.167054
 -----------------------------------------------
    2    -930.0081567620      4.14e-04  
         Merz-Kollman ESP Net Atomic Charges

     Atom                 Charge (a.u.)
  ----------------------------------------
      1 C                    -0.335127
      2 C                    -0.065289
      3 H                     0.143821
      4 C                    -0.357960
      5 H                     0.178100
      6 C                     0.681305
      7 N                    -0.677537
      8 C                    -0.626593
      9 H                     0.228755
     10 C                     0.079645
     11 H                     0.145387
     12 S                     1.334316
     13 O                    -0.806901
     14 O                    -0.738388
     15 N                    -1.085254
     16 H                     0.364689
     17 C                    -0.257187
     18 H                     0.397548
     19 H                     0.141580
     20 H                     0.085631
     21 H                     0.169459
  ----------------------------------------
  Sum of atomic charges =    -1.000000

  Related Dipole Moment =    14.7438 (X  7.5154 Y -4.0044 Z -12.0359)


 Charges (in A.U.) from Merz-Kollman fitting 
 -----------------------------------------------
 Center     Atomic                  MZ       
 Number     Number                  Charge
 -----------------------------------------------
    1          6                   -0.335127
    2          6                   -0.065289
    3          1                    0.143821
    4          6                   -0.357960
    5          1                    0.178100
    6          6                    0.681305
    7          7                   -0.677537
    8          6                   -0.626593
    9          1                    0.228755
   10          6                    0.079645
   11          1                    0.145387
   12         16                    1.334316
   13          8                   -0.806901
   14          8                   -0.738388
   15          7                   -1.085254
   16          1                    0.364689
   17          6                   -0.257187
   18          1                    0.397548
   19          1                    0.141580
   20          1                    0.085631
   21          1                    0.169459
 -----------------------------------------------
    3    -930.0059424985      8.15e-05  
         Merz-Kollman ESP Net Atomic Charges

     Atom                 Charge (a.u.)
  ----------------------------------------
      1 C                    -0.339833
      2 C                    -0.062881
      3 H                     0.143434
      4 C                    -0.360600
      5 H                     0.178676
      6 C                     0.684521
      7 N                    -0.675841
      8 C                    -0.628483
      9 H                     0.229287
     10 C                     0.080608
     11 H                     0.145252
     12 S                     1.338330
     13 O                    -0.807639
     14 O                    -0.740587
     15 N                    -1.084900
     16 H                     0.363639
     17 C                    -0.260080
     18 H                     0.397459
     19 H                     0.142515
     20 H                     0.086598
     21 H                     0.170524
  ----------------------------------------
  Sum of atomic charges =    -1.000000

  Related Dipole Moment =    14.7946 (X  7.5154 Y -3.9997 Z -12.0997)


 Charges (in A.U.) from Merz-Kollman fitting 
 -----------------------------------------------
 Center     Atomic                  MZ       
 Number     Number                  Charge
 -----------------------------------------------
    1          6                   -0.339833
    2          6                   -0.062881
    3          1                    0.143434
    4          6                   -0.360600
    5          1                    0.178676
    6          6                    0.684521
    7          7                   -0.675841
    8          6                   -0.628483
    9          1                    0.229287
   10          6                    0.080608
   11          1                    0.145252
   12         16                    1.338330
   13          8                   -0.807639
   14          8                   -0.740587
   15          7                   -1.084900
   16          1                    0.363639
   17          6                   -0.260080
   18          1                    0.397459
   19          1                    0.142515
   20          1                    0.086598
   21          1                    0.170524
 -----------------------------------------------
    4    -930.0048288783      4.47e-05  
    5    -930.0044301320      8.73e-06  Convergence criterion met
 ---------------------------------------
 SCF time:   CPU 65.25s  wall 8.00s 
(0)  E-EN(g) gas-phase elect-nuc energy                 -930.021433523 a.u.
(1)  E-EN(liq) elect-nuc energy of solute               -930.004430132 a.u.
(2)  G-P(liq) polarization free energy of solvation           -89.2347 kcal/mol
(3)  G-ENP(liq) elect-nuc-pol free energy of system     -930.146634636 a.u.
(4)  G-CDS(liq) cavity-dispersion-solvent structure 
     free energy                                                2.1556 kcal/mol
(5)  G-P-CDS(liq) = G-P(liq) + G-CDS(liq) = (2) + (4)         -87.0791 kcal/mol
(6)  G-S(liq) free energy of system = (1) + (5)         -930.143199522 a.u.
(7)  DeltaE-EN(liq) elect-nuc reorganization
     energy of solute molecule (7) = (1) - (0)                 10.6698 kcal/mol
(8)  DeltaG-ENP(liq) elect-nuc-pol free energy
     of solvation (8) = (3) - (0)                             -78.5649 kcal/mol
(9)  DeltaG-S(liq) free energy of  solvation
     (9) = (6) - (0)                                          -76.4093 kcal/mol
 SCF   energy in the final basis set =     -930.1431995219
 Total energy in the final basis set =     -930.1431995219
 
 --------------------------------------------------------------
 
                    Orbital Energies (a.u.)
 --------------------------------------------------------------
 
 Alpha MOs
 -- Occupied --
-90.1341 -19.6232 -19.6217 -14.7848 -14.7292 -10.6108 -10.5785 -10.5765
-10.5751 -10.5739 -10.5665 -10.5634  -8.4473  -6.3697  -6.3690  -6.3685
 -1.2081  -1.0918  -1.0588  -0.9774  -0.9616  -0.8635  -0.8575  -0.7857
 -0.7278  -0.7034  -0.6660  -0.6221  -0.5997  -0.5615  -0.5555  -0.5326
 -0.5280  -0.5210  -0.5060  -0.4973  -0.4769  -0.4603  -0.4492  -0.4227
 -0.4158  -0.4001  -0.3924  -0.3622  -0.3590  -0.3370  -0.3247  -0.3101
 -0.2648
 -- Virtual --
 -0.0336  -0.0206  -0.0063  -0.0034   0.0016   0.0047   0.0061   0.0110
  0.0197   0.0374   0.0452   0.0508   0.0578   0.0637   0.0737   0.0850
  0.0862   0.0999   0.1027   0.1098   0.1122   0.1165   0.1247   0.1303
  0.1393   0.1446   0.1466   0.1543   0.1598   0.1651   0.1701   0.1756
  0.1873   0.1913   0.1985   0.2062   0.2134   0.2156   0.2217   0.2275
  0.2286   0.2380   0.2389   0.2472   0.2513   0.2553   0.2583   0.2625
  0.2660   0.2749   0.2840   0.2891   0.2924   0.2999   0.3045   0.3070
  0.3182   0.3258   0.3390   0.3457   0.3461   0.3649   0.3756   0.3875
  0.3970   0.4075   0.4232   0.4254   0.4465   0.4877   0.5591   0.5863
  0.6231   0.6392   0.6729   0.6913   0.6925   0.7077   0.7162   0.7246
  0.7424   0.7455   0.7571   0.7685   0.7776   0.7918   0.8116   0.8293
  0.8362   0.8995   0.9098   0.9270   0.9503   0.9635   0.9748   0.9828
  1.0025   1.0035   1.0294   1.0528   1.0601   1.0718   1.0785   1.0848
  1.1001   1.1114   1.1245   1.1331   1.1455   1.1604   1.1698   1.1792
  1.1911   1.1965   1.2147   1.2200   1.2578   1.2875   1.3071   1.3347
  1.3362   1.3470   1.3579   1.3821   1.3933   1.4088   1.4138   1.4201
  1.4465   1.4794   1.4899   1.5148   1.5215   1.5454   1.5637   1.5833
  1.6311   1.6447   1.7498   1.7919   1.8015   1.8164   1.8356   1.8649
  1.8741   1.8832   1.9019   1.9068   1.9222   1.9595   1.9913   1.9988
  2.0044   2.0442   2.0492   2.0629   2.0840   2.1246   2.1517   2.1664
  2.1902   2.1967   2.2014   2.2292   2.2606   2.2849   2.3046   2.3288
  2.3330   2.3576   2.3990   2.4356   2.4720   2.5431   2.5559   2.6034
  2.6239   2.6655   2.6950   2.7246   2.7762   2.7939   2.8015   2.8652
  2.9195   2.9451   2.9634   3.1575   3.3879   4.0235   4.0810   4.1140
  4.1698   4.2666   4.2887   4.3453   4.3911   4.3974   4.4225   4.4787
  4.7393
 --------------------------------------------------------------
 
          Ground-State Mulliken Net Atomic Charges

     Atom                 Charge (a.u.)
  ----------------------------------------
      1 C                    -4.192547
      2 C                    -3.261959
      3 H                     0.258831
      4 C                     4.037840
      5 H                     0.269794
      6 C                     2.749015
      7 N                    -0.431726
      8 C                     1.117874
      9 H                     0.271690
     10 C                    -1.471914
     11 H                     0.236895
     12 S                     0.528744
     13 O                    -0.774693
     14 O                    -0.847221
     15 N                    -1.117455
     16 H                     0.414960
     17 C                     0.042421
     18 H                     0.452409
     19 H                     0.233218
     20 H                     0.221395
     21 H                     0.262431
  ----------------------------------------
  Sum of atomic charges =    -1.000000

         Merz-Kollman ESP Net Atomic Charges

     Atom                 Charge (a.u.)
  ----------------------------------------
      1 C                    -0.340046
      2 C                    -0.062446
      3 H                     0.143339
      4 C                    -0.361176
      5 H                     0.178672
      6 C                     0.685252
      7 N                    -0.675577
      8 C                    -0.628966
      9 H                     0.229266
     10 C                     0.080858
     11 H                     0.145182
     12 S                     1.340662
     13 O                    -0.808562
     14 O                    -0.741014
     15 N                    -1.085998
     16 H                     0.363587
     17 C                    -0.260733
     18 H                     0.397390
     19 H                     0.142758
     20 H                     0.086851
     21 H                     0.170702
  ----------------------------------------
  Sum of atomic charges =    -1.000000

  Related Dipole Moment =    14.8051 (X  7.5189 Y -3.9956 Z -12.1117)

 -----------------------------------------------------------------
                    Cartesian Multipole Moments
 -----------------------------------------------------------------
    Charge (ESU x 10^10)
                -4.8032
    Dipole Moment (Debye)
         X       7.5729      Y      -4.0289      Z     -12.1409
       Tot      14.8655
    Quadrupole Moments (Debye-Ang)
        XX     -94.8920     XY       4.9634     YY     -97.3582
        XZ      17.0292     YZ      -8.6462     ZZ     -63.9152
    Octopole Moments (Debye-Ang^2)
       XXX     385.1421    XXY     -86.5493    XYY     127.9910
       YYY    -223.6388    XXZ      76.6204    XYZ      31.2605
       YYZ     118.6982    XZZ     107.2550    YZZ     -58.5212
       ZZZ     170.4654
    Hexadecapole Moments (Debye-Ang^3)
      XXXX   -1632.8838   XXXY     398.4973   XXYY    -383.0466
      XYYY     337.6138   YYYY    -686.2853   XXXZ    -296.3548
      XXYZ      73.1176   XYYZ     -91.6395   YYYZ     484.0415
      XXZZ    -943.3653   XYZZ      35.4060   YYZZ    -874.2185
      XZZZ    -209.4347   YZZZ     326.2142   ZZZZ   -3091.5227
 -----------------------------------------------------------------
 Total job time:  19.89s(wall), 141.41s(cpu) 
 Wed Jun 29 13:40:42 2022

        *************************************************************
        *                                                           *
        *  Thank you very much for using Q-Chem.  Have a nice day.  *
        *                                                           *
        *************************************************************


