                  Welcome to Q-Chem
     A Quantum Leap Into The Future Of Chemistry


 Q-Chem 5.4 (devel), Q-Chem, Inc., Pleasanton, CA (2021)

 E. Epifanovsky,  A. T. B. Gilbert,  Xintian Feng,  Joonho Lee,  Yuezhi Mao,  
 N. Mardirossian,  P. Pokhilko,  A. White,  M. Wormit,  M. P. Coons,  
 A. L. Dempwolff,  Zhengting Gan,  D. Hait,  P. R. Horn,  L. D. Jacobson,  
 I. Kaliman,  J. Kussmann,  A. W. Lange,  Ka Un Lao,  D. S. Levine,  Jie Liu,  
 S. C. McKenzie,  A. F. Morrison,  K. Nanda,  F. Plasser,  D. R. Rehn,  
 M. L. Vidal,  Zhi-Qiang You,  Ying Zhu,  B. Alam,  B. Albrecht,  
 A. Aldossary,  E. Alguire,  J. H. Andersen,  D. Barton,  K. Begam,  A. Behn,  
 Y. A. Bernard,  E. J. Berquist,  H. Burton,  A. Carreras,  K. Carter-Fenk,  
 R. Chakraborty,  A. D. Chien,  K. D. Closser,  V. Cofer-Shabica,  
 S. Dasgupta,  Jia Deng,  M. de Wergifosse,  M. Diedenhofen,  Hainam Do,  
 S. Ehlert,  Po-Tung Fang,  S. Fatehi,  Qingguo Feng,  T. Friedhoff,  
 J. Gayvert,  Qinghui Ge,  G. Gidofalvi,  M. Goldey,  J. Gomes,  
 C. Gonzalez-Espinoza,  S. Gulania,  A. Gunina,  M. W. D. Hanson-Heine,  
 P. H. P. Harbach,  A. W. Hauser,  M. F. Herbst,  M. Hernandez Vera,  
 M. Hodecker,  Z. C. Holden,  S. Houck,  Xunkun Huang,  Kerwin Hui,  
 B. C. Huynh,  M. Ivanov,  Hyunjun Ji,  Hanjie Jiang,  B. Kaduk,  S. Kaehler,  
 K. Khistyaev,  Jaehoon Kim,  P. Klunzinger,  Z. Koczor-Benda,  
 Joong Hoon Koh,  D. Kosenkov,  L. Koulias,  T. Kowalczyk,  C. M. Krauter,  
 K. Kue,  A. Kunitsa,  T. Kus,  A. Landau,  K. V. Lawler,  D. Lefrancois,  
 S. Lehtola,  Rain Li,  Yi-Pei Li,  Jiashu Liang,  M. Liebenthal,  
 Hung-Hsuan Lin,  You-Sheng Lin,  Fenglai Liu,  Kuan-Yu Liu,  
 M. Loipersberger,  A. Luenser,  A. Manjanath,  P. Manohar,  E. Mansoor,  
 S. F. Manzer,  Shan-Ping Mao,  A. V. Marenich,  T. Markovich,  S. Mason,  
 S. A. Maurer,  P. F. McLaughlin,  M. F. S. J. Menger,  J.-M. Mewes,  
 S. A. Mewes,  P. Morgante,  J. W. Mullinax,  K. J. Oosterbaan,  G. Paran,  
 Alexander C. Paul,  Suranjan K. Paul,  F. Pavosevic,  Zheng Pei,  S. Prager,  
 E. I. Proynov,  E. Ramos,  B. Rana,  A. E. Rask,  A. Rettig,  R. M. Richard,  
 F. Rob,  E. Rossomme,  T. Scheele,  M. Scheurer,  M. Schneider,  
 N. Sergueev,  S. M. Sharada,  W. Skomorowski,  D. W. Small,  C. J. Stein,  
 Yu-Chuan Su,  E. J. Sundstrom,  Zhen Tao,  J. Thirman,  T. Tsuchimochi,  
 N. M. Tubman,  S. P. Veccham,  O. Vydrov,  J. Wenzel,  J. Witte,  A. Yamada,  
 Kun Yao,  S. Yeganeh,  S. R. Yost,  A. Zech,  Igor Ying Zhang,  Xing Zhang,  
 Yu Zhang,  D. Zuev,  A. Aspuru-Guzik,  A. T. Bell,  N. A. Besley,  
 K. B. Bravaya,  B. R. Brooks,  D. Casanova,  Jeng-Da Chai,  S. Coriani,  
 C. J. Cramer,  A. E. DePrince, III,  R. A. DiStasio Jr.,  A. Dreuw,  
 B. D. Dunietz,  T. R. Furlani,  W. A. Goddard III,  S. Grimme,  
 S. Hammes-Schiffer,  T. Head-Gordon,  W. J. Hehre,  Chao-Ping Hsu,  
 T.-C. Jagau,  Yousung Jung,  A. Klamt,  Jing Kong,  D. S. Lambrecht,  
 WanZhen Liang,  N. J. Mayhall,  C. W. McCurdy,  J. B. Neaton,  
 C. Ochsenfeld,  J. A. Parkhill,  R. Peverati,  V. A. Rassolov,  Yihan Shao,  
 L. V. Slipchenko,  T. Stauch,  R. P. Steele,  J. E. Subotnik,  
 A. J. W. Thom,  A. Tkatchenko,  D. G. Truhlar,  T. Van Voorhis,  
 T. A. Wesolowski,  K. B. Whaley,  H. L. Woodcock III,  P. M. Zimmerman,  
 S. Faraji,  P. M. W. Gill,  M. Head-Gordon,  J. M. Herbert,  A. I. Krylov

 Additional authors for Version 5.4.1: 
 S. Kotaru,  Shaozhi Li,  Xiangyuan Li,  F. Matz,  A. Molle,  Haisheng Ren,  
 Yingli Su,  Hung-Yi Tsai,  C. Utku,  Fang Wang

 Contributors to earlier versions of Q-Chem not listed above: 
 R. D. Adamson,  B. Austin,  R. Baer,  J. Baker,  G. J. O. Beran,  
 K. Brandhorst,  S. T. Brown,  E. F. C. Byrd,  A. K. Chakraborty,  
 G. K. L. Chan,  Chun-Min Chang,  Yunqing Chen,  C.-L. Cheng,  
 Siu Hung Chien,  D. M. Chipman,  D. L. Crittenden,  H. Dachsel,  
 R. J. Doerksen,  A. D. Dutoi,  R. G. Edgar,  J. Fosso-Tande,  
 L. Fusti-Molnar,  D. Ghosh,  A. Ghysels,  A. Golubeva-Zadorozhnaya,  
 J. Gonthier,  M. S. Gordon,  S. R. Gwaltney,  G. Hawkins,  J. E. Herr,  
 A. Heyden,  S. Hirata,  E. G. Hohenstein,  G. Kedziora,  F. J. Keil,  
 C. Kelley,  Jihan Kim,  R. A. King,  R. Z. Khaliullin,  P. P. Korambath,  
 W. Kurlancheek,  A. Laurent,  A. M. Lee,  M. S. Lee,  S. V. Levchenko,  
 Ching Yeh Lin,  D. Liotard,  E. Livshits,  R. C. Lochan,  I. Lotan,  
 L. A. Martinez-Martinez,  P. E. Maslen,  N. Nair,  D. P. O'Neill,  
 D. Neuhauser,  E. Neuscamman,  C. M. Oana,  R. Olivares-Amaya,  R. Olson,  
 T. M. Perrine,  B. Peters,  P. A. Pieniazek,  A. Prociuk,  Y. M. Rhee,  
 J. Ritchie,  M. A. Rohrdanz,  E. Rosta,  N. J. Russ,  H. F. Schaefer III,  
 M. W. Schmidt,  N. E. Schultz,  S. Sharma,  N. Shenvi,  C. D. Sherrill,  
 A. C. Simmonett,  A. Sodt,  T. Stein,  D. Stuck,  K. S. Thanthiriwatte,  
 V. Vanovschi,  L. Vogt,  Tao Wang,  A. Warshel,  M. A. Watson,  
 C. F. Williams,  Q. Wu,  X. Xu,  Jun Yang,  W. Zhang,  Yan Zhao

 Please cite Q-Chem as follows:
 Y. Shao et al., Mol. Phys. 113, 184-215 (2015)
 DOI: 10.1080/00268976.2014.952696

 Q-Chem 5.4.1 for Intel X86 EM64T Linux

 Parts of Q-Chem use Armadillo 9.800.1 (Horizon Scraper).
 http://arma.sourceforge.net/

 Q-Chem begins on Sun May 22 16:02:52 2022  

 Host: gadi-cpu-clx-1184.gadi.nci.org.au
0

     Scratch files written to /jobfs/40920420.gadi-pbs/qchem1756656//
 Processing $rem in /apps/qchem/5.4.1/config/preferences:
 Processing $rem in /home/561/yj5695/.qchemrc:
 Symmetry turned off for PCM/SM12/SMD calculation
 Method-specific promolecule density matrix will be built for SM12 calculation

 Checking the input file for inconsistencies... 	...done.

--------------------------------------------------------------
User input:
--------------------------------------------------------------
$molecule
-1  1
C -1.3909604168  0.6425556584 -0.8937791252
C -2.5410678224  0.5171324497 -1.6685993013
H -3.5087401877  0.3906443426 -1.1942230204
C -2.4402325918  0.5641762058 -3.0572031994
H -3.3331449451  0.472291095 -3.6661019013
C -1.1903948626  0.7322046924 -3.6591322829
C -1.038249006  0.7880270008 -5.139576908
C -0.0401940682  0.8546051556 -2.8721395288
H  0.9265337312  0.9876958939 -3.3472753769
C -0.138377604  0.808328648 -1.4873123439
H  0.752695372  0.9063397878 -0.873550792
S -1.4837445995  0.500118329  0.902647071
O -0.5876814018  1.5962943558  1.3807106855
O -2.9175807975  0.707361709  1.2349341852
N -1.0557936904 -0.9392684568  1.3338036204
H -0.0432043781 -1.0187408484  1.2041164423
O -2.1935201491  0.6610531099 -5.7921460071
O  0.030898779  0.9340246876 -5.7080405834
C -2.1194829902  0.7049328784 -7.2262297736
H -3.1440926344  0.584188066 -7.5723658182
H -1.4922617837 -0.1102174746 -7.5920342159
H -1.715965953  1.6664267141 -7.5493448263
$end

$rem
jobtype sp
exchange M062X
basis 6-31+G*
xc_grid 1
SMX_GAS_PHASE = TRUE
solvent_method sm12
$end

$smx
solvent water
charges mk
$end
--------------------------------------------------------------
 ----------------------------------------------------------------
             Standard Nuclear Orientation (Angstroms)
    I     Atom           X                Y                Z
 ----------------------------------------------------------------
    1      C      -1.3909604168     0.6425556584    -0.8937791252
    2      C      -2.5410678224     0.5171324497    -1.6685993013
    3      H      -3.5087401877     0.3906443426    -1.1942230204
    4      C      -2.4402325918     0.5641762058    -3.0572031994
    5      H      -3.3331449451     0.4722910950    -3.6661019013
    6      C      -1.1903948626     0.7322046924    -3.6591322829
    7      C      -1.0382490060     0.7880270008    -5.1395769080
    8      C      -0.0401940682     0.8546051556    -2.8721395288
    9      H       0.9265337312     0.9876958939    -3.3472753769
   10      C      -0.1383776040     0.8083286480    -1.4873123439
   11      H       0.7526953720     0.9063397878    -0.8735507920
   12      S      -1.4837445995     0.5001183290     0.9026470710
   13      O      -0.5876814018     1.5962943558     1.3807106855
   14      O      -2.9175807975     0.7073617090     1.2349341852
   15      N      -1.0557936904    -0.9392684568     1.3338036204
   16      H      -0.0432043781    -1.0187408484     1.2041164423
   17      O      -2.1935201491     0.6610531099    -5.7921460071
   18      O       0.0308987790     0.9340246876    -5.7080405834
   19      C      -2.1194829902     0.7049328784    -7.2262297736
   20      H      -3.1440926344     0.5841880660    -7.5723658182
   21      H      -1.4922617837    -0.1102174746    -7.5920342159
   22      H      -1.7159659530     1.6664267141    -7.5493448263
 ----------------------------------------------------------------
 Nuclear Repulsion Energy =         986.87088761 hartrees
 There are       56 alpha and       56 beta electrons
 Requested basis set is 6-31+G(d)
 There are 87 shells and 286 basis functions

 Total QAlloc Memory Limit   2000 MB
 Mega-Array Size       188 MB
 MEM_STATIC part       192 MB
 A cutoff of  1.0D-08 yielded   2766 shell pairs
 There are     32126 function pairs
 Smallest overlap matrix eigenvalue = 1.02E-06

 Q-Chem warning in module stvman/mkSTV.C, line 323:

 Overlap eigenvalue is smaller than square root of threshold
 Use THRESH >= 12 to get rid of this warning


 Scale SEOQF with 1.000000e-01/1.000000e-01/1.000000e-02

 Standard Electronic Orientation quadrupole field applied
 Nucleus-field energy     =     0.0000000010 hartrees
 ================ Generating on-the-fly Promolecule Density  ================
Attempting to make child job directory: /jobfs/40920420.gadi-pbs/qchem1756656//Frg1/
Attempting to make child job directory: /jobfs/40920420.gadi-pbs/qchem1756656//Frg2/
Attempting to make child job directory: /jobfs/40920420.gadi-pbs/qchem1756656//Frg3/
Attempting to make child job directory: /jobfs/40920420.gadi-pbs/qchem1756656//Frg4/
Attempting to make child job directory: /jobfs/40920420.gadi-pbs/qchem1756656//Frg5/
Creating input file /jobfs/40920420.gadi-pbs/qchem1756656/Frg1.input
using default PutDataFrgm: nothing
calling putenv with: QCSCRATCH=/jobfs/40920420.gadi-pbs/qchem1756656/ 
Spawning Job For Fragment 0
Done Job For Fragment 0
calling putenv with: QCSCRATCH=/jobfs/40920420.gadi-pbs 
calling putenv with: QCTHREADS=16 
Creating input file /jobfs/40920420.gadi-pbs/qchem1756656/Frg2.input
using default PutDataFrgm: nothing
calling putenv with: QCSCRATCH=/jobfs/40920420.gadi-pbs/qchem1756656/ 
Spawning Job For Fragment 1
Done Job For Fragment 1
calling putenv with: QCSCRATCH=/jobfs/40920420.gadi-pbs 
calling putenv with: QCTHREADS=16 
Creating input file /jobfs/40920420.gadi-pbs/qchem1756656/Frg3.input
using default PutDataFrgm: nothing
calling putenv with: QCSCRATCH=/jobfs/40920420.gadi-pbs/qchem1756656/ 
Spawning Job For Fragment 2
Done Job For Fragment 2
calling putenv with: QCSCRATCH=/jobfs/40920420.gadi-pbs 
calling putenv with: QCTHREADS=16 
Creating input file /jobfs/40920420.gadi-pbs/qchem1756656/Frg4.input
using default PutDataFrgm: nothing
calling putenv with: QCSCRATCH=/jobfs/40920420.gadi-pbs/qchem1756656/ 
Spawning Job For Fragment 3
Done Job For Fragment 3
calling putenv with: QCSCRATCH=/jobfs/40920420.gadi-pbs 
calling putenv with: QCTHREADS=16 
Creating input file /jobfs/40920420.gadi-pbs/qchem1756656/Frg5.input
using default PutDataFrgm: nothing
calling putenv with: QCSCRATCH=/jobfs/40920420.gadi-pbs/qchem1756656/ 
Spawning Job For Fragment 4
Done Job For Fragment 4
calling putenv with: QCSCRATCH=/jobfs/40920420.gadi-pbs 
calling putenv with: QCTHREADS=16 
 Time for running child jobs:  CPU 2.30 s  wall 2.21 s
 ============= Method Specific Promolecule Density Constructed =============
 Guess from superposition of atomic densities
 Warning:  Energy on first SCF cycle will be non-variational
 SAD guess density has 111.000000 electrons

 -----------------------------------------------------------------------
  General SCF calculation program by
  Eric Jon Sundstrom, Paul Horn, Yuezhi Mao, Dmitri Zuev, Alec White,
  David Stuck, Shaama M.S., Shane Yost, Joonho Lee, David Small,
  Daniel Levine, Susi Lehtola, Hugh Burton, Evgeny Epifanovsky,
  Bang C. Huynh
 -----------------------------------------------------------------------
 Exchange:     0.5400 Hartree-Fock + 1.0000 M06-2X
 Correlation:  1.0000 M06-2X
 Using SG-1 standard quadrature grid
 using 16 threads for integral computing
 -------------------------------------------------------
 OpenMP Integral computing Module                
 Release: version 1.0, May 2013, Q-Chem Inc. Pittsburgh 
 -------------------------------------------------------
 A restricted SCF calculation will be
 performed using DIIS
 SCF converges when DIIS error is below 1.0e-05
 ---------------------------------------
  Cycle       Energy         DIIS error
 ---------------------------------------
    1   -1067.2052888886      4.47e-02  
    2   -1062.8869479351      6.17e-03  
    3   -1062.6941152789      8.27e-03  
    4   -1063.2103121084      9.09e-04  
    5   -1063.2165327747      4.54e-04  
    6   -1063.2181744509      1.05e-04  
    7   -1063.2182755290      3.59e-05  
    8   -1063.2182876250      1.08e-05  
    9   -1063.2182886400      5.98e-06  Convergence criterion met
 ---------------------------------------
 SCF time:   CPU 73.19s  wall 4.00s 
 SCF   energy in the final basis set =    -1063.2182886400
 Total energy in the final basis set =    -1063.2182886400
 Exchange:     0.5400 Hartree-Fock + 1.0000 M06-2X
 Correlation:  1.0000 M06-2X
 Using SG-1 standard quadrature grid
 
 SM12 calculation using Merz-Singh-Kollman charges
 Citation of the SM12 model:
 Marenich, A.V.; Cramer, C.J.; Truhlar, D.G.
 J. Chem. Theory Comput. 2013, 9, 609-612.
 iSolventCode=           1
 Solvent: water                                                           
 
  Building new vdw surfaces
         Merz-Kollman ESP Net Atomic Charges

     Atom                 Charge (a.u.)
  ----------------------------------------
      1 C                    -0.208256
      2 C                     0.015294
      3 H                     0.128794
      4 C                    -0.217671
      5 H                     0.112432
      6 C                    -0.112665
      7 C                     0.727002
      8 C                    -0.167578
      9 H                     0.132396
     10 C                    -0.016216
     11 H                     0.112922
     12 S                     1.181682
     13 O                    -0.689148
     14 O                    -0.639129
     15 N                    -0.987405
     16 H                     0.342248
     17 O                    -0.247008
     18 O                    -0.579689
     19 C                    -0.423544
     20 H                     0.178183
     21 H                     0.177162
     22 H                     0.180194
  ----------------------------------------
  Sum of atomic charges =    -1.000000

  Related Dipole Moment =     8.4852 (X  6.6437 Y -2.7809 Z -4.4861)


 Charges (in A.U.) from Merz-Kollman fitting 
 -----------------------------------------------
 Center     Atomic                  MZ       
 Number     Number                  Charge
 -----------------------------------------------
    1          6                   -0.208256
    2          6                    0.015294
    3          1                    0.128794
    4          6                   -0.217671
    5          1                    0.112432
    6          6                   -0.112665
    7          6                    0.727002
    8          6                   -0.167578
    9          1                    0.132396
   10          6                   -0.016216
   11          1                    0.112922
   12         16                    1.181682
   13          8                   -0.689148
   14          8                   -0.639129
   15          7                   -0.987405
   16          1                    0.342248
   17          8                   -0.247008
   18          8                   -0.579689
   19          6                   -0.423544
   20          1                    0.178183
   21          1                    0.177162
   22          1                    0.180194
 -----------------------------------------------
 A restricted SCF calculation will be
 performed using Roothaan-Hall, DIIS
 SCF converges when DIIS error is below 1.0e-05
 ---------------------------------------
  Cycle       Energy         DIIS error
 ---------------------------------------
         Merz-Kollman ESP Net Atomic Charges

     Atom                 Charge (a.u.)
  ----------------------------------------
      1 C                    -0.241586
      2 C                    -0.001397
      3 H                     0.137598
      4 C                    -0.218207
      5 H                     0.138635
      6 C                    -0.048378
      7 C                     0.750388
      8 C                    -0.165881
      9 H                     0.151013
     10 C                    -0.032679
     11 H                     0.129350
     12 S                     1.212405
     13 O                    -0.727991
     14 O                    -0.685004
     15 N                    -1.048393
     16 H                     0.370078
     17 O                    -0.247578
     18 O                    -0.616559
     19 C                    -0.433126
     20 H                     0.199630
     21 H                     0.187313
     22 H                     0.190371
  ----------------------------------------
  Sum of atomic charges =    -1.000000

  Related Dipole Moment =    10.3652 (X  6.6318 Y -2.7376 Z -7.4808)


 Charges (in A.U.) from Merz-Kollman fitting 
 -----------------------------------------------
 Center     Atomic                  MZ       
 Number     Number                  Charge
 -----------------------------------------------
    1          6                   -0.241586
    2          6                   -0.001397
    3          1                    0.137598
    4          6                   -0.218207
    5          1                    0.138635
    6          6                   -0.048378
    7          6                    0.750388
    8          6                   -0.165881
    9          1                    0.151013
   10          6                   -0.032679
   11          1                    0.129350
   12         16                    1.212405
   13          8                   -0.727991
   14          8                   -0.685004
   15          7                   -1.048393
   16          1                    0.370078
   17          8                   -0.247578
   18          8                   -0.616559
   19          6                   -0.433126
   20          1                    0.199630
   21          1                    0.187313
   22          1                    0.190371
 -----------------------------------------------
    1   -1063.2182887645      5.30e-04  Roothaan Step
 ---------------------------------------
  Cycle       Energy         DIIS error
 ---------------------------------------
         Merz-Kollman ESP Net Atomic Charges

     Atom                 Charge (a.u.)
  ----------------------------------------
      1 C                    -0.205043
      2 C                     0.010851
      3 H                     0.135994
      4 C                    -0.258127
      5 H                     0.153376
      6 C                    -0.043351
      7 C                     0.711027
      8 C                    -0.203784
      9 H                     0.163477
     10 C                    -0.021990
     11 H                     0.128255
     12 S                     1.243927
     13 O                    -0.745388
     14 O                    -0.694142
     15 N                    -1.057719
     16 H                     0.359623
     17 O                    -0.254632
     18 O                    -0.581266
     19 C                    -0.443395
     20 H                     0.208408
     21 H                     0.195223
     22 H                     0.198674
  ----------------------------------------
  Sum of atomic charges =    -1.000000

  Related Dipole Moment =    10.5468 (X  6.6447 Y -2.6706 Z -7.7428)


 Charges (in A.U.) from Merz-Kollman fitting 
 -----------------------------------------------
 Center     Atomic                  MZ       
 Number     Number                  Charge
 -----------------------------------------------
    1          6                   -0.205043
    2          6                    0.010851
    3          1                    0.135994
    4          6                   -0.258127
    5          1                    0.153376
    6          6                   -0.043351
    7          6                    0.711027
    8          6                   -0.203784
    9          1                    0.163477
   10          6                   -0.021990
   11          1                    0.128255
   12         16                    1.243927
   13          8                   -0.745388
   14          8                   -0.694142
   15          7                   -1.057719
   16          1                    0.359623
   17          8                   -0.254632
   18          8                   -0.581266
   19          6                   -0.443395
   20          1                    0.208408
   21          1                    0.195223
   22          1                    0.198674
 -----------------------------------------------
    1   -1063.2093386320      3.28e-04  
         Merz-Kollman ESP Net Atomic Charges

     Atom                 Charge (a.u.)
  ----------------------------------------
      1 C                    -0.238493
      2 C                     0.009347
      3 H                     0.136397
      4 C                    -0.245676
      5 H                     0.150128
      6 C                    -0.025159
      7 C                     0.731935
      8 C                    -0.194023
      9 H                     0.160858
     10 C                    -0.021233
     11 H                     0.128803
     12 S                     1.251935
     13 O                    -0.746236
     14 O                    -0.699441
     15 N                    -1.066020
     16 H                     0.365107
     17 O                    -0.249159
     18 O                    -0.605716
     19 C                    -0.445689
     20 H                     0.208885
     21 H                     0.195102
     22 H                     0.198350
  ----------------------------------------
  Sum of atomic charges =    -1.000000

  Related Dipole Moment =    10.7586 (X  6.5845 Y -2.6703 Z -8.0785)


 Charges (in A.U.) from Merz-Kollman fitting 
 -----------------------------------------------
 Center     Atomic                  MZ       
 Number     Number                  Charge
 -----------------------------------------------
    1          6                   -0.238493
    2          6                    0.009347
    3          1                    0.136397
    4          6                   -0.245676
    5          1                    0.150128
    6          6                   -0.025159
    7          6                    0.731935
    8          6                   -0.194023
    9          1                    0.160858
   10          6                   -0.021233
   11          1                    0.128803
   12         16                    1.251935
   13          8                   -0.746236
   14          8                   -0.699441
   15          7                   -1.066020
   16          1                    0.365107
   17          8                   -0.249159
   18          8                   -0.605716
   19          6                   -0.445689
   20          1                    0.208885
   21          1                    0.195102
   22          1                    0.198350
 -----------------------------------------------
    2   -1063.2089807654      3.43e-04  
         Merz-Kollman ESP Net Atomic Charges

     Atom                 Charge (a.u.)
  ----------------------------------------
      1 C                    -0.240193
      2 C                     0.012396
      3 H                     0.136326
      4 C                    -0.249317
      5 H                     0.152047
      6 C                    -0.022847
      7 C                     0.726338
      8 C                    -0.197225
      9 H                     0.162349
     10 C                    -0.017514
     11 H                     0.128817
     12 S                     1.252570
     13 O                    -0.748620
     14 O                    -0.700723
     15 N                    -1.069244
     16 H                     0.365929
     17 O                    -0.252183
     18 O                    -0.598965
     19 C                    -0.444102
     20 H                     0.209685
     21 H                     0.195665
     22 H                     0.198813
  ----------------------------------------
  Sum of atomic charges =    -1.000000

  Related Dipole Moment =    10.9040 (X  6.6244 Y -2.6571 Z -8.2435)


 Charges (in A.U.) from Merz-Kollman fitting 
 -----------------------------------------------
 Center     Atomic                  MZ       
 Number     Number                  Charge
 -----------------------------------------------
    1          6                   -0.240193
    2          6                    0.012396
    3          1                    0.136326
    4          6                   -0.249317
    5          1                    0.152047
    6          6                   -0.022847
    7          6                    0.726338
    8          6                   -0.197225
    9          1                    0.162349
   10          6                   -0.017514
   11          1                    0.128817
   12         16                    1.252570
   13          8                   -0.748620
   14          8                   -0.700723
   15          7                   -1.069244
   16          1                    0.365929
   17          8                   -0.252183
   18          8                   -0.598965
   19          6                   -0.444102
   20          1                    0.209685
   21          1                    0.195665
   22          1                    0.198813
 -----------------------------------------------
    3   -1063.2076632056      6.44e-05  
         Merz-Kollman ESP Net Atomic Charges

     Atom                 Charge (a.u.)
  ----------------------------------------
      1 C                    -0.241801
      2 C                     0.014083
      3 H                     0.136180
      4 C                    -0.252393
      5 H                     0.153012
      6 C                    -0.018978
      7 C                     0.726857
      8 C                    -0.200780
      9 H                     0.163333
     10 C                    -0.015837
     11 H                     0.128752
     12 S                     1.255930
     13 O                    -0.749810
     14 O                    -0.701882
     15 N                    -1.070852
     16 H                     0.365329
     17 O                    -0.250625
     18 O                    -0.601046
     19 C                    -0.446029
     20 H                     0.210624
     21 H                     0.196392
     22 H                     0.199540
  ----------------------------------------
  Sum of atomic charges =    -1.000000

  Related Dipole Moment =    10.9298 (X  6.5980 Y -2.6500 Z -8.3009)


 Charges (in A.U.) from Merz-Kollman fitting 
 -----------------------------------------------
 Center     Atomic                  MZ       
 Number     Number                  Charge
 -----------------------------------------------
    1          6                   -0.241801
    2          6                    0.014083
    3          1                    0.136180
    4          6                   -0.252393
    5          1                    0.153012
    6          6                   -0.018978
    7          6                    0.726857
    8          6                   -0.200780
    9          1                    0.163333
   10          6                   -0.015837
   11          1                    0.128752
   12         16                    1.255930
   13          8                   -0.749810
   14          8                   -0.701882
   15          7                   -1.070852
   16          1                    0.365329
   17          8                   -0.250625
   18          8                   -0.601046
   19          6                   -0.446029
   20          1                    0.210624
   21          1                    0.196392
   22          1                    0.199540
 -----------------------------------------------
    4   -1063.2070011261      4.05e-05  
    5   -1063.2066675547      6.73e-06  Convergence criterion met
 ---------------------------------------
 SCF time:   CPU 74.57s  wall 5.00s 
(0)  E-EN(g) gas-phase elect-nuc energy                -1063.218288640 a.u.
(1)  E-EN(liq) elect-nuc energy of solute              -1063.206667555 a.u.
(2)  G-P(liq) polarization free energy of solvation           -79.4042 kcal/mol
(3)  G-ENP(liq) elect-nuc-pol free energy of system    -1063.333206225 a.u.
(4)  G-CDS(liq) cavity-dispersion-solvent structure 
     free energy                                                4.3913 kcal/mol
(5)  G-P-CDS(liq) = G-P(liq) + G-CDS(liq) = (2) + (4)         -75.0129 kcal/mol
(6)  G-S(liq) free energy of system = (1) + (5)        -1063.326208205 a.u.
(7)  DeltaE-EN(liq) elect-nuc reorganization
     energy of solute molecule (7) = (1) - (0)                  7.2923 kcal/mol
(8)  DeltaG-ENP(liq) elect-nuc-pol free energy
     of solvation (8) = (3) - (0)                             -72.1119 kcal/mol
(9)  DeltaG-S(liq) free energy of  solvation
     (9) = (6) - (0)                                          -67.7205 kcal/mol
 SCF   energy in the final basis set =    -1063.3262082053
 Total energy in the final basis set =    -1063.3262082053
 
 --------------------------------------------------------------
 
                    Orbital Energies (a.u.)
 --------------------------------------------------------------
 
 Alpha MOs
 -- Occupied --
-90.1428 -19.7083 -19.6543 -19.6284 -19.6275 -14.7323 -10.7060 -10.6053
-10.5981 -10.5893 -10.5835 -10.5824 -10.5816 -10.5802  -8.4512  -6.3735
 -6.3727  -6.3720  -1.2548  -1.2163  -1.1561  -1.1012  -0.9947  -0.9741
 -0.8972  -0.8720  -0.8338  -0.7560  -0.7160  -0.6877  -0.6614  -0.6370
 -0.6016  -0.5819  -0.5807  -0.5631  -0.5467  -0.5400  -0.5213  -0.5176
 -0.5091  -0.4909  -0.4682  -0.4593  -0.4419  -0.4302  -0.4244  -0.4024
 -0.3907  -0.3843  -0.3775  -0.3722  -0.3425  -0.3364  -0.3323  -0.3015
 -- Virtual --
 -0.0415  -0.0231  -0.0113  -0.0019  -0.0011   0.0024   0.0133   0.0194
  0.0258   0.0367   0.0377   0.0501   0.0560   0.0595   0.0681   0.0687
  0.0760   0.0796   0.0895   0.0961   0.1044   0.1083   0.1165   0.1177
  0.1263   0.1335   0.1403   0.1463   0.1509   0.1545   0.1577   0.1679
  0.1691   0.1780   0.1836   0.1927   0.1949   0.1988   0.2046   0.2062
  0.2216   0.2251   0.2269   0.2315   0.2399   0.2440   0.2507   0.2529
  0.2565   0.2628   0.2677   0.2737   0.2761   0.2799   0.2865   0.2895
  0.2922   0.3006   0.3023   0.3113   0.3164   0.3198   0.3204   0.3288
  0.3349   0.3414   0.3537   0.3624   0.3673   0.3779   0.3812   0.3916
  0.4148   0.4228   0.4285   0.4477   0.4775   0.4799   0.5081   0.5455
  0.5768   0.6024   0.6121   0.6647   0.6738   0.7047   0.7093   0.7160
  0.7195   0.7252   0.7415   0.7474   0.7674   0.7816   0.7881   0.7942
  0.8089   0.8196   0.8266   0.8326   0.8600   0.8975   0.9044   0.9268
  0.9581   0.9634   0.9698   0.9750   1.0067   1.0232   1.0316   1.0524
  1.0582   1.0790   1.0877   1.1055   1.1109   1.1247   1.1381   1.1638
  1.1773   1.1878   1.1935   1.2040   1.2150   1.2370   1.2435   1.2810
  1.2945   1.2984   1.3010   1.3218   1.3357   1.3525   1.3741   1.3748
  1.3756   1.3871   1.3946   1.3993   1.4062   1.4204   1.4308   1.4332
  1.4531   1.4811   1.5059   1.5093   1.5253   1.5361   1.5569   1.5805
  1.6006   1.6179   1.6942   1.7398   1.7468   1.7662   1.7882   1.7929
  1.8109   1.8298   1.8373   1.8601   1.8810   1.8845   1.9084   1.9187
  1.9205   1.9379   1.9692   2.0009   2.0143   2.0437   2.0531   2.0608
  2.0719   2.1343   2.1407   2.1450   2.1591   2.1725   2.1849   2.2013
  2.2072   2.2135   2.2368   2.2716   2.2910   2.3126   2.3226   2.3371
  2.3715   2.3813   2.3996   2.4589   2.5271   2.5397   2.5916   2.6273
  2.6543   2.6686   2.7171   2.7369   2.7876   2.7994   2.8363   2.8542
  2.8875   2.9291   2.9823   3.0006   3.1390   3.1590   3.2846   3.4115
  3.9770   4.0931   4.1984   4.2450   4.2534   4.2895   4.2956   4.3440
  4.4068   4.4116   4.4754   4.5627   4.6807   4.7646
 --------------------------------------------------------------
 
          Ground-State Mulliken Net Atomic Charges

     Atom                 Charge (a.u.)
  ----------------------------------------
      1 C                    -4.550707
      2 C                    -1.760951
      3 H                     0.263357
      4 C                     1.382530
      5 H                     0.293436
      6 C                     1.149797
      7 C                     2.249285
      8 C                     1.450805
      9 H                     0.296284
     10 C                    -0.146714
     11 H                     0.260706
     12 S                     0.486682
     13 O                    -0.740617
     14 O                    -0.874997
     15 N                    -0.951538
     16 H                     0.402092
     17 O                    -0.300696
     18 O                    -0.643379
     19 C                    -0.033849
     20 H                     0.269178
     21 H                     0.248941
     22 H                     0.250356
  ----------------------------------------
  Sum of atomic charges =    -1.000000

         Merz-Kollman ESP Net Atomic Charges

     Atom                 Charge (a.u.)
  ----------------------------------------
      1 C                    -0.243013
      2 C                     0.014467
      3 H                     0.136134
      4 C                    -0.252839
      5 H                     0.153036
      6 C                    -0.017766
      7 C                     0.726281
      8 C                    -0.201226
      9 H                     0.163348
     10 C                    -0.015257
     11 H                     0.128663
     12 S                     1.258350
     13 O                    -0.750469
     14 O                    -0.702494
     15 N                    -1.071646
     16 H                     0.365228
     17 O                    -0.250887
     18 O                    -0.600626
     19 C                    -0.446321
     20 H                     0.210767
     21 H                     0.196564
     22 H                     0.199706
  ----------------------------------------
  Sum of atomic charges =    -1.000000

  Related Dipole Moment =    10.9393 (X  6.6007 Y -2.6474 Z -8.3120)

 -----------------------------------------------------------------
                    Cartesian Multipole Moments
 -----------------------------------------------------------------
    Charge (ESU x 10^10)
                -4.8032
    Dipole Moment (Debye)
         X       6.5940      Y      -2.6255      Z      -8.3590
       Tot      10.9657
    Quadrupole Moments (Debye-Ang)
        XX    -104.1020     XY       0.3654     YY    -104.6002
        XZ      30.6399     YZ      -2.2580     ZZ     -95.1646
    Octopole Moments (Debye-Ang^2)
       XXX     410.7124    XXY     -61.9049    XYY     140.3750
       YYY    -178.3634    XXZ     115.8031    XYZ      14.2542
       YYZ     171.6060    XZZ      21.4549    YZZ     -64.9212
       ZZZ     406.3542
    Hexadecapole Moments (Debye-Ang^3)
      XXXX   -1717.5277   XXXY     241.9498   XXYY    -382.3225
      XYYY     211.5583   YYYY    -509.0274   XXXZ    -565.8872
      XXYZ     114.9217   XYYZ    -232.5264   YYYZ     435.8321
      XXZZ   -1240.9910   XYZZ     -21.4938   YYZZ   -1263.4805
      XZZZ     185.1239   YZZZ     424.6554   ZZZZ   -5664.8422
 -----------------------------------------------------------------
 Total job time:  12.48s(wall), 156.72s(cpu) 
 Sun May 22 16:03:04 2022

        *************************************************************
        *                                                           *
        *  Thank you very much for using Q-Chem.  Have a nice day.  *
        *                                                           *
        *************************************************************


