                  Welcome to Q-Chem
     A Quantum Leap Into The Future Of Chemistry


 Q-Chem 5.4 (devel), Q-Chem, Inc., Pleasanton, CA (2021)

 E. Epifanovsky,  A. T. B. Gilbert,  Xintian Feng,  Joonho Lee,  Yuezhi Mao,  
 N. Mardirossian,  P. Pokhilko,  A. White,  M. Wormit,  M. P. Coons,  
 A. L. Dempwolff,  Zhengting Gan,  D. Hait,  P. R. Horn,  L. D. Jacobson,  
 I. Kaliman,  J. Kussmann,  A. W. Lange,  Ka Un Lao,  D. S. Levine,  Jie Liu,  
 S. C. McKenzie,  A. F. Morrison,  K. Nanda,  F. Plasser,  D. R. Rehn,  
 M. L. Vidal,  Zhi-Qiang You,  Ying Zhu,  B. Alam,  B. Albrecht,  
 A. Aldossary,  E. Alguire,  J. H. Andersen,  D. Barton,  K. Begam,  A. Behn,  
 Y. A. Bernard,  E. J. Berquist,  H. Burton,  A. Carreras,  K. Carter-Fenk,  
 R. Chakraborty,  A. D. Chien,  K. D. Closser,  V. Cofer-Shabica,  
 S. Dasgupta,  Jia Deng,  M. de Wergifosse,  M. Diedenhofen,  Hainam Do,  
 S. Ehlert,  Po-Tung Fang,  S. Fatehi,  Qingguo Feng,  T. Friedhoff,  
 J. Gayvert,  Qinghui Ge,  G. Gidofalvi,  M. Goldey,  J. Gomes,  
 C. Gonzalez-Espinoza,  S. Gulania,  A. Gunina,  M. W. D. Hanson-Heine,  
 P. H. P. Harbach,  A. W. Hauser,  M. F. Herbst,  M. Hernandez Vera,  
 M. Hodecker,  Z. C. Holden,  S. Houck,  Xunkun Huang,  Kerwin Hui,  
 B. C. Huynh,  M. Ivanov,  Hyunjun Ji,  Hanjie Jiang,  B. Kaduk,  S. Kaehler,  
 K. Khistyaev,  Jaehoon Kim,  P. Klunzinger,  Z. Koczor-Benda,  
 Joong Hoon Koh,  D. Kosenkov,  L. Koulias,  T. Kowalczyk,  C. M. Krauter,  
 K. Kue,  A. Kunitsa,  T. Kus,  A. Landau,  K. V. Lawler,  D. Lefrancois,  
 S. Lehtola,  Rain Li,  Yi-Pei Li,  Jiashu Liang,  M. Liebenthal,  
 Hung-Hsuan Lin,  You-Sheng Lin,  Fenglai Liu,  Kuan-Yu Liu,  
 M. Loipersberger,  A. Luenser,  A. Manjanath,  P. Manohar,  E. Mansoor,  
 S. F. Manzer,  Shan-Ping Mao,  A. V. Marenich,  T. Markovich,  S. Mason,  
 S. A. Maurer,  P. F. McLaughlin,  M. F. S. J. Menger,  J.-M. Mewes,  
 S. A. Mewes,  P. Morgante,  J. W. Mullinax,  K. J. Oosterbaan,  G. Paran,  
 Alexander C. Paul,  Suranjan K. Paul,  F. Pavosevic,  Zheng Pei,  S. Prager,  
 E. I. Proynov,  E. Ramos,  B. Rana,  A. E. Rask,  A. Rettig,  R. M. Richard,  
 F. Rob,  E. Rossomme,  T. Scheele,  M. Scheurer,  M. Schneider,  
 N. Sergueev,  S. M. Sharada,  W. Skomorowski,  D. W. Small,  C. J. Stein,  
 Yu-Chuan Su,  E. J. Sundstrom,  Zhen Tao,  J. Thirman,  T. Tsuchimochi,  
 N. M. Tubman,  S. P. Veccham,  O. Vydrov,  J. Wenzel,  J. Witte,  A. Yamada,  
 Kun Yao,  S. Yeganeh,  S. R. Yost,  A. Zech,  Igor Ying Zhang,  Xing Zhang,  
 Yu Zhang,  D. Zuev,  A. Aspuru-Guzik,  A. T. Bell,  N. A. Besley,  
 K. B. Bravaya,  B. R. Brooks,  D. Casanova,  Jeng-Da Chai,  S. Coriani,  
 C. J. Cramer,  A. E. DePrince, III,  R. A. DiStasio Jr.,  A. Dreuw,  
 B. D. Dunietz,  T. R. Furlani,  W. A. Goddard III,  S. Grimme,  
 S. Hammes-Schiffer,  T. Head-Gordon,  W. J. Hehre,  Chao-Ping Hsu,  
 T.-C. Jagau,  Yousung Jung,  A. Klamt,  Jing Kong,  D. S. Lambrecht,  
 WanZhen Liang,  N. J. Mayhall,  C. W. McCurdy,  J. B. Neaton,  
 C. Ochsenfeld,  J. A. Parkhill,  R. Peverati,  V. A. Rassolov,  Yihan Shao,  
 L. V. Slipchenko,  T. Stauch,  R. P. Steele,  J. E. Subotnik,  
 A. J. W. Thom,  A. Tkatchenko,  D. G. Truhlar,  T. Van Voorhis,  
 T. A. Wesolowski,  K. B. Whaley,  H. L. Woodcock III,  P. M. Zimmerman,  
 S. Faraji,  P. M. W. Gill,  M. Head-Gordon,  J. M. Herbert,  A. I. Krylov

 Additional authors for Version 5.4.1: 
 S. Kotaru,  Shaozhi Li,  Xiangyuan Li,  F. Matz,  A. Molle,  Haisheng Ren,  
 Yingli Su,  Hung-Yi Tsai,  C. Utku,  Fang Wang

 Contributors to earlier versions of Q-Chem not listed above: 
 R. D. Adamson,  B. Austin,  R. Baer,  J. Baker,  G. J. O. Beran,  
 K. Brandhorst,  S. T. Brown,  E. F. C. Byrd,  A. K. Chakraborty,  
 G. K. L. Chan,  Chun-Min Chang,  Yunqing Chen,  C.-L. Cheng,  
 Siu Hung Chien,  D. M. Chipman,  D. L. Crittenden,  H. Dachsel,  
 R. J. Doerksen,  A. D. Dutoi,  R. G. Edgar,  J. Fosso-Tande,  
 L. Fusti-Molnar,  D. Ghosh,  A. Ghysels,  A. Golubeva-Zadorozhnaya,  
 J. Gonthier,  M. S. Gordon,  S. R. Gwaltney,  G. Hawkins,  J. E. Herr,  
 A. Heyden,  S. Hirata,  E. G. Hohenstein,  G. Kedziora,  F. J. Keil,  
 C. Kelley,  Jihan Kim,  R. A. King,  R. Z. Khaliullin,  P. P. Korambath,  
 W. Kurlancheek,  A. Laurent,  A. M. Lee,  M. S. Lee,  S. V. Levchenko,  
 Ching Yeh Lin,  D. Liotard,  E. Livshits,  R. C. Lochan,  I. Lotan,  
 L. A. Martinez-Martinez,  P. E. Maslen,  N. Nair,  D. P. O'Neill,  
 D. Neuhauser,  E. Neuscamman,  C. M. Oana,  R. Olivares-Amaya,  R. Olson,  
 T. M. Perrine,  B. Peters,  P. A. Pieniazek,  A. Prociuk,  Y. M. Rhee,  
 J. Ritchie,  M. A. Rohrdanz,  E. Rosta,  N. J. Russ,  H. F. Schaefer III,  
 M. W. Schmidt,  N. E. Schultz,  S. Sharma,  N. Shenvi,  C. D. Sherrill,  
 A. C. Simmonett,  A. Sodt,  T. Stein,  D. Stuck,  K. S. Thanthiriwatte,  
 V. Vanovschi,  L. Vogt,  Tao Wang,  A. Warshel,  M. A. Watson,  
 C. F. Williams,  Q. Wu,  X. Xu,  Jun Yang,  W. Zhang,  Yan Zhao

 Please cite Q-Chem as follows:
 Y. Shao et al., Mol. Phys. 113, 184-215 (2015)
 DOI: 10.1080/00268976.2014.952696

 Q-Chem 5.4.1 for Intel X86 EM64T Linux

 Parts of Q-Chem use Armadillo 9.800.1 (Horizon Scraper).
 http://arma.sourceforge.net/

 Q-Chem begins on Fri May 27 11:56:31 2022  

 Host: gadi-cpu-clx-0902.gadi.nci.org.au
0

     Scratch files written to /jobfs/41463675.gadi-pbs/qchem1587460//
 Processing $rem in /apps/qchem/5.4.1/config/preferences:
 Processing $rem in /home/561/yj5695/.qchemrc:
 Symmetry turned off for PCM/SM12/SMD calculation
 Method-specific promolecule density matrix will be built for SM12 calculation

 Checking the input file for inconsistencies... 	...done.

--------------------------------------------------------------
User input:
--------------------------------------------------------------
$molecule
-1  1
C -0.5740456875  1.0516318595 -1.449462682
S -0.6568940675  1.69525928  0.2184499268
O -2.0998504598  1.6316549327  0.5552115666
O  0.1963142421  0.7171304178  0.9450139201
N -0.1793708783  3.1725420722  0.2336460742
H  0.8379490953  3.1846834233  0.1224125576
O -1.3329907978  1.6976219959 -2.3855570441
C -1.0967123085  1.1093962489 -3.5766033229
C -0.1900406514  0.1092554967 -3.4060750761
C  0.1571753388  0.0605256809 -2.0153061424
S  0.4003979494 -0.9371183182 -4.678539774
C -0.3601954039 -2.5045015231 -4.3947970549
O  1.8505772414 -1.0916945862 -4.4903599131
O -0.0965452967 -0.3905712728 -5.950240354
C  0.2915366027 -3.4431769918 -3.5968760537
C -0.3374056993 -4.6543035297 -3.3446714966
C -1.5992538099 -4.9116156573 -3.8896110445
C -2.2591676797 -3.9660054863 -4.6959917138
C -1.6239452024 -2.7518574656 -4.930855206
O -2.2431305942 -6.0844986022 -3.6525914289
C -3.614222018 -4.2605004778 -5.2855951289
N -3.5539950794 -5.0754518814 -6.5069989934
C -2.9211521938 -4.3183609495 -7.5846029755
C -4.9228701946 -5.4004066911 -6.9024804759
H -1.6300407041  1.4941910788 -4.4339978888
H  0.8464064636 -0.6125923396 -1.5239962311
H  1.2729237 -3.2364879159 -3.1813501923
H  0.1423061378 -5.4075237518 -2.7258274385
H -2.1202028981 -2.0015504002 -5.5426910259
H -1.7074918841 -6.6476350036 -3.067883832
H -4.1222982624 -3.3020075262 -5.4941536439
H -4.2202818875 -4.8002426992 -4.5520953157
H -1.8790131831 -4.0967374019 -7.3415278333
H -3.4460896949 -3.365250977 -7.7761779846
H -2.9376253391 -4.9119450264 -8.5024692566
H -5.4148689277 -5.9725093351 -6.1111682224
H -4.9099488871 -6.0051591468 -7.8130229343
H -5.5190630805 -4.4916295301 -7.0983933652
$end

$rem
jobtype sp
exchange M062X
basis 6-31+G*
SMX_GAS_PHASE = TRUE
solvent_method sm12
$end

$smx
solvent water
charges mk
$end
--------------------------------------------------------------
 ----------------------------------------------------------------
             Standard Nuclear Orientation (Angstroms)
    I     Atom           X                Y                Z
 ----------------------------------------------------------------
    1      C      -0.5740456875     1.0516318595    -1.4494626820
    2      S      -0.6568940675     1.6952592800     0.2184499268
    3      O      -2.0998504598     1.6316549327     0.5552115666
    4      O       0.1963142421     0.7171304178     0.9450139201
    5      N      -0.1793708783     3.1725420722     0.2336460742
    6      H       0.8379490953     3.1846834233     0.1224125576
    7      O      -1.3329907978     1.6976219959    -2.3855570441
    8      C      -1.0967123085     1.1093962489    -3.5766033229
    9      C      -0.1900406514     0.1092554967    -3.4060750761
   10      C       0.1571753388     0.0605256809    -2.0153061424
   11      S       0.4003979494    -0.9371183182    -4.6785397740
   12      C      -0.3601954039    -2.5045015231    -4.3947970549
   13      O       1.8505772414    -1.0916945862    -4.4903599131
   14      O      -0.0965452967    -0.3905712728    -5.9502403540
   15      C       0.2915366027    -3.4431769918    -3.5968760537
   16      C      -0.3374056993    -4.6543035297    -3.3446714966
   17      C      -1.5992538099    -4.9116156573    -3.8896110445
   18      C      -2.2591676797    -3.9660054863    -4.6959917138
   19      C      -1.6239452024    -2.7518574656    -4.9308552060
   20      O      -2.2431305942    -6.0844986022    -3.6525914289
   21      C      -3.6142220180    -4.2605004778    -5.2855951289
   22      N      -3.5539950794    -5.0754518814    -6.5069989934
   23      C      -2.9211521938    -4.3183609495    -7.5846029755
   24      C      -4.9228701946    -5.4004066911    -6.9024804759
   25      H      -1.6300407041     1.4941910788    -4.4339978888
   26      H       0.8464064636    -0.6125923396    -1.5239962311
   27      H       1.2729237000    -3.2364879159    -3.1813501923
   28      H       0.1423061378    -5.4075237518    -2.7258274385
   29      H      -2.1202028981    -2.0015504002    -5.5426910259
   30      H      -1.7074918841    -6.6476350036    -3.0678838320
   31      H      -4.1222982624    -3.3020075262    -5.4941536439
   32      H      -4.2202818875    -4.8002426992    -4.5520953157
   33      H      -1.8790131831    -4.0967374019    -7.3415278333
   34      H      -3.4460896949    -3.3652509770    -7.7761779846
   35      H      -2.9376253391    -4.9119450264    -8.5024692566
   36      H      -5.4148689277    -5.9725093351    -6.1111682224
   37      H      -4.9099488871    -6.0051591468    -7.8130229343
   38      H      -5.5190630805    -4.4916295301    -7.0983933652
 ----------------------------------------------------------------
 Nuclear Repulsion Energy =        2298.16384118 hartrees
 There are       94 alpha and       94 beta electrons
 Requested basis set is 6-31+G(d)
 There are 147 shells and 475 basis functions

 Total QAlloc Memory Limit   2000 MB
 Mega-Array Size       188 MB
 MEM_STATIC part       192 MB
 A cutoff of  1.0D-08 yielded   6402 shell pairs
 There are     72693 function pairs
 Smallest overlap matrix eigenvalue = 8.18E-07

 Q-Chem warning in module stvman/mkSTV.C, line 323:

 Overlap eigenvalue is smaller than square root of threshold
 Use THRESH >= 12 to get rid of this warning

 Linear dependence detected in AO basis
 Tighter screening thresholds may be required for diffuse basis sets
 Use S2THRESH > 14 and THRESH = 14 in case of SCF convergence issues
 Number of orthogonalized atomic orbitals = 474
 Maximum deviation from orthogonality = 1.030E-10

 Scale SEOQF with 1.000000e-02/1.000000e-02/1.000000e-02

 Standard Electronic Orientation quadrupole field applied
 Nucleus-field energy     =    -0.0000000197 hartrees
 ================ Generating on-the-fly Promolecule Density  ================
Attempting to make child job directory: /jobfs/41463675.gadi-pbs/qchem1587460//Frg1/
Attempting to make child job directory: /jobfs/41463675.gadi-pbs/qchem1587460//Frg2/
Attempting to make child job directory: /jobfs/41463675.gadi-pbs/qchem1587460//Frg3/
Attempting to make child job directory: /jobfs/41463675.gadi-pbs/qchem1587460//Frg4/
Attempting to make child job directory: /jobfs/41463675.gadi-pbs/qchem1587460//Frg5/
Creating input file /jobfs/41463675.gadi-pbs/qchem1587460/Frg1.input
using default PutDataFrgm: nothing
calling putenv with: QCSCRATCH=/jobfs/41463675.gadi-pbs/qchem1587460/ 
Spawning Job For Fragment 0
Done Job For Fragment 0
calling putenv with: QCSCRATCH=/jobfs/41463675.gadi-pbs 
calling putenv with: QCTHREADS=16 
Creating input file /jobfs/41463675.gadi-pbs/qchem1587460/Frg2.input
using default PutDataFrgm: nothing
calling putenv with: QCSCRATCH=/jobfs/41463675.gadi-pbs/qchem1587460/ 
Spawning Job For Fragment 1
Done Job For Fragment 1
calling putenv with: QCSCRATCH=/jobfs/41463675.gadi-pbs 
calling putenv with: QCTHREADS=16 
Creating input file /jobfs/41463675.gadi-pbs/qchem1587460/Frg3.input
using default PutDataFrgm: nothing
calling putenv with: QCSCRATCH=/jobfs/41463675.gadi-pbs/qchem1587460/ 
Spawning Job For Fragment 2
Done Job For Fragment 2
calling putenv with: QCSCRATCH=/jobfs/41463675.gadi-pbs 
calling putenv with: QCTHREADS=16 
Creating input file /jobfs/41463675.gadi-pbs/qchem1587460/Frg4.input
using default PutDataFrgm: nothing
calling putenv with: QCSCRATCH=/jobfs/41463675.gadi-pbs/qchem1587460/ 
Spawning Job For Fragment 3
Done Job For Fragment 3
calling putenv with: QCSCRATCH=/jobfs/41463675.gadi-pbs 
calling putenv with: QCTHREADS=16 
Creating input file /jobfs/41463675.gadi-pbs/qchem1587460/Frg5.input
using default PutDataFrgm: nothing
calling putenv with: QCSCRATCH=/jobfs/41463675.gadi-pbs/qchem1587460/ 
Spawning Job For Fragment 4
Done Job For Fragment 4
calling putenv with: QCSCRATCH=/jobfs/41463675.gadi-pbs 
calling putenv with: QCTHREADS=16 
 Time for running child jobs:  CPU 1.90 s  wall 2.04 s
 ============= Method Specific Promolecule Density Constructed =============
 Guess from superposition of atomic densities
 Warning:  Energy on first SCF cycle will be non-variational
 SAD guess density has 187.000000 electrons

 -----------------------------------------------------------------------
  General SCF calculation program by
  Eric Jon Sundstrom, Paul Horn, Yuezhi Mao, Dmitri Zuev, Alec White,
  David Stuck, Shaama M.S., Shane Yost, Joonho Lee, David Small,
  Daniel Levine, Susi Lehtola, Hugh Burton, Evgeny Epifanovsky,
  Bang C. Huynh
 -----------------------------------------------------------------------
 Exchange:     0.5400 Hartree-Fock + 1.0000 M06-2X
 Correlation:  1.0000 M06-2X
 Using SG-3 standard quadrature grid
 using 16 threads for integral computing
 -------------------------------------------------------
 OpenMP Integral computing Module                
 Release: version 1.0, May 2013, Q-Chem Inc. Pittsburgh 
 -------------------------------------------------------
 A restricted SCF calculation will be
 performed using DIIS
 SCF converges when DIIS error is below 1.0e-05
 ---------------------------------------
  Cycle       Energy         DIIS error
 ---------------------------------------
    1   -1868.3206355396      3.55e-02  
    2   -1860.5276397733      4.59e-03  
    3   -1860.2221303261      6.17e-03  
    4   -1861.0192621921      6.97e-04  
    5   -1861.0294376569      3.32e-04  
    6   -1861.0321575145      9.60e-05  
    7   -1861.0323867672      3.28e-05  
    8   -1861.0324138574      1.01e-05  
    9   -1861.0324121401      3.36e-06  Convergence criterion met
 ---------------------------------------
 SCF time:   CPU 379.85s  wall 30.00s 
 SCF   energy in the final basis set =    -1861.0324121401
 Total energy in the final basis set =    -1861.0324121401
 Exchange:     0.5400 Hartree-Fock + 1.0000 M06-2X
 Correlation:  1.0000 M06-2X
 Using SG-3 standard quadrature grid
 
 SM12 calculation using Merz-Singh-Kollman charges
 Citation of the SM12 model:
 Marenich, A.V.; Cramer, C.J.; Truhlar, D.G.
 J. Chem. Theory Comput. 2013, 9, 609-612.
 iSolventCode=           1
 Solvent: water                                                           
 
  Building new vdw surfaces
         Merz-Kollman ESP Net Atomic Charges

     Atom                 Charge (a.u.)
  ----------------------------------------
      1 C                     0.040230
      2 S                     1.147678
      3 O                    -0.618603
      4 O                    -0.685719
      5 N                    -0.968243
      6 H                     0.356040
      7 O                    -0.168419
      8 C                     0.012497
      9 C                    -0.038465
     10 C                    -0.311082
     11 S                     0.900562
     12 C                     0.063326
     13 O                    -0.545818
     14 O                    -0.561825
     15 C                    -0.232747
     16 C                    -0.212473
     17 C                     0.187642
     18 C                     0.342745
     19 C                    -0.396061
     20 O                    -0.609688
     21 C                    -0.527581
     22 N                    -0.000452
     23 C                    -0.627034
     24 C                    -0.606419
     25 H                     0.161969
     26 H                     0.212005
     27 H                     0.206058
     28 H                     0.152637
     29 H                     0.198329
     30 H                     0.462183
     31 H                     0.184837
     32 H                     0.248069
     33 H                     0.235557
     34 H                     0.199596
     35 H                     0.208128
     36 H                     0.205969
     37 H                     0.210996
     38 H                     0.173579
  ----------------------------------------
  Sum of atomic charges =    -1.000000

  Related Dipole Moment =    10.1082 (X  1.9497 Y -9.5024 Z  2.8425)


 Charges (in A.U.) from Merz-Kollman fitting 
 -----------------------------------------------
 Center     Atomic                  MZ       
 Number     Number                  Charge
 -----------------------------------------------
    1          6                    0.040230
    2         16                    1.147678
    3          8                   -0.618603
    4          8                   -0.685719
    5          7                   -0.968243
    6          1                    0.356040
    7          8                   -0.168419
    8          6                    0.012497
    9          6                   -0.038465
   10          6                   -0.311082
   11         16                    0.900562
   12          6                    0.063326
   13          8                   -0.545818
   14          8                   -0.561825
   15          6                   -0.232747
   16          6                   -0.212473
   17          6                    0.187642
   18          6                    0.342745
   19          6                   -0.396061
   20          8                   -0.609688
   21          6                   -0.527581
   22          7                   -0.000452
   23          6                   -0.627034
   24          6                   -0.606419
   25          1                    0.161969
   26          1                    0.212005
   27          1                    0.206058
   28          1                    0.152637
   29          1                    0.198329
   30          1                    0.462183
   31          1                    0.184837
   32          1                    0.248069
   33          1                    0.235557
   34          1                    0.199596
   35          1                    0.208128
   36          1                    0.205969
   37          1                    0.210996
   38          1                    0.173579
 -----------------------------------------------
 A restricted SCF calculation will be
 performed using Roothaan-Hall, DIIS
 SCF converges when DIIS error is below 1.0e-05
 ---------------------------------------
  Cycle       Energy         DIIS error
 ---------------------------------------
         Merz-Kollman ESP Net Atomic Charges

     Atom                 Charge (a.u.)
  ----------------------------------------
      1 C                     0.015140
      2 S                     1.169214
      3 O                    -0.672442
      4 O                    -0.709519
      5 N                    -1.017612
      6 H                     0.382616
      7 O                    -0.181320
      8 C                     0.006510
      9 C                     0.014416
     10 C                    -0.317747
     11 S                     0.934061
     12 C                     0.043623
     13 O                    -0.586809
     14 O                    -0.585905
     15 C                    -0.240596
     16 C                    -0.208367
     17 C                     0.204346
     18 C                     0.361639
     19 C                    -0.420359
     20 O                    -0.622773
     21 C                    -0.536463
     22 N                    -0.020306
     23 C                    -0.631004
     24 C                    -0.616446
     25 H                     0.199198
     26 H                     0.235583
     27 H                     0.211333
     28 H                     0.181607
     29 H                     0.207716
     30 H                     0.487950
     31 H                     0.190523
     32 H                     0.251537
     33 H                     0.231797
     34 H                     0.205112
     35 H                     0.217819
     36 H                     0.214361
     37 H                     0.219957
     38 H                     0.181609
  ----------------------------------------
  Sum of atomic charges =    -1.000000

  Related Dipole Moment =    11.9044 (X  1.7227 Y -11.7086 Z  1.2869)


 Charges (in A.U.) from Merz-Kollman fitting 
 -----------------------------------------------
 Center     Atomic                  MZ       
 Number     Number                  Charge
 -----------------------------------------------
    1          6                    0.015140
    2         16                    1.169214
    3          8                   -0.672442
    4          8                   -0.709519
    5          7                   -1.017612
    6          1                    0.382616
    7          8                   -0.181320
    8          6                    0.006510
    9          6                    0.014416
   10          6                   -0.317747
   11         16                    0.934061
   12          6                    0.043623
   13          8                   -0.586809
   14          8                   -0.585905
   15          6                   -0.240596
   16          6                   -0.208367
   17          6                    0.204346
   18          6                    0.361639
   19          6                   -0.420359
   20          8                   -0.622773
   21          6                   -0.536463
   22          7                   -0.020306
   23          6                   -0.631004
   24          6                   -0.616446
   25          1                    0.199198
   26          1                    0.235583
   27          1                    0.211333
   28          1                    0.181607
   29          1                    0.207716
   30          1                    0.487950
   31          1                    0.190523
   32          1                    0.251537
   33          1                    0.231797
   34          1                    0.205112
   35          1                    0.217819
   36          1                    0.214361
   37          1                    0.219957
   38          1                    0.181609
 -----------------------------------------------
    1   -1861.0324152299      3.64e-04  Roothaan Step
 ---------------------------------------
  Cycle       Energy         DIIS error
 ---------------------------------------
         Merz-Kollman ESP Net Atomic Charges

     Atom                 Charge (a.u.)
  ----------------------------------------
      1 C                     0.078687
      2 S                     1.191761
      3 O                    -0.674108
      4 O                    -0.730368
      5 N                    -1.025580
      6 H                     0.373373
      7 O                    -0.160923
      8 C                    -0.038859
      9 C                    -0.008332
     10 C                    -0.372978
     11 S                     0.915531
     12 C                     0.075042
     13 O                    -0.568112
     14 O                    -0.578062
     15 C                    -0.233749
     16 C                    -0.236841
     17 C                     0.195655
     18 C                     0.363947
     19 C                    -0.429806
     20 O                    -0.613935
     21 C                    -0.542136
     22 N                     0.002056
     23 C                    -0.642510
     24 C                    -0.635966
     25 H                     0.213105
     26 H                     0.247292
     27 H                     0.209757
     28 H                     0.193795
     29 H                     0.208266
     30 H                     0.489235
     31 H                     0.191429
     32 H                     0.252619
     33 H                     0.235867
     34 H                     0.206692
     35 H                     0.219565
     36 H                     0.218442
     37 H                     0.224600
     38 H                     0.185550
  ----------------------------------------
  Sum of atomic charges =    -1.000000

  Related Dipole Moment =    12.1298 (X  1.4926 Y -11.9907 Z  1.0617)


 Charges (in A.U.) from Merz-Kollman fitting 
 -----------------------------------------------
 Center     Atomic                  MZ       
 Number     Number                  Charge
 -----------------------------------------------
    1          6                    0.078687
    2         16                    1.191761
    3          8                   -0.674108
    4          8                   -0.730368
    5          7                   -1.025580
    6          1                    0.373373
    7          8                   -0.160923
    8          6                   -0.038859
    9          6                   -0.008332
   10          6                   -0.372978
   11         16                    0.915531
   12          6                    0.075042
   13          8                   -0.568112
   14          8                   -0.578062
   15          6                   -0.233749
   16          6                   -0.236841
   17          6                    0.195655
   18          6                    0.363947
   19          6                   -0.429806
   20          8                   -0.613935
   21          6                   -0.542136
   22          7                    0.002056
   23          6                   -0.642510
   24          6                   -0.635966
   25          1                    0.213105
   26          1                    0.247292
   27          1                    0.209757
   28          1                    0.193795
   29          1                    0.208266
   30          1                    0.489235
   31          1                    0.191429
   32          1                    0.252619
   33          1                    0.235867
   34          1                    0.206692
   35          1                    0.219565
   36          1                    0.218442
   37          1                    0.224600
   38          1                    0.185550
 -----------------------------------------------
    1   -1861.0218947518      2.21e-04  
         Merz-Kollman ESP Net Atomic Charges

     Atom                 Charge (a.u.)
  ----------------------------------------
      1 C                     0.034616
      2 S                     1.200611
      3 O                    -0.684784
      4 O                    -0.726490
      5 N                    -1.032134
      6 H                     0.378540
      7 O                    -0.173277
      8 C                    -0.021707
      9 C                     0.013369
     10 C                    -0.338389
     11 S                     0.937214
     12 C                     0.058345
     13 O                    -0.586270
     14 O                    -0.587362
     15 C                    -0.235796
     16 C                    -0.227123
     17 C                     0.200924
     18 C                     0.367196
     19 C                    -0.426848
     20 O                    -0.617197
     21 C                    -0.543101
     22 N                    -0.012517
     23 C                    -0.635906
     24 C                    -0.626804
     25 H                     0.210565
     26 H                     0.242260
     27 H                     0.210680
     28 H                     0.192441
     29 H                     0.208160
     30 H                     0.490336
     31 H                     0.192282
     32 H                     0.253467
     33 H                     0.233201
     34 H                     0.206430
     35 H                     0.219603
     36 H                     0.217442
     37 H                     0.223220
     38 H                     0.184803
  ----------------------------------------
  Sum of atomic charges =    -1.000000

  Related Dipole Moment =    12.3622 (X  1.5748 Y -12.2268 Z  0.9216)


 Charges (in A.U.) from Merz-Kollman fitting 
 -----------------------------------------------
 Center     Atomic                  MZ       
 Number     Number                  Charge
 -----------------------------------------------
    1          6                    0.034616
    2         16                    1.200611
    3          8                   -0.684784
    4          8                   -0.726490
    5          7                   -1.032134
    6          1                    0.378540
    7          8                   -0.173277
    8          6                   -0.021707
    9          6                    0.013369
   10          6                   -0.338389
   11         16                    0.937214
   12          6                    0.058345
   13          8                   -0.586270
   14          8                   -0.587362
   15          6                   -0.235796
   16          6                   -0.227123
   17          6                    0.200924
   18          6                    0.367196
   19          6                   -0.426848
   20          8                   -0.617197
   21          6                   -0.543101
   22          7                   -0.012517
   23          6                   -0.635906
   24          6                   -0.626804
   25          1                    0.210565
   26          1                    0.242260
   27          1                    0.210680
   28          1                    0.192441
   29          1                    0.208160
   30          1                    0.490336
   31          1                    0.192282
   32          1                    0.253467
   33          1                    0.233201
   34          1                    0.206430
   35          1                    0.219603
   36          1                    0.217442
   37          1                    0.223220
   38          1                    0.184803
 -----------------------------------------------
    2   -1861.0217189173      2.46e-04  
         Merz-Kollman ESP Net Atomic Charges

     Atom                 Charge (a.u.)
  ----------------------------------------
      1 C                     0.037800
      2 S                     1.200946
      3 O                    -0.685237
      4 O                    -0.729903
      5 N                    -1.034765
      6 H                     0.379192
      7 O                    -0.169796
      8 C                    -0.018447
      9 C                     0.007964
     10 C                    -0.342892
     11 S                     0.932351
     12 C                     0.053636
     13 O                    -0.582463
     14 O                    -0.585301
     15 C                    -0.234775
     16 C                    -0.226488
     17 C                     0.202242
     18 C                     0.368270
     19 C                    -0.427517
     20 O                    -0.616586
     21 C                    -0.543373
     22 N                    -0.012387
     23 C                    -0.637340
     24 C                    -0.627387
     25 H                     0.211243
     26 H                     0.243972
     27 H                     0.210605
     28 H                     0.193538
     29 H                     0.208520
     30 H                     0.490878
     31 H                     0.192606
     32 H                     0.253495
     33 H                     0.233885
     34 H                     0.206917
     35 H                     0.220058
     36 H                     0.217728
     37 H                     0.223547
     38 H                     0.185267
  ----------------------------------------
  Sum of atomic charges =    -1.000000

  Related Dipole Moment =    12.4356 (X  1.5174 Y -12.3152 Z  0.8229)


 Charges (in A.U.) from Merz-Kollman fitting 
 -----------------------------------------------
 Center     Atomic                  MZ       
 Number     Number                  Charge
 -----------------------------------------------
    1          6                    0.037800
    2         16                    1.200946
    3          8                   -0.685237
    4          8                   -0.729903
    5          7                   -1.034765
    6          1                    0.379192
    7          8                   -0.169796
    8          6                   -0.018447
    9          6                    0.007964
   10          6                   -0.342892
   11         16                    0.932351
   12          6                    0.053636
   13          8                   -0.582463
   14          8                   -0.585301
   15          6                   -0.234775
   16          6                   -0.226488
   17          6                    0.202242
   18          6                    0.368270
   19          6                   -0.427517
   20          8                   -0.616586
   21          6                   -0.543373
   22          7                   -0.012387
   23          6                   -0.637340
   24          6                   -0.627387
   25          1                    0.211243
   26          1                    0.243972
   27          1                    0.210605
   28          1                    0.193538
   29          1                    0.208520
   30          1                    0.490878
   31          1                    0.192606
   32          1                    0.253495
   33          1                    0.233885
   34          1                    0.206917
   35          1                    0.220058
   36          1                    0.217728
   37          1                    0.223547
   38          1                    0.185267
 -----------------------------------------------
    3   -1861.0205087310      3.78e-05  
         Merz-Kollman ESP Net Atomic Charges

     Atom                 Charge (a.u.)
  ----------------------------------------
      1 C                     0.036743
      2 S                     1.203146
      3 O                    -0.686649
      4 O                    -0.730148
      5 N                    -1.036145
      6 H                     0.378880
      7 O                    -0.170338
      8 C                    -0.022853
      9 C                     0.011291
     10 C                    -0.341989
     11 S                     0.935228
     12 C                     0.056045
     13 O                    -0.584469
     14 O                    -0.586629
     15 C                    -0.234029
     16 C                    -0.228999
     17 C                     0.201816
     18 C                     0.367600
     19 C                    -0.426986
     20 O                    -0.616072
     21 C                    -0.544164
     22 N                    -0.011898
     23 C                    -0.637256
     24 C                    -0.628061
     25 H                     0.212527
     26 H                     0.244184
     27 H                     0.210522
     28 H                     0.194572
     29 H                     0.208338
     30 H                     0.491156
     31 H                     0.192885
     32 H                     0.253719
     33 H                     0.233721
     34 H                     0.206935
     35 H                     0.220148
     36 H                     0.217928
     37 H                     0.223757
     38 H                     0.185546
  ----------------------------------------
  Sum of atomic charges =    -1.000000

  Related Dipole Moment =    12.4997 (X  1.5248 Y -12.3813 Z  0.7889)


 Charges (in A.U.) from Merz-Kollman fitting 
 -----------------------------------------------
 Center     Atomic                  MZ       
 Number     Number                  Charge
 -----------------------------------------------
    1          6                    0.036743
    2         16                    1.203146
    3          8                   -0.686649
    4          8                   -0.730148
    5          7                   -1.036145
    6          1                    0.378880
    7          8                   -0.170338
    8          6                   -0.022853
    9          6                    0.011291
   10          6                   -0.341989
   11         16                    0.935228
   12          6                    0.056045
   13          8                   -0.584469
   14          8                   -0.586629
   15          6                   -0.234029
   16          6                   -0.228999
   17          6                    0.201816
   18          6                    0.367600
   19          6                   -0.426986
   20          8                   -0.616072
   21          6                   -0.544164
   22          7                   -0.011898
   23          6                   -0.637256
   24          6                   -0.628061
   25          1                    0.212527
   26          1                    0.244184
   27          1                    0.210522
   28          1                    0.194572
   29          1                    0.208338
   30          1                    0.491156
   31          1                    0.192885
   32          1                    0.253719
   33          1                    0.233721
   34          1                    0.206935
   35          1                    0.220148
   36          1                    0.217928
   37          1                    0.223757
   38          1                    0.185546
 -----------------------------------------------
    4   -1861.0198249962      2.60e-05  
    5   -1861.0195041903      3.99e-06  Convergence criterion met
 ---------------------------------------
 SCF time:   CPU 318.73s  wall 28.00s 
(0)  E-EN(g) gas-phase elect-nuc energy                -1861.032412140 a.u.
(1)  E-EN(liq) elect-nuc energy of solute              -1861.019504190 a.u.
(2)  G-P(liq) polarization free energy of solvation           -87.8869 kcal/mol
(3)  G-ENP(liq) elect-nuc-pol free energy of system    -1861.159560860 a.u.
(4)  G-CDS(liq) cavity-dispersion-solvent structure 
     free energy                                                2.3392 kcal/mol
(5)  G-P-CDS(liq) = G-P(liq) + G-CDS(liq) = (2) + (4)         -85.5476 kcal/mol
(6)  G-S(liq) free energy of system = (1) + (5)        -1861.155833043 a.u.
(7)  DeltaE-EN(liq) elect-nuc reorganization
     energy of solute molecule (7) = (1) - (0)                  8.0999 kcal/mol
(8)  DeltaG-ENP(liq) elect-nuc-pol free energy
     of solvation (8) = (3) - (0)                             -79.7870 kcal/mol
(9)  DeltaG-S(liq) free energy of  solvation
     (9) = (6) - (0)                                          -77.4478 kcal/mol
 SCF   energy in the final basis set =    -1861.1558330428
 Total energy in the final basis set =    -1861.1558330428
 
 --------------------------------------------------------------
 
                    Orbital Energies (a.u.)
 --------------------------------------------------------------
 
 Alpha MOs
 -- Occupied --
-90.1651 -90.1514 -19.7538 -19.6936 -19.6610 -19.6596 -19.6355 -19.6332
-14.7667 -14.7371 -10.6498 -10.6447 -10.6442 -10.6046 -10.5999 -10.5920
-10.5898 -10.5887 -10.5861 -10.5802 -10.5772 -10.5691 -10.5669  -8.4814
 -8.4634  -6.4034  -6.4029  -6.4023  -6.3858  -6.3855  -6.3846  -1.2827
 -1.2490  -1.2247  -1.2058  -1.1419  -1.1096  -1.0443  -0.9932  -0.9843
 -0.9560  -0.9004  -0.8936  -0.8806  -0.8102  -0.8023  -0.7981  -0.7476
 -0.7373  -0.7205  -0.7017  -0.6832  -0.6534  -0.6455  -0.6393  -0.6100
 -0.5898  -0.5883  -0.5769  -0.5696  -0.5586  -0.5548  -0.5538  -0.5479
 -0.5419  -0.5354  -0.5256  -0.5105  -0.5091  -0.5073  -0.4909  -0.4813
 -0.4727  -0.4609  -0.4504  -0.4431  -0.4363  -0.4348  -0.4308  -0.4246
 -0.4230  -0.4126  -0.4091  -0.4021  -0.3968  -0.3848  -0.3793  -0.3759
 -0.3490  -0.3374  -0.3318  -0.3091  -0.3004  -0.2950
 -- Virtual --
 -0.0257  -0.0224  -0.0118  -0.0094  -0.0035  -0.0016   0.0033   0.0057
  0.0100   0.0152   0.0167   0.0259   0.0270   0.0347   0.0376   0.0417
  0.0462   0.0498   0.0537   0.0580   0.0642   0.0675   0.0701   0.0747
  0.0753   0.0800   0.0861   0.0895   0.0921   0.0955   0.0972   0.1017
  0.1043   0.1089   0.1130   0.1170   0.1204   0.1250   0.1282   0.1315
  0.1330   0.1399   0.1409   0.1433   0.1470   0.1484   0.1550   0.1573
  0.1588   0.1662   0.1675   0.1712   0.1802   0.1822   0.1857   0.1868
  0.1922   0.1945   0.1986   0.2031   0.2042   0.2082   0.2109   0.2143
  0.2156   0.2199   0.2213   0.2265   0.2293   0.2304   0.2319   0.2384
  0.2394   0.2422   0.2461   0.2494   0.2504   0.2570   0.2602   0.2625
  0.2683   0.2704   0.2740   0.2779   0.2790   0.2805   0.2818   0.2887
  0.2913   0.2979   0.2991   0.3022   0.3059   0.3085   0.3092   0.3149
  0.3197   0.3199   0.3241   0.3265   0.3277   0.3327   0.3375   0.3398
  0.3477   0.3502   0.3529   0.3542   0.3609   0.3674   0.3735   0.3802
  0.3826   0.3919   0.3943   0.3992   0.4084   0.4100   0.4189   0.4214
  0.4277   0.4338   0.4423   0.4443   0.4557   0.4625   0.4671   0.4802
  0.4824   0.4916   0.5182   0.5204   0.5289   0.5855   0.5964   0.6036
  0.6152   0.6334   0.6527   0.6628   0.6702   0.6804   0.6925   0.6980
  0.7056   0.7241   0.7290   0.7402   0.7460   0.7535   0.7568   0.7644
  0.7718   0.7760   0.7846   0.7912   0.8009   0.8107   0.8225   0.8276
  0.8377   0.8486   0.8536   0.8591   0.8716   0.8759   0.8873   0.8982
  0.9034   0.9162   0.9204   0.9307   0.9367   0.9555   0.9723   0.9764
  0.9852   0.9918   0.9974   1.0065   1.0129   1.0259   1.0311   1.0400
  1.0481   1.0574   1.0673   1.0700   1.0786   1.0872   1.0936   1.0959
  1.1018   1.1084   1.1167   1.1241   1.1304   1.1419   1.1532   1.1722
  1.1742   1.1755   1.1886   1.1959   1.1996   1.2127   1.2137   1.2200
  1.2284   1.2487   1.2566   1.2713   1.2796   1.2823   1.2874   1.2961
  1.3044   1.3147   1.3233   1.3308   1.3361   1.3569   1.3602   1.3619
  1.3705   1.3780   1.3843   1.3875   1.3893   1.3954   1.4068   1.4091
  1.4148   1.4200   1.4311   1.4333   1.4355   1.4467   1.4532   1.4623
  1.4688   1.4766   1.4867   1.4952   1.5078   1.5221   1.5268   1.5452
  1.5758   1.5776   1.5863   1.5973   1.6030   1.6231   1.6342   1.6436
  1.6598   1.6732   1.7149   1.7228   1.7787   1.7815   1.7874   1.8021
  1.8102   1.8167   1.8281   1.8350   1.8473   1.8620   1.8665   1.8697
  1.8768   1.8822   1.8899   1.9051   1.9183   1.9232   1.9368   1.9474
  1.9523   1.9717   1.9931   1.9947   2.0024   2.0069   2.0177   2.0262
  2.0299   2.0411   2.0578   2.0693   2.0827   2.0869   2.1005   2.1061
  2.1285   2.1426   2.1460   2.1688   2.1716   2.1791   2.1945   2.2090
  2.2190   2.2206   2.2423   2.2492   2.2674   2.2710   2.2809   2.3020
  2.3048   2.3155   2.3218   2.3347   2.3381   2.3422   2.3564   2.3626
  2.3734   2.3845   2.4008   2.4242   2.4338   2.4529   2.5323   2.5447
  2.5658   2.5916   2.5964   2.6214   2.6228   2.6565   2.6810   2.7122
  2.7248   2.7682   2.7830   2.8053   2.8167   2.8404   2.8459   2.8571
  2.8677   2.8815   2.8967   2.9209   2.9541   2.9738   2.9802   2.9852
  2.9892   3.0829   3.1519   3.1730   3.4059   3.9756   4.0362   4.0592
  4.1614   4.2051   4.2637   4.2673   4.2769   4.3134   4.3623   4.3715
  4.3965   4.4013   4.4058   4.4153   4.4572   4.4655   4.4928   4.5102
  4.5494   4.5880   4.6321   4.8379
 --------------------------------------------------------------
 
          Ground-State Mulliken Net Atomic Charges

     Atom                 Charge (a.u.)
  ----------------------------------------
      1 C                    -2.774853
      2 S                     0.739618
      3 O                    -0.847438
      4 O                    -0.773620
      5 N                    -1.001027
      6 H                     0.411067
      7 O                    -0.258208
      8 C                     0.600392
      9 C                     0.419509
     10 C                     1.083354
     11 S                     0.559387
     12 C                    -1.734761
     13 O                    -0.569103
     14 O                    -0.527697
     15 C                    -0.566790
     16 C                     1.008078
     17 C                     0.358278
     18 C                     0.503258
     19 C                    -0.324965
     20 O                    -0.673453
     21 C                     0.669765
     22 N                    -0.426362
     23 C                    -0.489593
     24 C                    -0.331770
     25 H                     0.357423
     26 H                     0.323891
     27 H                     0.279267
     28 H                     0.296388
     29 H                     0.273237
     30 H                     0.586593
     31 H                     0.225977
     32 H                     0.238518
     33 H                     0.234913
     34 H                     0.221345
     35 H                     0.231205
     36 H                     0.228613
     37 H                     0.229117
     38 H                     0.220436
  ----------------------------------------
  Sum of atomic charges =    -1.000010

         Merz-Kollman ESP Net Atomic Charges

     Atom                 Charge (a.u.)
  ----------------------------------------
      1 C                     0.035975
      2 S                     1.205553
      3 O                    -0.687350
      4 O                    -0.730910
      5 N                    -1.036771
      6 H                     0.378726
      7 O                    -0.170262
      8 C                    -0.022359
      9 C                     0.011046
     10 C                    -0.341619
     11 S                     0.935285
     12 C                     0.055060
     13 O                    -0.584402
     14 O                    -0.586481
     15 C                    -0.233854
     16 C                    -0.229016
     17 C                     0.202280
     18 C                     0.368048
     19 C                    -0.427142
     20 O                    -0.616050
     21 C                    -0.544363
     22 N                    -0.012131
     23 C                    -0.637270
     24 C                    -0.627972
     25 H                     0.212394
     26 H                     0.244106
     27 H                     0.210522
     28 H                     0.194601
     29 H                     0.208385
     30 H                     0.491118
     31 H                     0.192942
     32 H                     0.253776
     33 H                     0.233746
     34 H                     0.206972
     35 H                     0.220169
     36 H                     0.217928
     37 H                     0.223751
     38 H                     0.185565
  ----------------------------------------
  Sum of atomic charges =    -1.000000

  Related Dipole Moment =    12.5065 (X  1.5204 Y -12.3890 Z  0.7832)

 -----------------------------------------------------------------
                    Cartesian Multipole Moments
 -----------------------------------------------------------------
    Charge (ESU x 10^10)
                -4.8033
    Dipole Moment (Debye)
         X       1.5909      Y     -12.4068      Z       0.8240
       Tot      12.5355
    Quadrupole Moments (Debye-Ang)
        XX    -161.9140     XY      14.6712     YY    -153.5923
        XZ      25.4328     YZ      -4.8878     ZZ    -193.5791
    Octopole Moments (Debye-Ang^2)
       XXX     494.1986    XXY     200.6581    XYY     203.9910
       YYY     450.9493    XXZ     493.4903    XYZ     -15.9040
       YYZ     490.9207    XZZ      34.8249    YZZ     249.4140
       ZZZ    1786.0544
    Hexadecapole Moments (Debye-Ang^3)
      XXXX   -3587.1116   XXXY   -1659.5753   XXYY   -2112.3578
      XYYY   -1824.9344   YYYY   -8602.2676   XXXZ   -2242.5846
      XXYZ   -1436.8883   XYYZ    -826.9549   YYYZ   -4681.1030
      XXZZ   -3136.9362   XYZZ    -412.7674   YYZZ   -4373.9253
      XZZZ   -1707.1133   YZZZ   -4666.8841   ZZZZ  -17588.6765
 -----------------------------------------------------------------
 Total job time:  60.30s(wall), 711.98s(cpu) 
 Fri May 27 11:57:31 2022

        *************************************************************
        *                                                           *
        *  Thank you very much for using Q-Chem.  Have a nice day.  *
        *                                                           *
        *************************************************************


