                  Welcome to Q-Chem
     A Quantum Leap Into The Future Of Chemistry


 Q-Chem 5.4 (devel), Q-Chem, Inc., Pleasanton, CA (2021)

 E. Epifanovsky,  A. T. B. Gilbert,  Xintian Feng,  Joonho Lee,  Yuezhi Mao,  
 N. Mardirossian,  P. Pokhilko,  A. White,  M. Wormit,  M. P. Coons,  
 A. L. Dempwolff,  Zhengting Gan,  D. Hait,  P. R. Horn,  L. D. Jacobson,  
 I. Kaliman,  J. Kussmann,  A. W. Lange,  Ka Un Lao,  D. S. Levine,  Jie Liu,  
 S. C. McKenzie,  A. F. Morrison,  K. Nanda,  F. Plasser,  D. R. Rehn,  
 M. L. Vidal,  Zhi-Qiang You,  Ying Zhu,  B. Alam,  B. Albrecht,  
 A. Aldossary,  E. Alguire,  J. H. Andersen,  D. Barton,  K. Begam,  A. Behn,  
 Y. A. Bernard,  E. J. Berquist,  H. Burton,  A. Carreras,  K. Carter-Fenk,  
 R. Chakraborty,  A. D. Chien,  K. D. Closser,  V. Cofer-Shabica,  
 S. Dasgupta,  Jia Deng,  M. de Wergifosse,  M. Diedenhofen,  Hainam Do,  
 S. Ehlert,  Po-Tung Fang,  S. Fatehi,  Qingguo Feng,  T. Friedhoff,  
 J. Gayvert,  Qinghui Ge,  G. Gidofalvi,  M. Goldey,  J. Gomes,  
 C. Gonzalez-Espinoza,  S. Gulania,  A. Gunina,  M. W. D. Hanson-Heine,  
 P. H. P. Harbach,  A. W. Hauser,  M. F. Herbst,  M. Hernandez Vera,  
 M. Hodecker,  Z. C. Holden,  S. Houck,  Xunkun Huang,  Kerwin Hui,  
 B. C. Huynh,  M. Ivanov,  Hyunjun Ji,  Hanjie Jiang,  B. Kaduk,  S. Kaehler,  
 K. Khistyaev,  Jaehoon Kim,  P. Klunzinger,  Z. Koczor-Benda,  
 Joong Hoon Koh,  D. Kosenkov,  L. Koulias,  T. Kowalczyk,  C. M. Krauter,  
 K. Kue,  A. Kunitsa,  T. Kus,  A. Landau,  K. V. Lawler,  D. Lefrancois,  
 S. Lehtola,  Rain Li,  Yi-Pei Li,  Jiashu Liang,  M. Liebenthal,  
 Hung-Hsuan Lin,  You-Sheng Lin,  Fenglai Liu,  Kuan-Yu Liu,  
 M. Loipersberger,  A. Luenser,  A. Manjanath,  P. Manohar,  E. Mansoor,  
 S. F. Manzer,  Shan-Ping Mao,  A. V. Marenich,  T. Markovich,  S. Mason,  
 S. A. Maurer,  P. F. McLaughlin,  M. F. S. J. Menger,  J.-M. Mewes,  
 S. A. Mewes,  P. Morgante,  J. W. Mullinax,  K. J. Oosterbaan,  G. Paran,  
 Alexander C. Paul,  Suranjan K. Paul,  F. Pavosevic,  Zheng Pei,  S. Prager,  
 E. I. Proynov,  E. Ramos,  B. Rana,  A. E. Rask,  A. Rettig,  R. M. Richard,  
 F. Rob,  E. Rossomme,  T. Scheele,  M. Scheurer,  M. Schneider,  
 N. Sergueev,  S. M. Sharada,  W. Skomorowski,  D. W. Small,  C. J. Stein,  
 Yu-Chuan Su,  E. J. Sundstrom,  Zhen Tao,  J. Thirman,  T. Tsuchimochi,  
 N. M. Tubman,  S. P. Veccham,  O. Vydrov,  J. Wenzel,  J. Witte,  A. Yamada,  
 Kun Yao,  S. Yeganeh,  S. R. Yost,  A. Zech,  Igor Ying Zhang,  Xing Zhang,  
 Yu Zhang,  D. Zuev,  A. Aspuru-Guzik,  A. T. Bell,  N. A. Besley,  
 K. B. Bravaya,  B. R. Brooks,  D. Casanova,  Jeng-Da Chai,  S. Coriani,  
 C. J. Cramer,  A. E. DePrince, III,  R. A. DiStasio Jr.,  A. Dreuw,  
 B. D. Dunietz,  T. R. Furlani,  W. A. Goddard III,  S. Grimme,  
 S. Hammes-Schiffer,  T. Head-Gordon,  W. J. Hehre,  Chao-Ping Hsu,  
 T.-C. Jagau,  Yousung Jung,  A. Klamt,  Jing Kong,  D. S. Lambrecht,  
 WanZhen Liang,  N. J. Mayhall,  C. W. McCurdy,  J. B. Neaton,  
 C. Ochsenfeld,  J. A. Parkhill,  R. Peverati,  V. A. Rassolov,  Yihan Shao,  
 L. V. Slipchenko,  T. Stauch,  R. P. Steele,  J. E. Subotnik,  
 A. J. W. Thom,  A. Tkatchenko,  D. G. Truhlar,  T. Van Voorhis,  
 T. A. Wesolowski,  K. B. Whaley,  H. L. Woodcock III,  P. M. Zimmerman,  
 S. Faraji,  P. M. W. Gill,  M. Head-Gordon,  J. M. Herbert,  A. I. Krylov

 Additional authors for Version 5.4.1: 
 S. Kotaru,  Shaozhi Li,  Xiangyuan Li,  F. Matz,  A. Molle,  Haisheng Ren,  
 Yingli Su,  Hung-Yi Tsai,  C. Utku,  Fang Wang

 Contributors to earlier versions of Q-Chem not listed above: 
 R. D. Adamson,  B. Austin,  R. Baer,  J. Baker,  G. J. O. Beran,  
 K. Brandhorst,  S. T. Brown,  E. F. C. Byrd,  A. K. Chakraborty,  
 G. K. L. Chan,  Chun-Min Chang,  Yunqing Chen,  C.-L. Cheng,  
 Siu Hung Chien,  D. M. Chipman,  D. L. Crittenden,  H. Dachsel,  
 R. J. Doerksen,  A. D. Dutoi,  R. G. Edgar,  J. Fosso-Tande,  
 L. Fusti-Molnar,  D. Ghosh,  A. Ghysels,  A. Golubeva-Zadorozhnaya,  
 J. Gonthier,  M. S. Gordon,  S. R. Gwaltney,  G. Hawkins,  J. E. Herr,  
 A. Heyden,  S. Hirata,  E. G. Hohenstein,  G. Kedziora,  F. J. Keil,  
 C. Kelley,  Jihan Kim,  R. A. King,  R. Z. Khaliullin,  P. P. Korambath,  
 W. Kurlancheek,  A. Laurent,  A. M. Lee,  M. S. Lee,  S. V. Levchenko,  
 Ching Yeh Lin,  D. Liotard,  E. Livshits,  R. C. Lochan,  I. Lotan,  
 L. A. Martinez-Martinez,  P. E. Maslen,  N. Nair,  D. P. O'Neill,  
 D. Neuhauser,  E. Neuscamman,  C. M. Oana,  R. Olivares-Amaya,  R. Olson,  
 T. M. Perrine,  B. Peters,  P. A. Pieniazek,  A. Prociuk,  Y. M. Rhee,  
 J. Ritchie,  M. A. Rohrdanz,  E. Rosta,  N. J. Russ,  H. F. Schaefer III,  
 M. W. Schmidt,  N. E. Schultz,  S. Sharma,  N. Shenvi,  C. D. Sherrill,  
 A. C. Simmonett,  A. Sodt,  T. Stein,  D. Stuck,  K. S. Thanthiriwatte,  
 V. Vanovschi,  L. Vogt,  Tao Wang,  A. Warshel,  M. A. Watson,  
 C. F. Williams,  Q. Wu,  X. Xu,  Jun Yang,  W. Zhang,  Yan Zhao

 Please cite Q-Chem as follows:
 Y. Shao et al., Mol. Phys. 113, 184-215 (2015)
 DOI: 10.1080/00268976.2014.952696

 Q-Chem 5.4.1 for Intel X86 EM64T Linux

 Parts of Q-Chem use Armadillo 9.800.1 (Horizon Scraper).
 http://arma.sourceforge.net/

 Q-Chem begins on Thu May 26 10:29:04 2022  

 Host: gadi-cpu-clx-0359.gadi.nci.org.au
0

     Scratch files written to /jobfs/41312667.gadi-pbs/qchem3019694//
 Processing $rem in /apps/qchem/5.4.1/config/preferences:
 Processing $rem in /home/561/yj5695/.qchemrc:
 Symmetry turned off for PCM/SM12/SMD calculation
 Method-specific promolecule density matrix will be built for SM12 calculation

 Checking the input file for inconsistencies... 	...done.

--------------------------------------------------------------
User input:
--------------------------------------------------------------
$molecule
-1  1
C -1.351873  0.722876 -0.890351
C -2.5348  0.899646 -1.602729
H -3.485053  0.955234 -1.081392
C -2.497006  1.014454 -2.991674
H -3.411236  1.158867 -3.558228
C -1.267949  0.944013 -3.638827
Cl -1.213651  1.088788 -5.380995
C -0.077964  0.763793 -2.937804
H  0.870006  0.71464 -3.463646
C -0.125834  0.651134 -1.551282
H  0.795499  0.513591 -0.992134
S -1.398258  0.483105  0.895249
O -0.235614  1.285971  1.384434
O -2.719767  1.016675  1.32
N -1.330111 -1.042902  1.226961
H -0.37796 -1.364657  1.03121
$end

$rem
jobtype sp
exchange M062X
basis 6-31+G*
SMX_GAS_PHASE = TRUE
solvent_method sm12
$end

$smx
solvent water
charges mk
$end
--------------------------------------------------------------
 ----------------------------------------------------------------
             Standard Nuclear Orientation (Angstroms)
    I     Atom           X                Y                Z
 ----------------------------------------------------------------
    1      C      -1.3518730000     0.7228760000    -0.8903510000
    2      C      -2.5348000000     0.8996460000    -1.6027290000
    3      H      -3.4850530000     0.9552340000    -1.0813920000
    4      C      -2.4970060000     1.0144540000    -2.9916740000
    5      H      -3.4112360000     1.1588670000    -3.5582280000
    6      C      -1.2679490000     0.9440130000    -3.6388270000
    7      Cl     -1.2136510000     1.0887880000    -5.3809950000
    8      C      -0.0779640000     0.7637930000    -2.9378040000
    9      H       0.8700060000     0.7146400000    -3.4636460000
   10      C      -0.1258340000     0.6511340000    -1.5512820000
   11      H       0.7954990000     0.5135910000    -0.9921340000
   12      S      -1.3982580000     0.4831050000     0.8952490000
   13      O      -0.2356140000     1.2859710000     1.3844340000
   14      O      -2.7197670000     1.0166750000     1.3200000000
   15      N      -1.3301110000    -1.0429020000     1.2269610000
   16      H      -0.3779600000    -1.3646570000     1.0312100000
 ----------------------------------------------------------------
 Nuclear Repulsion Energy =         778.06246951 hartrees
 There are       49 alpha and       49 beta electrons
 Requested basis set is 6-31+G(d)
 There are 67 shells and 227 basis functions

 Total QAlloc Memory Limit   2000 MB
 Mega-Array Size       188 MB
 MEM_STATIC part       192 MB
 A cutoff of  1.0D-08 yielded   1865 shell pairs
 There are     22343 function pairs
 Smallest overlap matrix eigenvalue = 1.97E-06

 Q-Chem warning in module stvman/mkSTV.C, line 323:

 Overlap eigenvalue is smaller than square root of threshold
 Use THRESH >= 12 to get rid of this warning


 Scale SEOQF with 1.000000e-01/1.000000e-01/1.000000e-02

 Standard Electronic Orientation quadrupole field applied
 Nucleus-field energy     =     0.0000000064 hartrees
 ================ Generating on-the-fly Promolecule Density  ================
Attempting to make child job directory: /jobfs/41312667.gadi-pbs/qchem3019694//Frg1/
Attempting to make child job directory: /jobfs/41312667.gadi-pbs/qchem3019694//Frg2/
Attempting to make child job directory: /jobfs/41312667.gadi-pbs/qchem3019694//Frg3/
Attempting to make child job directory: /jobfs/41312667.gadi-pbs/qchem3019694//Frg4/
Attempting to make child job directory: /jobfs/41312667.gadi-pbs/qchem3019694//Frg5/
Attempting to make child job directory: /jobfs/41312667.gadi-pbs/qchem3019694//Frg6/
Creating input file /jobfs/41312667.gadi-pbs/qchem3019694/Frg1.input
using default PutDataFrgm: nothing
calling putenv with: QCSCRATCH=/jobfs/41312667.gadi-pbs/qchem3019694/ 
Spawning Job For Fragment 0
Done Job For Fragment 0
calling putenv with: QCSCRATCH=/jobfs/41312667.gadi-pbs 
calling putenv with: QCTHREADS=16 
Creating input file /jobfs/41312667.gadi-pbs/qchem3019694/Frg2.input
using default PutDataFrgm: nothing
calling putenv with: QCSCRATCH=/jobfs/41312667.gadi-pbs/qchem3019694/ 
Spawning Job For Fragment 1
Done Job For Fragment 1
calling putenv with: QCSCRATCH=/jobfs/41312667.gadi-pbs 
calling putenv with: QCTHREADS=16 
Creating input file /jobfs/41312667.gadi-pbs/qchem3019694/Frg3.input
using default PutDataFrgm: nothing
calling putenv with: QCSCRATCH=/jobfs/41312667.gadi-pbs/qchem3019694/ 
Spawning Job For Fragment 2
Done Job For Fragment 2
calling putenv with: QCSCRATCH=/jobfs/41312667.gadi-pbs 
calling putenv with: QCTHREADS=16 
Creating input file /jobfs/41312667.gadi-pbs/qchem3019694/Frg4.input
using default PutDataFrgm: nothing
calling putenv with: QCSCRATCH=/jobfs/41312667.gadi-pbs/qchem3019694/ 
Spawning Job For Fragment 3
Done Job For Fragment 3
calling putenv with: QCSCRATCH=/jobfs/41312667.gadi-pbs 
calling putenv with: QCTHREADS=16 
Creating input file /jobfs/41312667.gadi-pbs/qchem3019694/Frg5.input
using default PutDataFrgm: nothing
calling putenv with: QCSCRATCH=/jobfs/41312667.gadi-pbs/qchem3019694/ 
Spawning Job For Fragment 4
Done Job For Fragment 4
calling putenv with: QCSCRATCH=/jobfs/41312667.gadi-pbs 
calling putenv with: QCTHREADS=16 
Creating input file /jobfs/41312667.gadi-pbs/qchem3019694/Frg6.input
using default PutDataFrgm: nothing
calling putenv with: QCSCRATCH=/jobfs/41312667.gadi-pbs/qchem3019694/ 
Spawning Job For Fragment 5
Done Job For Fragment 5
calling putenv with: QCSCRATCH=/jobfs/41312667.gadi-pbs 
calling putenv with: QCTHREADS=16 
 Time for running child jobs:  CPU 2.24 s  wall 2.51 s
 ============= Method Specific Promolecule Density Constructed =============
 Guess from superposition of atomic densities
 Warning:  Energy on first SCF cycle will be non-variational
 SAD guess density has 97.000000 electrons

 -----------------------------------------------------------------------
  General SCF calculation program by
  Eric Jon Sundstrom, Paul Horn, Yuezhi Mao, Dmitri Zuev, Alec White,
  David Stuck, Shaama M.S., Shane Yost, Joonho Lee, David Small,
  Daniel Levine, Susi Lehtola, Hugh Burton, Evgeny Epifanovsky,
  Bang C. Huynh
 -----------------------------------------------------------------------
 Exchange:     0.5400 Hartree-Fock + 1.0000 M06-2X
 Correlation:  1.0000 M06-2X
 Using SG-3 standard quadrature grid
 using 16 threads for integral computing
 -------------------------------------------------------
 OpenMP Integral computing Module                
 Release: version 1.0, May 2013, Q-Chem Inc. Pittsburgh 
 -------------------------------------------------------
 A restricted SCF calculation will be
 performed using DIIS
 SCF converges when DIIS error is below 1.0e-05
 ---------------------------------------
  Cycle       Energy         DIIS error
 ---------------------------------------
    1   -1298.1641315512      4.92e-02  
    2   -1294.7133071429      6.82e-03  
    3   -1294.6081604397      8.62e-03  
    4   -1294.9713881521      8.01e-04  
    5   -1294.9743678724      4.35e-04  
    6   -1294.9755273992      1.16e-04  
    7   -1294.9756114350      3.27e-05  
    8   -1294.9756194923      8.17e-06  Convergence criterion met
 ---------------------------------------
 SCF time:   CPU 66.40s  wall 4.00s 
 SCF   energy in the final basis set =    -1294.9756194923
 Total energy in the final basis set =    -1294.9756194923
 Exchange:     0.5400 Hartree-Fock + 1.0000 M06-2X
 Correlation:  1.0000 M06-2X
 Using SG-3 standard quadrature grid
 
 SM12 calculation using Merz-Singh-Kollman charges
 Citation of the SM12 model:
 Marenich, A.V.; Cramer, C.J.; Truhlar, D.G.
 J. Chem. Theory Comput. 2013, 9, 609-612.
 iSolventCode=           1
 Solvent: water                                                           
 
  Building new vdw surfaces
         Merz-Kollman ESP Net Atomic Charges

     Atom                 Charge (a.u.)
  ----------------------------------------
      1 C                    -0.135069
      2 C                    -0.117664
      3 H                     0.157665
      4 C                    -0.109763
      5 H                     0.122573
      6 C                     0.036885
      7 Cl                   -0.178354
      8 C                    -0.127600
      9 H                     0.127391
     10 C                    -0.111001
     11 H                     0.144365
     12 S                     1.166401
     13 O                    -0.692494
     14 O                    -0.636067
     15 N                    -0.983430
     16 H                     0.336164
  ----------------------------------------
  Sum of atomic charges =    -1.000000

  Related Dipole Moment =     9.2468 (X  7.9244 Y -2.8481 Z -3.8205)


 Charges (in A.U.) from Merz-Kollman fitting 
 -----------------------------------------------
 Center     Atomic                  MZ       
 Number     Number                  Charge
 -----------------------------------------------
    1          6                   -0.135069
    2          6                   -0.117664
    3          1                    0.157665
    4          6                   -0.109763
    5          1                    0.122573
    6          6                    0.036885
    7         17                   -0.178354
    8          6                   -0.127600
    9          1                    0.127391
   10          6                   -0.111001
   11          1                    0.144365
   12         16                    1.166401
   13          8                   -0.692494
   14          8                   -0.636067
   15          7                   -0.983430
   16          1                    0.336164
 -----------------------------------------------
 A restricted SCF calculation will be
 performed using Roothaan-Hall, DIIS
 SCF converges when DIIS error is below 1.0e-05
 ---------------------------------------
  Cycle       Energy         DIIS error
 ---------------------------------------
         Merz-Kollman ESP Net Atomic Charges

     Atom                 Charge (a.u.)
  ----------------------------------------
      1 C                    -0.153648
      2 C                    -0.151963
      3 H                     0.167018
      4 C                    -0.072922
      5 H                     0.141056
      6 C                     0.034122
      7 Cl                   -0.146493
      8 C                    -0.086726
      9 H                     0.145974
     10 C                    -0.139849
     11 H                     0.161089
     12 S                     1.195649
     13 O                    -0.730900
     14 O                    -0.682919
     15 N                    -1.043440
     16 H                     0.363953
  ----------------------------------------
  Sum of atomic charges =    -1.000000

  Related Dipole Moment =    10.9267 (X  8.3282 Y -2.6963 Z -6.5394)


 Charges (in A.U.) from Merz-Kollman fitting 
 -----------------------------------------------
 Center     Atomic                  MZ       
 Number     Number                  Charge
 -----------------------------------------------
    1          6                   -0.153648
    2          6                   -0.151963
    3          1                    0.167018
    4          6                   -0.072922
    5          1                    0.141056
    6          6                    0.034122
    7         17                   -0.146493
    8          6                   -0.086726
    9          1                    0.145974
   10          6                   -0.139849
   11          1                    0.161089
   12         16                    1.195649
   13          8                   -0.730900
   14          8                   -0.682919
   15          7                   -1.043440
   16          1                    0.363953
 -----------------------------------------------
    1   -1294.9756195520      6.24e-04  Roothaan Step
 ---------------------------------------
  Cycle       Energy         DIIS error
 ---------------------------------------
         Merz-Kollman ESP Net Atomic Charges

     Atom                 Charge (a.u.)
  ----------------------------------------
      1 C                    -0.107262
      2 C                    -0.141223
      3 H                     0.164628
      4 C                    -0.093533
      5 H                     0.151080
      6 C                    -0.002155
      7 Cl                   -0.125841
      8 C                    -0.111850
      9 H                     0.157795
     10 C                    -0.139413
     11 H                     0.161268
     12 S                     1.224883
     13 O                    -0.747951
     14 O                    -0.691307
     15 N                    -1.052040
     16 H                     0.352920
  ----------------------------------------
  Sum of atomic charges =    -1.000000

  Related Dipole Moment =    10.8206 (X  8.1865 Y -2.6137 Z -6.5753)


 Charges (in A.U.) from Merz-Kollman fitting 
 -----------------------------------------------
 Center     Atomic                  MZ       
 Number     Number                  Charge
 -----------------------------------------------
    1          6                   -0.107262
    2          6                   -0.141223
    3          1                    0.164628
    4          6                   -0.093533
    5          1                    0.151080
    6          6                   -0.002155
    7         17                   -0.125841
    8          6                   -0.111850
    9          1                    0.157795
   10          6                   -0.139413
   11          1                    0.161268
   12         16                    1.224883
   13          8                   -0.747951
   14          8                   -0.691307
   15          7                   -1.052040
   16          1                    0.352920
 -----------------------------------------------
    1   -1294.9673879752      3.76e-04  
         Merz-Kollman ESP Net Atomic Charges

     Atom                 Charge (a.u.)
  ----------------------------------------
      1 C                    -0.145105
      2 C                    -0.143208
      3 H                     0.165586
      4 C                    -0.086170
      5 H                     0.149597
      6 C                     0.026465
      7 Cl                   -0.133666
      8 C                    -0.102238
      9 H                     0.155652
     10 C                    -0.134980
     11 H                     0.161425
     12 S                     1.233524
     13 O                    -0.748438
     14 O                    -0.697006
     15 N                    -1.060406
     16 H                     0.358969
  ----------------------------------------
  Sum of atomic charges =    -1.000000

  Related Dipole Moment =    11.1194 (X  8.2924 Y -2.5992 Z -6.9369)


 Charges (in A.U.) from Merz-Kollman fitting 
 -----------------------------------------------
 Center     Atomic                  MZ       
 Number     Number                  Charge
 -----------------------------------------------
    1          6                   -0.145105
    2          6                   -0.143208
    3          1                    0.165586
    4          6                   -0.086170
    5          1                    0.149597
    6          6                    0.026465
    7         17                   -0.133666
    8          6                   -0.102238
    9          1                    0.155652
   10          6                   -0.134980
   11          1                    0.161425
   12         16                    1.233524
   13          8                   -0.748438
   14          8                   -0.697006
   15          7                   -1.060406
   16          1                    0.358969
 -----------------------------------------------
    2   -1294.9672002195      3.53e-04  
         Merz-Kollman ESP Net Atomic Charges

     Atom                 Charge (a.u.)
  ----------------------------------------
      1 C                    -0.140614
      2 C                    -0.141174
      3 H                     0.165314
      4 C                    -0.084519
      5 H                     0.150513
      6 C                     0.013601
      7 Cl                   -0.126485
      8 C                    -0.101695
      9 H                     0.156936
     10 C                    -0.133807
     11 H                     0.161601
     12 S                     1.232200
     13 O                    -0.750954
     14 O                    -0.697335
     15 N                    -1.062756
     16 H                     0.359174
  ----------------------------------------
  Sum of atomic charges =    -1.000000

  Related Dipole Moment =    11.1755 (X  8.2805 Y -2.5830 Z -7.0465)


 Charges (in A.U.) from Merz-Kollman fitting 
 -----------------------------------------------
 Center     Atomic                  MZ       
 Number     Number                  Charge
 -----------------------------------------------
    1          6                   -0.140614
    2          6                   -0.141174
    3          1                    0.165314
    4          6                   -0.084519
    5          1                    0.150513
    6          6                    0.013601
    7         17                   -0.126485
    8          6                   -0.101695
    9          1                    0.156936
   10          6                   -0.133807
   11          1                    0.161601
   12         16                    1.232200
   13          8                   -0.750954
   14          8                   -0.697335
   15          7                   -1.062756
   16          1                    0.359174
 -----------------------------------------------
    3   -1294.9659028006      5.97e-05  
         Merz-Kollman ESP Net Atomic Charges

     Atom                 Charge (a.u.)
  ----------------------------------------
      1 C                    -0.144807
      2 C                    -0.140244
      3 H                     0.165262
      4 C                    -0.087046
      5 H                     0.151101
      6 C                     0.020221
      7 Cl                   -0.127804
      8 C                    -0.103988
      9 H                     0.157496
     10 C                    -0.132485
     11 H                     0.161502
     12 S                     1.236724
     13 O                    -0.751537
     14 O                    -0.698891
     15 N                    -1.064286
     16 H                     0.358781
  ----------------------------------------
  Sum of atomic charges =    -1.000000

  Related Dipole Moment =    11.2017 (X  8.2885 Y -2.5728 Z -7.0824)


 Charges (in A.U.) from Merz-Kollman fitting 
 -----------------------------------------------
 Center     Atomic                  MZ       
 Number     Number                  Charge
 -----------------------------------------------
    1          6                   -0.144807
    2          6                   -0.140244
    3          1                    0.165262
    4          6                   -0.087046
    5          1                    0.151101
    6          6                    0.020221
    7         17                   -0.127804
    8          6                   -0.103988
    9          1                    0.157496
   10          6                   -0.132485
   11          1                    0.161502
   12         16                    1.236724
   13          8                   -0.751537
   14          8                   -0.698891
   15          7                   -1.064286
   16          1                    0.358781
 -----------------------------------------------
    4   -1294.9652975558      3.49e-05  
    5   -1294.9651057242      7.21e-06  Convergence criterion met
 ---------------------------------------
 SCF time:   CPU 65.25s  wall 4.00s 
(0)  E-EN(g) gas-phase elect-nuc energy                -1294.975619492 a.u.
(1)  E-EN(liq) elect-nuc energy of solute              -1294.965105724 a.u.
(2)  G-P(liq) polarization free energy of solvation           -74.2125 kcal/mol
(3)  G-ENP(liq) elect-nuc-pol free energy of system    -1295.083370802 a.u.
(4)  G-CDS(liq) cavity-dispersion-solvent structure 
     free energy                                                2.8413 kcal/mol
(5)  G-P-CDS(liq) = G-P(liq) + G-CDS(liq) = (2) + (4)         -71.3711 kcal/mol
(6)  G-S(liq) free energy of system = (1) + (5)        -1295.078842855 a.u.
(7)  DeltaE-EN(liq) elect-nuc reorganization
     energy of solute molecule (7) = (1) - (0)                  6.5975 kcal/mol
(8)  DeltaG-ENP(liq) elect-nuc-pol free energy
     of solvation (8) = (3) - (0)                             -67.6150 kcal/mol
(9)  DeltaG-S(liq) free energy of  solvation
     (9) = (6) - (0)                                          -64.7736 kcal/mol
 SCF   energy in the final basis set =    -1295.0788428555
 Total energy in the final basis set =    -1295.0788428555
 
 --------------------------------------------------------------
 
                    Orbital Energies (a.u.)
 --------------------------------------------------------------
 
 Alpha MOs
 -- Occupied --
******** -90.1388 -19.6277 -19.6271 -14.7308 -10.6356 -10.5936 -10.5853
-10.5846 -10.5845 -10.5829  -9.8350  -8.4519  -7.5590  -7.5528  -7.5527
 -6.3744  -6.3736  -6.3730  -1.2152  -1.1004  -1.0176  -0.9760  -0.9556
 -0.8758  -0.8546  -0.7326  -0.7233  -0.6738  -0.6210  -0.5727  -0.5634
 -0.5532  -0.5380  -0.5249  -0.5170  -0.4871  -0.4614  -0.4407  -0.4314
 -0.4206  -0.4003  -0.3945  -0.3826  -0.3679  -0.3401  -0.3346  -0.3287
 -0.2965
 -- Virtual --
 -0.0284  -0.0150  -0.0131  -0.0059  -0.0008   0.0025   0.0118   0.0192
  0.0259   0.0405   0.0538   0.0584   0.0616   0.0700   0.0765   0.0828
  0.0907   0.0958   0.1056   0.1158   0.1204   0.1274   0.1307   0.1329
  0.1417   0.1450   0.1475   0.1543   0.1567   0.1700   0.1817   0.1889
  0.1917   0.2003   0.2048   0.2069   0.2102   0.2150   0.2239   0.2382
  0.2419   0.2458   0.2495   0.2628   0.2697   0.2713   0.2813   0.2866
  0.2936   0.2988   0.3100   0.3195   0.3305   0.3324   0.3552   0.3576
  0.3693   0.3762   0.3867   0.4118   0.4471   0.5289   0.5677   0.5824
  0.6020   0.6099   0.6393   0.6605   0.6771   0.6950   0.6985   0.7012
  0.7136   0.7273   0.7383   0.7450   0.7487   0.7635   0.7905   0.8027
  0.8127   0.8226   0.8681   0.8855   0.9253   0.9434   0.9587   0.9631
  0.9754   0.9892   0.9917   1.0138   1.0224   1.0445   1.0518   1.0631
  1.0817   1.1033   1.1168   1.1263   1.1460   1.1684   1.1846   1.2006
  1.2055   1.2323   1.2487   1.2799   1.3179   1.3307   1.3510   1.3723
  1.3821   1.3873   1.4056   1.4133   1.4240   1.4325   1.4850   1.4926
  1.4989   1.5290   1.5467   1.5839   1.6175   1.6870   1.7338   1.8074
  1.8170   1.8260   1.8383   1.8522   1.8846   1.8981   1.9223   1.9524
  1.9901   1.9998   2.0172   2.0361   2.0545   2.1337   2.1493   2.1690
  2.1773   2.1878   2.1992   2.2115   2.2686   2.3062   2.3079   2.3328
  2.3492   2.3977   2.5392   2.6235   2.6413   2.6657   2.6690   2.7297
  2.7689   2.7816   2.8516   2.8795   2.9257   3.0472   3.3437   3.9761
  4.0916   4.2316   4.2368   4.2574   4.2722   4.3116   4.3870   4.4019
  4.4629   4.6871
 --------------------------------------------------------------
 
          Ground-State Mulliken Net Atomic Charges

     Atom                 Charge (a.u.)
  ----------------------------------------
      1 C                    -3.694827
      2 C                    -1.465312
      3 H                     0.263183
      4 C                     1.106931
      5 H                     0.293025
      6 C                     1.410185
      7 Cl                    0.508013
      8 C                     1.190021
      9 H                     0.296412
     10 C                     0.565011
     11 H                     0.267297
     12 S                     0.467978
     13 O                    -0.759582
     14 O                    -0.884356
     15 N                    -0.964247
     16 H                     0.400268
  ----------------------------------------
  Sum of atomic charges =    -1.000000

         Merz-Kollman ESP Net Atomic Charges

     Atom                 Charge (a.u.)
  ----------------------------------------
      1 C                    -0.144938
      2 C                    -0.139875
      3 H                     0.165217
      4 C                    -0.087119
      5 H                     0.151127
      6 C                     0.019758
      7 Cl                   -0.127636
      8 C                    -0.104144
      9 H                     0.157538
     10 C                    -0.132056
     11 H                     0.161443
     12 S                     1.238290
     13 O                    -0.752238
     14 O                    -0.699212
     15 N                    -1.064883
     16 H                     0.358729
  ----------------------------------------
  Sum of atomic charges =    -1.000000

  Related Dipole Moment =    11.2014 (X  8.2860 Y -2.5714 Z -7.0852)

 -----------------------------------------------------------------
                    Cartesian Multipole Moments
 -----------------------------------------------------------------
    Charge (ESU x 10^10)
                -4.8032
    Dipole Moment (Debye)
         X       8.3029      Y      -2.5196      Z      -7.1716
       Tot      11.2569
    Quadrupole Moments (Debye-Ang)
        XX     -94.4474     XY      -0.5383     YY     -93.3420
        XZ      11.9621     YZ      -3.0036     ZZ    -103.2589
    Octopole Moments (Debye-Ang^2)
       XXX     349.2463    XXY     -55.5773    XYY     124.4578
       YYY    -179.6239    XXZ      62.6110    XYZ       3.7566
       YYZ     105.9202    XZZ     136.8787    YZZ     -70.0553
       ZZZ     372.6591
    Hexadecapole Moments (Debye-Ang^3)
      XXXX   -1364.7412   XXXY     234.2206   XXYY    -341.3446
      XYYY     238.1319   YYYY    -543.7133   XXXZ    -255.4188
      XXYZ      92.6104   XYYZ    -121.6080   YYYZ     401.1189
      XXZZ    -877.8486   XYZZ      83.2418   YYZZ    -789.7545
      XZZZ    -449.7500   YZZZ     438.7439   ZZZZ   -4218.2660
 -----------------------------------------------------------------
 Total job time:  11.30s(wall), 139.15s(cpu) 
 Thu May 26 10:29:15 2022

        *************************************************************
        *                                                           *
        *  Thank you very much for using Q-Chem.  Have a nice day.  *
        *                                                           *
        *************************************************************


