                  Welcome to Q-Chem
     A Quantum Leap Into The Future Of Chemistry


 Q-Chem 5.4 (devel), Q-Chem, Inc., Pleasanton, CA (2021)

 E. Epifanovsky,  A. T. B. Gilbert,  Xintian Feng,  Joonho Lee,  Yuezhi Mao,  
 N. Mardirossian,  P. Pokhilko,  A. White,  M. Wormit,  M. P. Coons,  
 A. L. Dempwolff,  Zhengting Gan,  D. Hait,  P. R. Horn,  L. D. Jacobson,  
 I. Kaliman,  J. Kussmann,  A. W. Lange,  Ka Un Lao,  D. S. Levine,  Jie Liu,  
 S. C. McKenzie,  A. F. Morrison,  K. Nanda,  F. Plasser,  D. R. Rehn,  
 M. L. Vidal,  Zhi-Qiang You,  Ying Zhu,  B. Alam,  B. Albrecht,  
 A. Aldossary,  E. Alguire,  J. H. Andersen,  D. Barton,  K. Begam,  A. Behn,  
 Y. A. Bernard,  E. J. Berquist,  H. Burton,  A. Carreras,  K. Carter-Fenk,  
 R. Chakraborty,  A. D. Chien,  K. D. Closser,  V. Cofer-Shabica,  
 S. Dasgupta,  Jia Deng,  M. de Wergifosse,  M. Diedenhofen,  Hainam Do,  
 S. Ehlert,  Po-Tung Fang,  S. Fatehi,  Qingguo Feng,  T. Friedhoff,  
 J. Gayvert,  Qinghui Ge,  G. Gidofalvi,  M. Goldey,  J. Gomes,  
 C. Gonzalez-Espinoza,  S. Gulania,  A. Gunina,  M. W. D. Hanson-Heine,  
 P. H. P. Harbach,  A. W. Hauser,  M. F. Herbst,  M. Hernandez Vera,  
 M. Hodecker,  Z. C. Holden,  S. Houck,  Xunkun Huang,  Kerwin Hui,  
 B. C. Huynh,  M. Ivanov,  Hyunjun Ji,  Hanjie Jiang,  B. Kaduk,  S. Kaehler,  
 K. Khistyaev,  Jaehoon Kim,  P. Klunzinger,  Z. Koczor-Benda,  
 Joong Hoon Koh,  D. Kosenkov,  L. Koulias,  T. Kowalczyk,  C. M. Krauter,  
 K. Kue,  A. Kunitsa,  T. Kus,  A. Landau,  K. V. Lawler,  D. Lefrancois,  
 S. Lehtola,  Rain Li,  Yi-Pei Li,  Jiashu Liang,  M. Liebenthal,  
 Hung-Hsuan Lin,  You-Sheng Lin,  Fenglai Liu,  Kuan-Yu Liu,  
 M. Loipersberger,  A. Luenser,  A. Manjanath,  P. Manohar,  E. Mansoor,  
 S. F. Manzer,  Shan-Ping Mao,  A. V. Marenich,  T. Markovich,  S. Mason,  
 S. A. Maurer,  P. F. McLaughlin,  M. F. S. J. Menger,  J.-M. Mewes,  
 S. A. Mewes,  P. Morgante,  J. W. Mullinax,  K. J. Oosterbaan,  G. Paran,  
 Alexander C. Paul,  Suranjan K. Paul,  F. Pavosevic,  Zheng Pei,  S. Prager,  
 E. I. Proynov,  E. Ramos,  B. Rana,  A. E. Rask,  A. Rettig,  R. M. Richard,  
 F. Rob,  E. Rossomme,  T. Scheele,  M. Scheurer,  M. Schneider,  
 N. Sergueev,  S. M. Sharada,  W. Skomorowski,  D. W. Small,  C. J. Stein,  
 Yu-Chuan Su,  E. J. Sundstrom,  Zhen Tao,  J. Thirman,  T. Tsuchimochi,  
 N. M. Tubman,  S. P. Veccham,  O. Vydrov,  J. Wenzel,  J. Witte,  A. Yamada,  
 Kun Yao,  S. Yeganeh,  S. R. Yost,  A. Zech,  Igor Ying Zhang,  Xing Zhang,  
 Yu Zhang,  D. Zuev,  A. Aspuru-Guzik,  A. T. Bell,  N. A. Besley,  
 K. B. Bravaya,  B. R. Brooks,  D. Casanova,  Jeng-Da Chai,  S. Coriani,  
 C. J. Cramer,  A. E. DePrince, III,  R. A. DiStasio Jr.,  A. Dreuw,  
 B. D. Dunietz,  T. R. Furlani,  W. A. Goddard III,  S. Grimme,  
 S. Hammes-Schiffer,  T. Head-Gordon,  W. J. Hehre,  Chao-Ping Hsu,  
 T.-C. Jagau,  Yousung Jung,  A. Klamt,  Jing Kong,  D. S. Lambrecht,  
 WanZhen Liang,  N. J. Mayhall,  C. W. McCurdy,  J. B. Neaton,  
 C. Ochsenfeld,  J. A. Parkhill,  R. Peverati,  V. A. Rassolov,  Yihan Shao,  
 L. V. Slipchenko,  T. Stauch,  R. P. Steele,  J. E. Subotnik,  
 A. J. W. Thom,  A. Tkatchenko,  D. G. Truhlar,  T. Van Voorhis,  
 T. A. Wesolowski,  K. B. Whaley,  H. L. Woodcock III,  P. M. Zimmerman,  
 S. Faraji,  P. M. W. Gill,  M. Head-Gordon,  J. M. Herbert,  A. I. Krylov

 Additional authors for Version 5.4.1: 
 S. Kotaru,  Shaozhi Li,  Xiangyuan Li,  F. Matz,  A. Molle,  Haisheng Ren,  
 Yingli Su,  Hung-Yi Tsai,  C. Utku,  Fang Wang

 Contributors to earlier versions of Q-Chem not listed above: 
 R. D. Adamson,  B. Austin,  R. Baer,  J. Baker,  G. J. O. Beran,  
 K. Brandhorst,  S. T. Brown,  E. F. C. Byrd,  A. K. Chakraborty,  
 G. K. L. Chan,  Chun-Min Chang,  Yunqing Chen,  C.-L. Cheng,  
 Siu Hung Chien,  D. M. Chipman,  D. L. Crittenden,  H. Dachsel,  
 R. J. Doerksen,  A. D. Dutoi,  R. G. Edgar,  J. Fosso-Tande,  
 L. Fusti-Molnar,  D. Ghosh,  A. Ghysels,  A. Golubeva-Zadorozhnaya,  
 J. Gonthier,  M. S. Gordon,  S. R. Gwaltney,  G. Hawkins,  J. E. Herr,  
 A. Heyden,  S. Hirata,  E. G. Hohenstein,  G. Kedziora,  F. J. Keil,  
 C. Kelley,  Jihan Kim,  R. A. King,  R. Z. Khaliullin,  P. P. Korambath,  
 W. Kurlancheek,  A. Laurent,  A. M. Lee,  M. S. Lee,  S. V. Levchenko,  
 Ching Yeh Lin,  D. Liotard,  E. Livshits,  R. C. Lochan,  I. Lotan,  
 L. A. Martinez-Martinez,  P. E. Maslen,  N. Nair,  D. P. O'Neill,  
 D. Neuhauser,  E. Neuscamman,  C. M. Oana,  R. Olivares-Amaya,  R. Olson,  
 T. M. Perrine,  B. Peters,  P. A. Pieniazek,  A. Prociuk,  Y. M. Rhee,  
 J. Ritchie,  M. A. Rohrdanz,  E. Rosta,  N. J. Russ,  H. F. Schaefer III,  
 M. W. Schmidt,  N. E. Schultz,  S. Sharma,  N. Shenvi,  C. D. Sherrill,  
 A. C. Simmonett,  A. Sodt,  T. Stein,  D. Stuck,  K. S. Thanthiriwatte,  
 V. Vanovschi,  L. Vogt,  Tao Wang,  A. Warshel,  M. A. Watson,  
 C. F. Williams,  Q. Wu,  X. Xu,  Jun Yang,  W. Zhang,  Yan Zhao

 Please cite Q-Chem as follows:
 Y. Shao et al., Mol. Phys. 113, 184-215 (2015)
 DOI: 10.1080/00268976.2014.952696

 Q-Chem 5.4.1 for Intel X86 EM64T Linux

 Parts of Q-Chem use Armadillo 9.800.1 (Horizon Scraper).
 http://arma.sourceforge.net/

 Q-Chem begins on Sun Jun 12 22:38:37 2022  

 Host: gadi-cpu-clx-1042.gadi.nci.org.au
0

     Scratch files written to /jobfs/43757223.gadi-pbs/qchem1850127//
 Processing $rem in /apps/qchem/5.4.1/config/preferences:
 Processing $rem in /home/561/yj5695/.qchemrc:
 Symmetry turned off for PCM/SM12/SMD calculation
 Method-specific promolecule density matrix will be built for SM12 calculation

 Checking the input file for inconsistencies... 	...done.

--------------------------------------------------------------
User input:
--------------------------------------------------------------
$molecule
-1  1
C -1.4099538367  1.0793964726 -0.3562906349
S -1.4605658772  0.5366845287  1.3613105987
O -2.5409297274  1.3902004585  1.931690198
O -1.8213610351 -0.9015381135  1.271371751
N -0.0489734766  0.6906180437  1.9845759247
H  0.1252422222  1.6840849283  2.1567468869
S -2.8579238888  1.5677693032 -1.1642148596
C -1.9568454717  1.7427688613 -2.6436461605
C -0.6091598459  1.4734529008 -2.4984051559
C -0.3077855617  1.0767150164 -1.1517700994
S -2.6728748272  2.3589388534 -4.1066609077
N  0.3317835647  1.6297741762 -3.4848418838
H  0.6870627547  0.8083860685 -0.8123047144
C -1.1891014135  2.7781116935 -5.0569147531
C -0.1548400981  1.6703266567 -4.8560842552
O -3.4199194882  1.3018411198 -4.8182753688
O -3.4486391222  3.5730964182 -3.7791892856
C -1.5369115351  2.9468683144 -6.5360616895
C -2.5735694895  4.0213106071 -6.8408521412
O -2.2264961576  5.285106501 -6.2834558543
H  1.1765132855  1.083306802 -3.3490383685
H -0.8395701628  3.7187321404 -4.6169645519
H  0.6886335461  1.8823729836 -5.5153145614
H -0.5884593197  0.7043304456 -5.1557700492
H -1.8756539369  1.9903671172 -6.950390141
H -0.597029041  3.204564256 -7.0393914892
H -3.5507798715  3.7665862964 -6.4225393062
H -2.687462697  4.1019228799 -7.9277366268
H -1.4062084918  5.58916727 -6.7048145012
$end

$rem
jobtype sp
exchange M062X
basis 6-31+G*
SMX_GAS_PHASE = TRUE
solvent_method sm12
$end

$smx
solvent water
charges mk
$end
--------------------------------------------------------------
 ----------------------------------------------------------------
             Standard Nuclear Orientation (Angstroms)
    I     Atom           X                Y                Z
 ----------------------------------------------------------------
    1      C      -1.4099538367     1.0793964726    -0.3562906349
    2      S      -1.4605658772     0.5366845287     1.3613105987
    3      O      -2.5409297274     1.3902004585     1.9316901980
    4      O      -1.8213610351    -0.9015381135     1.2713717510
    5      N      -0.0489734766     0.6906180437     1.9845759247
    6      H       0.1252422222     1.6840849283     2.1567468869
    7      S      -2.8579238888     1.5677693032    -1.1642148596
    8      C      -1.9568454717     1.7427688613    -2.6436461605
    9      C      -0.6091598459     1.4734529008    -2.4984051559
   10      C      -0.3077855617     1.0767150164    -1.1517700994
   11      S      -2.6728748272     2.3589388534    -4.1066609077
   12      N       0.3317835647     1.6297741762    -3.4848418838
   13      H       0.6870627547     0.8083860685    -0.8123047144
   14      C      -1.1891014135     2.7781116935    -5.0569147531
   15      C      -0.1548400981     1.6703266567    -4.8560842552
   16      O      -3.4199194882     1.3018411198    -4.8182753688
   17      O      -3.4486391222     3.5730964182    -3.7791892856
   18      C      -1.5369115351     2.9468683144    -6.5360616895
   19      C      -2.5735694895     4.0213106071    -6.8408521412
   20      O      -2.2264961576     5.2851065010    -6.2834558543
   21      H       1.1765132855     1.0833068020    -3.3490383685
   22      H      -0.8395701628     3.7187321404    -4.6169645519
   23      H       0.6886335461     1.8823729836    -5.5153145614
   24      H      -0.5884593197     0.7043304456    -5.1557700492
   25      H      -1.8756539369     1.9903671172    -6.9503901410
   26      H      -0.5970290410     3.2045642560    -7.0393914892
   27      H      -3.5507798715     3.7665862964    -6.4225393062
   28      H      -2.6874626970     4.1019228799    -7.9277366268
   29      H      -1.4062084918     5.5891672700    -6.7048145012
 ----------------------------------------------------------------
 Nuclear Repulsion Energy =        1891.53280770 hartrees
 There are       81 alpha and       81 beta electrons
 Requested basis set is 6-31+G(d)
 There are 115 shells and 376 basis functions

 Total QAlloc Memory Limit   2000 MB
 Mega-Array Size       188 MB
 MEM_STATIC part       192 MB
 A cutoff of  1.0D-08 yielded   4482 shell pairs
 There are     51692 function pairs
 Smallest overlap matrix eigenvalue = 8.50E-07

 Q-Chem warning in module stvman/mkSTV.C, line 323:

 Overlap eigenvalue is smaller than square root of threshold
 Use THRESH >= 12 to get rid of this warning

 Linear dependence detected in AO basis
 Tighter screening thresholds may be required for diffuse basis sets
 Use S2THRESH > 14 and THRESH = 14 in case of SCF convergence issues
 Number of orthogonalized atomic orbitals = 375
 Maximum deviation from orthogonality = 6.348E-11

 Scale SEOQF with 1.000000e-01/1.000000e-02/1.000000e-02

 Standard Electronic Orientation quadrupole field applied
 Nucleus-field energy     =     0.0000000066 hartrees
 ================ Generating on-the-fly Promolecule Density  ================
Attempting to make child job directory: /jobfs/43757223.gadi-pbs/qchem1850127//Frg1/
Attempting to make child job directory: /jobfs/43757223.gadi-pbs/qchem1850127//Frg2/
Attempting to make child job directory: /jobfs/43757223.gadi-pbs/qchem1850127//Frg3/
Attempting to make child job directory: /jobfs/43757223.gadi-pbs/qchem1850127//Frg4/
Attempting to make child job directory: /jobfs/43757223.gadi-pbs/qchem1850127//Frg5/
Creating input file /jobfs/43757223.gadi-pbs/qchem1850127/Frg1.input
using default PutDataFrgm: nothing
calling putenv with: QCSCRATCH=/jobfs/43757223.gadi-pbs/qchem1850127/ 
Spawning Job For Fragment 0
Done Job For Fragment 0
calling putenv with: QCSCRATCH=/jobfs/43757223.gadi-pbs 
calling putenv with: QCTHREADS=16 
Creating input file /jobfs/43757223.gadi-pbs/qchem1850127/Frg2.input
using default PutDataFrgm: nothing
calling putenv with: QCSCRATCH=/jobfs/43757223.gadi-pbs/qchem1850127/ 
Spawning Job For Fragment 1
Done Job For Fragment 1
calling putenv with: QCSCRATCH=/jobfs/43757223.gadi-pbs 
calling putenv with: QCTHREADS=16 
Creating input file /jobfs/43757223.gadi-pbs/qchem1850127/Frg3.input
using default PutDataFrgm: nothing
calling putenv with: QCSCRATCH=/jobfs/43757223.gadi-pbs/qchem1850127/ 
Spawning Job For Fragment 2
Done Job For Fragment 2
calling putenv with: QCSCRATCH=/jobfs/43757223.gadi-pbs 
calling putenv with: QCTHREADS=16 
Creating input file /jobfs/43757223.gadi-pbs/qchem1850127/Frg4.input
using default PutDataFrgm: nothing
calling putenv with: QCSCRATCH=/jobfs/43757223.gadi-pbs/qchem1850127/ 
Spawning Job For Fragment 3
Done Job For Fragment 3
calling putenv with: QCSCRATCH=/jobfs/43757223.gadi-pbs 
calling putenv with: QCTHREADS=16 
Creating input file /jobfs/43757223.gadi-pbs/qchem1850127/Frg5.input
using default PutDataFrgm: nothing
calling putenv with: QCSCRATCH=/jobfs/43757223.gadi-pbs/qchem1850127/ 
Spawning Job For Fragment 4
Done Job For Fragment 4
calling putenv with: QCSCRATCH=/jobfs/43757223.gadi-pbs 
calling putenv with: QCTHREADS=16 
 Time for running child jobs:  CPU 1.97 s  wall 1.95 s
 ============= Method Specific Promolecule Density Constructed =============
 Guess from superposition of atomic densities
 Warning:  Energy on first SCF cycle will be non-variational
 SAD guess density has 161.000000 electrons

 -----------------------------------------------------------------------
  General SCF calculation program by
  Eric Jon Sundstrom, Paul Horn, Yuezhi Mao, Dmitri Zuev, Alec White,
  David Stuck, Shaama M.S., Shane Yost, Joonho Lee, David Small,
  Daniel Levine, Susi Lehtola, Hugh Burton, Evgeny Epifanovsky,
  Bang C. Huynh
 -----------------------------------------------------------------------
 Exchange:     0.5400 Hartree-Fock + 1.0000 M06-2X
 Correlation:  1.0000 M06-2X
 Using SG-3 standard quadrature grid
 using 16 threads for integral computing
 -------------------------------------------------------
 OpenMP Integral computing Module                
 Release: version 1.0, May 2013, Q-Chem Inc. Pittsburgh 
 -------------------------------------------------------
 A restricted SCF calculation will be
 performed using DIIS
 SCF converges when DIIS error is below 1.0e-05
 ---------------------------------------
  Cycle       Energy         DIIS error
 ---------------------------------------
    1   -1996.7850558998      3.98e-02  
    2   -1990.6609445130      5.66e-03  
    3   -1990.3107176078      7.89e-03  
    4   -1991.1287251006      8.52e-04  
    5   -1991.1385008989      3.76e-04  
    6   -1991.1406617666      8.66e-05  
    7   -1991.1407694925      3.71e-05  
    8   -1991.1407916486      1.05e-05  
    9   -1991.1407953600      3.53e-06  Convergence criterion met
 ---------------------------------------
 SCF time:   CPU 248.38s  wall 16.00s 
 SCF   energy in the final basis set =    -1991.1407953600
 Total energy in the final basis set =    -1991.1407953600
 Exchange:     0.5400 Hartree-Fock + 1.0000 M06-2X
 Correlation:  1.0000 M06-2X
 Using SG-3 standard quadrature grid
 
 SM12 calculation using Merz-Singh-Kollman charges
 Citation of the SM12 model:
 Marenich, A.V.; Cramer, C.J.; Truhlar, D.G.
 J. Chem. Theory Comput. 2013, 9, 609-612.
 iSolventCode=           1
 Solvent: water                                                           
 
  Building new vdw surfaces
         Merz-Kollman ESP Net Atomic Charges

     Atom                 Charge (a.u.)
  ----------------------------------------
      1 C                    -0.216959
      2 S                     1.211899
      3 O                    -0.672729
      4 O                    -0.619124
      5 N                    -0.984278
      6 H                     0.356507
      7 S                     0.176075
      8 C                    -0.473087
      9 C                     0.532807
     10 C                    -0.268114
     11 S                     1.045315
     12 N                    -0.859054
     13 H                     0.169509
     14 C                    -0.015622
     15 C                     0.113896
     16 O                    -0.568247
     17 O                    -0.529708
     18 C                    -0.409758
     19 C                     0.287408
     20 O                    -0.702977
     21 H                     0.425330
     22 H                     0.128482
     23 H                     0.075058
     24 H                     0.059532
     25 H                     0.107800
     26 H                     0.118220
     27 H                     0.082366
     28 H                    -0.000330
     29 H                     0.429783
  ----------------------------------------
  Sum of atomic charges =    -1.000000

  Related Dipole Moment =    16.7104 (X 15.1324 Y -3.4389 Z -6.1987)


 Charges (in A.U.) from Merz-Kollman fitting 
 -----------------------------------------------
 Center     Atomic                  MZ       
 Number     Number                  Charge
 -----------------------------------------------
    1          6                   -0.216959
    2         16                    1.211899
    3          8                   -0.672729
    4          8                   -0.619124
    5          7                   -0.984278
    6          1                    0.356507
    7         16                    0.176075
    8          6                   -0.473087
    9          6                    0.532807
   10          6                   -0.268114
   11         16                    1.045315
   12          7                   -0.859054
   13          1                    0.169509
   14          6                   -0.015622
   15          6                    0.113896
   16          8                   -0.568247
   17          8                   -0.529708
   18          6                   -0.409758
   19          6                    0.287408
   20          8                   -0.702977
   21          1                    0.425330
   22          1                    0.128482
   23          1                    0.075058
   24          1                    0.059532
   25          1                    0.107800
   26          1                    0.118220
   27          1                    0.082366
   28          1                   -0.000330
   29          1                    0.429783
 -----------------------------------------------
 A restricted SCF calculation will be
 performed using Roothaan-Hall, DIIS
 SCF converges when DIIS error is below 1.0e-05
 ---------------------------------------
  Cycle       Energy         DIIS error
 ---------------------------------------
         Merz-Kollman ESP Net Atomic Charges

     Atom                 Charge (a.u.)
  ----------------------------------------
      1 C                    -0.276751
      2 S                     1.230223
      3 O                    -0.707848
      4 O                    -0.673751
      5 N                    -1.017777
      6 H                     0.382222
      7 S                     0.123697
      8 C                    -0.473902
      9 C                     0.550808
     10 C                    -0.199673
     11 S                     1.089599
     12 N                    -0.824657
     13 H                     0.182706
     14 C                    -0.004881
     15 C                     0.134440
     16 O                    -0.608503
     17 O                    -0.586228
     18 C                    -0.403639
     19 C                     0.287781
     20 O                    -0.741029
     21 H                     0.444188
     22 H                     0.132451
     23 H                     0.103549
     24 H                     0.056472
     25 H                     0.110118
     26 H                     0.147441
     27 H                     0.065766
     28 H                     0.020182
     29 H                     0.456999
  ----------------------------------------
  Sum of atomic charges =    -1.000000

  Related Dipole Moment =    20.7991 (X 18.2426 Y -2.7634 Z -9.6007)


 Charges (in A.U.) from Merz-Kollman fitting 
 -----------------------------------------------
 Center     Atomic                  MZ       
 Number     Number                  Charge
 -----------------------------------------------
    1          6                   -0.276751
    2         16                    1.230223
    3          8                   -0.707848
    4          8                   -0.673751
    5          7                   -1.017777
    6          1                    0.382222
    7         16                    0.123697
    8          6                   -0.473902
    9          6                    0.550808
   10          6                   -0.199673
   11         16                    1.089599
   12          7                   -0.824657
   13          1                    0.182706
   14          6                   -0.004881
   15          6                    0.134440
   16          8                   -0.608503
   17          8                   -0.586228
   18          6                   -0.403639
   19          6                    0.287781
   20          8                   -0.741029
   21          1                    0.444188
   22          1                    0.132451
   23          1                    0.103549
   24          1                    0.056472
   25          1                    0.110118
   26          1                    0.147441
   27          1                    0.065766
   28          1                    0.020182
   29          1                    0.456999
 -----------------------------------------------
    1   -1991.1407942954      5.46e-04  Roothaan Step
 ---------------------------------------
  Cycle       Energy         DIIS error
 ---------------------------------------
         Merz-Kollman ESP Net Atomic Charges

     Atom                 Charge (a.u.)
  ----------------------------------------
      1 C                    -0.209144
      2 S                     1.266716
      3 O                    -0.723559
      4 O                    -0.674382
      5 N                    -1.047014
      6 H                     0.376997
      7 S                     0.166869
      8 C                    -0.494903
      9 C                     0.533968
     10 C                    -0.292833
     11 S                     1.090988
     12 N                    -0.850768
     13 H                     0.200573
     14 C                    -0.088959
     15 C                     0.117830
     16 O                    -0.591205
     17 O                    -0.558512
     18 C                    -0.431783
     19 C                     0.285549
     20 O                    -0.717944
     21 H                     0.459603
     22 H                     0.156748
     23 H                     0.123504
     24 H                     0.072100
     25 H                     0.125033
     26 H                     0.162959
     27 H                     0.071756
     28 H                     0.023501
     29 H                     0.446312
  ----------------------------------------
  Sum of atomic charges =    -1.000000

  Related Dipole Moment =    19.8067 (X 17.0180 Y -2.6422 Z -9.7832)


 Charges (in A.U.) from Merz-Kollman fitting 
 -----------------------------------------------
 Center     Atomic                  MZ       
 Number     Number                  Charge
 -----------------------------------------------
    1          6                   -0.209144
    2         16                    1.266716
    3          8                   -0.723559
    4          8                   -0.674382
    5          7                   -1.047014
    6          1                    0.376997
    7         16                    0.166869
    8          6                   -0.494903
    9          6                    0.533968
   10          6                   -0.292833
   11         16                    1.090988
   12          7                   -0.850768
   13          1                    0.200573
   14          6                   -0.088959
   15          6                    0.117830
   16          8                   -0.591205
   17          8                   -0.558512
   18          6                   -0.431783
   19          6                    0.285549
   20          8                   -0.717944
   21          1                    0.459603
   22          1                    0.156748
   23          1                    0.123504
   24          1                    0.072100
   25          1                    0.125033
   26          1                    0.162959
   27          1                    0.071756
   28          1                    0.023501
   29          1                    0.446312
 -----------------------------------------------
    1   -1991.1230513409      3.71e-04  
         Merz-Kollman ESP Net Atomic Charges

     Atom                 Charge (a.u.)
  ----------------------------------------
      1 C                    -0.259916
      2 S                     1.269713
      3 O                    -0.724526
      4 O                    -0.686280
      5 N                    -1.040569
      6 H                     0.379149
      7 S                     0.141795
      8 C                    -0.486277
      9 C                     0.555556
     10 C                    -0.237358
     11 S                     1.113662
     12 N                    -0.835941
     13 H                     0.191009
     14 C                    -0.045916
     15 C                     0.114183
     16 O                    -0.608483
     17 O                    -0.584233
     18 C                    -0.429388
     19 C                     0.289040
     20 O                    -0.729834
     21 H                     0.453256
     22 H                     0.146439
     23 H                     0.119901
     24 H                     0.068651
     25 H                     0.122215
     26 H                     0.159619
     27 H                     0.069110
     28 H                     0.023742
     29 H                     0.451680
  ----------------------------------------
  Sum of atomic charges =    -1.000000

  Related Dipole Moment =    20.7122 (X 17.8528 Y -2.5986 Z -10.1746)


 Charges (in A.U.) from Merz-Kollman fitting 
 -----------------------------------------------
 Center     Atomic                  MZ       
 Number     Number                  Charge
 -----------------------------------------------
    1          6                   -0.259916
    2         16                    1.269713
    3          8                   -0.724526
    4          8                   -0.686280
    5          7                   -1.040569
    6          1                    0.379149
    7         16                    0.141795
    8          6                   -0.486277
    9          6                    0.555556
   10          6                   -0.237358
   11         16                    1.113662
   12          7                   -0.835941
   13          1                    0.191009
   14          6                   -0.045916
   15          6                    0.114183
   16          8                   -0.608483
   17          8                   -0.584233
   18          6                   -0.429388
   19          6                    0.289040
   20          8                   -0.729834
   21          1                    0.453256
   22          1                    0.146439
   23          1                    0.119901
   24          1                    0.068651
   25          1                    0.122215
   26          1                    0.159619
   27          1                    0.069110
   28          1                    0.023742
   29          1                    0.451680
 -----------------------------------------------
    2   -1991.1242699019      4.17e-04  
         Merz-Kollman ESP Net Atomic Charges

     Atom                 Charge (a.u.)
  ----------------------------------------
      1 C                    -0.253538
      2 S                     1.271315
      3 O                    -0.726570
      4 O                    -0.686992
      5 N                    -1.046519
      6 H                     0.380592
      7 S                     0.143908
      8 C                    -0.491179
      9 C                     0.551603
     10 C                    -0.239722
     11 S                     1.100895
     12 N                    -0.833468
     13 H                     0.192537
     14 C                    -0.051375
     15 C                     0.117859
     16 O                    -0.604218
     17 O                    -0.577629
     18 C                    -0.426720
     19 C                     0.286906
     20 O                    -0.729860
     21 H                     0.454156
     22 H                     0.148271
     23 H                     0.121430
     24 H                     0.068415
     25 H                     0.122149
     26 H                     0.161003
     27 H                     0.069327
     28 H                     0.025177
     29 H                     0.452245
  ----------------------------------------
  Sum of atomic charges =    -1.000000

  Related Dipole Moment =    20.7921 (X 17.8668 Y -2.5537 Z -10.3232)


 Charges (in A.U.) from Merz-Kollman fitting 
 -----------------------------------------------
 Center     Atomic                  MZ       
 Number     Number                  Charge
 -----------------------------------------------
    1          6                   -0.253538
    2         16                    1.271315
    3          8                   -0.726570
    4          8                   -0.686992
    5          7                   -1.046519
    6          1                    0.380592
    7         16                    0.143908
    8          6                   -0.491179
    9          6                    0.551603
   10          6                   -0.239722
   11         16                    1.100895
   12          7                   -0.833468
   13          1                    0.192537
   14          6                   -0.051375
   15          6                    0.117859
   16          8                   -0.604218
   17          8                   -0.577629
   18          6                   -0.426720
   19          6                    0.286906
   20          8                   -0.729860
   21          1                    0.454156
   22          1                    0.148271
   23          1                    0.121430
   24          1                    0.068415
   25          1                    0.122149
   26          1                    0.161003
   27          1                    0.069327
   28          1                    0.025177
   29          1                    0.452245
 -----------------------------------------------
    3   -1991.1219634791      6.21e-05  
         Merz-Kollman ESP Net Atomic Charges

     Atom                 Charge (a.u.)
  ----------------------------------------
      1 C                    -0.258642
      2 S                     1.273581
      3 O                    -0.727120
      4 O                    -0.687957
      5 N                    -1.046691
      6 H                     0.379955
      7 S                     0.144422
      8 C                    -0.486851
      9 C                     0.550108
     10 C                    -0.238505
     11 S                     1.108429
     12 N                    -0.834529
     13 H                     0.192394
     14 C                    -0.053557
     15 C                     0.115778
     16 O                    -0.606172
     17 O                    -0.580855
     18 C                    -0.429503
     19 C                     0.287075
     20 O                    -0.728843
     21 H                     0.454773
     22 H                     0.148982
     23 H                     0.122549
     24 H                     0.069466
     25 H                     0.123108
     26 H                     0.161951
     27 H                     0.069428
     28 H                     0.025452
     29 H                     0.451776
  ----------------------------------------
  Sum of atomic charges =    -1.000000

  Related Dipole Moment =    20.8073 (X 17.8512 Y -2.5430 Z -10.3832)


 Charges (in A.U.) from Merz-Kollman fitting 
 -----------------------------------------------
 Center     Atomic                  MZ       
 Number     Number                  Charge
 -----------------------------------------------
    1          6                   -0.258642
    2         16                    1.273581
    3          8                   -0.727120
    4          8                   -0.687957
    5          7                   -1.046691
    6          1                    0.379955
    7         16                    0.144422
    8          6                   -0.486851
    9          6                    0.550108
   10          6                   -0.238505
   11         16                    1.108429
   12          7                   -0.834529
   13          1                    0.192394
   14          6                   -0.053557
   15          6                    0.115778
   16          8                   -0.606172
   17          8                   -0.580855
   18          6                   -0.429503
   19          6                    0.287075
   20          8                   -0.728843
   21          1                    0.454773
   22          1                    0.148982
   23          1                    0.122549
   24          1                    0.069466
   25          1                    0.123108
   26          1                    0.161951
   27          1                    0.069428
   28          1                    0.025452
   29          1                    0.451776
 -----------------------------------------------
    4   -1991.1211156671      3.54e-05  
    5   -1991.1207887975      9.52e-06  Convergence criterion met
 ---------------------------------------
 SCF time:   CPU 213.90s  wall 15.00s 
(0)  E-EN(g) gas-phase elect-nuc energy                -1991.140795360 a.u.
(1)  E-EN(liq) elect-nuc energy of solute              -1991.120788797 a.u.
(2)  G-P(liq) polarization free energy of solvation           -92.3047 kcal/mol
(3)  G-ENP(liq) elect-nuc-pol free energy of system    -1991.267885684 a.u.
(4)  G-CDS(liq) cavity-dispersion-solvent structure 
     free energy                                                1.6376 kcal/mol
(5)  G-P-CDS(liq) = G-P(liq) + G-CDS(liq) = (2) + (4)         -90.6671 kcal/mol
(6)  G-S(liq) free energy of system = (1) + (5)        -1991.265276030 a.u.
(7)  DeltaE-EN(liq) elect-nuc reorganization
     energy of solute molecule (7) = (1) - (0)                 12.5543 kcal/mol
(8)  DeltaG-ENP(liq) elect-nuc-pol free energy
     of solvation (8) = (3) - (0)                             -79.7504 kcal/mol
(9)  DeltaG-S(liq) free energy of  solvation
     (9) = (6) - (0)                                          -78.1128 kcal/mol
 SCF   energy in the final basis set =    -1991.2652760302
 Total energy in the final basis set =    -1991.2652760302
 
 --------------------------------------------------------------
 
                    Orbital Energies (a.u.)
 --------------------------------------------------------------
 
 Alpha MOs
 -- Occupied --
-90.1533 -90.1494 -89.9795 -19.6534 -19.6534 -19.6502 -19.6323 -19.6309
-14.8024 -14.7385 -10.6347 -10.6216 -10.6100 -10.6098 -10.6083 -10.6019
-10.5858 -10.5714  -8.4714  -8.4615  -8.3268  -6.3930  -6.3928  -6.3923
 -6.3838  -6.3835  -6.3829  -6.2474  -6.2452  -6.2422  -1.2383  -1.2228
 -1.1525  -1.1283  -1.1054  -1.0881  -1.0043  -0.9839  -0.9442  -0.8837
 -0.8591  -0.8340  -0.7782  -0.7490  -0.7241  -0.7049  -0.6540  -0.6355
 -0.6307  -0.6027  -0.5928  -0.5846  -0.5687  -0.5628  -0.5512  -0.5441
 -0.5373  -0.5293  -0.5202  -0.5045  -0.4972  -0.4810  -0.4701  -0.4554
 -0.4419  -0.4391  -0.4326  -0.4197  -0.4172  -0.4091  -0.4059  -0.4025
 -0.3911  -0.3779  -0.3712  -0.3668  -0.3581  -0.3452  -0.3281  -0.3147
 -0.2793
 -- Virtual --
 -0.0298  -0.0285  -0.0164  -0.0037   0.0042   0.0063   0.0135   0.0185
  0.0222   0.0268   0.0353   0.0399   0.0410   0.0484   0.0500   0.0543
  0.0552   0.0661   0.0705   0.0741   0.0809   0.0855   0.0901   0.0914
  0.1056   0.1082   0.1091   0.1140   0.1192   0.1213   0.1265   0.1289
  0.1358   0.1403   0.1458   0.1514   0.1531   0.1580   0.1600   0.1625
  0.1721   0.1736   0.1768   0.1828   0.1862   0.1895   0.1915   0.1992
  0.2009   0.2059   0.2102   0.2145   0.2168   0.2216   0.2262   0.2287
  0.2322   0.2338   0.2401   0.2436   0.2465   0.2521   0.2539   0.2566
  0.2629   0.2686   0.2711   0.2810   0.2845   0.2863   0.2919   0.2938
  0.2973   0.3026   0.3059   0.3108   0.3135   0.3240   0.3300   0.3304
  0.3367   0.3392   0.3408   0.3465   0.3516   0.3534   0.3644   0.3679
  0.3744   0.3804   0.3818   0.3915   0.3956   0.3997   0.4183   0.4353
  0.4418   0.4454   0.4578   0.4655   0.4728   0.5010   0.5200   0.5308
  0.5572   0.5699   0.5830   0.6213   0.6269   0.6401   0.6439   0.6474
  0.6560   0.6739   0.6831   0.6865   0.6956   0.7100   0.7170   0.7243
  0.7347   0.7495   0.7571   0.7597   0.7798   0.7808   0.8028   0.8098
  0.8144   0.8413   0.8604   0.8780   0.8932   0.9086   0.9189   0.9459
  0.9565   0.9664   0.9787   0.9842   0.9914   1.0021   1.0169   1.0250
  1.0442   1.0520   1.0555   1.0720   1.0739   1.0803   1.0857   1.0970
  1.1083   1.1191   1.1230   1.1270   1.1409   1.1546   1.1578   1.1696
  1.1768   1.1828   1.1859   1.1882   1.1958   1.2084   1.2170   1.2297
  1.2343   1.2592   1.2669   1.3018   1.3121   1.3195   1.3288   1.3421
  1.3520   1.3600   1.3648   1.3678   1.3751   1.3884   1.3919   1.4017
  1.4176   1.4259   1.4307   1.4403   1.4630   1.4640   1.4725   1.5031
  1.5318   1.5381   1.5464   1.5665   1.5705   1.6061   1.6243   1.6290
  1.6718   1.6885   1.7064   1.7362   1.7420   1.7578   1.7724   1.7763
  1.8005   1.8118   1.8211   1.8397   1.8524   1.8635   1.8685   1.8733
  1.8786   1.8917   1.8942   1.8969   1.9091   1.9318   1.9518   1.9574
  1.9667   1.9691   1.9934   2.0072   2.0282   2.0308   2.0446   2.0600
  2.0673   2.0820   2.1004   2.1359   2.1503   2.1607   2.1749   2.1795
  2.2014   2.2256   2.2402   2.2526   2.2647   2.2897   2.3228   2.3254
  2.3346   2.3380   2.3798   2.4049   2.4097   2.4321   2.4353   2.4443
  2.4974   2.5082   2.5354   2.5492   2.5956   2.6196   2.6723   2.6862
  2.7027   2.7420   2.8059   2.8294   2.8544   2.8652   2.9223   2.9325
  2.9491   2.9891   3.0684   3.1001   3.9625   4.0042   4.0426   4.0670
  4.1443   4.1520   4.2239   4.2275   4.3024   4.3121   4.3183   4.3413
  4.4129   4.4423   4.4908   4.5405   4.5953   4.6609
 --------------------------------------------------------------
 
          Ground-State Mulliken Net Atomic Charges

     Atom                 Charge (a.u.)
  ----------------------------------------
      1 C                    -3.477198
      2 S                     0.639374
      3 O                    -0.789468
      4 O                    -0.801750
      5 N                    -1.022126
      6 H                     0.421281
      7 S                    -0.238602
      8 C                    -0.128645
      9 C                     1.212713
     10 C                     0.488779
     11 S                     1.063188
     12 N                    -0.369162
     13 H                     0.304834
     14 C                    -1.170809
     15 C                     1.433513
     16 O                    -0.539414
     17 O                    -0.689253
     18 C                     0.790877
     19 C                    -0.357377
     20 O                    -0.778678
     21 H                     0.510190
     22 H                     0.324560
     23 H                     0.313757
     24 H                     0.286254
     25 H                     0.275593
     26 H                     0.299204
     27 H                     0.208772
     28 H                     0.241715
     29 H                     0.547879
  ----------------------------------------
  Sum of atomic charges =    -1.000000

         Merz-Kollman ESP Net Atomic Charges

     Atom                 Charge (a.u.)
  ----------------------------------------
      1 C                    -0.257333
      2 S                     1.275907
      3 O                    -0.727931
      4 O                    -0.688797
      5 N                    -1.047741
      6 H                     0.379844
      7 S                     0.144109
      8 C                    -0.489249
      9 C                     0.552053
     10 C                    -0.239023
     11 S                     1.108178
     12 N                    -0.834246
     13 H                     0.192393
     14 C                    -0.053355
     15 C                     0.114721
     16 O                    -0.606048
     17 O                    -0.580407
     18 C                    -0.429892
     19 C                     0.287202
     20 O                    -0.728841
     21 H                     0.454707
     22 H                     0.149080
     23 H                     0.122838
     24 H                     0.069772
     25 H                     0.123318
     26 H                     0.161999
     27 H                     0.069533
     28 H                     0.025489
     29 H                     0.451719
  ----------------------------------------
  Sum of atomic charges =    -1.000000

  Related Dipole Moment =    20.8159 (X 17.8559 Y -2.5397 Z -10.3932)

 -----------------------------------------------------------------
                    Cartesian Multipole Moments
 -----------------------------------------------------------------
    Charge (ESU x 10^10)
                -4.8032
    Dipole Moment (Debye)
         X      17.8301      Y      -2.5023      Z     -10.3897
       Tot      20.7875
    Quadrupole Moments (Debye-Ang)
        XX    -183.9218     XY      31.0364     YY    -154.4846
        XZ     -27.0614     YZ      -2.8093     ZZ    -119.4480
    Octopole Moments (Debye-Ang^2)
       XXX     858.2359    XXY    -354.6327    XYY     367.8009
       YYY    -822.5374    XXZ     423.3286    XYZ     -97.9918
       YYZ     335.2659    XZZ     408.1233    YZZ    -147.1109
       ZZZ     620.9836
    Hexadecapole Moments (Debye-Ang^3)
      XXXX   -4076.7568   XXXY    1827.1863   XXYY   -1770.8203
      XYYY    2074.7799   YYYY   -4720.3017   XXXZ   -2351.0275
      XXYZ    1367.8651   XYYZ   -1115.9420   YYYZ    3170.4045
      XXZZ   -3161.2997   XYZZ     919.9956   YYZZ   -2342.4878
      XZZZ   -2344.8692   YZZZ    1808.7265   ZZZZ   -8910.8646
 -----------------------------------------------------------------
 Total job time:  34.56s(wall), 473.61s(cpu) 
 Sun Jun 12 22:39:12 2022

        *************************************************************
        *                                                           *
        *  Thank you very much for using Q-Chem.  Have a nice day.  *
        *                                                           *
        *************************************************************


