                  Welcome to Q-Chem
     A Quantum Leap Into The Future Of Chemistry


 Q-Chem 5.4 (devel), Q-Chem, Inc., Pleasanton, CA (2021)

 E. Epifanovsky,  A. T. B. Gilbert,  Xintian Feng,  Joonho Lee,  Yuezhi Mao,  
 N. Mardirossian,  P. Pokhilko,  A. White,  M. Wormit,  M. P. Coons,  
 A. L. Dempwolff,  Zhengting Gan,  D. Hait,  P. R. Horn,  L. D. Jacobson,  
 I. Kaliman,  J. Kussmann,  A. W. Lange,  Ka Un Lao,  D. S. Levine,  Jie Liu,  
 S. C. McKenzie,  A. F. Morrison,  K. Nanda,  F. Plasser,  D. R. Rehn,  
 M. L. Vidal,  Zhi-Qiang You,  Ying Zhu,  B. Alam,  B. Albrecht,  
 A. Aldossary,  E. Alguire,  J. H. Andersen,  D. Barton,  K. Begam,  A. Behn,  
 Y. A. Bernard,  E. J. Berquist,  H. Burton,  A. Carreras,  K. Carter-Fenk,  
 R. Chakraborty,  A. D. Chien,  K. D. Closser,  V. Cofer-Shabica,  
 S. Dasgupta,  Jia Deng,  M. de Wergifosse,  M. Diedenhofen,  Hainam Do,  
 S. Ehlert,  Po-Tung Fang,  S. Fatehi,  Qingguo Feng,  T. Friedhoff,  
 J. Gayvert,  Qinghui Ge,  G. Gidofalvi,  M. Goldey,  J. Gomes,  
 C. Gonzalez-Espinoza,  S. Gulania,  A. Gunina,  M. W. D. Hanson-Heine,  
 P. H. P. Harbach,  A. W. Hauser,  M. F. Herbst,  M. Hernandez Vera,  
 M. Hodecker,  Z. C. Holden,  S. Houck,  Xunkun Huang,  Kerwin Hui,  
 B. C. Huynh,  M. Ivanov,  Hyunjun Ji,  Hanjie Jiang,  B. Kaduk,  S. Kaehler,  
 K. Khistyaev,  Jaehoon Kim,  P. Klunzinger,  Z. Koczor-Benda,  
 Joong Hoon Koh,  D. Kosenkov,  L. Koulias,  T. Kowalczyk,  C. M. Krauter,  
 K. Kue,  A. Kunitsa,  T. Kus,  A. Landau,  K. V. Lawler,  D. Lefrancois,  
 S. Lehtola,  Rain Li,  Yi-Pei Li,  Jiashu Liang,  M. Liebenthal,  
 Hung-Hsuan Lin,  You-Sheng Lin,  Fenglai Liu,  Kuan-Yu Liu,  
 M. Loipersberger,  A. Luenser,  A. Manjanath,  P. Manohar,  E. Mansoor,  
 S. F. Manzer,  Shan-Ping Mao,  A. V. Marenich,  T. Markovich,  S. Mason,  
 S. A. Maurer,  P. F. McLaughlin,  M. F. S. J. Menger,  J.-M. Mewes,  
 S. A. Mewes,  P. Morgante,  J. W. Mullinax,  K. J. Oosterbaan,  G. Paran,  
 Alexander C. Paul,  Suranjan K. Paul,  F. Pavosevic,  Zheng Pei,  S. Prager,  
 E. I. Proynov,  E. Ramos,  B. Rana,  A. E. Rask,  A. Rettig,  R. M. Richard,  
 F. Rob,  E. Rossomme,  T. Scheele,  M. Scheurer,  M. Schneider,  
 N. Sergueev,  S. M. Sharada,  W. Skomorowski,  D. W. Small,  C. J. Stein,  
 Yu-Chuan Su,  E. J. Sundstrom,  Zhen Tao,  J. Thirman,  T. Tsuchimochi,  
 N. M. Tubman,  S. P. Veccham,  O. Vydrov,  J. Wenzel,  J. Witte,  A. Yamada,  
 Kun Yao,  S. Yeganeh,  S. R. Yost,  A. Zech,  Igor Ying Zhang,  Xing Zhang,  
 Yu Zhang,  D. Zuev,  A. Aspuru-Guzik,  A. T. Bell,  N. A. Besley,  
 K. B. Bravaya,  B. R. Brooks,  D. Casanova,  Jeng-Da Chai,  S. Coriani,  
 C. J. Cramer,  A. E. DePrince, III,  R. A. DiStasio Jr.,  A. Dreuw,  
 B. D. Dunietz,  T. R. Furlani,  W. A. Goddard III,  S. Grimme,  
 S. Hammes-Schiffer,  T. Head-Gordon,  W. J. Hehre,  Chao-Ping Hsu,  
 T.-C. Jagau,  Yousung Jung,  A. Klamt,  Jing Kong,  D. S. Lambrecht,  
 WanZhen Liang,  N. J. Mayhall,  C. W. McCurdy,  J. B. Neaton,  
 C. Ochsenfeld,  J. A. Parkhill,  R. Peverati,  V. A. Rassolov,  Yihan Shao,  
 L. V. Slipchenko,  T. Stauch,  R. P. Steele,  J. E. Subotnik,  
 A. J. W. Thom,  A. Tkatchenko,  D. G. Truhlar,  T. Van Voorhis,  
 T. A. Wesolowski,  K. B. Whaley,  H. L. Woodcock III,  P. M. Zimmerman,  
 S. Faraji,  P. M. W. Gill,  M. Head-Gordon,  J. M. Herbert,  A. I. Krylov

 Additional authors for Version 5.4.1: 
 S. Kotaru,  Shaozhi Li,  Xiangyuan Li,  F. Matz,  A. Molle,  Haisheng Ren,  
 Yingli Su,  Hung-Yi Tsai,  C. Utku,  Fang Wang

 Contributors to earlier versions of Q-Chem not listed above: 
 R. D. Adamson,  B. Austin,  R. Baer,  J. Baker,  G. J. O. Beran,  
 K. Brandhorst,  S. T. Brown,  E. F. C. Byrd,  A. K. Chakraborty,  
 G. K. L. Chan,  Chun-Min Chang,  Yunqing Chen,  C.-L. Cheng,  
 Siu Hung Chien,  D. M. Chipman,  D. L. Crittenden,  H. Dachsel,  
 R. J. Doerksen,  A. D. Dutoi,  R. G. Edgar,  J. Fosso-Tande,  
 L. Fusti-Molnar,  D. Ghosh,  A. Ghysels,  A. Golubeva-Zadorozhnaya,  
 J. Gonthier,  M. S. Gordon,  S. R. Gwaltney,  G. Hawkins,  J. E. Herr,  
 A. Heyden,  S. Hirata,  E. G. Hohenstein,  G. Kedziora,  F. J. Keil,  
 C. Kelley,  Jihan Kim,  R. A. King,  R. Z. Khaliullin,  P. P. Korambath,  
 W. Kurlancheek,  A. Laurent,  A. M. Lee,  M. S. Lee,  S. V. Levchenko,  
 Ching Yeh Lin,  D. Liotard,  E. Livshits,  R. C. Lochan,  I. Lotan,  
 L. A. Martinez-Martinez,  P. E. Maslen,  N. Nair,  D. P. O'Neill,  
 D. Neuhauser,  E. Neuscamman,  C. M. Oana,  R. Olivares-Amaya,  R. Olson,  
 T. M. Perrine,  B. Peters,  P. A. Pieniazek,  A. Prociuk,  Y. M. Rhee,  
 J. Ritchie,  M. A. Rohrdanz,  E. Rosta,  N. J. Russ,  H. F. Schaefer III,  
 M. W. Schmidt,  N. E. Schultz,  S. Sharma,  N. Shenvi,  C. D. Sherrill,  
 A. C. Simmonett,  A. Sodt,  T. Stein,  D. Stuck,  K. S. Thanthiriwatte,  
 V. Vanovschi,  L. Vogt,  Tao Wang,  A. Warshel,  M. A. Watson,  
 C. F. Williams,  Q. Wu,  X. Xu,  Jun Yang,  W. Zhang,  Yan Zhao

 Please cite Q-Chem as follows:
 Y. Shao et al., Mol. Phys. 113, 184-215 (2015)
 DOI: 10.1080/00268976.2014.952696

 Q-Chem 5.4.1 for Intel X86 EM64T Linux

 Parts of Q-Chem use Armadillo 9.800.1 (Horizon Scraper).
 http://arma.sourceforge.net/

 Q-Chem begins on Thu Jun 23 16:17:19 2022  

 Host: gadi-cpu-clx-0398.gadi.nci.org.au
0

     Scratch files written to /jobfs/45201779.gadi-pbs/qchem3940728//
 Processing $rem in /apps/qchem/5.4.1/config/preferences:
 Processing $rem in /home/561/yj5695/.qchemrc:
 Symmetry turned off for PCM/SM12/SMD calculation
 Method-specific promolecule density matrix will be built for SM12 calculation

 Checking the input file for inconsistencies... 	...done.

--------------------------------------------------------------
User input:
--------------------------------------------------------------
$molecule
-1  1
C  1.094890673  0.4411369197  0.1531671459
C -1.2457627347  0.8545627575  0.157407858
N -2.5921890143  0.9010482015 -0.0242520097
S -0.2714050182 -0.4751164328 -0.4153186315
S  2.7842990363 -0.2074504791  0.1131818082
O  2.8685833306 -0.9252489058  1.4151966605
O  2.747723817 -1.0978009849 -1.07154032
N  3.7878142728  0.9510745603 -0.0959307067
H  3.9238710379  1.4343625177  0.7952392281
N  0.7921981675  1.5773989779  0.6751730109
N -0.5526159434  1.8326775381  0.6886935354
H -3.0906472645  0.0177417666 -0.0531067867
H -3.0615983601  1.6112415632  0.5310332076
$end

$rem
jobtype sp
exchange M062X
basis 6-31+G*
SMX_GAS_PHASE = TRUE
solvent_method sm12
$end

$smx
solvent water
charges mk
$end
--------------------------------------------------------------
 ----------------------------------------------------------------
             Standard Nuclear Orientation (Angstroms)
    I     Atom           X                Y                Z
 ----------------------------------------------------------------
    1      C       1.0948906730     0.4411369197     0.1531671459
    2      C      -1.2457627347     0.8545627575     0.1574078580
    3      N      -2.5921890143     0.9010482015    -0.0242520097
    4      S      -0.2714050182    -0.4751164328    -0.4153186315
    5      S       2.7842990363    -0.2074504791     0.1131818082
    6      O       2.8685833306    -0.9252489058     1.4151966605
    7      O       2.7477238170    -1.0978009849    -1.0715403200
    8      N       3.7878142728     0.9510745603    -0.0959307067
    9      H       3.9238710379     1.4343625177     0.7952392281
   10      N       0.7921981675     1.5773989779     0.6751730109
   11      N      -0.5526159434     1.8326775381     0.6886935354
   12      H      -3.0906472645     0.0177417666    -0.0531067867
   13      H      -3.0615983601     1.6112415632     0.5310332076
 ----------------------------------------------------------------
 Nuclear Repulsion Energy =         745.74387633 hartrees
 There are       46 alpha and       46 beta electrons
 Requested basis set is 6-31+G(d)
 There are 58 shells and 204 basis functions

 Total QAlloc Memory Limit   2000 MB
 Mega-Array Size       188 MB
 MEM_STATIC part       192 MB

                       Distance Matrix (Angstroms)
             C (  1)   C (  2)   N (  3)   S (  4)   S (  5)   O (  6)
   C (  2)  2.376888
   N (  3)  3.719886  1.359421
   S (  4)  1.740534  1.745118  2.726316
   S (  5)  1.810073  4.167880  5.491291  3.112601
   O (  6)  2.570158  4.655922  5.935268  3.662367  1.489154
   O (  7)  2.569065  4.611938  5.797144  3.151746  1.482440  2.495645
   N (  8)  2.752076  5.040872  6.380602  4.314312  1.546917  2.578581
   H (  9)  3.066249  5.241003  6.589008  4.765701  2.111724  2.658147
   N ( 10)  1.286547  2.223479  3.521466  2.556021  2.733128  3.335005
   N ( 11)  2.222038  1.311269  2.352888  2.573681  3.953269  4.454051
   H ( 12)  4.211952  2.036709  1.014654  2.884828  5.881612  6.209475
   H ( 13)  4.334551  2.002353  1.016396  3.610215  6.136510  6.510191
             O (  7)   N (  8)   H (  9)   N ( 10)   N ( 11)   H ( 12)
   N (  8)  2.496296
   H (  9)  3.358577  1.022870
   N ( 10)  3.745902  3.156042  3.137236
   N ( 11)  4.751670  4.498021  4.495436  1.368896
   H ( 12)  6.030607  6.941626  7.206245  4.247283  3.207158
   H ( 13)  6.607222  6.909657  6.992701  3.856640  2.523665  1.697441

 
 A cutoff of  1.0D-08 yielded   1375 shell pairs
 There are     18409 function pairs
 Smallest overlap matrix eigenvalue = 2.71E-05

 Q-Chem warning in module stvman/mkSTV.C, line 323:

 Overlap eigenvalue is smaller than square root of threshold
 Use THRESH >= 12 to get rid of this warning


 Scale SEOQF with 1.000000e-01/1.000000e-01/1.000000e-01

 Standard Electronic Orientation quadrupole field applied
 Nucleus-field energy     =     0.0000000184 hartrees
 ================ Generating on-the-fly Promolecule Density  ================
Attempting to make child job directory: /jobfs/45201779.gadi-pbs/qchem3940728//Frg1/
Attempting to make child job directory: /jobfs/45201779.gadi-pbs/qchem3940728//Frg2/
Attempting to make child job directory: /jobfs/45201779.gadi-pbs/qchem3940728//Frg3/
Attempting to make child job directory: /jobfs/45201779.gadi-pbs/qchem3940728//Frg4/
Attempting to make child job directory: /jobfs/45201779.gadi-pbs/qchem3940728//Frg5/
Creating input file /jobfs/45201779.gadi-pbs/qchem3940728/Frg1.input
using default PutDataFrgm: nothing
calling putenv with: QCSCRATCH=/jobfs/45201779.gadi-pbs/qchem3940728/ 
Spawning Job For Fragment 0
Done Job For Fragment 0
calling putenv with: QCSCRATCH=/jobfs/45201779.gadi-pbs 
calling putenv with: QCTHREADS=16 
Creating input file /jobfs/45201779.gadi-pbs/qchem3940728/Frg2.input
using default PutDataFrgm: nothing
calling putenv with: QCSCRATCH=/jobfs/45201779.gadi-pbs/qchem3940728/ 
Spawning Job For Fragment 1
Done Job For Fragment 1
calling putenv with: QCSCRATCH=/jobfs/45201779.gadi-pbs 
calling putenv with: QCTHREADS=16 
Creating input file /jobfs/45201779.gadi-pbs/qchem3940728/Frg3.input
using default PutDataFrgm: nothing
calling putenv with: QCSCRATCH=/jobfs/45201779.gadi-pbs/qchem3940728/ 
Spawning Job For Fragment 2
Done Job For Fragment 2
calling putenv with: QCSCRATCH=/jobfs/45201779.gadi-pbs 
calling putenv with: QCTHREADS=16 
Creating input file /jobfs/45201779.gadi-pbs/qchem3940728/Frg4.input
using default PutDataFrgm: nothing
calling putenv with: QCSCRATCH=/jobfs/45201779.gadi-pbs/qchem3940728/ 
Spawning Job For Fragment 3
Done Job For Fragment 3
calling putenv with: QCSCRATCH=/jobfs/45201779.gadi-pbs 
calling putenv with: QCTHREADS=16 
Creating input file /jobfs/45201779.gadi-pbs/qchem3940728/Frg5.input
using default PutDataFrgm: nothing
calling putenv with: QCSCRATCH=/jobfs/45201779.gadi-pbs/qchem3940728/ 
Spawning Job For Fragment 4
Done Job For Fragment 4
calling putenv with: QCSCRATCH=/jobfs/45201779.gadi-pbs 
calling putenv with: QCTHREADS=16 
 Time for running child jobs:  CPU 2.15 s  wall 2.18 s
 ============= Method Specific Promolecule Density Constructed =============
 Guess from superposition of atomic densities
 Warning:  Energy on first SCF cycle will be non-variational
 SAD guess density has 91.000000 electrons

 -----------------------------------------------------------------------
  General SCF calculation program by
  Eric Jon Sundstrom, Paul Horn, Yuezhi Mao, Dmitri Zuev, Alec White,
  David Stuck, Shaama M.S., Shane Yost, Joonho Lee, David Small,
  Daniel Levine, Susi Lehtola, Hugh Burton, Evgeny Epifanovsky,
  Bang C. Huynh
 -----------------------------------------------------------------------
 Exchange:     0.5400 Hartree-Fock + 1.0000 M06-2X
 Correlation:  1.0000 M06-2X
 Using SG-3 standard quadrature grid
 using 16 threads for integral computing
 -------------------------------------------------------
 OpenMP Integral computing Module                
 Release: version 1.0, May 2013, Q-Chem Inc. Pittsburgh 
 -------------------------------------------------------
 A restricted SCF calculation will be
 performed using DIIS
 SCF converges when DIIS error is below 1.0e-05
 ---------------------------------------
  Cycle       Energy         DIIS error
 ---------------------------------------
    1   -1246.4984043968      5.42e-02  
    2   -1243.2739164880      7.91e-03  
    3   -1243.0714987832      1.09e-02  
    4   -1243.5508414750      1.21e-03  
    5   -1243.5562220845      6.58e-04  
    6   -1243.5582443467      1.36e-04  
    7   -1243.5583271618      6.55e-05  
    8   -1243.5583492593      1.63e-05  
    9   -1243.5583508168      7.81e-06  Convergence criterion met
 ---------------------------------------
 SCF time:   CPU 56.28s  wall 4.00s 
 SCF   energy in the final basis set =    -1243.5583508168
 Total energy in the final basis set =    -1243.5583508168
 Exchange:     0.5400 Hartree-Fock + 1.0000 M06-2X
 Correlation:  1.0000 M06-2X
 Using SG-3 standard quadrature grid
 
 SM12 calculation using Merz-Singh-Kollman charges
 Citation of the SM12 model:
 Marenich, A.V.; Cramer, C.J.; Truhlar, D.G.
 J. Chem. Theory Comput. 2013, 9, 609-612.
 iSolventCode=           1
 Solvent: water                                                           
 
  Building new vdw surfaces
         Merz-Kollman ESP Net Atomic Charges

     Atom                 Charge (a.u.)
  ----------------------------------------
      1 C                     0.222988
      2 C                     0.562346
      3 N                    -0.889229
      4 S                    -0.119321
      5 S                     1.061436
      6 O                    -0.676590
      7 O                    -0.599947
      8 N                    -0.947745
      9 H                     0.352689
     10 N                    -0.312178
     11 N                    -0.401309
     12 H                     0.388675
     13 H                     0.358183
  ----------------------------------------
  Sum of atomic charges =    -1.000000

  Related Dipole Moment =    15.7823 (X -15.7658 Y -0.6751 Z  0.2550)


 Charges (in A.U.) from Merz-Kollman fitting 
 -----------------------------------------------
 Center     Atomic                  MZ       
 Number     Number                  Charge
 -----------------------------------------------
    1          6                    0.222988
    2          6                    0.562346
    3          7                   -0.889229
    4         16                   -0.119321
    5         16                    1.061436
    6          8                   -0.676590
    7          8                   -0.599947
    8          7                   -0.947745
    9          1                    0.352689
   10          7                   -0.312178
   11          7                   -0.401309
   12          1                    0.388675
   13          1                    0.358183
 -----------------------------------------------
 A restricted SCF calculation will be
 performed using Roothaan-Hall, DIIS
 SCF converges when DIIS error is below 1.0e-05
 ---------------------------------------
  Cycle       Energy         DIIS error
 ---------------------------------------
         Merz-Kollman ESP Net Atomic Charges

     Atom                 Charge (a.u.)
  ----------------------------------------
      1 C                     0.177352
      2 C                     0.607835
      3 N                    -0.827157
      4 S                    -0.063199
      5 S                     1.084221
      6 O                    -0.709718
      7 O                    -0.632067
      8 N                    -0.993368
      9 H                     0.375489
     10 N                    -0.342806
     11 N                    -0.456937
     12 H                     0.410063
     13 H                     0.370291
  ----------------------------------------
  Sum of atomic charges =    -1.000000

  Related Dipole Moment =    18.5829 (X -18.5644 Y -0.8282 Z -0.0606)


 Charges (in A.U.) from Merz-Kollman fitting 
 -----------------------------------------------
 Center     Atomic                  MZ       
 Number     Number                  Charge
 -----------------------------------------------
    1          6                    0.177352
    2          6                    0.607835
    3          7                   -0.827157
    4         16                   -0.063199
    5         16                    1.084221
    6          8                   -0.709718
    7          8                   -0.632067
    8          7                   -0.993368
    9          1                    0.375489
   10          7                   -0.342806
   11          7                   -0.456937
   12          1                    0.410063
   13          1                    0.370291
 -----------------------------------------------
    1   -1243.5583512432      7.76e-04  Roothaan Step
 ---------------------------------------
  Cycle       Energy         DIIS error
 ---------------------------------------
         Merz-Kollman ESP Net Atomic Charges

     Atom                 Charge (a.u.)
  ----------------------------------------
      1 C                     0.237648
      2 C                     0.516783
      3 N                    -0.836570
      4 S                    -0.103284
      5 S                     1.101325
      6 O                    -0.723597
      7 O                    -0.641118
      8 N                    -1.009933
      9 H                     0.372166
     10 N                    -0.311234
     11 N                    -0.408757
     12 H                     0.420050
     13 H                     0.386521
  ----------------------------------------
  Sum of atomic charges =    -1.000000

  Related Dipole Moment =    18.3769 (X -18.3736 Y -0.2398 Z  0.2530)


 Charges (in A.U.) from Merz-Kollman fitting 
 -----------------------------------------------
 Center     Atomic                  MZ       
 Number     Number                  Charge
 -----------------------------------------------
    1          6                    0.237648
    2          6                    0.516783
    3          7                   -0.836570
    4         16                   -0.103284
    5         16                    1.101325
    6          8                   -0.723597
    7          8                   -0.641118
    8          7                   -1.009933
    9          1                    0.372166
   10          7                   -0.311234
   11          7                   -0.408757
   12          1                    0.420050
   13          1                    0.386521
 -----------------------------------------------
    1   -1243.5472774640      5.49e-04  
         Merz-Kollman ESP Net Atomic Charges

     Atom                 Charge (a.u.)
  ----------------------------------------
      1 C                     0.205031
      2 C                     0.571053
      3 N                    -0.817418
      4 S                    -0.080339
      5 S                     1.111195
      6 O                    -0.725492
      7 O                    -0.643367
      8 N                    -1.011978
      9 H                     0.374190
     10 N                    -0.331451
     11 N                    -0.446710
     12 H                     0.415952
     13 H                     0.379335
  ----------------------------------------
  Sum of atomic charges =    -1.000000

  Related Dipole Moment =    18.8798 (X -18.8708 Y -0.5838 Z  0.0264)


 Charges (in A.U.) from Merz-Kollman fitting 
 -----------------------------------------------
 Center     Atomic                  MZ       
 Number     Number                  Charge
 -----------------------------------------------
    1          6                    0.205031
    2          6                    0.571053
    3          7                   -0.817418
    4         16                   -0.080339
    5         16                    1.111195
    6          8                   -0.725492
    7          8                   -0.643367
    8          7                   -1.011978
    9          1                    0.374190
   10          7                   -0.331451
   11          7                   -0.446710
   12          1                    0.415952
   13          1                    0.379335
 -----------------------------------------------
    2   -1243.5480495666      6.33e-04  
         Merz-Kollman ESP Net Atomic Charges

     Atom                 Charge (a.u.)
  ----------------------------------------
      1 C                     0.196433
      2 C                     0.567092
      3 N                    -0.815625
      4 S                    -0.079807
      5 S                     1.110722
      6 O                    -0.726597
      7 O                    -0.644649
      8 N                    -1.014809
      9 H                     0.375297
     10 N                    -0.322529
     11 N                    -0.443194
     12 H                     0.417150
     13 H                     0.380516
  ----------------------------------------
  Sum of atomic charges =    -1.000000

  Related Dipole Moment =    19.0016 (X -18.9950 Y -0.4971 Z  0.0634)


 Charges (in A.U.) from Merz-Kollman fitting 
 -----------------------------------------------
 Center     Atomic                  MZ       
 Number     Number                  Charge
 -----------------------------------------------
    1          6                    0.196433
    2          6                    0.567092
    3          7                   -0.815625
    4         16                   -0.079807
    5         16                    1.110722
    6          8                   -0.726597
    7          8                   -0.644649
    8          7                   -1.014809
    9          1                    0.375297
   10          7                   -0.322529
   11          7                   -0.443194
   12          1                    0.417150
   13          1                    0.380516
 -----------------------------------------------
    3   -1243.5466027694      9.44e-05  
         Merz-Kollman ESP Net Atomic Charges

     Atom                 Charge (a.u.)
  ----------------------------------------
      1 C                     0.203364
      2 C                     0.565186
      3 N                    -0.813108
      4 S                    -0.080615
      5 S                     1.113453
      6 O                    -0.728215
      7 O                    -0.645520
      8 N                    -1.017221
      9 H                     0.375078
     10 N                    -0.324889
     11 N                    -0.446091
     12 H                     0.417456
     13 H                     0.381121
  ----------------------------------------
  Sum of atomic charges =    -1.000000

  Related Dipole Moment =    19.0445 (X -19.0374 Y -0.5197 Z  0.0479)


 Charges (in A.U.) from Merz-Kollman fitting 
 -----------------------------------------------
 Center     Atomic                  MZ       
 Number     Number                  Charge
 -----------------------------------------------
    1          6                    0.203364
    2          6                    0.565186
    3          7                   -0.813108
    4         16                   -0.080615
    5         16                    1.113453
    6          8                   -0.728215
    7          8                   -0.645520
    8          7                   -1.017221
    9          1                    0.375078
   10          7                   -0.324889
   11          7                   -0.446091
   12          1                    0.417456
   13          1                    0.381121
 -----------------------------------------------
    4   -1243.5458971486      5.95e-05  
         Merz-Kollman ESP Net Atomic Charges

     Atom                 Charge (a.u.)
  ----------------------------------------
      1 C                     0.200804
      2 C                     0.566347
      3 N                    -0.812742
      4 S                    -0.081200
      5 S                     1.114829
      6 O                    -0.728544
      7 O                    -0.645760
      8 N                    -1.017327
      9 H                     0.374895
     10 N                    -0.323487
     11 N                    -0.446253
     12 H                     0.417368
     13 H                     0.381068
  ----------------------------------------
  Sum of atomic charges =    -1.000000

  Related Dipole Moment =    19.0553 (X -19.0485 Y -0.5090 Z  0.0510)


 Charges (in A.U.) from Merz-Kollman fitting 
 -----------------------------------------------
 Center     Atomic                  MZ       
 Number     Number                  Charge
 -----------------------------------------------
    1          6                    0.200804
    2          6                    0.566347
    3          7                   -0.812742
    4         16                   -0.081200
    5         16                    1.114829
    6          8                   -0.728544
    7          8                   -0.645760
    8          7                   -1.017327
    9          1                    0.374895
   10          7                   -0.323487
   11          7                   -0.446253
   12          1                    0.417368
   13          1                    0.381068
 -----------------------------------------------
    5   -1243.5455485727      1.26e-05  
    6   -1243.5454935020      5.74e-06  Convergence criterion met
 ---------------------------------------
 SCF time:   CPU 58.73s  wall 4.00s 
(0)  E-EN(g) gas-phase elect-nuc energy                -1243.558350817 a.u.
(1)  E-EN(liq) elect-nuc energy of solute              -1243.545493502 a.u.
(2)  G-P(liq) polarization free energy of solvation           -81.7038 kcal/mol
(3)  G-ENP(liq) elect-nuc-pol free energy of system    -1243.675696727 a.u.
(4)  G-CDS(liq) cavity-dispersion-solvent structure 
     free energy                                                2.4945 kcal/mol
(5)  G-P-CDS(liq) = G-P(liq) + G-CDS(liq) = (2) + (4)         -79.2093 kcal/mol
(6)  G-S(liq) free energy of system = (1) + (5)        -1243.671721548 a.u.
(7)  DeltaE-EN(liq) elect-nuc reorganization
     energy of solute molecule (7) = (1) - (0)                  8.0681 kcal/mol
(8)  DeltaG-ENP(liq) elect-nuc-pol free energy
     of solvation (8) = (3) - (0)                             -73.6357 kcal/mol
(9)  DeltaG-S(liq) free energy of  solvation
     (9) = (6) - (0)                                          -71.1412 kcal/mol
 SCF   energy in the final basis set =    -1243.6717215475
 Total energy in the final basis set =    -1243.6717215475
 
 --------------------------------------------------------------
 
                    Orbital Energies (a.u.)
 --------------------------------------------------------------
 
 Alpha MOs
 -- Occupied --
-90.1530 -89.9871 -19.6370 -19.6367 -14.8219 -14.8045 -14.8038 -14.7404
-10.6787 -10.6422  -8.4653  -8.3354  -6.3877  -6.3873  -6.3866  -6.2556
 -6.2537  -6.2508  -1.2289  -1.1708  -1.1109  -1.0631  -0.9880  -0.9367
 -0.9078  -0.7609  -0.7036  -0.6718  -0.6223  -0.6012  -0.5739  -0.5534
 -0.5396  -0.5303  -0.5123  -0.4456  -0.4371  -0.4174  -0.4083  -0.3925
 -0.3704  -0.3643  -0.3586  -0.3462  -0.3269  -0.3022
 -- Virtual --
 -0.0436  -0.0169  -0.0147  -0.0025  -0.0005   0.0023   0.0133   0.0353
  0.0472   0.0510   0.0522   0.0610   0.0704   0.0735   0.0803   0.0824
  0.0962   0.1085   0.1136   0.1267   0.1361   0.1445   0.1551   0.1616
  0.1721   0.1736   0.1792   0.1822   0.1945   0.1974   0.2086   0.2091
  0.2181   0.2234   0.2294   0.2400   0.2462   0.2586   0.2711   0.2727
  0.2828   0.2859   0.2960   0.2990   0.3094   0.3159   0.3282   0.3378
  0.3411   0.3493   0.3745   0.3839   0.3993   0.4314   0.5009   0.5144
  0.5262   0.5319   0.5580   0.5993   0.6361   0.6409   0.6641   0.6866
  0.6961   0.7103   0.7333   0.7759   0.8556   0.8626   0.9000   0.9318
  0.9463   0.9708   0.9753   0.9846   0.9912   1.0128   1.0211   1.0403
  1.0469   1.0552   1.0612   1.0715   1.0973   1.1059   1.1149   1.1312
  1.1431   1.1655   1.1768   1.1872   1.2085   1.2159   1.2590   1.2722
  1.3356   1.3426   1.3552   1.3765   1.3853   1.3956   1.4321   1.4508
  1.4518   1.4738   1.5478   1.5779   1.6157   1.6450   1.6815   1.7333
  1.7867   1.7898   1.8109   1.8182   1.8538   1.8662   1.8753   1.8892
  1.9070   1.9629   1.9956   2.0193   2.0826   2.1157   2.1451   2.1624
  2.2127   2.2544   2.2852   2.3286   2.3560   2.3859   2.3973   2.4239
  2.4354   2.5046   2.5456   2.6073   2.6173   2.7330   2.7966   2.8672
  2.8702   2.9209   3.0689   3.1015   3.9505   3.9876   4.0038   4.0607
  4.0730   4.1339   4.2441   4.3036   4.3684   4.4128
 --------------------------------------------------------------
 
          Ground-State Mulliken Net Atomic Charges

     Atom                 Charge (a.u.)
  ----------------------------------------
      1 C                    -1.110920
      2 C                     0.595995
      3 N                    -0.404770
      4 S                     1.307453
      5 S                     0.483828
      6 O                    -0.738369
      7 O                    -0.781775
      8 N                    -1.015994
      9 H                     0.407849
     10 N                    -0.483601
     11 N                    -0.200362
     12 H                     0.472746
     13 H                     0.467919
  ----------------------------------------
  Sum of atomic charges =    -1.000000

         Merz-Kollman ESP Net Atomic Charges

     Atom                 Charge (a.u.)
  ----------------------------------------
      1 C                     0.201321
      2 C                     0.565979
      3 N                    -0.812483
      4 S                    -0.081212
      5 S                     1.115330
      6 O                    -0.728743
      7 O                    -0.645925
      8 N                    -1.017792
      9 H                     0.374929
     10 N                    -0.323483
     11 N                    -0.446399
     12 H                     0.417371
     13 H                     0.381108
  ----------------------------------------
  Sum of atomic charges =    -1.000000

  Related Dipole Moment =    19.0599 (X -19.0530 Y -0.5099 Z  0.0508)

 -----------------------------------------------------------------
                    Cartesian Multipole Moments
 -----------------------------------------------------------------
    Charge (ESU x 10^10)
                -4.8032
    Dipole Moment (Debye)
         X     -19.0656      Y      -0.5280      Z      -0.0311
       Tot      19.0730
    Quadrupole Moments (Debye-Ang)
        XX    -113.3387     XY       5.5610     YY     -89.4118
        XZ       1.2789     YZ       0.7680     ZZ     -85.7106
    Octopole Moments (Debye-Ang^2)
       XXX    -458.1557    XXY       0.9610    XYY    -102.0016
       YYY     -72.3522    XXZ      20.3258    XYZ       6.5869
       YYZ     -11.1855    XZZ     -99.7322    YZZ     -13.2375
       ZZZ     -29.0964
    Hexadecapole Moments (Debye-Ang^3)
      XXXX   -2818.0449   XXXY      85.8720   XXYY    -508.8013
      XYYY      98.2545   YYYY    -562.6059   XXXZ      20.0860
      XXYZ      47.0771   XYYZ      -4.3760   YYYZ     -60.7954
      XXZZ    -501.3929   XYZZ      61.6753   YYZZ    -144.4768
      XZZZ     -48.5322   YZZZ     -48.2069   ZZZZ    -280.4934
 -----------------------------------------------------------------
 Total job time:  9.94s(wall), 122.87s(cpu) 
 Thu Jun 23 16:17:29 2022

        *************************************************************
        *                                                           *
        *  Thank you very much for using Q-Chem.  Have a nice day.  *
        *                                                           *
        *************************************************************


