                  Welcome to Q-Chem
     A Quantum Leap Into The Future Of Chemistry


 Q-Chem 5.4 (devel), Q-Chem, Inc., Pleasanton, CA (2021)

 E. Epifanovsky,  A. T. B. Gilbert,  Xintian Feng,  Joonho Lee,  Yuezhi Mao,  
 N. Mardirossian,  P. Pokhilko,  A. White,  M. Wormit,  M. P. Coons,  
 A. L. Dempwolff,  Zhengting Gan,  D. Hait,  P. R. Horn,  L. D. Jacobson,  
 I. Kaliman,  J. Kussmann,  A. W. Lange,  Ka Un Lao,  D. S. Levine,  Jie Liu,  
 S. C. McKenzie,  A. F. Morrison,  K. Nanda,  F. Plasser,  D. R. Rehn,  
 M. L. Vidal,  Zhi-Qiang You,  Ying Zhu,  B. Alam,  B. Albrecht,  
 A. Aldossary,  E. Alguire,  J. H. Andersen,  D. Barton,  K. Begam,  A. Behn,  
 Y. A. Bernard,  E. J. Berquist,  H. Burton,  A. Carreras,  K. Carter-Fenk,  
 R. Chakraborty,  A. D. Chien,  K. D. Closser,  V. Cofer-Shabica,  
 S. Dasgupta,  Jia Deng,  M. de Wergifosse,  M. Diedenhofen,  Hainam Do,  
 S. Ehlert,  Po-Tung Fang,  S. Fatehi,  Qingguo Feng,  T. Friedhoff,  
 J. Gayvert,  Qinghui Ge,  G. Gidofalvi,  M. Goldey,  J. Gomes,  
 C. Gonzalez-Espinoza,  S. Gulania,  A. Gunina,  M. W. D. Hanson-Heine,  
 P. H. P. Harbach,  A. W. Hauser,  M. F. Herbst,  M. Hernandez Vera,  
 M. Hodecker,  Z. C. Holden,  S. Houck,  Xunkun Huang,  Kerwin Hui,  
 B. C. Huynh,  M. Ivanov,  Hyunjun Ji,  Hanjie Jiang,  B. Kaduk,  S. Kaehler,  
 K. Khistyaev,  Jaehoon Kim,  P. Klunzinger,  Z. Koczor-Benda,  
 Joong Hoon Koh,  D. Kosenkov,  L. Koulias,  T. Kowalczyk,  C. M. Krauter,  
 K. Kue,  A. Kunitsa,  T. Kus,  A. Landau,  K. V. Lawler,  D. Lefrancois,  
 S. Lehtola,  Rain Li,  Yi-Pei Li,  Jiashu Liang,  M. Liebenthal,  
 Hung-Hsuan Lin,  You-Sheng Lin,  Fenglai Liu,  Kuan-Yu Liu,  
 M. Loipersberger,  A. Luenser,  A. Manjanath,  P. Manohar,  E. Mansoor,  
 S. F. Manzer,  Shan-Ping Mao,  A. V. Marenich,  T. Markovich,  S. Mason,  
 S. A. Maurer,  P. F. McLaughlin,  M. F. S. J. Menger,  J.-M. Mewes,  
 S. A. Mewes,  P. Morgante,  J. W. Mullinax,  K. J. Oosterbaan,  G. Paran,  
 Alexander C. Paul,  Suranjan K. Paul,  F. Pavosevic,  Zheng Pei,  S. Prager,  
 E. I. Proynov,  E. Ramos,  B. Rana,  A. E. Rask,  A. Rettig,  R. M. Richard,  
 F. Rob,  E. Rossomme,  T. Scheele,  M. Scheurer,  M. Schneider,  
 N. Sergueev,  S. M. Sharada,  W. Skomorowski,  D. W. Small,  C. J. Stein,  
 Yu-Chuan Su,  E. J. Sundstrom,  Zhen Tao,  J. Thirman,  T. Tsuchimochi,  
 N. M. Tubman,  S. P. Veccham,  O. Vydrov,  J. Wenzel,  J. Witte,  A. Yamada,  
 Kun Yao,  S. Yeganeh,  S. R. Yost,  A. Zech,  Igor Ying Zhang,  Xing Zhang,  
 Yu Zhang,  D. Zuev,  A. Aspuru-Guzik,  A. T. Bell,  N. A. Besley,  
 K. B. Bravaya,  B. R. Brooks,  D. Casanova,  Jeng-Da Chai,  S. Coriani,  
 C. J. Cramer,  A. E. DePrince, III,  R. A. DiStasio Jr.,  A. Dreuw,  
 B. D. Dunietz,  T. R. Furlani,  W. A. Goddard III,  S. Grimme,  
 S. Hammes-Schiffer,  T. Head-Gordon,  W. J. Hehre,  Chao-Ping Hsu,  
 T.-C. Jagau,  Yousung Jung,  A. Klamt,  Jing Kong,  D. S. Lambrecht,  
 WanZhen Liang,  N. J. Mayhall,  C. W. McCurdy,  J. B. Neaton,  
 C. Ochsenfeld,  J. A. Parkhill,  R. Peverati,  V. A. Rassolov,  Yihan Shao,  
 L. V. Slipchenko,  T. Stauch,  R. P. Steele,  J. E. Subotnik,  
 A. J. W. Thom,  A. Tkatchenko,  D. G. Truhlar,  T. Van Voorhis,  
 T. A. Wesolowski,  K. B. Whaley,  H. L. Woodcock III,  P. M. Zimmerman,  
 S. Faraji,  P. M. W. Gill,  M. Head-Gordon,  J. M. Herbert,  A. I. Krylov

 Additional authors for Version 5.4.1: 
 S. Kotaru,  Shaozhi Li,  Xiangyuan Li,  F. Matz,  A. Molle,  Haisheng Ren,  
 Yingli Su,  Hung-Yi Tsai,  C. Utku,  Fang Wang

 Contributors to earlier versions of Q-Chem not listed above: 
 R. D. Adamson,  B. Austin,  R. Baer,  J. Baker,  G. J. O. Beran,  
 K. Brandhorst,  S. T. Brown,  E. F. C. Byrd,  A. K. Chakraborty,  
 G. K. L. Chan,  Chun-Min Chang,  Yunqing Chen,  C.-L. Cheng,  
 Siu Hung Chien,  D. M. Chipman,  D. L. Crittenden,  H. Dachsel,  
 R. J. Doerksen,  A. D. Dutoi,  R. G. Edgar,  J. Fosso-Tande,  
 L. Fusti-Molnar,  D. Ghosh,  A. Ghysels,  A. Golubeva-Zadorozhnaya,  
 J. Gonthier,  M. S. Gordon,  S. R. Gwaltney,  G. Hawkins,  J. E. Herr,  
 A. Heyden,  S. Hirata,  E. G. Hohenstein,  G. Kedziora,  F. J. Keil,  
 C. Kelley,  Jihan Kim,  R. A. King,  R. Z. Khaliullin,  P. P. Korambath,  
 W. Kurlancheek,  A. Laurent,  A. M. Lee,  M. S. Lee,  S. V. Levchenko,  
 Ching Yeh Lin,  D. Liotard,  E. Livshits,  R. C. Lochan,  I. Lotan,  
 L. A. Martinez-Martinez,  P. E. Maslen,  N. Nair,  D. P. O'Neill,  
 D. Neuhauser,  E. Neuscamman,  C. M. Oana,  R. Olivares-Amaya,  R. Olson,  
 T. M. Perrine,  B. Peters,  P. A. Pieniazek,  A. Prociuk,  Y. M. Rhee,  
 J. Ritchie,  M. A. Rohrdanz,  E. Rosta,  N. J. Russ,  H. F. Schaefer III,  
 M. W. Schmidt,  N. E. Schultz,  S. Sharma,  N. Shenvi,  C. D. Sherrill,  
 A. C. Simmonett,  A. Sodt,  T. Stein,  D. Stuck,  K. S. Thanthiriwatte,  
 V. Vanovschi,  L. Vogt,  Tao Wang,  A. Warshel,  M. A. Watson,  
 C. F. Williams,  Q. Wu,  X. Xu,  Jun Yang,  W. Zhang,  Yan Zhao

 Please cite Q-Chem as follows:
 Y. Shao et al., Mol. Phys. 113, 184-215 (2015)
 DOI: 10.1080/00268976.2014.952696

 Q-Chem 5.4.1 for Intel X86 EM64T Linux

 Parts of Q-Chem use Armadillo 9.800.1 (Horizon Scraper).
 http://arma.sourceforge.net/

 Q-Chem begins on Thu Jun 30 00:02:13 2022  

 Host: gadi-cpu-clx-0104.gadi.nci.org.au
0

     Scratch files written to /jobfs/48850782.gadi-pbs/qchem1921400//
 Processing $rem in /apps/qchem/5.4.1/config/preferences:
 Processing $rem in /home/561/yj5695/.qchemrc:
 Symmetry turned off for PCM/SM12/SMD calculation
 Method-specific promolecule density matrix will be built for SM12 calculation

 Checking the input file for inconsistencies... 	...done.

--------------------------------------------------------------
User input:
--------------------------------------------------------------
$molecule
-1  1
C -1.440821414  0.6367367546 -0.8837938769
C -2.5572907214  0.755870459 -1.7299843213
Cl -4.158306516  0.9726182328 -1.0723356272
C -2.4505285869  0.7150271912 -3.105637347
H -3.332111837  0.8181991775 -3.7310945888
C -1.1935232761  0.5373800837 -3.7150533852
C -0.0841554929  0.4134038949 -2.8652872394
S  1.5188087106  0.1471344712 -3.5343659442
C -0.2014464663  0.4678357574 -1.4777830613
H  0.6814143634  0.3791040096 -0.8513665144
S -1.5427790998  0.7056546411  0.9258088822
O -2.3787492993 -0.4818159101  1.2686008815
O -0.1242270042  0.5843217792  1.3448455932
N -2.1049876135  2.0802370683  1.3984210884
H -3.1200708608  2.0719650753  1.2809264617
N -1.0737331168  0.5483963904 -5.0761296421
C  0.1238417996  0.0671737005 -5.7317157449
N  1.3003043299  0.7146104929 -5.1048189413
O  2.4919503414  1.0181275769 -2.8722711326
O  1.8368920294 -1.2885626512 -3.5300860612
C  0.0356380239  0.334423024 -7.2224958969
Cl -0.0235598628  2.0824577257 -7.6330292794
H -1.9358203025  0.4327175178 -5.6010626459
H  0.2154859893 -1.029881976 -5.6445987673
H -0.8840715314 -0.1178804831 -7.5967983413
H  0.8818936694 -0.1030618124 -7.7490533618
C  2.5532437266  0.5338014841 -5.8724529331
H  2.5157437743  1.1850529903 -6.7456532907
H  2.6969731362 -0.5067146585 -6.1835165885
H  3.3948171078  0.851547993 -5.2555233744
$end

$rem
jobtype sp
exchange M062X
basis 6-31+G*
SMX_GAS_PHASE = TRUE
solvent_method sm12
$end

$smx
solvent water
charges mk
$end
--------------------------------------------------------------
 ----------------------------------------------------------------
             Standard Nuclear Orientation (Angstroms)
    I     Atom           X                Y                Z
 ----------------------------------------------------------------
    1      C      -1.4408214140     0.6367367546    -0.8837938769
    2      C      -2.5572907214     0.7558704590    -1.7299843213
    3      Cl     -4.1583065160     0.9726182328    -1.0723356272
    4      C      -2.4505285869     0.7150271912    -3.1056373470
    5      H      -3.3321118370     0.8181991775    -3.7310945888
    6      C      -1.1935232761     0.5373800837    -3.7150533852
    7      C      -0.0841554929     0.4134038949    -2.8652872394
    8      S       1.5188087106     0.1471344712    -3.5343659442
    9      C      -0.2014464663     0.4678357574    -1.4777830613
   10      H       0.6814143634     0.3791040096    -0.8513665144
   11      S      -1.5427790998     0.7056546411     0.9258088822
   12      O      -2.3787492993    -0.4818159101     1.2686008815
   13      O      -0.1242270042     0.5843217792     1.3448455932
   14      N      -2.1049876135     2.0802370683     1.3984210884
   15      H      -3.1200708608     2.0719650753     1.2809264617
   16      N      -1.0737331168     0.5483963904    -5.0761296421
   17      C       0.1238417996     0.0671737005    -5.7317157449
   18      N       1.3003043299     0.7146104929    -5.1048189413
   19      O       2.4919503414     1.0181275769    -2.8722711326
   20      O       1.8368920294    -1.2885626512    -3.5300860612
   21      C       0.0356380239     0.3344230240    -7.2224958969
   22      Cl     -0.0235598628     2.0824577257    -7.6330292794
   23      H      -1.9358203025     0.4327175178    -5.6010626459
   24      H       0.2154859893    -1.0298819760    -5.6445987673
   25      H      -0.8840715314    -0.1178804831    -7.5967983413
   26      H       0.8818936694    -0.1030618124    -7.7490533618
   27      C       2.5532437266     0.5338014841    -5.8724529331
   28      H       2.5157437743     1.1850529903    -6.7456532907
   29      H       2.6969731362    -0.5067146585    -6.1835165885
   30      H       3.3948171078     0.8515479930    -5.2555233744
 ----------------------------------------------------------------
 Nuclear Repulsion Energy =        2300.76100489 hartrees
 There are       92 alpha and       92 beta electrons
 Requested basis set is 6-31+G(d)
 There are 124 shells and 416 basis functions

 Total QAlloc Memory Limit   2000 MB
 Mega-Array Size       188 MB
 MEM_STATIC part       192 MB
 A cutoff of  1.0D-08 yielded   5187 shell pairs
 There are     62548 function pairs
 Smallest overlap matrix eigenvalue = 3.90E-07

 Q-Chem warning in module stvman/mkSTV.C, line 323:

 Overlap eigenvalue is smaller than square root of threshold
 Use THRESH >= 12 to get rid of this warning

 Linear dependence detected in AO basis
 Tighter screening thresholds may be required for diffuse basis sets
 Use S2THRESH > 14 and THRESH = 14 in case of SCF convergence issues
 Number of orthogonalized atomic orbitals = 414
 Maximum deviation from orthogonality = 3.709E-10

 Scale SEOQF with 1.000000e-01/1.000000e-01/1.000000e-02

 Standard Electronic Orientation quadrupole field applied
 Nucleus-field energy     =     0.0000000066 hartrees
 ================ Generating on-the-fly Promolecule Density  ================
Attempting to make child job directory: /jobfs/48850782.gadi-pbs/qchem1921400//Frg1/
Attempting to make child job directory: /jobfs/48850782.gadi-pbs/qchem1921400//Frg2/
Attempting to make child job directory: /jobfs/48850782.gadi-pbs/qchem1921400//Frg3/
Attempting to make child job directory: /jobfs/48850782.gadi-pbs/qchem1921400//Frg4/
Attempting to make child job directory: /jobfs/48850782.gadi-pbs/qchem1921400//Frg5/
Attempting to make child job directory: /jobfs/48850782.gadi-pbs/qchem1921400//Frg6/
Creating input file /jobfs/48850782.gadi-pbs/qchem1921400/Frg1.input
using default PutDataFrgm: nothing
calling putenv with: QCSCRATCH=/jobfs/48850782.gadi-pbs/qchem1921400/ 
Spawning Job For Fragment 0
Done Job For Fragment 0
calling putenv with: QCSCRATCH=/jobfs/48850782.gadi-pbs 
calling putenv with: QCTHREADS=8 
Creating input file /jobfs/48850782.gadi-pbs/qchem1921400/Frg2.input
using default PutDataFrgm: nothing
calling putenv with: QCSCRATCH=/jobfs/48850782.gadi-pbs/qchem1921400/ 
Spawning Job For Fragment 1
Done Job For Fragment 1
calling putenv with: QCSCRATCH=/jobfs/48850782.gadi-pbs 
calling putenv with: QCTHREADS=8 
Creating input file /jobfs/48850782.gadi-pbs/qchem1921400/Frg3.input
using default PutDataFrgm: nothing
calling putenv with: QCSCRATCH=/jobfs/48850782.gadi-pbs/qchem1921400/ 
Spawning Job For Fragment 2
Done Job For Fragment 2
calling putenv with: QCSCRATCH=/jobfs/48850782.gadi-pbs 
calling putenv with: QCTHREADS=8 
Creating input file /jobfs/48850782.gadi-pbs/qchem1921400/Frg4.input
using default PutDataFrgm: nothing
calling putenv with: QCSCRATCH=/jobfs/48850782.gadi-pbs/qchem1921400/ 
Spawning Job For Fragment 3
Done Job For Fragment 3
calling putenv with: QCSCRATCH=/jobfs/48850782.gadi-pbs 
calling putenv with: QCTHREADS=8 
Creating input file /jobfs/48850782.gadi-pbs/qchem1921400/Frg5.input
using default PutDataFrgm: nothing
calling putenv with: QCSCRATCH=/jobfs/48850782.gadi-pbs/qchem1921400/ 
Spawning Job For Fragment 4
Done Job For Fragment 4
calling putenv with: QCSCRATCH=/jobfs/48850782.gadi-pbs 
calling putenv with: QCTHREADS=8 
Creating input file /jobfs/48850782.gadi-pbs/qchem1921400/Frg6.input
using default PutDataFrgm: nothing
calling putenv with: QCSCRATCH=/jobfs/48850782.gadi-pbs/qchem1921400/ 
Spawning Job For Fragment 5
Done Job For Fragment 5
calling putenv with: QCSCRATCH=/jobfs/48850782.gadi-pbs 
calling putenv with: QCTHREADS=8 
 Time for running child jobs:  CPU 0.82 s  wall 2.45 s
 ============= Method Specific Promolecule Density Constructed =============
 Guess from superposition of atomic densities
 Warning:  Energy on first SCF cycle will be non-variational
 SAD guess density has 183.000000 electrons

 -----------------------------------------------------------------------
  General SCF calculation program by
  Eric Jon Sundstrom, Paul Horn, Yuezhi Mao, Dmitri Zuev, Alec White,
  David Stuck, Shaama M.S., Shane Yost, Joonho Lee, David Small,
  Daniel Levine, Susi Lehtola, Hugh Burton, Evgeny Epifanovsky,
  Bang C. Huynh
 -----------------------------------------------------------------------
 Exchange:     0.5400 Hartree-Fock + 1.0000 M06-2X
 Correlation:  1.0000 M06-2X
 Using SG-3 standard quadrature grid
 using 8 threads for integral computing
 -------------------------------------------------------
 OpenMP Integral computing Module                
 Release: version 1.0, May 2013, Q-Chem Inc. Pittsburgh 
 -------------------------------------------------------
 A restricted SCF calculation will be
 performed using DIIS
 SCF converges when DIIS error is below 1.0e-05
 ---------------------------------------
  Cycle       Energy         DIIS error
 ---------------------------------------
    1   -2536.6452301919      3.71e-02  
    2   -2529.8681870416      5.11e-03  
    3   -2529.5047026251      7.20e-03  
    4   -2530.3420561882      7.94e-04  
    5   -2530.3522397286      3.57e-04  
    6   -2530.3545142243      8.65e-05  
    7   -2530.3546459121      3.37e-05  
    8   -2530.3546688885      9.96e-06  Convergence criterion met
 ---------------------------------------
 SCF time:   CPU 238.44s  wall 31.00s 
 SCF   energy in the final basis set =    -2530.3546688885
 Total energy in the final basis set =    -2530.3546688885
 Exchange:     0.5400 Hartree-Fock + 1.0000 M06-2X
 Correlation:  1.0000 M06-2X
 Using SG-3 standard quadrature grid
 
 SM12 calculation using Merz-Singh-Kollman charges
 Citation of the SM12 model:
 Marenich, A.V.; Cramer, C.J.; Truhlar, D.G.
 J. Chem. Theory Comput. 2013, 9, 609-612.
 iSolventCode=           1
 Solvent: water                                                           
 
  Building new vdw surfaces
         Merz-Kollman ESP Net Atomic Charges

     Atom                 Charge (a.u.)
  ----------------------------------------
      1 C                    -0.152089
      2 C                     0.087632
      3 Cl                   -0.107253
      4 C                    -0.249511
      5 H                     0.126654
      6 C                     0.304430
      7 C                    -0.150454
      8 S                     0.871804
      9 C                    -0.074157
     10 H                     0.206093
     11 S                     1.195100
     12 O                    -0.683396
     13 O                    -0.634816
     14 N                    -1.000217
     15 H                     0.376782
     16 N                    -0.650817
     17 C                     0.338084
     18 N                    -0.219354
     19 O                    -0.481979
     20 O                    -0.517258
     21 C                    -0.616253
     22 Cl                   -0.071590
     23 H                     0.405616
     24 H                     0.079016
     25 H                     0.254793
     26 H                     0.265039
     27 C                    -0.473485
     28 H                     0.189143
     29 H                     0.159922
     30 H                     0.222521
  ----------------------------------------
  Sum of atomic charges =    -1.000000

  Related Dipole Moment =     9.5604 (X  2.5346 Y -4.7485 Z -7.9012)


 Charges (in A.U.) from Merz-Kollman fitting 
 -----------------------------------------------
 Center     Atomic                  MZ       
 Number     Number                  Charge
 -----------------------------------------------
    1          6                   -0.152089
    2          6                    0.087632
    3         17                   -0.107253
    4          6                   -0.249511
    5          1                    0.126654
    6          6                    0.304430
    7          6                   -0.150454
    8         16                    0.871804
    9          6                   -0.074157
   10          1                    0.206093
   11         16                    1.195100
   12          8                   -0.683396
   13          8                   -0.634816
   14          7                   -1.000217
   15          1                    0.376782
   16          7                   -0.650817
   17          6                    0.338084
   18          7                   -0.219354
   19          8                   -0.481979
   20          8                   -0.517258
   21          6                   -0.616253
   22         17                   -0.071590
   23          1                    0.405616
   24          1                    0.079016
   25          1                    0.254793
   26          1                    0.265039
   27          6                   -0.473485
   28          1                    0.189143
   29          1                    0.159922
   30          1                    0.222521
 -----------------------------------------------
 A restricted SCF calculation will be
 performed using Roothaan-Hall, DIIS
 SCF converges when DIIS error is below 1.0e-05
 ---------------------------------------
  Cycle       Energy         DIIS error
 ---------------------------------------
         Merz-Kollman ESP Net Atomic Charges

     Atom                 Charge (a.u.)
  ----------------------------------------
      1 C                    -0.174617
      2 C                     0.049760
      3 Cl                   -0.091176
      4 C                    -0.216943
      5 H                     0.156633
      6 C                     0.365142
      7 C                    -0.151397
      8 S                     0.923461
      9 C                    -0.131424
     10 H                     0.209678
     11 S                     1.213505
     12 O                    -0.722798
     13 O                    -0.680316
     14 N                    -1.055287
     15 H                     0.397518
     16 N                    -0.602762
     17 C                     0.289811
     18 N                    -0.222063
     19 O                    -0.539752
     20 O                    -0.556483
     21 C                    -0.541123
     22 Cl                   -0.103109
     23 H                     0.425448
     24 H                     0.094331
     25 H                     0.265961
     26 H                     0.265659
     27 C                    -0.461548
     28 H                     0.206401
     29 H                     0.173743
     30 H                     0.213752
  ----------------------------------------
  Sum of atomic charges =    -1.000000

  Related Dipole Moment =    14.0861 (X  1.5178 Y -5.0135 Z -13.0759)


 Charges (in A.U.) from Merz-Kollman fitting 
 -----------------------------------------------
 Center     Atomic                  MZ       
 Number     Number                  Charge
 -----------------------------------------------
    1          6                   -0.174617
    2          6                    0.049760
    3         17                   -0.091176
    4          6                   -0.216943
    5          1                    0.156633
    6          6                    0.365142
    7          6                   -0.151397
    8         16                    0.923461
    9          6                   -0.131424
   10          1                    0.209678
   11         16                    1.213505
   12          8                   -0.722798
   13          8                   -0.680316
   14          7                   -1.055287
   15          1                    0.397518
   16          7                   -0.602762
   17          6                    0.289811
   18          7                   -0.222063
   19          8                   -0.539752
   20          8                   -0.556483
   21          6                   -0.541123
   22         17                   -0.103109
   23          1                    0.425448
   24          1                    0.094331
   25          1                    0.265961
   26          1                    0.265659
   27          6                   -0.461548
   28          1                    0.206401
   29          1                    0.173743
   30          1                    0.213752
 -----------------------------------------------
    1   -2530.3546698267      5.09e-04  Roothaan Step
 ---------------------------------------
  Cycle       Energy         DIIS error
 ---------------------------------------
         Merz-Kollman ESP Net Atomic Charges

     Atom                 Charge (a.u.)
  ----------------------------------------
      1 C                    -0.106943
      2 C                     0.090203
      3 Cl                   -0.104696
      4 C                    -0.312730
      5 H                     0.179398
      6 C                     0.368667
      7 C                    -0.198506
      8 S                     0.934028
      9 C                    -0.086758
     10 H                     0.204379
     11 S                     1.249531
     12 O                    -0.744594
     13 O                    -0.696089
     14 N                    -1.075887
     15 H                     0.390907
     16 N                    -0.648582
     17 C                     0.256646
     18 N                    -0.234230
     19 O                    -0.517785
     20 O                    -0.549258
     21 C                    -0.623476
     22 Cl                   -0.064006
     23 H                     0.444670
     24 H                     0.114103
     25 H                     0.293973
     26 H                     0.294203
     27 C                    -0.468582
     28 H                     0.212954
     29 H                     0.180177
     30 H                     0.218283
  ----------------------------------------
  Sum of atomic charges =    -1.000000

  Related Dipole Moment =    14.0192 (X  2.3426 Y -5.0092 Z -12.8824)


 Charges (in A.U.) from Merz-Kollman fitting 
 -----------------------------------------------
 Center     Atomic                  MZ       
 Number     Number                  Charge
 -----------------------------------------------
    1          6                   -0.106943
    2          6                    0.090203
    3         17                   -0.104696
    4          6                   -0.312730
    5          1                    0.179398
    6          6                    0.368667
    7          6                   -0.198506
    8         16                    0.934028
    9          6                   -0.086758
   10          1                    0.204379
   11         16                    1.249531
   12          8                   -0.744594
   13          8                   -0.696089
   14          7                   -1.075887
   15          1                    0.390907
   16          7                   -0.648582
   17          6                    0.256646
   18          7                   -0.234230
   19          8                   -0.517785
   20          8                   -0.549258
   21          6                   -0.623476
   22         17                   -0.064006
   23          1                    0.444670
   24          1                    0.114103
   25          1                    0.293973
   26          1                    0.294203
   27          6                   -0.468582
   28          1                    0.212954
   29          1                    0.180177
   30          1                    0.218283
 -----------------------------------------------
    1   -2530.3351333058      3.47e-04  
         Merz-Kollman ESP Net Atomic Charges

     Atom                 Charge (a.u.)
  ----------------------------------------
      1 C                    -0.159421
      2 C                     0.068523
      3 Cl                   -0.097015
      4 C                    -0.272506
      5 H                     0.171769
      6 C                     0.386720
      7 C                    -0.177582
      8 S                     0.948555
      9 C                    -0.109523
     10 H                     0.207673
     11 S                     1.253628
     12 O                    -0.742943
     13 O                    -0.697347
     14 N                    -1.078106
     15 H                     0.394786
     16 N                    -0.616172
     17 C                     0.258645
     18 N                    -0.217694
     19 O                    -0.540639
     20 O                    -0.562016
     21 C                    -0.586967
     22 Cl                   -0.080980
     23 H                     0.434630
     24 H                     0.107858
     25 H                     0.284451
     26 H                     0.283555
     27 C                    -0.471736
     28 H                     0.213045
     29 H                     0.179918
     30 H                     0.216890
  ----------------------------------------
  Sum of atomic charges =    -1.000000

  Related Dipole Moment =    14.7382 (X  1.9879 Y -5.0213 Z -13.7131)


 Charges (in A.U.) from Merz-Kollman fitting 
 -----------------------------------------------
 Center     Atomic                  MZ       
 Number     Number                  Charge
 -----------------------------------------------
    1          6                   -0.159421
    2          6                    0.068523
    3         17                   -0.097015
    4          6                   -0.272506
    5          1                    0.171769
    6          6                    0.386720
    7          6                   -0.177582
    8         16                    0.948555
    9          6                   -0.109523
   10          1                    0.207673
   11         16                    1.253628
   12          8                   -0.742943
   13          8                   -0.697347
   14          7                   -1.078106
   15          1                    0.394786
   16          7                   -0.616172
   17          6                    0.258645
   18          7                   -0.217694
   19          8                   -0.540639
   20          8                   -0.562016
   21          6                   -0.586967
   22         17                   -0.080980
   23          1                    0.434630
   24          1                    0.107858
   25          1                    0.284451
   26          1                    0.283555
   27          6                   -0.471736
   28          1                    0.213045
   29          1                    0.179918
   30          1                    0.216890
 -----------------------------------------------
    2   -2530.3361577274      3.72e-04  
         Merz-Kollman ESP Net Atomic Charges

     Atom                 Charge (a.u.)
  ----------------------------------------
      1 C                    -0.152605
      2 C                     0.077181
      3 Cl                   -0.099225
      4 C                    -0.278497
      5 H                     0.173752
      6 C                     0.389317
      7 C                    -0.186883
      8 S                     0.940325
      9 C                    -0.106575
     10 H                     0.207920
     11 S                     1.256023
     12 O                    -0.746377
     13 O                    -0.700504
     14 N                    -1.083950
     15 H                     0.396206
     16 N                    -0.620406
     17 C                     0.258119
     18 N                    -0.226221
     19 O                    -0.534755
     20 O                    -0.558080
     21 C                    -0.582803
     22 Cl                   -0.080951
     23 H                     0.437445
     24 H                     0.109424
     25 H                     0.284942
     26 H                     0.283644
     27 C                    -0.465568
     28 H                     0.213067
     29 H                     0.179928
     30 H                     0.216108
  ----------------------------------------
  Sum of atomic charges =    -1.000000

  Related Dipole Moment =    14.9024 (X  2.0165 Y -5.0584 Z -13.8718)


 Charges (in A.U.) from Merz-Kollman fitting 
 -----------------------------------------------
 Center     Atomic                  MZ       
 Number     Number                  Charge
 -----------------------------------------------
    1          6                   -0.152605
    2          6                    0.077181
    3         17                   -0.099225
    4          6                   -0.278497
    5          1                    0.173752
    6          6                    0.389317
    7          6                   -0.186883
    8         16                    0.940325
    9          6                   -0.106575
   10          1                    0.207920
   11         16                    1.256023
   12          8                   -0.746377
   13          8                   -0.700504
   14          7                   -1.083950
   15          1                    0.396206
   16          7                   -0.620406
   17          6                    0.258119
   18          7                   -0.226221
   19          8                   -0.534755
   20          8                   -0.558080
   21          6                   -0.582803
   22         17                   -0.080951
   23          1                    0.437445
   24          1                    0.109424
   25          1                    0.284942
   26          1                    0.283644
   27          6                   -0.465568
   28          1                    0.213067
   29          1                    0.179928
   30          1                    0.216108
 -----------------------------------------------
    3   -2530.3332681293      6.69e-05  
         Merz-Kollman ESP Net Atomic Charges

     Atom                 Charge (a.u.)
  ----------------------------------------
      1 C                    -0.156062
      2 C                     0.075789
      3 Cl                   -0.098452
      4 C                    -0.282508
      5 H                     0.174783
      6 C                     0.391587
      7 C                    -0.185233
      8 S                     0.945794
      9 C                    -0.104887
     10 H                     0.207799
     11 S                     1.257900
     12 O                    -0.747108
     13 O                    -0.700844
     14 N                    -1.084960
     15 H                     0.395718
     16 N                    -0.619774
     17 C                     0.254785
     18 N                    -0.223085
     19 O                    -0.537344
     20 O                    -0.560434
     21 C                    -0.588510
     22 Cl                   -0.078613
     23 H                     0.437759
     24 H                     0.110787
     25 H                     0.286778
     26 H                     0.285541
     27 C                    -0.468055
     28 H                     0.213663
     29 H                     0.180632
     30 H                     0.216554
  ----------------------------------------
  Sum of atomic charges =    -1.000000

  Related Dipole Moment =    14.9903 (X  2.0623 Y -5.0548 Z -13.9608)


 Charges (in A.U.) from Merz-Kollman fitting 
 -----------------------------------------------
 Center     Atomic                  MZ       
 Number     Number                  Charge
 -----------------------------------------------
    1          6                   -0.156062
    2          6                    0.075789
    3         17                   -0.098452
    4          6                   -0.282508
    5          1                    0.174783
    6          6                    0.391587
    7          6                   -0.185233
    8         16                    0.945794
    9          6                   -0.104887
   10          1                    0.207799
   11         16                    1.257900
   12          8                   -0.747108
   13          8                   -0.700844
   14          7                   -1.084960
   15          1                    0.395718
   16          7                   -0.619774
   17          6                    0.254785
   18          7                   -0.223085
   19          8                   -0.537344
   20          8                   -0.560434
   21          6                   -0.588510
   22         17                   -0.078613
   23          1                    0.437759
   24          1                    0.110787
   25          1                    0.286778
   26          1                    0.285541
   27          6                   -0.468055
   28          1                    0.213663
   29          1                    0.180632
   30          1                    0.216554
 -----------------------------------------------
    4   -2530.3323369430      3.84e-05  
    5   -2530.3318096304      7.19e-06  Convergence criterion met
 ---------------------------------------
 SCF time:   CPU 215.37s  wall 31.00s 
(0)  E-EN(g) gas-phase elect-nuc energy                -2530.354668888 a.u.
(1)  E-EN(liq) elect-nuc energy of solute              -2530.331809630 a.u.
(2)  G-P(liq) polarization free energy of solvation           -91.2441 kcal/mol
(3)  G-ENP(liq) elect-nuc-pol free energy of system    -2530.477216373 a.u.
(4)  G-CDS(liq) cavity-dispersion-solvent structure 
     free energy                                                2.2264 kcal/mol
(5)  G-P-CDS(liq) = G-P(liq) + G-CDS(liq) = (2) + (4)         -89.0177 kcal/mol
(6)  G-S(liq) free energy of system = (1) + (5)        -2530.473668382 a.u.
(7)  DeltaE-EN(liq) elect-nuc reorganization
     energy of solute molecule (7) = (1) - (0)                 14.3444 kcal/mol
(8)  DeltaG-ENP(liq) elect-nuc-pol free energy
     of solvation (8) = (3) - (0)                             -76.8997 kcal/mol
(9)  DeltaG-S(liq) free energy of  solvation
     (9) = (6) - (0)                                          -74.6733 kcal/mol
 SCF   energy in the final basis set =    -2530.4736683821
 Total energy in the final basis set =    -2530.4736683821
 
 --------------------------------------------------------------
 
                    Orbital Energies (a.u.)
 --------------------------------------------------------------
 
 Alpha MOs
 -- Occupied --
********-102.6652 -90.1783 -90.1422 -19.6635 -19.6629 -19.6277 -19.6262
-14.8237 -14.8134 -14.7298 -10.6622 -10.6537 -10.6479 -10.6295 -10.6101
-10.6012 -10.5996 -10.5940 -10.5914  -9.8422  -9.8153  -8.4935  -8.4546
 -7.5665  -7.5600  -7.5597  -7.5394  -7.5329  -7.5328  -6.4157  -6.4150
 -6.4144  -6.3771  -6.3765  -6.3758  -1.2626  -1.2171  -1.1443  -1.1222
 -1.1015  -1.0562  -1.0224  -0.9802  -0.9735  -0.9614  -0.8946  -0.8900
 -0.8419  -0.8212  -0.7594  -0.7529  -0.7350  -0.7040  -0.6600  -0.6548
 -0.6327  -0.6135  -0.6073  -0.5849  -0.5731  -0.5635  -0.5586  -0.5479
 -0.5388  -0.5330  -0.5273  -0.5227  -0.5121  -0.5031  -0.4903  -0.4795
 -0.4768  -0.4687  -0.4460  -0.4354  -0.4347  -0.4238  -0.4129  -0.4060
 -0.4014  -0.3991  -0.3924  -0.3839  -0.3755  -0.3731  -0.3646  -0.3488
 -0.3381  -0.3312  -0.3177  -0.2833
 -- Virtual --
 -0.0301  -0.0250  -0.0100  -0.0071   0.0021   0.0032   0.0075   0.0084
  0.0216   0.0254   0.0309   0.0360   0.0419   0.0468   0.0524   0.0534
  0.0671   0.0689   0.0705   0.0744   0.0802   0.0821   0.0872   0.0900
  0.0920   0.0927   0.1011   0.1037   0.1064   0.1113   0.1145   0.1176
  0.1224   0.1251   0.1266   0.1306   0.1372   0.1442   0.1476   0.1495
  0.1520   0.1559   0.1603   0.1642   0.1668   0.1696   0.1736   0.1771
  0.1785   0.1807   0.1870   0.1923   0.1965   0.2028   0.2080   0.2126
  0.2155   0.2165   0.2196   0.2233   0.2276   0.2371   0.2377   0.2409
  0.2426   0.2462   0.2518   0.2582   0.2630   0.2645   0.2680   0.2767
  0.2801   0.2826   0.2839   0.2884   0.2922   0.2964   0.3000   0.3017
  0.3029   0.3061   0.3113   0.3140   0.3185   0.3221   0.3299   0.3367
  0.3439   0.3458   0.3472   0.3515   0.3553   0.3581   0.3696   0.3766
  0.3862   0.3924   0.3976   0.4104   0.4184   0.4218   0.4315   0.4376
  0.4475   0.4527   0.4563   0.4675   0.4861   0.5173   0.5286   0.5622
  0.5849   0.6052   0.6062   0.6107   0.6280   0.6489   0.6527   0.6550
  0.6643   0.6739   0.6750   0.6859   0.6930   0.7008   0.7060   0.7117
  0.7149   0.7233   0.7309   0.7427   0.7462   0.7571   0.7674   0.7687
  0.7797   0.7845   0.7919   0.7963   0.8151   0.8358   0.8401   0.8644
  0.8718   0.8850   0.8995   0.9025   0.9128   0.9236   0.9351   0.9379
  0.9528   0.9542   0.9677   0.9787   0.9905   0.9984   1.0097   1.0170
  1.0208   1.0234   1.0299   1.0418   1.0481   1.0547   1.0617   1.0674
  1.0823   1.0873   1.1027   1.1117   1.1185   1.1252   1.1296   1.1426
  1.1497   1.1591   1.1635   1.1762   1.1810   1.1971   1.2046   1.2088
  1.2200   1.2244   1.2298   1.2424   1.2517   1.2632   1.2781   1.3031
  1.3084   1.3314   1.3409   1.3512   1.3555   1.3688   1.3714   1.3885
  1.3940   1.3962   1.4040   1.4067   1.4212   1.4248   1.4368   1.4557
  1.4712   1.4753   1.4775   1.4996   1.5102   1.5189   1.5274   1.5342
  1.5716   1.5760   1.5839   1.6105   1.6263   1.6386   1.6579   1.7068
  1.7235   1.7491   1.7634   1.7887   1.7962   1.8062   1.8140   1.8324
  1.8386   1.8437   1.8540   1.8669   1.8718   1.8779   1.8839   1.8916
  1.8951   1.9097   1.9320   1.9580   1.9600   1.9777   1.9949   2.0032
  2.0061   2.0212   2.0284   2.0358   2.0453   2.0525   2.0761   2.0842
  2.1093   2.1231   2.1408   2.1604   2.1729   2.1929   2.2033   2.2133
  2.2258   2.2339   2.2476   2.2562   2.2600   2.2945   2.2997   2.3092
  2.3500   2.3583   2.3681   2.3970   2.4110   2.4159   2.4288   2.4849
  2.5214   2.5458   2.5740   2.6098   2.6318   2.6482   2.6594   2.6988
  2.7458   2.7688   2.7803   2.8032   2.8247   2.8670   2.8815   2.9200
  2.9485   2.9843   3.0048   3.0351   3.1956   3.3250   4.0068   4.0495
  4.0799   4.2035   4.2314   4.2580   4.2631   4.2663   4.3048   4.3105
  4.3533   4.3846   4.4100   4.4379   4.4714   4.4899   4.5073   4.5269
  4.6478   4.7429
 --------------------------------------------------------------
 
          Ground-State Mulliken Net Atomic Charges

     Atom                 Charge (a.u.)
  ----------------------------------------
      1 C                    -7.460129
      2 C                     1.695297
      3 Cl                    0.189742
      4 C                    -0.106431
      5 H                     0.313254
      6 C                     3.600957
      7 C                     0.159741
      8 S                     1.338199
      9 C                    -0.378668
     10 H                     0.283272
     11 S                     0.341834
     12 O                    -0.690077
     13 O                    -0.916369
     14 N                    -0.963666
     15 H                     0.404949
     16 N                    -0.443537
     17 C                     0.445745
     18 N                    -0.660762
     19 O                    -0.699026
     20 O                    -0.533342
     21 C                     0.860463
     22 Cl                   -0.064138
     23 H                     0.521205
     24 H                     0.298398
     25 H                     0.332527
     26 H                     0.330922
     27 C                    -0.073568
     28 H                     0.303875
     29 H                     0.309949
     30 H                     0.259385
  ----------------------------------------
  Sum of atomic charges =    -0.999998

         Merz-Kollman ESP Net Atomic Charges

     Atom                 Charge (a.u.)
  ----------------------------------------
      1 C                    -0.156353
      2 C                     0.077084
      3 Cl                   -0.099004
      4 C                    -0.283075
      5 H                     0.174731
      6 C                     0.392394
      7 C                    -0.186198
      8 S                     0.945553
      9 C                    -0.105435
     10 H                     0.207970
     11 S                     1.261027
     12 O                    -0.748088
     13 O                    -0.701873
     14 N                    -1.086134
     15 H                     0.395700
     16 N                    -0.618771
     17 C                     0.253726
     18 N                    -0.222787
     19 O                    -0.537091
     20 O                    -0.560194
     21 C                    -0.588699
     22 Cl                   -0.078437
     23 H                     0.437580
     24 H                     0.111020
     25 H                     0.286898
     26 H                     0.285653
     27 C                    -0.468507
     28 H                     0.213809
     29 H                     0.180809
     30 H                     0.216691
  ----------------------------------------
  Sum of atomic charges =    -1.000000

  Related Dipole Moment =    15.0086 (X  2.0666 Y -5.0559 Z -13.9795)

 -----------------------------------------------------------------
                    Cartesian Multipole Moments
 -----------------------------------------------------------------
    Charge (ESU x 10^10)
                -4.8032
    Dipole Moment (Debye)
         X       2.0543      Y      -5.0172      Z     -13.9365
       Tot      14.9539
    Quadrupole Moments (Debye-Ang)
        XX    -164.3729     XY       2.8380     YY    -172.8160
        XZ      23.5737     YZ       5.8353     ZZ    -105.4605
    Octopole Moments (Debye-Ang^2)
       XXX     262.3835    XXY     -89.8446    XYY      96.3259
       YYY    -327.2313    XXZ     363.9706    XYZ      -2.7999
       YYZ     449.8469    XZZ      71.6383    YZZ    -208.1213
       ZZZ     843.6477
    Hexadecapole Moments (Debye-Ang^3)
      XXXX   -3643.4288   XXXY     286.2490   XXYY    -835.0870
      XYYY     386.3205   YYYY   -1148.8347   XXXZ     550.0342
      XXYZ     272.3913   XYYZ     215.8204   YYYZ     876.0704
      XXZZ   -2719.7115   XYZZ     171.3086   YYZZ   -2913.6915
      XZZZ     500.1668   YZZZ    1672.2640   ZZZZ  -12169.3968
 -----------------------------------------------------------------
 Total job time:  65.60s(wall), 459.59s(cpu) 
 Thu Jun 30 00:03:19 2022

        *************************************************************
        *                                                           *
        *  Thank you very much for using Q-Chem.  Have a nice day.  *
        *                                                           *
        *************************************************************


