                  Welcome to Q-Chem
     A Quantum Leap Into The Future Of Chemistry


 Q-Chem 5.4 (devel), Q-Chem, Inc., Pleasanton, CA (2021)

 E. Epifanovsky,  A. T. B. Gilbert,  Xintian Feng,  Joonho Lee,  Yuezhi Mao,  
 N. Mardirossian,  P. Pokhilko,  A. White,  M. Wormit,  M. P. Coons,  
 A. L. Dempwolff,  Zhengting Gan,  D. Hait,  P. R. Horn,  L. D. Jacobson,  
 I. Kaliman,  J. Kussmann,  A. W. Lange,  Ka Un Lao,  D. S. Levine,  Jie Liu,  
 S. C. McKenzie,  A. F. Morrison,  K. Nanda,  F. Plasser,  D. R. Rehn,  
 M. L. Vidal,  Zhi-Qiang You,  Ying Zhu,  B. Alam,  B. Albrecht,  
 A. Aldossary,  E. Alguire,  J. H. Andersen,  D. Barton,  K. Begam,  A. Behn,  
 Y. A. Bernard,  E. J. Berquist,  H. Burton,  A. Carreras,  K. Carter-Fenk,  
 R. Chakraborty,  A. D. Chien,  K. D. Closser,  V. Cofer-Shabica,  
 S. Dasgupta,  Jia Deng,  M. de Wergifosse,  M. Diedenhofen,  Hainam Do,  
 S. Ehlert,  Po-Tung Fang,  S. Fatehi,  Qingguo Feng,  T. Friedhoff,  
 J. Gayvert,  Qinghui Ge,  G. Gidofalvi,  M. Goldey,  J. Gomes,  
 C. Gonzalez-Espinoza,  S. Gulania,  A. Gunina,  M. W. D. Hanson-Heine,  
 P. H. P. Harbach,  A. W. Hauser,  M. F. Herbst,  M. Hernandez Vera,  
 M. Hodecker,  Z. C. Holden,  S. Houck,  Xunkun Huang,  Kerwin Hui,  
 B. C. Huynh,  M. Ivanov,  Hyunjun Ji,  Hanjie Jiang,  B. Kaduk,  S. Kaehler,  
 K. Khistyaev,  Jaehoon Kim,  P. Klunzinger,  Z. Koczor-Benda,  
 Joong Hoon Koh,  D. Kosenkov,  L. Koulias,  T. Kowalczyk,  C. M. Krauter,  
 K. Kue,  A. Kunitsa,  T. Kus,  A. Landau,  K. V. Lawler,  D. Lefrancois,  
 S. Lehtola,  Rain Li,  Yi-Pei Li,  Jiashu Liang,  M. Liebenthal,  
 Hung-Hsuan Lin,  You-Sheng Lin,  Fenglai Liu,  Kuan-Yu Liu,  
 M. Loipersberger,  A. Luenser,  A. Manjanath,  P. Manohar,  E. Mansoor,  
 S. F. Manzer,  Shan-Ping Mao,  A. V. Marenich,  T. Markovich,  S. Mason,  
 S. A. Maurer,  P. F. McLaughlin,  M. F. S. J. Menger,  J.-M. Mewes,  
 S. A. Mewes,  P. Morgante,  J. W. Mullinax,  K. J. Oosterbaan,  G. Paran,  
 Alexander C. Paul,  Suranjan K. Paul,  F. Pavosevic,  Zheng Pei,  S. Prager,  
 E. I. Proynov,  E. Ramos,  B. Rana,  A. E. Rask,  A. Rettig,  R. M. Richard,  
 F. Rob,  E. Rossomme,  T. Scheele,  M. Scheurer,  M. Schneider,  
 N. Sergueev,  S. M. Sharada,  W. Skomorowski,  D. W. Small,  C. J. Stein,  
 Yu-Chuan Su,  E. J. Sundstrom,  Zhen Tao,  J. Thirman,  T. Tsuchimochi,  
 N. M. Tubman,  S. P. Veccham,  O. Vydrov,  J. Wenzel,  J. Witte,  A. Yamada,  
 Kun Yao,  S. Yeganeh,  S. R. Yost,  A. Zech,  Igor Ying Zhang,  Xing Zhang,  
 Yu Zhang,  D. Zuev,  A. Aspuru-Guzik,  A. T. Bell,  N. A. Besley,  
 K. B. Bravaya,  B. R. Brooks,  D. Casanova,  Jeng-Da Chai,  S. Coriani,  
 C. J. Cramer,  A. E. DePrince, III,  R. A. DiStasio Jr.,  A. Dreuw,  
 B. D. Dunietz,  T. R. Furlani,  W. A. Goddard III,  S. Grimme,  
 S. Hammes-Schiffer,  T. Head-Gordon,  W. J. Hehre,  Chao-Ping Hsu,  
 T.-C. Jagau,  Yousung Jung,  A. Klamt,  Jing Kong,  D. S. Lambrecht,  
 WanZhen Liang,  N. J. Mayhall,  C. W. McCurdy,  J. B. Neaton,  
 C. Ochsenfeld,  J. A. Parkhill,  R. Peverati,  V. A. Rassolov,  Yihan Shao,  
 L. V. Slipchenko,  T. Stauch,  R. P. Steele,  J. E. Subotnik,  
 A. J. W. Thom,  A. Tkatchenko,  D. G. Truhlar,  T. Van Voorhis,  
 T. A. Wesolowski,  K. B. Whaley,  H. L. Woodcock III,  P. M. Zimmerman,  
 S. Faraji,  P. M. W. Gill,  M. Head-Gordon,  J. M. Herbert,  A. I. Krylov

 Additional authors for Version 5.4.1: 
 S. Kotaru,  Shaozhi Li,  Xiangyuan Li,  F. Matz,  A. Molle,  Haisheng Ren,  
 Yingli Su,  Hung-Yi Tsai,  C. Utku,  Fang Wang

 Contributors to earlier versions of Q-Chem not listed above: 
 R. D. Adamson,  B. Austin,  R. Baer,  J. Baker,  G. J. O. Beran,  
 K. Brandhorst,  S. T. Brown,  E. F. C. Byrd,  A. K. Chakraborty,  
 G. K. L. Chan,  Chun-Min Chang,  Yunqing Chen,  C.-L. Cheng,  
 Siu Hung Chien,  D. M. Chipman,  D. L. Crittenden,  H. Dachsel,  
 R. J. Doerksen,  A. D. Dutoi,  R. G. Edgar,  J. Fosso-Tande,  
 L. Fusti-Molnar,  D. Ghosh,  A. Ghysels,  A. Golubeva-Zadorozhnaya,  
 J. Gonthier,  M. S. Gordon,  S. R. Gwaltney,  G. Hawkins,  J. E. Herr,  
 A. Heyden,  S. Hirata,  E. G. Hohenstein,  G. Kedziora,  F. J. Keil,  
 C. Kelley,  Jihan Kim,  R. A. King,  R. Z. Khaliullin,  P. P. Korambath,  
 W. Kurlancheek,  A. Laurent,  A. M. Lee,  M. S. Lee,  S. V. Levchenko,  
 Ching Yeh Lin,  D. Liotard,  E. Livshits,  R. C. Lochan,  I. Lotan,  
 L. A. Martinez-Martinez,  P. E. Maslen,  N. Nair,  D. P. O'Neill,  
 D. Neuhauser,  E. Neuscamman,  C. M. Oana,  R. Olivares-Amaya,  R. Olson,  
 T. M. Perrine,  B. Peters,  P. A. Pieniazek,  A. Prociuk,  Y. M. Rhee,  
 J. Ritchie,  M. A. Rohrdanz,  E. Rosta,  N. J. Russ,  H. F. Schaefer III,  
 M. W. Schmidt,  N. E. Schultz,  S. Sharma,  N. Shenvi,  C. D. Sherrill,  
 A. C. Simmonett,  A. Sodt,  T. Stein,  D. Stuck,  K. S. Thanthiriwatte,  
 V. Vanovschi,  L. Vogt,  Tao Wang,  A. Warshel,  M. A. Watson,  
 C. F. Williams,  Q. Wu,  X. Xu,  Jun Yang,  W. Zhang,  Yan Zhao

 Please cite Q-Chem as follows:
 Y. Shao et al., Mol. Phys. 113, 184-215 (2015)
 DOI: 10.1080/00268976.2014.952696

 Q-Chem 5.4.1 for Intel X86 EM64T Linux

 Parts of Q-Chem use Armadillo 9.800.1 (Horizon Scraper).
 http://arma.sourceforge.net/

 Q-Chem begins on Thu Jun 30 14:00:07 2022  

 Host: gadi-cpu-clx-1563.gadi.nci.org.au
0

     Scratch files written to /jobfs/48956447.gadi-pbs/qchem816418//
 Processing $rem in /apps/qchem/5.4.1/config/preferences:
 Processing $rem in /home/561/yj5695/.qchemrc:
 Symmetry turned off for PCM/SM12/SMD calculation
 Method-specific promolecule density matrix will be built for SM12 calculation

 Checking the input file for inconsistencies... 	...done.

--------------------------------------------------------------
User input:
--------------------------------------------------------------
$molecule
-1  1
C -1.311291  0.206392 -1.053067
C -2.298415  0.981255 -1.683052
Cl -3.769464  1.417091 -0.848391
C -2.166891  1.421485 -2.988719
H -2.948858  2.013565 -3.454609
C -1.018951  1.080574 -3.71781
C -0.011844  0.322595 -3.096755
C  1.266147  0.080082 -3.81067
C -0.168697 -0.102058 -1.778227
H  0.621011 -0.680386 -1.310549
S -1.473228 -0.423742  0.637961
O -0.215573 -1.187019  0.840882
O -1.567841  0.811351  1.471249
N -2.686908 -1.398194  0.750484
H -3.542801 -0.841321  0.794173
N -0.820633  1.501768 -5.017922
C -0.024368  0.586843 -5.827208
N  1.269762  0.406113 -5.133221
C  0.147458  1.138107 -7.22446
H -1.66694  1.809068 -5.491991
H -0.524818 -0.393265 -5.871901
H  0.675076  0.424749 -7.862149
H  0.699283  2.082697 -7.206061
O  2.275325 -0.337019 -3.225969
C  2.466754  0.156062 -5.891122
C  2.704544 -1.124409 -6.411504
C  1.717188 -2.241911 -6.208296
C  3.880144 -1.32074 -7.142569
H  4.08318 -2.306655 -7.553604
C  4.788381 -0.281883 -7.348194
H  5.693778 -0.462415 -7.92049
C  4.535749  0.982299 -6.817909
H  5.238518  1.795517 -6.971581
C  3.3698  1.198403 -6.084539
H  3.1511  2.174566 -5.660861
H -0.843772  1.310655 -7.654429
H  2.159055 -3.199589 -6.494618
H  0.820553 -2.088006 -6.820847
H  1.393083 -2.308858 -5.163978
$end

$rem
jobtype sp
exchange M062X
basis 6-31G*
SMX_GAS_PHASE = TRUE
solvent_method sm12
$end

$smx
solvent water
charges mk
$end
--------------------------------------------------------------
 ----------------------------------------------------------------
             Standard Nuclear Orientation (Angstroms)
    I     Atom           X                Y                Z
 ----------------------------------------------------------------
    1      C      -1.3112910000     0.2063920000    -1.0530670000
    2      C      -2.2984150000     0.9812550000    -1.6830520000
    3      Cl     -3.7694640000     1.4170910000    -0.8483910000
    4      C      -2.1668910000     1.4214850000    -2.9887190000
    5      H      -2.9488580000     2.0135650000    -3.4546090000
    6      C      -1.0189510000     1.0805740000    -3.7178100000
    7      C      -0.0118440000     0.3225950000    -3.0967550000
    8      C       1.2661470000     0.0800820000    -3.8106700000
    9      C      -0.1686970000    -0.1020580000    -1.7782270000
   10      H       0.6210110000    -0.6803860000    -1.3105490000
   11      S      -1.4732280000    -0.4237420000     0.6379610000
   12      O      -0.2155730000    -1.1870190000     0.8408820000
   13      O      -1.5678410000     0.8113510000     1.4712490000
   14      N      -2.6869080000    -1.3981940000     0.7504840000
   15      H      -3.5428010000    -0.8413210000     0.7941730000
   16      N      -0.8206330000     1.5017680000    -5.0179220000
   17      C      -0.0243680000     0.5868430000    -5.8272080000
   18      N       1.2697620000     0.4061130000    -5.1332210000
   19      C       0.1474580000     1.1381070000    -7.2244600000
   20      H      -1.6669400000     1.8090680000    -5.4919910000
   21      H      -0.5248180000    -0.3932650000    -5.8719010000
   22      H       0.6750760000     0.4247490000    -7.8621490000
   23      H       0.6992830000     2.0826970000    -7.2060610000
   24      O       2.2753250000    -0.3370190000    -3.2259690000
   25      C       2.4667540000     0.1560620000    -5.8911220000
   26      C       2.7045440000    -1.1244090000    -6.4115040000
   27      C       1.7171880000    -2.2419110000    -6.2082960000
   28      C       3.8801440000    -1.3207400000    -7.1425690000
   29      H       4.0831800000    -2.3066550000    -7.5536040000
   30      C       4.7883810000    -0.2818830000    -7.3481940000
   31      H       5.6937780000    -0.4624150000    -7.9204900000
   32      C       4.5357490000     0.9822990000    -6.8179090000
   33      H       5.2385180000     1.7955170000    -6.9715810000
   34      C       3.3698000000     1.1984030000    -6.0845390000
   35      H       3.1511000000     2.1745660000    -5.6608610000
   36      H      -0.8437720000     1.3106550000    -7.6544290000
   37      H       2.1590550000    -3.1995890000    -6.4946180000
   38      H       0.8205530000    -2.0880060000    -6.8208470000
   39      H       1.3930830000    -2.3088580000    -5.1639780000
 ----------------------------------------------------------------
 Nuclear Repulsion Energy =        2367.52121411 hartrees
 There are       95 alpha and       95 beta electrons
 Requested basis set is 6-31G(d)
 There are 128 shells and 398 basis functions

 Total QAlloc Memory Limit   2000 MB
 Mega-Array Size       188 MB
 MEM_STATIC part       192 MB
 A cutoff of  1.0D-08 yielded   4087 shell pairs
 There are     41934 function pairs
 Smallest overlap matrix eigenvalue = 3.43E-04

 Scale SEOQF with 1.000000e-02/1.000000e-01/1.000000e-02

 Standard Electronic Orientation quadrupole field applied
 Nucleus-field energy     =    -0.0000000192 hartrees
 ================ Generating on-the-fly Promolecule Density  ================
Attempting to make child job directory: /jobfs/48956447.gadi-pbs/qchem816418//Frg1/
Attempting to make child job directory: /jobfs/48956447.gadi-pbs/qchem816418//Frg2/
Attempting to make child job directory: /jobfs/48956447.gadi-pbs/qchem816418//Frg3/
Attempting to make child job directory: /jobfs/48956447.gadi-pbs/qchem816418//Frg4/
Attempting to make child job directory: /jobfs/48956447.gadi-pbs/qchem816418//Frg5/
Attempting to make child job directory: /jobfs/48956447.gadi-pbs/qchem816418//Frg6/
Creating input file /jobfs/48956447.gadi-pbs/qchem816418/Frg1.input
using default PutDataFrgm: nothing
calling putenv with: QCSCRATCH=/jobfs/48956447.gadi-pbs/qchem816418/ 
Spawning Job For Fragment 0
Done Job For Fragment 0
calling putenv with: QCSCRATCH=/jobfs/48956447.gadi-pbs 
calling putenv with: QCTHREADS=8 
Creating input file /jobfs/48956447.gadi-pbs/qchem816418/Frg2.input
using default PutDataFrgm: nothing
calling putenv with: QCSCRATCH=/jobfs/48956447.gadi-pbs/qchem816418/ 
Spawning Job For Fragment 1
Done Job For Fragment 1
calling putenv with: QCSCRATCH=/jobfs/48956447.gadi-pbs 
calling putenv with: QCTHREADS=8 
Creating input file /jobfs/48956447.gadi-pbs/qchem816418/Frg3.input
using default PutDataFrgm: nothing
calling putenv with: QCSCRATCH=/jobfs/48956447.gadi-pbs/qchem816418/ 
Spawning Job For Fragment 2
Done Job For Fragment 2
calling putenv with: QCSCRATCH=/jobfs/48956447.gadi-pbs 
calling putenv with: QCTHREADS=8 
Creating input file /jobfs/48956447.gadi-pbs/qchem816418/Frg4.input
using default PutDataFrgm: nothing
calling putenv with: QCSCRATCH=/jobfs/48956447.gadi-pbs/qchem816418/ 
Spawning Job For Fragment 3
Done Job For Fragment 3
calling putenv with: QCSCRATCH=/jobfs/48956447.gadi-pbs 
calling putenv with: QCTHREADS=8 
Creating input file /jobfs/48956447.gadi-pbs/qchem816418/Frg5.input
using default PutDataFrgm: nothing
calling putenv with: QCSCRATCH=/jobfs/48956447.gadi-pbs/qchem816418/ 
Spawning Job For Fragment 4
Done Job For Fragment 4
calling putenv with: QCSCRATCH=/jobfs/48956447.gadi-pbs 
calling putenv with: QCTHREADS=8 
Creating input file /jobfs/48956447.gadi-pbs/qchem816418/Frg6.input
using default PutDataFrgm: nothing
calling putenv with: QCSCRATCH=/jobfs/48956447.gadi-pbs/qchem816418/ 
Spawning Job For Fragment 5
Done Job For Fragment 5
calling putenv with: QCSCRATCH=/jobfs/48956447.gadi-pbs 
calling putenv with: QCTHREADS=8 
 Time for running child jobs:  CPU 0.95 s  wall 2.13 s
 ============= Method Specific Promolecule Density Constructed =============
 Guess from superposition of atomic densities
 Warning:  Energy on first SCF cycle will be non-variational
 SAD guess density has 189.000000 electrons

 -----------------------------------------------------------------------
  General SCF calculation program by
  Eric Jon Sundstrom, Paul Horn, Yuezhi Mao, Dmitri Zuev, Alec White,
  David Stuck, Shaama M.S., Shane Yost, Joonho Lee, David Small,
  Daniel Levine, Susi Lehtola, Hugh Burton, Evgeny Epifanovsky,
  Bang C. Huynh
 -----------------------------------------------------------------------
 Exchange:     0.5400 Hartree-Fock + 1.0000 M06-2X
 Correlation:  1.0000 M06-2X
 Using SG-3 standard quadrature grid
 using 8 threads for integral computing
 -------------------------------------------------------
 OpenMP Integral computing Module                
 Release: version 1.0, May 2013, Q-Chem Inc. Pittsburgh 
 -------------------------------------------------------
 A restricted SCF calculation will be
 performed using DIIS
 SCF converges when DIIS error is below 1.0e-05
 ---------------------------------------
  Cycle       Energy         DIIS error
 ---------------------------------------
    1   -1874.1852505030      4.18e-02  
    2   -1866.1077589888      4.98e-03  
    3   -1865.8528827494      6.72e-03  
    4   -1866.5320155895      1.04e-03  
    5   -1866.5486144955      4.07e-04  
    6   -1866.5509839302      1.31e-04  
    7   -1866.5512771274      4.21e-05  
    8   -1866.5513087572      1.41e-05  
    9   -1866.5513132325      5.27e-06  Convergence criterion met
 ---------------------------------------
 SCF time:   CPU 179.20s  wall 23.00s 
 SCF   energy in the final basis set =    -1866.5513132325
 Total energy in the final basis set =    -1866.5513132325
 Exchange:     0.5400 Hartree-Fock + 1.0000 M06-2X
 Correlation:  1.0000 M06-2X
 Using SG-3 standard quadrature grid
 
 SM12 calculation using Merz-Singh-Kollman charges
 Citation of the SM12 model:
 Marenich, A.V.; Cramer, C.J.; Truhlar, D.G.
 J. Chem. Theory Comput. 2013, 9, 609-612.
 iSolventCode=           1
 Solvent: water                                                           
 
  Building new vdw surfaces
         Merz-Kollman ESP Net Atomic Charges

     Atom                 Charge (a.u.)
  ----------------------------------------
      1 C                    -0.052251
      2 C                     0.043800
      3 Cl                   -0.101356
      4 C                    -0.302245
      5 H                     0.134286
      6 C                     0.432193
      7 C                    -0.351751
      8 C                     0.639747
      9 C                    -0.022745
     10 H                     0.141545
     11 S                     0.889991
     12 O                    -0.555645
     13 O                    -0.588724
     14 N                    -0.910288
     15 H                     0.347626
     16 N                    -0.728774
     17 C                     0.370911
     18 N                    -0.257503
     19 C                    -0.463839
     20 H                     0.372376
     21 H                     0.006209
     22 H                     0.122847
     23 H                     0.144042
     24 O                    -0.516485
     25 C                    -0.045018
     26 C                     0.404000
     27 C                    -0.652820
     28 C                    -0.330543
     29 H                     0.155413
     30 C                    -0.086986
     31 H                     0.129951
     32 C                    -0.237441
     33 H                     0.151470
     34 C                    -0.087646
     35 H                     0.148118
     36 H                     0.131122
     37 H                     0.173962
     38 H                     0.163320
     39 H                     0.189130
  ----------------------------------------
  Sum of atomic charges =    -1.000000

  Related Dipole Moment =     8.3497 (X  3.2892 Y  3.1293 Z -7.0076)


 Charges (in A.U.) from Merz-Kollman fitting 
 -----------------------------------------------
 Center     Atomic                  MZ       
 Number     Number                  Charge
 -----------------------------------------------
    1          6                   -0.052251
    2          6                    0.043800
    3         17                   -0.101356
    4          6                   -0.302245
    5          1                    0.134286
    6          6                    0.432193
    7          6                   -0.351751
    8          6                    0.639747
    9          6                   -0.022745
   10          1                    0.141545
   11         16                    0.889991
   12          8                   -0.555645
   13          8                   -0.588724
   14          7                   -0.910288
   15          1                    0.347626
   16          7                   -0.728774
   17          6                    0.370911
   18          7                   -0.257503
   19          6                   -0.463839
   20          1                    0.372376
   21          1                    0.006209
   22          1                    0.122847
   23          1                    0.144042
   24          8                   -0.516485
   25          6                   -0.045018
   26          6                    0.404000
   27          6                   -0.652820
   28          6                   -0.330543
   29          1                    0.155413
   30          6                   -0.086986
   31          1                    0.129951
   32          6                   -0.237441
   33          1                    0.151470
   34          6                   -0.087646
   35          1                    0.148118
   36          1                    0.131122
   37          1                    0.173962
   38          1                    0.163320
   39          1                    0.189130
 -----------------------------------------------
 A restricted SCF calculation will be
 performed using Roothaan-Hall, DIIS
 SCF converges when DIIS error is below 1.0e-05
 ---------------------------------------
  Cycle       Energy         DIIS error
 ---------------------------------------
         Merz-Kollman ESP Net Atomic Charges

     Atom                 Charge (a.u.)
  ----------------------------------------
      1 C                    -0.116556
      2 C                     0.017557
      3 Cl                   -0.088806
      4 C                    -0.275953
      5 H                     0.162901
      6 C                     0.484413
      7 C                    -0.322322
      8 C                     0.636126
      9 C                    -0.063361
     10 H                     0.139352
     11 S                     0.920212
     12 O                    -0.599270
     13 O                    -0.622995
     14 N                    -0.961053
     15 H                     0.370687
     16 N                    -0.702688
     17 C                     0.365556
     18 N                    -0.222043
     19 C                    -0.452603
     20 H                     0.396301
     21 H                     0.013767
     22 H                     0.121721
     23 H                     0.142085
     24 O                    -0.589104
     25 C                    -0.022058
     26 C                     0.388006
     27 C                    -0.671501
     28 C                    -0.334458
     29 H                     0.173036
     30 C                    -0.100190
     31 H                     0.151033
     32 C                    -0.243943
     33 H                     0.171291
     34 C                    -0.126837
     35 H                     0.162136
     36 H                     0.147816
     37 H                     0.190717
     38 H                     0.180109
     39 H                     0.180917
  ----------------------------------------
  Sum of atomic charges =    -1.000000

  Related Dipole Moment =    12.8987 (X  2.7925 Y  4.6570 Z -11.7000)


 Charges (in A.U.) from Merz-Kollman fitting 
 -----------------------------------------------
 Center     Atomic                  MZ       
 Number     Number                  Charge
 -----------------------------------------------
    1          6                   -0.116556
    2          6                    0.017557
    3         17                   -0.088806
    4          6                   -0.275953
    5          1                    0.162901
    6          6                    0.484413
    7          6                   -0.322322
    8          6                    0.636126
    9          6                   -0.063361
   10          1                    0.139352
   11         16                    0.920212
   12          8                   -0.599270
   13          8                   -0.622995
   14          7                   -0.961053
   15          1                    0.370687
   16          7                   -0.702688
   17          6                    0.365556
   18          7                   -0.222043
   19          6                   -0.452603
   20          1                    0.396301
   21          1                    0.013767
   22          1                    0.121721
   23          1                    0.142085
   24          8                   -0.589104
   25          6                   -0.022058
   26          6                    0.388006
   27          6                   -0.671501
   28          6                   -0.334458
   29          1                    0.173036
   30          6                   -0.100190
   31          1                    0.151033
   32          6                   -0.243943
   33          1                    0.171291
   34          6                   -0.126837
   35          1                    0.162136
   36          1                    0.147816
   37          1                    0.190717
   38          1                    0.180109
   39          1                    0.180917
 -----------------------------------------------
    1   -1866.5513160738      4.65e-04  Roothaan Step
 ---------------------------------------
  Cycle       Energy         DIIS error
 ---------------------------------------
         Merz-Kollman ESP Net Atomic Charges

     Atom                 Charge (a.u.)
  ----------------------------------------
      1 C                    -0.054654
      2 C                     0.058250
      3 Cl                   -0.104484
      4 C                    -0.355249
      5 H                     0.185298
      6 C                     0.460353
      7 C                    -0.360082
      8 C                     0.612549
      9 C                    -0.017492
     10 H                     0.126094
     11 S                     0.922204
     12 O                    -0.601466
     13 O                    -0.633424
     14 N                    -0.971181
     15 H                     0.363573
     16 N                    -0.709633
     17 C                     0.277882
     18 N                    -0.231056
     19 C                    -0.428688
     20 H                     0.411045
     21 H                     0.044080
     22 H                     0.118024
     23 H                     0.140332
     24 O                    -0.534827
     25 C                    -0.012096
     26 C                     0.423338
     27 C                    -0.709599
     28 C                    -0.350723
     29 H                     0.176209
     30 C                    -0.098952
     31 H                     0.153978
     32 C                    -0.250002
     33 H                     0.173935
     34 C                    -0.114984
     35 H                     0.157443
     36 H                     0.156683
     37 H                     0.201035
     38 H                     0.185609
     39 H                     0.190677
  ----------------------------------------
  Sum of atomic charges =    -1.000000

  Related Dipole Moment =    12.8102 (X  3.6883 Y  4.1795 Z -11.5338)


 Charges (in A.U.) from Merz-Kollman fitting 
 -----------------------------------------------
 Center     Atomic                  MZ       
 Number     Number                  Charge
 -----------------------------------------------
    1          6                   -0.054654
    2          6                    0.058250
    3         17                   -0.104484
    4          6                   -0.355249
    5          1                    0.185298
    6          6                    0.460353
    7          6                   -0.360082
    8          6                    0.612549
    9          6                   -0.017492
   10          1                    0.126094
   11         16                    0.922204
   12          8                   -0.601466
   13          8                   -0.633424
   14          7                   -0.971181
   15          1                    0.363573
   16          7                   -0.709633
   17          6                    0.277882
   18          7                   -0.231056
   19          6                   -0.428688
   20          1                    0.411045
   21          1                    0.044080
   22          1                    0.118024
   23          1                    0.140332
   24          8                   -0.534827
   25          6                   -0.012096
   26          6                    0.423338
   27          6                   -0.709599
   28          6                   -0.350723
   29          1                    0.176209
   30          6                   -0.098952
   31          1                    0.153978
   32          6                   -0.250002
   33          1                    0.173935
   34          6                   -0.114984
   35          1                    0.157443
   36          1                    0.156683
   37          1                    0.201035
   38          1                    0.185609
   39          1                    0.190677
 -----------------------------------------------
    1   -1866.5351602245      3.50e-04  
         Merz-Kollman ESP Net Atomic Charges

     Atom                 Charge (a.u.)
  ----------------------------------------
      1 C                    -0.100012
      2 C                     0.038168
      3 Cl                   -0.097402
      4 C                    -0.326441
      5 H                     0.179282
      6 C                     0.488356
      7 C                    -0.335759
      8 C                     0.626656
      9 C                    -0.042282
     10 H                     0.131592
     11 S                     0.934353
     12 O                    -0.606543
     13 O                    -0.633661
     14 N                    -0.973340
     15 H                     0.366269
     16 N                    -0.702224
     17 C                     0.305965
     18 N                    -0.205402
     19 C                    -0.442106
     20 H                     0.405418
     21 H                     0.033508
     22 H                     0.120406
     23 H                     0.142299
     24 O                    -0.578419
     25 C                    -0.013267
     26 C                     0.408513
     27 C                    -0.698414
     28 C                    -0.345291
     29 H                     0.176546
     30 C                    -0.100949
     31 H                     0.155244
     32 C                    -0.249644
     33 H                     0.175114
     34 C                    -0.123010
     35 H                     0.159758
     36 H                     0.155939
     37 H                     0.198869
     38 H                     0.184518
     39 H                     0.187395
  ----------------------------------------
  Sum of atomic charges =    -1.000000

  Related Dipole Moment =    13.5116 (X  3.3431 Y  4.5778 Z -12.2650)


 Charges (in A.U.) from Merz-Kollman fitting 
 -----------------------------------------------
 Center     Atomic                  MZ       
 Number     Number                  Charge
 -----------------------------------------------
    1          6                   -0.100012
    2          6                    0.038168
    3         17                   -0.097402
    4          6                   -0.326441
    5          1                    0.179282
    6          6                    0.488356
    7          6                   -0.335759
    8          6                    0.626656
    9          6                   -0.042282
   10          1                    0.131592
   11         16                    0.934353
   12          8                   -0.606543
   13          8                   -0.633661
   14          7                   -0.973340
   15          1                    0.366269
   16          7                   -0.702224
   17          6                    0.305965
   18          7                   -0.205402
   19          6                   -0.442106
   20          1                    0.405418
   21          1                    0.033508
   22          1                    0.120406
   23          1                    0.142299
   24          8                   -0.578419
   25          6                   -0.013267
   26          6                    0.408513
   27          6                   -0.698414
   28          6                   -0.345291
   29          1                    0.176546
   30          6                   -0.100949
   31          1                    0.155244
   32          6                   -0.249644
   33          1                    0.175114
   34          6                   -0.123010
   35          1                    0.159758
   36          1                    0.155939
   37          1                    0.198869
   38          1                    0.184518
   39          1                    0.187395
 -----------------------------------------------
    2   -1866.5369632625      3.97e-04  
         Merz-Kollman ESP Net Atomic Charges

     Atom                 Charge (a.u.)
  ----------------------------------------
      1 C                    -0.098852
      2 C                     0.043251
      3 Cl                   -0.098859
      4 C                    -0.327200
      5 H                     0.180483
      6 C                     0.488719
      7 C                    -0.340457
      8 C                     0.619522
      9 C                    -0.040837
     10 H                     0.131251
     11 S                     0.937431
     12 O                    -0.609191
     13 O                    -0.636459
     14 N                    -0.977531
     15 H                     0.367475
     16 N                    -0.702000
     17 C                     0.305236
     18 N                    -0.211216
     19 C                    -0.440203
     20 H                     0.407310
     21 H                     0.035146
     22 H                     0.120467
     23 H                     0.142112
     24 O                    -0.569955
     25 C                    -0.016404
     26 C                     0.407779
     27 C                    -0.697920
     28 C                    -0.343903
     29 H                     0.177005
     30 C                    -0.100530
     31 H                     0.155986
     32 C                    -0.248875
     33 H                     0.175774
     34 C                    -0.123271
     35 H                     0.160452
     36 H                     0.156836
     37 H                     0.199637
     38 H                     0.184709
     39 H                     0.187081
  ----------------------------------------
  Sum of atomic charges =    -1.000000

  Related Dipole Moment =    13.6694 (X  3.3881 Y  4.6001 Z -12.4183)


 Charges (in A.U.) from Merz-Kollman fitting 
 -----------------------------------------------
 Center     Atomic                  MZ       
 Number     Number                  Charge
 -----------------------------------------------
    1          6                   -0.098852
    2          6                    0.043251
    3         17                   -0.098859
    4          6                   -0.327200
    5          1                    0.180483
    6          6                    0.488719
    7          6                   -0.340457
    8          6                    0.619522
    9          6                   -0.040837
   10          1                    0.131251
   11         16                    0.937431
   12          8                   -0.609191
   13          8                   -0.636459
   14          7                   -0.977531
   15          1                    0.367475
   16          7                   -0.702000
   17          6                    0.305236
   18          7                   -0.211216
   19          6                   -0.440203
   20          1                    0.407310
   21          1                    0.035146
   22          1                    0.120467
   23          1                    0.142112
   24          8                   -0.569955
   25          6                   -0.016404
   26          6                    0.407779
   27          6                   -0.697920
   28          6                   -0.343903
   29          1                    0.177005
   30          6                   -0.100530
   31          1                    0.155986
   32          6                   -0.248875
   33          1                    0.175774
   34          6                   -0.123271
   35          1                    0.160452
   36          1                    0.156836
   37          1                    0.199637
   38          1                    0.184709
   39          1                    0.187081
 -----------------------------------------------
    3   -1866.5345846855      7.48e-05  
         Merz-Kollman ESP Net Atomic Charges

     Atom                 Charge (a.u.)
  ----------------------------------------
      1 C                    -0.098164
      2 C                     0.043714
      3 Cl                   -0.098937
      4 C                    -0.332516
      5 H                     0.182222
      6 C                     0.487978
      7 C                    -0.338904
      8 C                     0.620077
      9 C                    -0.039129
     10 H                     0.130665
     11 S                     0.935612
     12 O                    -0.608728
     13 O                    -0.636472
     14 N                    -0.977588
     15 H                     0.366805
     16 N                    -0.701696
     17 C                     0.300800
     18 N                    -0.207360
     19 C                    -0.440395
     20 H                     0.408187
     21 H                     0.036720
     22 H                     0.120674
     23 H                     0.142361
     24 O                    -0.572467
     25 C                    -0.013541
     26 C                     0.408892
     27 C                    -0.700276
     28 C                    -0.345403
     29 H                     0.177510
     30 C                    -0.101399
     31 H                     0.156664
     32 C                    -0.249900
     33 H                     0.176283
     34 C                    -0.123247
     35 H                     0.160162
     36 H                     0.157633
     37 H                     0.200265
     38 H                     0.185148
     39 H                     0.187752
  ----------------------------------------
  Sum of atomic charges =    -1.000000

  Related Dipole Moment =    13.7496 (X  3.4304 Y  4.6000 Z -12.4950)


 Charges (in A.U.) from Merz-Kollman fitting 
 -----------------------------------------------
 Center     Atomic                  MZ       
 Number     Number                  Charge
 -----------------------------------------------
    1          6                   -0.098164
    2          6                    0.043714
    3         17                   -0.098937
    4          6                   -0.332516
    5          1                    0.182222
    6          6                    0.487978
    7          6                   -0.338904
    8          6                    0.620077
    9          6                   -0.039129
   10          1                    0.130665
   11         16                    0.935612
   12          8                   -0.608728
   13          8                   -0.636472
   14          7                   -0.977588
   15          1                    0.366805
   16          7                   -0.701696
   17          6                    0.300800
   18          7                   -0.207360
   19          6                   -0.440395
   20          1                    0.408187
   21          1                    0.036720
   22          1                    0.120674
   23          1                    0.142361
   24          8                   -0.572467
   25          6                   -0.013541
   26          6                    0.408892
   27          6                   -0.700276
   28          6                   -0.345403
   29          1                    0.177510
   30          6                   -0.101399
   31          1                    0.156664
   32          6                   -0.249900
   33          1                    0.176283
   34          6                   -0.123247
   35          1                    0.160162
   36          1                    0.157633
   37          1                    0.200265
   38          1                    0.185148
   39          1                    0.187752
 -----------------------------------------------
    4   -1866.5339066083      3.43e-05  
    5   -1866.5334734528      8.76e-06  Convergence criterion met
 ---------------------------------------
 SCF time:   CPU 142.72s  wall 18.00s 
(0)  E-EN(g) gas-phase elect-nuc energy                -1866.551313233 a.u.
(1)  E-EN(liq) elect-nuc energy of solute              -1866.533473453 a.u.
(2)  G-P(liq) polarization free energy of solvation           -88.8378 kcal/mol
(3)  G-ENP(liq) elect-nuc-pol free energy of system    -1866.675045439 a.u.
(4)  G-CDS(liq) cavity-dispersion-solvent structure 
     free energy                                                2.0502 kcal/mol
(5)  G-P-CDS(liq) = G-P(liq) + G-CDS(liq) = (2) + (4)         -86.7875 kcal/mol
(6)  G-S(liq) free energy of system = (1) + (5)        -1866.671778182 a.u.
(7)  DeltaE-EN(liq) elect-nuc reorganization
     energy of solute molecule (7) = (1) - (0)                 11.1946 kcal/mol
(8)  DeltaG-ENP(liq) elect-nuc-pol free energy
     of solvation (8) = (3) - (0)                             -77.6431 kcal/mol
(9)  DeltaG-S(liq) free energy of  solvation
     (9) = (6) - (0)                                          -75.5929 kcal/mol
 SCF   energy in the final basis set =    -1866.6717781824
 Total energy in the final basis set =    -1866.6717781824
 
 --------------------------------------------------------------
 
                    Orbital Energies (a.u.)
 --------------------------------------------------------------
 
 Alpha MOs
 -- Occupied --
******** -90.1182 -19.6115 -19.6007 -19.5984 -14.7980 -14.7848 -14.7034
-10.6624 -10.6365 -10.6328 -10.6161 -10.5917 -10.5794 -10.5734 -10.5723
-10.5680 -10.5662 -10.5568 -10.5558 -10.5544 -10.5539 -10.5449 -10.5434
 -9.8283  -8.4305  -7.5526  -7.5461  -7.5457  -6.3530  -6.3524  -6.3517
 -1.1918  -1.1624  -1.0932  -1.0749  -1.0364  -1.0034  -0.9581  -0.9493
 -0.9458  -0.8808  -0.8748  -0.8640  -0.8405  -0.8257  -0.7821  -0.7380
 -0.7301  -0.7173  -0.6932  -0.6834  -0.6673  -0.6266  -0.6227  -0.6060
 -0.5858  -0.5816  -0.5586  -0.5471  -0.5399  -0.5367  -0.5301  -0.5201
 -0.5117  -0.5046  -0.5024  -0.4933  -0.4901  -0.4859  -0.4779  -0.4700
 -0.4591  -0.4547  -0.4517  -0.4446  -0.4300  -0.4243  -0.4197  -0.4127
 -0.4082  -0.4051  -0.3860  -0.3789  -0.3723  -0.3604  -0.3429  -0.3377
 -0.3199  -0.3164  -0.3119  -0.3076  -0.2993  -0.2952  -0.2654
 -- Virtual --
 -0.0184   0.0182   0.0235   0.0289   0.0628   0.0838   0.1232   0.1316
  0.1433   0.1504   0.1647   0.1659   0.1758   0.1806   0.1849   0.1898
  0.1918   0.1992   0.2068   0.2130   0.2177   0.2217   0.2282   0.2307
  0.2385   0.2464   0.2514   0.2668   0.2712   0.2797   0.2888   0.2980
  0.3075   0.3286   0.3347   0.3437   0.3458   0.3600   0.3718   0.3843
  0.3958   0.3975   0.4067   0.4098   0.4236   0.4330   0.4364   0.4567
  0.4822   0.4879   0.5125   0.5177   0.5270   0.5361   0.5436   0.5483
  0.5557   0.5610   0.5717   0.5760   0.5897   0.5928   0.5972   0.6077
  0.6230   0.6255   0.6354   0.6422   0.6458   0.6507   0.6579   0.6594
  0.6629   0.6737   0.6802   0.6927   0.6964   0.6995   0.7070   0.7096
  0.7226   0.7409   0.7451   0.7483   0.7633   0.7745   0.7923   0.8041
  0.8151   0.8162   0.8285   0.8376   0.8442   0.8472   0.8555   0.8677
  0.8741   0.8782   0.8854   0.8928   0.8975   0.9043   0.9056   0.9129
  0.9211   0.9289   0.9321   0.9350   0.9416   0.9458   0.9549   0.9633
  0.9686   0.9774   0.9830   0.9942   1.0017   1.0119   1.0163   1.0231
  1.0327   1.0369   1.0415   1.0460   1.0553   1.0596   1.0702   1.0783
  1.0907   1.0923   1.1003   1.1177   1.1282   1.1341   1.1397   1.1498
  1.1591   1.1675   1.1873   1.1983   1.2073   1.2223   1.2304   1.2613
  1.2627   1.2691   1.2761   1.2834   1.3004   1.3044   1.3260   1.3488
  1.3635   1.3734   1.3823   1.4001   1.4103   1.4245   1.4339   1.4459
  1.4638   1.4688   1.4827   1.4891   1.4957   1.5045   1.5227   1.5410
  1.5444   1.5581   1.5810   1.5820   1.5987   1.6112   1.6229   1.6385
  1.6850   1.7244   1.7442   1.7781   1.7883   1.7968   1.8066   1.8107
  1.8191   1.8344   1.8374   1.8547   1.8577   1.8625   1.8688   1.8789
  1.8866   1.8947   1.9058   1.9194   1.9291   1.9418   1.9525   1.9621
  1.9673   1.9691   1.9827   1.9896   2.0058   2.0065   2.0150   2.0292
  2.0318   2.0460   2.0558   2.0739   2.0808   2.0981   2.1100   2.1283
  2.1336   2.1429   2.1630   2.1683   2.1923   2.1971   2.2070   2.2225
  2.2263   2.2394   2.2486   2.2677   2.2744   2.2862   2.2963   2.3055
  2.3156   2.3189   2.3316   2.3353   2.3439   2.3470   2.3965   2.4013
  2.4115   2.4296   2.4471   2.4517   2.4868   2.5247   2.5501   2.5580
  2.5833   2.6000   2.6098   2.6396   2.6518   2.6586   2.6712   2.6893
  2.7039   2.7195   2.7434   2.7486   2.7623   2.7826   2.7925   2.8008
  2.8272   2.8401   2.8533   2.8701   2.9024   2.9071   2.9744   2.9995
  3.0224   3.0917   3.1264   3.1706   3.2886   3.4041   3.4335   3.8078
  3.8909   3.9997   4.0332   4.0719   4.1159   4.1201   4.1422   4.1480
  4.1813   4.2093   4.2268   4.2542   4.2837   4.3370   4.3488   4.3964
  4.4296   4.4572   4.4749   4.5816   4.6786   4.7767   4.8254
 --------------------------------------------------------------
 
          Ground-State Mulliken Net Atomic Charges

     Atom                 Charge (a.u.)
  ----------------------------------------
      1 C                    -0.248548
      2 C                    -0.180748
      3 Cl                    0.007622
      4 C                    -0.122352
      5 H                     0.254266
      6 C                     0.369518
      7 C                    -0.008784
      8 C                     0.631281
      9 C                    -0.306523
     10 H                     0.198912
     11 S                     1.036303
     12 O                    -0.705525
     13 O                    -0.687485
     14 N                    -0.873792
     15 H                     0.317954
     16 N                    -0.626612
     17 C                     0.171153
     18 N                    -0.565473
     19 C                    -0.473768
     20 H                     0.403916
     21 H                     0.181418
     22 H                     0.188054
     23 H                     0.185300
     24 O                    -0.663310
     25 C                     0.145916
     26 C                     0.135753
     27 C                    -0.549198
     28 C                    -0.252833
     29 H                     0.200580
     30 C                    -0.176822
     31 H                     0.212064
     32 C                    -0.217806
     33 H                     0.211381
     34 C                    -0.175168
     35 H                     0.200252
     36 H                     0.206245
     37 H                     0.196543
     38 H                     0.194023
     39 H                     0.186292
  ----------------------------------------
  Sum of atomic charges =    -1.000000

         Merz-Kollman ESP Net Atomic Charges

     Atom                 Charge (a.u.)
  ----------------------------------------
      1 C                    -0.098944
      2 C                     0.044422
      3 Cl                   -0.099300
      4 C                    -0.332881
      5 H                     0.182195
      6 C                     0.489480
      7 C                    -0.339662
      8 C                     0.619945
      9 C                    -0.039507
     10 H                     0.130706
     11 S                     0.937812
     12 O                    -0.609478
     13 O                    -0.637021
     14 N                    -0.978100
     15 H                     0.366589
     16 N                    -0.701163
     17 C                     0.299502
     18 N                    -0.207286
     19 C                    -0.440412
     20 H                     0.408104
     21 H                     0.037140
     22 H                     0.120648
     23 H                     0.142405
     24 O                    -0.572096
     25 C                    -0.014242
     26 C                     0.409154
     27 C                    -0.700560
     28 C                    -0.345172
     29 H                     0.177433
     30 C                    -0.100989
     31 H                     0.156591
     32 C                    -0.249742
     33 H                     0.176246
     34 C                    -0.123150
     35 H                     0.160137
     36 H                     0.157837
     37 H                     0.200395
     38 H                     0.185126
     39 H                     0.187839
  ----------------------------------------
  Sum of atomic charges =    -1.000000

  Related Dipole Moment =    13.7688 (X  3.4401 Y  4.6038 Z -12.5120)

 -----------------------------------------------------------------
                    Cartesian Multipole Moments
 -----------------------------------------------------------------
    Charge (ESU x 10^10)
                -4.8032
    Dipole Moment (Debye)
         X       3.4305      Y       4.6138      Z     -12.3622
       Tot      13.6338
    Quadrupole Moments (Debye-Ang)
        XX    -166.9290     XY      -7.1118     YY    -160.1555
        XZ      15.8639     YZ      -3.2053     ZZ    -105.5541
    Octopole Moments (Debye-Ang^2)
       XXX     -20.2168    XXY       8.2553    XYY      15.5002
       YYY     -66.0613    XXZ     440.9824    XYZ      20.0077
       YYZ     457.0338    XZZ     -14.0024    YZZ      -8.5667
       ZZZ    1144.3183
    Hexadecapole Moments (Debye-Ang^3)
      XXXX   -5389.5770   XXXY     345.3169   XXYY   -1114.2584
      XYYY     298.1510   YYYY   -1264.6292   XXXZ    2358.2461
      XXYZ      26.3153   XYYZ     827.7018   YYYZ     326.9260
      XXZZ   -3364.7499   XYZZ     -73.1661   YYZZ   -2981.8401
      XZZZ    2515.6413   YZZZ     267.1956   ZZZZ  -15968.1898
 -----------------------------------------------------------------
 Total job time:  43.63s(wall), 327.52s(cpu) 
 Thu Jun 30 14:00:50 2022

        *************************************************************
        *                                                           *
        *  Thank you very much for using Q-Chem.  Have a nice day.  *
        *                                                           *
        *************************************************************


