                  Welcome to Q-Chem
     A Quantum Leap Into The Future Of Chemistry


 Q-Chem 5.4 (devel), Q-Chem, Inc., Pleasanton, CA (2021)

 E. Epifanovsky,  A. T. B. Gilbert,  Xintian Feng,  Joonho Lee,  Yuezhi Mao,  
 N. Mardirossian,  P. Pokhilko,  A. White,  M. Wormit,  M. P. Coons,  
 A. L. Dempwolff,  Zhengting Gan,  D. Hait,  P. R. Horn,  L. D. Jacobson,  
 I. Kaliman,  J. Kussmann,  A. W. Lange,  Ka Un Lao,  D. S. Levine,  Jie Liu,  
 S. C. McKenzie,  A. F. Morrison,  K. Nanda,  F. Plasser,  D. R. Rehn,  
 M. L. Vidal,  Zhi-Qiang You,  Ying Zhu,  B. Alam,  B. Albrecht,  
 A. Aldossary,  E. Alguire,  J. H. Andersen,  D. Barton,  K. Begam,  A. Behn,  
 Y. A. Bernard,  E. J. Berquist,  H. Burton,  A. Carreras,  K. Carter-Fenk,  
 R. Chakraborty,  A. D. Chien,  K. D. Closser,  V. Cofer-Shabica,  
 S. Dasgupta,  Jia Deng,  M. de Wergifosse,  M. Diedenhofen,  Hainam Do,  
 S. Ehlert,  Po-Tung Fang,  S. Fatehi,  Qingguo Feng,  T. Friedhoff,  
 J. Gayvert,  Qinghui Ge,  G. Gidofalvi,  M. Goldey,  J. Gomes,  
 C. Gonzalez-Espinoza,  S. Gulania,  A. Gunina,  M. W. D. Hanson-Heine,  
 P. H. P. Harbach,  A. W. Hauser,  M. F. Herbst,  M. Hernandez Vera,  
 M. Hodecker,  Z. C. Holden,  S. Houck,  Xunkun Huang,  Kerwin Hui,  
 B. C. Huynh,  M. Ivanov,  Hyunjun Ji,  Hanjie Jiang,  B. Kaduk,  S. Kaehler,  
 K. Khistyaev,  Jaehoon Kim,  P. Klunzinger,  Z. Koczor-Benda,  
 Joong Hoon Koh,  D. Kosenkov,  L. Koulias,  T. Kowalczyk,  C. M. Krauter,  
 K. Kue,  A. Kunitsa,  T. Kus,  A. Landau,  K. V. Lawler,  D. Lefrancois,  
 S. Lehtola,  Rain Li,  Yi-Pei Li,  Jiashu Liang,  M. Liebenthal,  
 Hung-Hsuan Lin,  You-Sheng Lin,  Fenglai Liu,  Kuan-Yu Liu,  
 M. Loipersberger,  A. Luenser,  A. Manjanath,  P. Manohar,  E. Mansoor,  
 S. F. Manzer,  Shan-Ping Mao,  A. V. Marenich,  T. Markovich,  S. Mason,  
 S. A. Maurer,  P. F. McLaughlin,  M. F. S. J. Menger,  J.-M. Mewes,  
 S. A. Mewes,  P. Morgante,  J. W. Mullinax,  K. J. Oosterbaan,  G. Paran,  
 Alexander C. Paul,  Suranjan K. Paul,  F. Pavosevic,  Zheng Pei,  S. Prager,  
 E. I. Proynov,  E. Ramos,  B. Rana,  A. E. Rask,  A. Rettig,  R. M. Richard,  
 F. Rob,  E. Rossomme,  T. Scheele,  M. Scheurer,  M. Schneider,  
 N. Sergueev,  S. M. Sharada,  W. Skomorowski,  D. W. Small,  C. J. Stein,  
 Yu-Chuan Su,  E. J. Sundstrom,  Zhen Tao,  J. Thirman,  T. Tsuchimochi,  
 N. M. Tubman,  S. P. Veccham,  O. Vydrov,  J. Wenzel,  J. Witte,  A. Yamada,  
 Kun Yao,  S. Yeganeh,  S. R. Yost,  A. Zech,  Igor Ying Zhang,  Xing Zhang,  
 Yu Zhang,  D. Zuev,  A. Aspuru-Guzik,  A. T. Bell,  N. A. Besley,  
 K. B. Bravaya,  B. R. Brooks,  D. Casanova,  Jeng-Da Chai,  S. Coriani,  
 C. J. Cramer,  A. E. DePrince, III,  R. A. DiStasio Jr.,  A. Dreuw,  
 B. D. Dunietz,  T. R. Furlani,  W. A. Goddard III,  S. Grimme,  
 S. Hammes-Schiffer,  T. Head-Gordon,  W. J. Hehre,  Chao-Ping Hsu,  
 T.-C. Jagau,  Yousung Jung,  A. Klamt,  Jing Kong,  D. S. Lambrecht,  
 WanZhen Liang,  N. J. Mayhall,  C. W. McCurdy,  J. B. Neaton,  
 C. Ochsenfeld,  J. A. Parkhill,  R. Peverati,  V. A. Rassolov,  Yihan Shao,  
 L. V. Slipchenko,  T. Stauch,  R. P. Steele,  J. E. Subotnik,  
 A. J. W. Thom,  A. Tkatchenko,  D. G. Truhlar,  T. Van Voorhis,  
 T. A. Wesolowski,  K. B. Whaley,  H. L. Woodcock III,  P. M. Zimmerman,  
 S. Faraji,  P. M. W. Gill,  M. Head-Gordon,  J. M. Herbert,  A. I. Krylov

 Additional authors for Version 5.4.1: 
 S. Kotaru,  Shaozhi Li,  Xiangyuan Li,  F. Matz,  A. Molle,  Haisheng Ren,  
 Yingli Su,  Hung-Yi Tsai,  C. Utku,  Fang Wang

 Contributors to earlier versions of Q-Chem not listed above: 
 R. D. Adamson,  B. Austin,  R. Baer,  J. Baker,  G. J. O. Beran,  
 K. Brandhorst,  S. T. Brown,  E. F. C. Byrd,  A. K. Chakraborty,  
 G. K. L. Chan,  Chun-Min Chang,  Yunqing Chen,  C.-L. Cheng,  
 Siu Hung Chien,  D. M. Chipman,  D. L. Crittenden,  H. Dachsel,  
 R. J. Doerksen,  A. D. Dutoi,  R. G. Edgar,  J. Fosso-Tande,  
 L. Fusti-Molnar,  D. Ghosh,  A. Ghysels,  A. Golubeva-Zadorozhnaya,  
 J. Gonthier,  M. S. Gordon,  S. R. Gwaltney,  G. Hawkins,  J. E. Herr,  
 A. Heyden,  S. Hirata,  E. G. Hohenstein,  G. Kedziora,  F. J. Keil,  
 C. Kelley,  Jihan Kim,  R. A. King,  R. Z. Khaliullin,  P. P. Korambath,  
 W. Kurlancheek,  A. Laurent,  A. M. Lee,  M. S. Lee,  S. V. Levchenko,  
 Ching Yeh Lin,  D. Liotard,  E. Livshits,  R. C. Lochan,  I. Lotan,  
 L. A. Martinez-Martinez,  P. E. Maslen,  N. Nair,  D. P. O'Neill,  
 D. Neuhauser,  E. Neuscamman,  C. M. Oana,  R. Olivares-Amaya,  R. Olson,  
 T. M. Perrine,  B. Peters,  P. A. Pieniazek,  A. Prociuk,  Y. M. Rhee,  
 J. Ritchie,  M. A. Rohrdanz,  E. Rosta,  N. J. Russ,  H. F. Schaefer III,  
 M. W. Schmidt,  N. E. Schultz,  S. Sharma,  N. Shenvi,  C. D. Sherrill,  
 A. C. Simmonett,  A. Sodt,  T. Stein,  D. Stuck,  K. S. Thanthiriwatte,  
 V. Vanovschi,  L. Vogt,  Tao Wang,  A. Warshel,  M. A. Watson,  
 C. F. Williams,  Q. Wu,  X. Xu,  Jun Yang,  W. Zhang,  Yan Zhao

 Please cite Q-Chem as follows:
 Y. Shao et al., Mol. Phys. 113, 184-215 (2015)
 DOI: 10.1080/00268976.2014.952696

 Q-Chem 5.4.1 for Intel X86 EM64T Linux

 Parts of Q-Chem use Armadillo 9.800.1 (Horizon Scraper).
 http://arma.sourceforge.net/

 Q-Chem begins on Fri Jul  1 13:41:57 2022  

 Host: gadi-cpu-clx-1429.gadi.nci.org.au
0

     Scratch files written to /jobfs/49913298.gadi-pbs/qchem1407501//
 Processing $rem in /apps/qchem/5.4.1/config/preferences:
 Processing $rem in /home/561/yj5695/.qchemrc:
 Symmetry turned off for PCM/SM12/SMD calculation
 Method-specific promolecule density matrix will be built for SM12 calculation

 Checking the input file for inconsistencies... 	...done.

--------------------------------------------------------------
User input:
--------------------------------------------------------------
$molecule
-1  1
C -1.516051  0.690098 -0.832428
C -2.628241  0.859732 -1.688543
C -4.03382  1.093403 -1.177339
C -2.478519  0.86368 -3.062548
H -3.337687  1.005717 -3.7106
C -1.217247  0.68409 -3.667908
C -0.123065  0.512199 -2.801341
S  1.502892  0.323362 -3.472719
C -0.271907  0.517035 -1.415752
H  0.599957  0.396443 -0.779307
S -1.579634  0.615922  0.986119
O -0.159892  0.801043  1.381441
O -2.459726  1.76117  1.351332
N -2.055172 -0.789581  1.464094
H -3.063601 -0.858144  1.316754
N -1.084471  0.738286 -5.027116
C  0.117098  0.227955 -5.659993
N  1.314044  0.807551 -5.050272
O  2.421116  1.260722 -2.827874
O  1.861189 -1.094772 -3.481655
H -1.939472  0.692869 -5.571786
F -4.955057  0.847892 -2.126847
F -4.229226  2.365315 -0.789218
F -4.35225  0.302138 -0.138578
H  0.193682 -0.861335 -5.575085
H  0.103163  0.499315 -6.713187
H  1.318318  1.830876 -5.100573

$end

$rem
jobtype sp
exchange M062X
basis 6-31+G*
SMX_GAS_PHASE = TRUE
solvent_method sm12
$end

$smx
solvent water
charges mk
$end
--------------------------------------------------------------
 ----------------------------------------------------------------
             Standard Nuclear Orientation (Angstroms)
    I     Atom           X                Y                Z
 ----------------------------------------------------------------
    1      C      -1.5160510000     0.6900980000    -0.8324280000
    2      C      -2.6282410000     0.8597320000    -1.6885430000
    3      C      -4.0338200000     1.0934030000    -1.1773390000
    4      C      -2.4785190000     0.8636800000    -3.0625480000
    5      H      -3.3376870000     1.0057170000    -3.7106000000
    6      C      -1.2172470000     0.6840900000    -3.6679080000
    7      C      -0.1230650000     0.5121990000    -2.8013410000
    8      S       1.5028920000     0.3233620000    -3.4727190000
    9      C      -0.2719070000     0.5170350000    -1.4157520000
   10      H       0.5999570000     0.3964430000    -0.7793070000
   11      S      -1.5796340000     0.6159220000     0.9861190000
   12      O      -0.1598920000     0.8010430000     1.3814410000
   13      O      -2.4597260000     1.7611700000     1.3513320000
   14      N      -2.0551720000    -0.7895810000     1.4640940000
   15      H      -3.0636010000    -0.8581440000     1.3167540000
   16      N      -1.0844710000     0.7382860000    -5.0271160000
   17      C       0.1170980000     0.2279550000    -5.6599930000
   18      N       1.3140440000     0.8075510000    -5.0502720000
   19      O       2.4211160000     1.2607220000    -2.8278740000
   20      O       1.8611890000    -1.0947720000    -3.4816550000
   21      H      -1.9394720000     0.6928690000    -5.5717860000
   22      F      -4.9550570000     0.8478920000    -2.1268470000
   23      F      -4.2292260000     2.3653150000    -0.7892180000
   24      F      -4.3522500000     0.3021380000    -0.1385780000
   25      H       0.1936820000    -0.8613350000    -5.5750850000
   26      H       0.1031630000     0.4993150000    -6.7131870000
   27      H       1.3183180000     1.8308760000    -5.1005730000
 ----------------------------------------------------------------
 Nuclear Repulsion Energy =        2079.82207752 hartrees
 There are       84 alpha and       84 beta electrons
 Requested basis set is 6-31+G(d)
 There are 116 shells and 402 basis functions

 Total QAlloc Memory Limit   2000 MB
 Mega-Array Size       188 MB
 MEM_STATIC part       192 MB
 A cutoff of  1.0D-08 yielded   4672 shell pairs
 There are     59967 function pairs
 Smallest overlap matrix eigenvalue = 3.84E-07

 Q-Chem warning in module stvman/mkSTV.C, line 323:

 Overlap eigenvalue is smaller than square root of threshold
 Use THRESH >= 12 to get rid of this warning

 Linear dependence detected in AO basis
 Tighter screening thresholds may be required for diffuse basis sets
 Use S2THRESH > 14 and THRESH = 14 in case of SCF convergence issues
 Number of orthogonalized atomic orbitals = 400
 Maximum deviation from orthogonality = 1.716E-10

 Scale SEOQF with 1.000000e-01/1.000000e-01/1.000000e-02

 Standard Electronic Orientation quadrupole field applied
 Nucleus-field energy     =     0.0000000335 hartrees
 ================ Generating on-the-fly Promolecule Density  ================
Attempting to make child job directory: /jobfs/49913298.gadi-pbs/qchem1407501//Frg1/
Attempting to make child job directory: /jobfs/49913298.gadi-pbs/qchem1407501//Frg2/
Attempting to make child job directory: /jobfs/49913298.gadi-pbs/qchem1407501//Frg3/
Attempting to make child job directory: /jobfs/49913298.gadi-pbs/qchem1407501//Frg4/
Attempting to make child job directory: /jobfs/49913298.gadi-pbs/qchem1407501//Frg5/
Attempting to make child job directory: /jobfs/49913298.gadi-pbs/qchem1407501//Frg6/
Creating input file /jobfs/49913298.gadi-pbs/qchem1407501/Frg1.input
using default PutDataFrgm: nothing
calling putenv with: QCSCRATCH=/jobfs/49913298.gadi-pbs/qchem1407501/ 
Spawning Job For Fragment 0
Done Job For Fragment 0
calling putenv with: QCSCRATCH=/jobfs/49913298.gadi-pbs 
calling putenv with: QCTHREADS=8 
Creating input file /jobfs/49913298.gadi-pbs/qchem1407501/Frg2.input
using default PutDataFrgm: nothing
calling putenv with: QCSCRATCH=/jobfs/49913298.gadi-pbs/qchem1407501/ 
Spawning Job For Fragment 1
Done Job For Fragment 1
calling putenv with: QCSCRATCH=/jobfs/49913298.gadi-pbs 
calling putenv with: QCTHREADS=8 
Creating input file /jobfs/49913298.gadi-pbs/qchem1407501/Frg3.input
using default PutDataFrgm: nothing
calling putenv with: QCSCRATCH=/jobfs/49913298.gadi-pbs/qchem1407501/ 
Spawning Job For Fragment 2
Done Job For Fragment 2
calling putenv with: QCSCRATCH=/jobfs/49913298.gadi-pbs 
calling putenv with: QCTHREADS=8 
Creating input file /jobfs/49913298.gadi-pbs/qchem1407501/Frg4.input
using default PutDataFrgm: nothing
calling putenv with: QCSCRATCH=/jobfs/49913298.gadi-pbs/qchem1407501/ 
Spawning Job For Fragment 3
Done Job For Fragment 3
calling putenv with: QCSCRATCH=/jobfs/49913298.gadi-pbs 
calling putenv with: QCTHREADS=8 
Creating input file /jobfs/49913298.gadi-pbs/qchem1407501/Frg5.input
using default PutDataFrgm: nothing
calling putenv with: QCSCRATCH=/jobfs/49913298.gadi-pbs/qchem1407501/ 
Spawning Job For Fragment 4
Done Job For Fragment 4
calling putenv with: QCSCRATCH=/jobfs/49913298.gadi-pbs 
calling putenv with: QCTHREADS=8 
Creating input file /jobfs/49913298.gadi-pbs/qchem1407501/Frg6.input
using default PutDataFrgm: nothing
calling putenv with: QCSCRATCH=/jobfs/49913298.gadi-pbs/qchem1407501/ 
Spawning Job For Fragment 5
Done Job For Fragment 5
calling putenv with: QCSCRATCH=/jobfs/49913298.gadi-pbs 
calling putenv with: QCTHREADS=8 
 Time for running child jobs:  CPU 0.88 s  wall 2.51 s
 ============= Method Specific Promolecule Density Constructed =============
 Guess from superposition of atomic densities
 Warning:  Energy on first SCF cycle will be non-variational
 SAD guess density has 167.000000 electrons

 -----------------------------------------------------------------------
  General SCF calculation program by
  Eric Jon Sundstrom, Paul Horn, Yuezhi Mao, Dmitri Zuev, Alec White,
  David Stuck, Shaama M.S., Shane Yost, Joonho Lee, David Small,
  Daniel Levine, Susi Lehtola, Hugh Burton, Evgeny Epifanovsky,
  Bang C. Huynh
 -----------------------------------------------------------------------
 Exchange:     0.5400 Hartree-Fock + 1.0000 M06-2X
 Correlation:  1.0000 M06-2X
 Using SG-3 standard quadrature grid
 using 8 threads for integral computing
 -------------------------------------------------------
 OpenMP Integral computing Module                
 Release: version 1.0, May 2013, Q-Chem Inc. Pittsburgh 
 -------------------------------------------------------
 A restricted SCF calculation will be
 performed using DIIS
 SCF converges when DIIS error is below 1.0e-05
 ---------------------------------------
  Cycle       Energy         DIIS error
 ---------------------------------------
    1   -1875.7218092778      3.82e-02  
    2   -1869.0409038930      5.73e-03  
    3   -1868.6810221685      7.81e-03  
    4   -1869.5839529251      8.45e-04  
    5   -1869.5949250752      3.45e-04  
    6   -1869.5968989062      8.58e-05  
    7   -1869.5970163151      2.91e-05  
    8   -1869.5970320709      8.52e-06  Convergence criterion met
 ---------------------------------------
 SCF time:   CPU 241.15s  wall 30.00s 
 SCF   energy in the final basis set =    -1869.5970320709
 Total energy in the final basis set =    -1869.5970320709
 Exchange:     0.5400 Hartree-Fock + 1.0000 M06-2X
 Correlation:  1.0000 M06-2X
 Using SG-3 standard quadrature grid
 
 SM12 calculation using Merz-Singh-Kollman charges
 Citation of the SM12 model:
 Marenich, A.V.; Cramer, C.J.; Truhlar, D.G.
 J. Chem. Theory Comput. 2013, 9, 609-612.
 iSolventCode=           1
 Solvent: water                                                           
 
  Building new vdw surfaces
         Merz-Kollman ESP Net Atomic Charges

     Atom                 Charge (a.u.)
  ----------------------------------------
      1 C                    -0.289420
      2 C                     0.192113
      3 C                     0.533924
      4 C                    -0.513324
      5 H                     0.203875
      6 C                     0.549822
      7 C                    -0.227387
      8 S                     1.031287
      9 C                    -0.061191
     10 H                     0.213725
     11 S                     1.157582
     12 O                    -0.617827
     13 O                    -0.654835
     14 N                    -0.983897
     15 H                     0.376683
     16 N                    -0.783547
     17 C                     0.199587
     18 N                    -0.731158
     19 O                    -0.524692
     20 O                    -0.502906
     21 H                     0.392163
     22 F                    -0.233679
     23 F                    -0.175951
     24 F                    -0.198483
     25 H                     0.103305
     26 H                     0.120694
     27 H                     0.423536
  ----------------------------------------
  Sum of atomic charges =    -1.000000

  Related Dipole Moment =     9.2100 (X  2.2888 Y -1.9915 Z -8.6960)


 Charges (in A.U.) from Merz-Kollman fitting 
 -----------------------------------------------
 Center     Atomic                  MZ       
 Number     Number                  Charge
 -----------------------------------------------
    1          6                   -0.289420
    2          6                    0.192113
    3          6                    0.533924
    4          6                   -0.513324
    5          1                    0.203875
    6          6                    0.549822
    7          6                   -0.227387
    8         16                    1.031287
    9          6                   -0.061191
   10          1                    0.213725
   11         16                    1.157582
   12          8                   -0.617827
   13          8                   -0.654835
   14          7                   -0.983897
   15          1                    0.376683
   16          7                   -0.783547
   17          6                    0.199587
   18          7                   -0.731158
   19          8                   -0.524692
   20          8                   -0.502906
   21          1                    0.392163
   22          9                   -0.233679
   23          9                   -0.175951
   24          9                   -0.198483
   25          1                    0.103305
   26          1                    0.120694
   27          1                    0.423536
 -----------------------------------------------
 A restricted SCF calculation will be
 performed using Roothaan-Hall, DIIS
 SCF converges when DIIS error is below 1.0e-05
 ---------------------------------------
  Cycle       Energy         DIIS error
 ---------------------------------------
         Merz-Kollman ESP Net Atomic Charges

     Atom                 Charge (a.u.)
  ----------------------------------------
      1 C                    -0.323539
      2 C                     0.172394
      3 C                     0.506666
      4 C                    -0.475860
      5 H                     0.229763
      6 C                     0.626001
      7 C                    -0.243830
      8 S                     1.081500
      9 C                    -0.103033
     10 H                     0.216490
     11 S                     1.169533
     12 O                    -0.668164
     13 O                    -0.685909
     14 N                    -1.044073
     15 H                     0.399069
     16 N                    -0.749144
     17 C                     0.222301
     18 N                    -0.722045
     19 O                    -0.581034
     20 O                    -0.553606
     21 H                     0.417443
     22 F                    -0.211515
     23 F                    -0.176235
     24 F                    -0.192738
     25 H                     0.096252
     26 H                     0.151691
     27 H                     0.441621
  ----------------------------------------
  Sum of atomic charges =    -1.000000

  Related Dipole Moment =    14.0489 (X  1.0510 Y -1.5950 Z -13.9184)


 Charges (in A.U.) from Merz-Kollman fitting 
 -----------------------------------------------
 Center     Atomic                  MZ       
 Number     Number                  Charge
 -----------------------------------------------
    1          6                   -0.323539
    2          6                    0.172394
    3          6                    0.506666
    4          6                   -0.475860
    5          1                    0.229763
    6          6                    0.626001
    7          6                   -0.243830
    8         16                    1.081500
    9          6                   -0.103033
   10          1                    0.216490
   11         16                    1.169533
   12          8                   -0.668164
   13          8                   -0.685909
   14          7                   -1.044073
   15          1                    0.399069
   16          7                   -0.749144
   17          6                    0.222301
   18          7                   -0.722045
   19          8                   -0.581034
   20          8                   -0.553606
   21          1                    0.417443
   22          9                   -0.211515
   23          9                   -0.176235
   24          9                   -0.192738
   25          1                    0.096252
   26          1                    0.151691
   27          1                    0.441621
 -----------------------------------------------
    1   -1869.5970326861      5.39e-04  Roothaan Step
 ---------------------------------------
  Cycle       Energy         DIIS error
 ---------------------------------------
         Merz-Kollman ESP Net Atomic Charges

     Atom                 Charge (a.u.)
  ----------------------------------------
      1 C                    -0.262227
      2 C                     0.201718
      3 C                     0.497376
      4 C                    -0.558118
      5 H                     0.250572
      6 C                     0.611378
      7 C                    -0.312336
      8 S                     1.081554
      9 C                    -0.029031
     10 H                     0.210670
     11 S                     1.206934
     12 O                    -0.685699
     13 O                    -0.709331
     14 N                    -1.058604
     15 H                     0.385197
     16 N                    -0.803244
     17 C                     0.201431
     18 N                    -0.737098
     19 O                    -0.560153
     20 O                    -0.531750
     21 H                     0.444297
     22 F                    -0.219294
     23 F                    -0.171172
     24 F                    -0.183505
     25 H                     0.110633
     26 H                     0.173925
     27 H                     0.445877
  ----------------------------------------
  Sum of atomic charges =    -1.000000

  Related Dipole Moment =    13.5993 (X  1.7307 Y -1.7484 Z -13.3749)


 Charges (in A.U.) from Merz-Kollman fitting 
 -----------------------------------------------
 Center     Atomic                  MZ       
 Number     Number                  Charge
 -----------------------------------------------
    1          6                   -0.262227
    2          6                    0.201718
    3          6                    0.497376
    4          6                   -0.558118
    5          1                    0.250572
    6          6                    0.611378
    7          6                   -0.312336
    8         16                    1.081554
    9          6                   -0.029031
   10          1                    0.210670
   11         16                    1.206934
   12          8                   -0.685699
   13          8                   -0.709331
   14          7                   -1.058604
   15          1                    0.385197
   16          7                   -0.803244
   17          6                    0.201431
   18          7                   -0.737098
   19          8                   -0.560153
   20          8                   -0.531750
   21          1                    0.444297
   22          9                   -0.219294
   23          9                   -0.171172
   24          9                   -0.183505
   25          1                    0.110633
   26          1                    0.173925
   27          1                    0.445877
 -----------------------------------------------
    1   -1869.5752943043      3.98e-04  
         Merz-Kollman ESP Net Atomic Charges

     Atom                 Charge (a.u.)
  ----------------------------------------
      1 C                    -0.320361
      2 C                     0.190727
      3 C                     0.494480
      4 C                    -0.523242
      5 H                     0.243449
      6 C                     0.643996
      7 C                    -0.283889
      8 S                     1.103980
      9 C                    -0.061979
     10 H                     0.214590
     11 S                     1.210354
     12 O                    -0.686570
     13 O                    -0.704253
     14 N                    -1.064059
     15 H                     0.391600
     16 N                    -0.773774
     17 C                     0.200765
     18 N                    -0.726336
     19 O                    -0.582243
     20 O                    -0.553041
     21 H                     0.433496
     22 F                    -0.213611
     23 F                    -0.171792
     24 F                    -0.184952
     25 H                     0.107913
     26 H                     0.170390
     27 H                     0.444362
  ----------------------------------------
  Sum of atomic charges =    -1.000000

  Related Dipole Moment =    14.4979 (X  1.3921 Y -1.6186 Z -14.3399)


 Charges (in A.U.) from Merz-Kollman fitting 
 -----------------------------------------------
 Center     Atomic                  MZ       
 Number     Number                  Charge
 -----------------------------------------------
    1          6                   -0.320361
    2          6                    0.190727
    3          6                    0.494480
    4          6                   -0.523242
    5          1                    0.243449
    6          6                    0.643996
    7          6                   -0.283889
    8         16                    1.103980
    9          6                   -0.061979
   10          1                    0.214590
   11         16                    1.210354
   12          8                   -0.686570
   13          8                   -0.704253
   14          7                   -1.064059
   15          1                    0.391600
   16          7                   -0.773774
   17          6                    0.200765
   18          7                   -0.726336
   19          8                   -0.582243
   20          8                   -0.553041
   21          1                    0.433496
   22          9                   -0.213611
   23          9                   -0.171792
   24          9                   -0.184952
   25          1                    0.107913
   26          1                    0.170390
   27          1                    0.444362
 -----------------------------------------------
    2   -1869.5775001453      4.37e-04  
         Merz-Kollman ESP Net Atomic Charges

     Atom                 Charge (a.u.)
  ----------------------------------------
      1 C                    -0.313026
      2 C                     0.197104
      3 C                     0.493717
      4 C                    -0.527592
      5 H                     0.244869
      6 C                     0.643907
      7 C                    -0.295350
      8 S                     1.092350
      9 C                    -0.055618
     10 H                     0.214412
     11 S                     1.213461
     12 O                    -0.690365
     13 O                    -0.708859
     14 N                    -1.069933
     15 H                     0.392585
     16 N                    -0.774611
     17 C                     0.203469
     18 N                    -0.726662
     19 O                    -0.576879
     20 O                    -0.547783
     21 H                     0.435832
     22 F                    -0.213986
     23 F                    -0.172224
     24 F                    -0.184398
     25 H                     0.107739
     26 H                     0.172564
     27 H                     0.445275
  ----------------------------------------
  Sum of atomic charges =    -1.000000

  Related Dipole Moment =    14.6548 (X  1.3980 Y -1.6207 Z -14.4976)


 Charges (in A.U.) from Merz-Kollman fitting 
 -----------------------------------------------
 Center     Atomic                  MZ       
 Number     Number                  Charge
 -----------------------------------------------
    1          6                   -0.313026
    2          6                    0.197104
    3          6                    0.493717
    4          6                   -0.527592
    5          1                    0.244869
    6          6                    0.643907
    7          6                   -0.295350
    8         16                    1.092350
    9          6                   -0.055618
   10          1                    0.214412
   11         16                    1.213461
   12          8                   -0.690365
   13          8                   -0.708859
   14          7                   -1.069933
   15          1                    0.392585
   16          7                   -0.774611
   17          6                    0.203469
   18          7                   -0.726662
   19          8                   -0.576879
   20          8                   -0.547783
   21          1                    0.435832
   22          9                   -0.213986
   23          9                   -0.172224
   24          9                   -0.184398
   25          1                    0.107739
   26          1                    0.172564
   27          1                    0.445275
 -----------------------------------------------
    3   -1869.5741348145      7.19e-05  
         Merz-Kollman ESP Net Atomic Charges

     Atom                 Charge (a.u.)
  ----------------------------------------
      1 C                    -0.319835
      2 C                     0.198283
      3 C                     0.491763
      4 C                    -0.531244
      5 H                     0.245952
      6 C                     0.646282
      7 C                    -0.294988
      8 S                     1.098753
      9 C                    -0.051882
     10 H                     0.214311
     11 S                     1.214566
     12 O                    -0.690499
     13 O                    -0.708528
     14 N                    -1.070534
     15 H                     0.391712
     16 N                    -0.774823
     17 C                     0.200331
     18 N                    -0.726662
     19 O                    -0.579430
     20 O                    -0.549957
     21 H                     0.436602
     22 F                    -0.213938
     23 F                    -0.171391
     24 F                    -0.183347
     25 H                     0.108973
     26 H                     0.174178
     27 H                     0.445352
  ----------------------------------------
  Sum of atomic charges =    -1.000000

  Related Dipole Moment =    14.7261 (X  1.4357 Y -1.6144 Z -14.5668)


 Charges (in A.U.) from Merz-Kollman fitting 
 -----------------------------------------------
 Center     Atomic                  MZ       
 Number     Number                  Charge
 -----------------------------------------------
    1          6                   -0.319835
    2          6                    0.198283
    3          6                    0.491763
    4          6                   -0.531244
    5          1                    0.245952
    6          6                    0.646282
    7          6                   -0.294988
    8         16                    1.098753
    9          6                   -0.051882
   10          1                    0.214311
   11         16                    1.214566
   12          8                   -0.690499
   13          8                   -0.708528
   14          7                   -1.070534
   15          1                    0.391712
   16          7                   -0.774823
   17          6                    0.200331
   18          7                   -0.726662
   19          8                   -0.579430
   20          8                   -0.549957
   21          1                    0.436602
   22          9                   -0.213938
   23          9                   -0.171391
   24          9                   -0.183347
   25          1                    0.108973
   26          1                    0.174178
   27          1                    0.445352
 -----------------------------------------------
    4   -1869.5730881120      4.08e-05  
    5   -1869.5725642022      8.24e-06  Convergence criterion met
 ---------------------------------------
 SCF time:   CPU 212.43s  wall 27.00s 
(0)  E-EN(g) gas-phase elect-nuc energy                -1869.597032071 a.u.
(1)  E-EN(liq) elect-nuc energy of solute              -1869.572564202 a.u.
(2)  G-P(liq) polarization free energy of solvation           -92.9113 kcal/mol
(3)  G-ENP(liq) elect-nuc-pol free energy of system    -1869.720627799 a.u.
(4)  G-CDS(liq) cavity-dispersion-solvent structure 
     free energy                                                4.2273 kcal/mol
(5)  G-P-CDS(liq) = G-P(liq) + G-CDS(liq) = (2) + (4)         -88.6840 kcal/mol
(6)  G-S(liq) free energy of system = (1) + (5)        -1869.713891135 a.u.
(7)  DeltaE-EN(liq) elect-nuc reorganization
     energy of solute molecule (7) = (1) - (0)                 15.3538 kcal/mol
(8)  DeltaG-ENP(liq) elect-nuc-pol free energy
     of solvation (8) = (3) - (0)                             -77.5575 kcal/mol
(9)  DeltaG-S(liq) free energy of  solvation
     (9) = (6) - (0)                                          -73.3302 kcal/mol
 SCF   energy in the final basis set =    -1869.7138911354
 Total energy in the final basis set =    -1869.7138911354
 
 --------------------------------------------------------------
 
                    Orbital Energies (a.u.)
 --------------------------------------------------------------
 
 Alpha MOs
 -- Occupied --
-90.1818 -90.1409 -25.3193 -25.3165 -25.3108 -19.6670 -19.6647 -19.6262
-19.6235 -14.8190 -14.8097 -14.7281 -10.8317 -10.6466 -10.6425 -10.6196
-10.6120 -10.6032 -10.5990 -10.5956  -8.4962  -8.4533  -6.4186  -6.4180
 -6.4170  -6.3758  -6.3752  -6.3745  -1.4847  -1.3919  -1.3873  -1.2668
 -1.2158  -1.1505  -1.1155  -1.1004  -1.0434  -1.0017  -0.9731  -0.9284
 -0.8893  -0.8442  -0.8062  -0.7824  -0.7497  -0.7248  -0.7087  -0.7066
 -0.6991  -0.6726  -0.6445  -0.6307  -0.6119  -0.6060  -0.5900  -0.5858
 -0.5726  -0.5689  -0.5604  -0.5515  -0.5475  -0.5426  -0.5404  -0.5296
 -0.5259  -0.5228  -0.5185  -0.4944  -0.4819  -0.4674  -0.4371  -0.4324
 -0.4265  -0.4151  -0.4114  -0.4053  -0.3995  -0.3844  -0.3778  -0.3594
 -0.3515  -0.3375  -0.3182  -0.2818
 -- Virtual --
 -0.0386  -0.0280  -0.0123  -0.0052   0.0022   0.0052   0.0117   0.0144
  0.0227   0.0284   0.0368   0.0388   0.0507   0.0529   0.0572   0.0654
  0.0709   0.0778   0.0799   0.0864   0.0903   0.0947   0.0984   0.1056
  0.1080   0.1158   0.1226   0.1238   0.1279   0.1318   0.1373   0.1465
  0.1486   0.1529   0.1578   0.1640   0.1659   0.1708   0.1745   0.1774
  0.1796   0.1871   0.1912   0.1933   0.1963   0.2004   0.2033   0.2074
  0.2200   0.2229   0.2274   0.2295   0.2331   0.2398   0.2458   0.2464
  0.2520   0.2541   0.2616   0.2645   0.2656   0.2704   0.2720   0.2734
  0.2833   0.2870   0.2903   0.2923   0.2948   0.2989   0.3031   0.3078
  0.3125   0.3125   0.3171   0.3220   0.3288   0.3330   0.3361   0.3427
  0.3455   0.3531   0.3556   0.3595   0.3725   0.3774   0.3782   0.3850
  0.3859   0.3891   0.3946   0.3981   0.4090   0.4169   0.4250   0.4306
  0.4392   0.4485   0.4526   0.4570   0.4691   0.4860   0.4910   0.5005
  0.5200   0.5372   0.5421   0.5552   0.5627   0.5972   0.6257   0.6338
  0.6511   0.6582   0.6666   0.6796   0.7048   0.7095   0.7128   0.7253
  0.7278   0.7358   0.7424   0.7509   0.7796   0.7994   0.8160   0.8326
  0.8380   0.8464   0.8658   0.8901   0.9002   0.9072   0.9288   0.9352
  0.9542   0.9607   0.9636   0.9834   1.0022   1.0232   1.0257   1.0385
  1.0409   1.0597   1.0687   1.0721   1.0947   1.1004   1.1129   1.1263
  1.1317   1.1405   1.1470   1.1552   1.1637   1.1691   1.1860   1.1897
  1.1960   1.2037   1.2225   1.2447   1.2519   1.2629   1.2744   1.2888
  1.3066   1.3075   1.3252   1.3303   1.3445   1.3603   1.3647   1.3790
  1.3852   1.3929   1.4001   1.4064   1.4152   1.4276   1.4405   1.4498
  1.4638   1.4851   1.4932   1.5000   1.5114   1.5237   1.5400   1.5638
  1.5695   1.5954   1.6260   1.6439   1.6542   1.6657   1.6810   1.6909
  1.7091   1.7215   1.7365   1.7388   1.7473   1.7504   1.7570   1.7651
  1.7682   1.7830   1.7960   1.8104   1.8196   1.8225   1.8271   1.8372
  1.8412   1.8434   1.8560   1.8700   1.8829   1.8941   1.8952   1.9035
  1.9066   1.9247   1.9287   1.9330   1.9548   1.9647   1.9673   1.9729
  1.9881   2.0090   2.0228   2.0247   2.0400   2.0532   2.0829   2.0841
  2.0887   2.1033   2.1164   2.1222   2.1325   2.1388   2.1480   2.1625
  2.1671   2.1797   2.1968   2.2058   2.2146   2.2388   2.2497   2.2512
  2.2651   2.2913   2.3005   2.3310   2.3365   2.3466   2.3604   2.3907
  2.4062   2.4200   2.4558   2.4879   2.5060   2.5247   2.5429   2.5611
  2.5950   2.6359   2.6478   2.6615   2.6921   2.7199   2.7524   2.7758
  2.7911   2.8015   2.8382   2.8749   2.9011   2.9056   2.9425   2.9512
  3.0010   3.0178   3.0509   3.2032   3.2086   3.2783   3.2948   3.3500
  4.0001   4.0413   4.0832   4.1202   4.2035   4.2222   4.2692   4.3097
  4.3375   4.3628   4.3929   4.4231   4.4411   4.4935   4.5478   4.6238
  4.7791   5.8423   6.0940   7.0141
 --------------------------------------------------------------
 
          Ground-State Mulliken Net Atomic Charges

     Atom                 Charge (a.u.)
  ----------------------------------------
      1 C                    -7.119812
      2 C                     0.758778
      3 C                     1.356996
      4 C                     0.345122
      5 H                     0.324781
      6 C                     4.348695
      7 C                     1.170212
      8 S                     1.866690
      9 C                    -1.142074
     10 H                     0.271643
     11 S                     0.285907
     12 O                    -0.895797
     13 O                    -0.752219
     14 N                    -1.051381
     15 H                     0.416869
     16 N                    -0.285951
     17 C                     0.330604
     18 N                    -0.662197
     19 O                    -0.688006
     20 O                    -0.644868
     21 H                     0.520472
     22 F                    -0.245427
     23 F                    -0.283982
     24 F                    -0.362020
     25 H                     0.271046
     26 H                     0.330716
     27 H                     0.535203
  ----------------------------------------
  Sum of atomic charges =    -1.000000

         Merz-Kollman ESP Net Atomic Charges

     Atom                 Charge (a.u.)
  ----------------------------------------
      1 C                    -0.320129
      2 C                     0.199245
      3 C                     0.491468
      4 C                    -0.531944
      5 H                     0.245980
      6 C                     0.647701
      7 C                    -0.296764
      8 S                     1.098969
      9 C                    -0.051882
     10 H                     0.214428
     11 S                     1.218122
     12 O                    -0.691655
     13 O                    -0.709702
     14 N                    -1.071838
     15 H                     0.391568
     16 N                    -0.774538
     17 C                     0.199256
     18 N                    -0.726392
     19 O                    -0.579283
     20 O                    -0.549845
     21 H                     0.436645
     22 F                    -0.213988
     23 F                    -0.171397
     24 F                    -0.183220
     25 H                     0.109363
     26 H                     0.174520
     27 H                     0.445311
  ----------------------------------------
  Sum of atomic charges =    -1.000000

  Related Dipole Moment =    14.7440 (X  1.4376 Y -1.6131 Z -14.5848)

 -----------------------------------------------------------------
                    Cartesian Multipole Moments
 -----------------------------------------------------------------
    Charge (ESU x 10^10)
                -4.8032
    Dipole Moment (Debye)
         X       1.4213      Y      -1.5885      Z     -14.5801
       Tot      14.7351
    Quadrupole Moments (Debye-Ang)
        XX    -164.6086     XY       9.0758     YY    -147.5309
        XZ      36.3656     YZ     -15.8607     ZZ     -90.2925
    Octopole Moments (Debye-Ang^2)
       XXX     473.7907    XXY    -120.3702    XYY     170.4871
       YYY    -258.5317    XXZ     244.6078    XYZ       4.0216
       YYZ     223.0957    XZZ      50.4602    YZZ     -21.4597
       ZZZ     315.7409
    Hexadecapole Moments (Debye-Ang^3)
      XXXX   -4828.4756   XXXY     583.4722   XXYY    -988.9053
      XYYY     532.5798   YYYY    -884.4829   XXXZ     184.9834
      XXYZ      87.5683   XYYZ      43.7732   YYYZ     342.9616
      XXZZ   -1886.1636   XYZZ     185.8511   YYZZ   -1237.2162
      XZZZ     595.2471   YZZZ      33.6549   ZZZZ   -4282.0498
 -----------------------------------------------------------------
 Total job time:  60.61s(wall), 459.43s(cpu) 
 Fri Jul  1 13:42:57 2022

        *************************************************************
        *                                                           *
        *  Thank you very much for using Q-Chem.  Have a nice day.  *
        *                                                           *
        *************************************************************


