                  Welcome to Q-Chem
     A Quantum Leap Into The Future Of Chemistry


 Q-Chem 5.4 (devel), Q-Chem, Inc., Pleasanton, CA (2021)

 E. Epifanovsky,  A. T. B. Gilbert,  Xintian Feng,  Joonho Lee,  Yuezhi Mao,  
 N. Mardirossian,  P. Pokhilko,  A. White,  M. Wormit,  M. P. Coons,  
 A. L. Dempwolff,  Zhengting Gan,  D. Hait,  P. R. Horn,  L. D. Jacobson,  
 I. Kaliman,  J. Kussmann,  A. W. Lange,  Ka Un Lao,  D. S. Levine,  Jie Liu,  
 S. C. McKenzie,  A. F. Morrison,  K. Nanda,  F. Plasser,  D. R. Rehn,  
 M. L. Vidal,  Zhi-Qiang You,  Ying Zhu,  B. Alam,  B. Albrecht,  
 A. Aldossary,  E. Alguire,  J. H. Andersen,  D. Barton,  K. Begam,  A. Behn,  
 Y. A. Bernard,  E. J. Berquist,  H. Burton,  A. Carreras,  K. Carter-Fenk,  
 R. Chakraborty,  A. D. Chien,  K. D. Closser,  V. Cofer-Shabica,  
 S. Dasgupta,  Jia Deng,  M. de Wergifosse,  M. Diedenhofen,  Hainam Do,  
 S. Ehlert,  Po-Tung Fang,  S. Fatehi,  Qingguo Feng,  T. Friedhoff,  
 J. Gayvert,  Qinghui Ge,  G. Gidofalvi,  M. Goldey,  J. Gomes,  
 C. Gonzalez-Espinoza,  S. Gulania,  A. Gunina,  M. W. D. Hanson-Heine,  
 P. H. P. Harbach,  A. W. Hauser,  M. F. Herbst,  M. Hernandez Vera,  
 M. Hodecker,  Z. C. Holden,  S. Houck,  Xunkun Huang,  Kerwin Hui,  
 B. C. Huynh,  M. Ivanov,  Hyunjun Ji,  Hanjie Jiang,  B. Kaduk,  S. Kaehler,  
 K. Khistyaev,  Jaehoon Kim,  P. Klunzinger,  Z. Koczor-Benda,  
 Joong Hoon Koh,  D. Kosenkov,  L. Koulias,  T. Kowalczyk,  C. M. Krauter,  
 K. Kue,  A. Kunitsa,  T. Kus,  A. Landau,  K. V. Lawler,  D. Lefrancois,  
 S. Lehtola,  Rain Li,  Yi-Pei Li,  Jiashu Liang,  M. Liebenthal,  
 Hung-Hsuan Lin,  You-Sheng Lin,  Fenglai Liu,  Kuan-Yu Liu,  
 M. Loipersberger,  A. Luenser,  A. Manjanath,  P. Manohar,  E. Mansoor,  
 S. F. Manzer,  Shan-Ping Mao,  A. V. Marenich,  T. Markovich,  S. Mason,  
 S. A. Maurer,  P. F. McLaughlin,  M. F. S. J. Menger,  J.-M. Mewes,  
 S. A. Mewes,  P. Morgante,  J. W. Mullinax,  K. J. Oosterbaan,  G. Paran,  
 Alexander C. Paul,  Suranjan K. Paul,  F. Pavosevic,  Zheng Pei,  S. Prager,  
 E. I. Proynov,  E. Ramos,  B. Rana,  A. E. Rask,  A. Rettig,  R. M. Richard,  
 F. Rob,  E. Rossomme,  T. Scheele,  M. Scheurer,  M. Schneider,  
 N. Sergueev,  S. M. Sharada,  W. Skomorowski,  D. W. Small,  C. J. Stein,  
 Yu-Chuan Su,  E. J. Sundstrom,  Zhen Tao,  J. Thirman,  T. Tsuchimochi,  
 N. M. Tubman,  S. P. Veccham,  O. Vydrov,  J. Wenzel,  J. Witte,  A. Yamada,  
 Kun Yao,  S. Yeganeh,  S. R. Yost,  A. Zech,  Igor Ying Zhang,  Xing Zhang,  
 Yu Zhang,  D. Zuev,  A. Aspuru-Guzik,  A. T. Bell,  N. A. Besley,  
 K. B. Bravaya,  B. R. Brooks,  D. Casanova,  Jeng-Da Chai,  S. Coriani,  
 C. J. Cramer,  A. E. DePrince, III,  R. A. DiStasio Jr.,  A. Dreuw,  
 B. D. Dunietz,  T. R. Furlani,  W. A. Goddard III,  S. Grimme,  
 S. Hammes-Schiffer,  T. Head-Gordon,  W. J. Hehre,  Chao-Ping Hsu,  
 T.-C. Jagau,  Yousung Jung,  A. Klamt,  Jing Kong,  D. S. Lambrecht,  
 WanZhen Liang,  N. J. Mayhall,  C. W. McCurdy,  J. B. Neaton,  
 C. Ochsenfeld,  J. A. Parkhill,  R. Peverati,  V. A. Rassolov,  Yihan Shao,  
 L. V. Slipchenko,  T. Stauch,  R. P. Steele,  J. E. Subotnik,  
 A. J. W. Thom,  A. Tkatchenko,  D. G. Truhlar,  T. Van Voorhis,  
 T. A. Wesolowski,  K. B. Whaley,  H. L. Woodcock III,  P. M. Zimmerman,  
 S. Faraji,  P. M. W. Gill,  M. Head-Gordon,  J. M. Herbert,  A. I. Krylov

 Additional authors for Version 5.4.1: 
 S. Kotaru,  Shaozhi Li,  Xiangyuan Li,  F. Matz,  A. Molle,  Haisheng Ren,  
 Yingli Su,  Hung-Yi Tsai,  C. Utku,  Fang Wang

 Contributors to earlier versions of Q-Chem not listed above: 
 R. D. Adamson,  B. Austin,  R. Baer,  J. Baker,  G. J. O. Beran,  
 K. Brandhorst,  S. T. Brown,  E. F. C. Byrd,  A. K. Chakraborty,  
 G. K. L. Chan,  Chun-Min Chang,  Yunqing Chen,  C.-L. Cheng,  
 Siu Hung Chien,  D. M. Chipman,  D. L. Crittenden,  H. Dachsel,  
 R. J. Doerksen,  A. D. Dutoi,  R. G. Edgar,  J. Fosso-Tande,  
 L. Fusti-Molnar,  D. Ghosh,  A. Ghysels,  A. Golubeva-Zadorozhnaya,  
 J. Gonthier,  M. S. Gordon,  S. R. Gwaltney,  G. Hawkins,  J. E. Herr,  
 A. Heyden,  S. Hirata,  E. G. Hohenstein,  G. Kedziora,  F. J. Keil,  
 C. Kelley,  Jihan Kim,  R. A. King,  R. Z. Khaliullin,  P. P. Korambath,  
 W. Kurlancheek,  A. Laurent,  A. M. Lee,  M. S. Lee,  S. V. Levchenko,  
 Ching Yeh Lin,  D. Liotard,  E. Livshits,  R. C. Lochan,  I. Lotan,  
 L. A. Martinez-Martinez,  P. E. Maslen,  N. Nair,  D. P. O'Neill,  
 D. Neuhauser,  E. Neuscamman,  C. M. Oana,  R. Olivares-Amaya,  R. Olson,  
 T. M. Perrine,  B. Peters,  P. A. Pieniazek,  A. Prociuk,  Y. M. Rhee,  
 J. Ritchie,  M. A. Rohrdanz,  E. Rosta,  N. J. Russ,  H. F. Schaefer III,  
 M. W. Schmidt,  N. E. Schultz,  S. Sharma,  N. Shenvi,  C. D. Sherrill,  
 A. C. Simmonett,  A. Sodt,  T. Stein,  D. Stuck,  K. S. Thanthiriwatte,  
 V. Vanovschi,  L. Vogt,  Tao Wang,  A. Warshel,  M. A. Watson,  
 C. F. Williams,  Q. Wu,  X. Xu,  Jun Yang,  W. Zhang,  Yan Zhao

 Please cite Q-Chem as follows:
 Y. Shao et al., Mol. Phys. 113, 184-215 (2015)
 DOI: 10.1080/00268976.2014.952696

 Q-Chem 5.4.1 for Intel X86 EM64T Linux

 Parts of Q-Chem use Armadillo 9.800.1 (Horizon Scraper).
 http://arma.sourceforge.net/

 Q-Chem begins on Fri Jul  1 17:55:01 2022  

 Host: gadi-cpu-clx-0597.gadi.nci.org.au
0

     Scratch files written to /jobfs/49941712.gadi-pbs/qchem4009936//
 Processing $rem in /apps/qchem/5.4.1/config/preferences:
 Processing $rem in /home/561/yj5695/.qchemrc:
 Symmetry turned off for PCM/SM12/SMD calculation
 Method-specific promolecule density matrix will be built for SM12 calculation

 Checking the input file for inconsistencies... 	...done.

--------------------------------------------------------------
User input:
--------------------------------------------------------------
$molecule
-1  1
C -1.5887839773  1.0226703727 -0.8885276907
C -2.7481162538  0.5718162406 -1.5563094588
C -4.1060328571  0.4895443002 -0.8951013667
C -2.701851025  0.2048492779 -2.8929719835
H -3.5968601673 -0.1359787093 -3.4034704906
C -1.4961628282  0.259451655 -3.6078680114
C -0.3437509911  0.7125841534 -2.9482296168
C  0.9127193693  0.8872958298 -3.7230975267
C -0.4030166021  1.0859701652 -1.6074458829
S -1.4973662126  1.4730243237  0.8731102594
O -0.2146829383  2.215516037  0.9725798723
O -2.7000893608  2.3281347931  1.0846774212
N -1.4061613992  0.1945862888  1.763050443
H -2.3299997434 -0.2394304785  1.8006276895
N -1.4279532867 -0.0689380559 -4.9482464486
C -0.1367305292 -0.5805055625 -5.3872593832
N  0.8734217317  0.3906018025 -4.9796894403
H -2.2130601297 -0.6246755779 -5.2820695565
F -4.9497588389 -0.2986705868 -1.5875515039
F -4.7072387961  1.6891520766 -0.8082381749
F -4.0565224085 -0.0256053846  0.3461642544
H  1.73914235  0.4229744005 -5.512934083
C -0.0990639288 -0.7720795617 -6.8986555121
C -1.0967595628 -1.8125466591 -7.3476119248
C -0.8186781765 -3.1746784324 -7.1787882483
H  0.1376550833 -3.4754106026 -6.7557123476
C -1.7495714781 -4.1419953516 -7.5535571434
H -1.5178114269 -5.1950019938 -7.4205758709
C -2.9750342718 -3.758588813 -8.102884645
H -3.700033837 -4.5118100623 -8.3977166221
C -3.2611338954 -2.4047710825 -8.2756017248
H -4.2108102068 -2.0982876414 -8.7048791093
C -2.3264415558 -1.4382072706 -7.8989216336
H -2.5504513234 -0.3827590498 -8.0382449432
H  0.0707696464 -1.5436903164 -4.8937757675
H  0.9165882269 -1.0856432518 -7.1650694032
H -0.2997481252  0.1906044165 -7.3804079815
O  1.894396939  1.4947421878 -3.2753044689
H  0.500207787  1.4425741233 -1.1237419755
$end

$rem
jobtype sp
exchange M062X
basis 6-31G*
SMX_GAS_PHASE = TRUE
solvent_method sm12
$end

$smx
solvent water
charges mk
$end
--------------------------------------------------------------
 ----------------------------------------------------------------
             Standard Nuclear Orientation (Angstroms)
    I     Atom           X                Y                Z
 ----------------------------------------------------------------
    1      C      -1.5887839773     1.0226703727    -0.8885276907
    2      C      -2.7481162538     0.5718162406    -1.5563094588
    3      C      -4.1060328571     0.4895443002    -0.8951013667
    4      C      -2.7018510250     0.2048492779    -2.8929719835
    5      H      -3.5968601673    -0.1359787093    -3.4034704906
    6      C      -1.4961628282     0.2594516550    -3.6078680114
    7      C      -0.3437509911     0.7125841534    -2.9482296168
    8      C       0.9127193693     0.8872958298    -3.7230975267
    9      C      -0.4030166021     1.0859701652    -1.6074458829
   10      S      -1.4973662126     1.4730243237     0.8731102594
   11      O      -0.2146829383     2.2155160370     0.9725798723
   12      O      -2.7000893608     2.3281347931     1.0846774212
   13      N      -1.4061613992     0.1945862888     1.7630504430
   14      H      -2.3299997434    -0.2394304785     1.8006276895
   15      N      -1.4279532867    -0.0689380559    -4.9482464486
   16      C      -0.1367305292    -0.5805055625    -5.3872593832
   17      N       0.8734217317     0.3906018025    -4.9796894403
   18      H      -2.2130601297    -0.6246755779    -5.2820695565
   19      F      -4.9497588389    -0.2986705868    -1.5875515039
   20      F      -4.7072387961     1.6891520766    -0.8082381749
   21      F      -4.0565224085    -0.0256053846     0.3461642544
   22      H       1.7391423500     0.4229744005    -5.5129340830
   23      C      -0.0990639288    -0.7720795617    -6.8986555121
   24      C      -1.0967595628    -1.8125466591    -7.3476119248
   25      C      -0.8186781765    -3.1746784324    -7.1787882483
   26      H       0.1376550833    -3.4754106026    -6.7557123476
   27      C      -1.7495714781    -4.1419953516    -7.5535571434
   28      H      -1.5178114269    -5.1950019938    -7.4205758709
   29      C      -2.9750342718    -3.7585888130    -8.1028846450
   30      H      -3.7000338370    -4.5118100623    -8.3977166221
   31      C      -3.2611338954    -2.4047710825    -8.2756017248
   32      H      -4.2108102068    -2.0982876414    -8.7048791093
   33      C      -2.3264415558    -1.4382072706    -7.8989216336
   34      H      -2.5504513234    -0.3827590498    -8.0382449432
   35      H       0.0707696464    -1.5436903164    -4.8937757675
   36      H       0.9165882269    -1.0856432518    -7.1650694032
   37      H      -0.2997481252     0.1906044165    -7.3804079815
   38      O       1.8943969390     1.4947421878    -3.2753044689
   39      H       0.5002077870     1.4425741233    -1.1237419755
 ----------------------------------------------------------------
 Nuclear Repulsion Energy =        2538.95608771 hartrees
 There are       99 alpha and       99 beta electrons
 Requested basis set is 6-31G(d)
 There are 131 shells and 420 basis functions

 Total QAlloc Memory Limit   2000 MB
 Mega-Array Size       188 MB
 MEM_STATIC part       192 MB
 A cutoff of  1.0D-08 yielded   3871 shell pairs
 There are     41995 function pairs
 Smallest overlap matrix eigenvalue = 3.33E-04

 Scale SEOQF with 1.000000e-01/1.000000e-01/1.000000e-02

 Standard Electronic Orientation quadrupole field applied
 Nucleus-field energy     =     0.0000000419 hartrees
 ================ Generating on-the-fly Promolecule Density  ================
Attempting to make child job directory: /jobfs/49941712.gadi-pbs/qchem4009936//Frg1/
Attempting to make child job directory: /jobfs/49941712.gadi-pbs/qchem4009936//Frg2/
Attempting to make child job directory: /jobfs/49941712.gadi-pbs/qchem4009936//Frg3/
Attempting to make child job directory: /jobfs/49941712.gadi-pbs/qchem4009936//Frg4/
Attempting to make child job directory: /jobfs/49941712.gadi-pbs/qchem4009936//Frg5/
Attempting to make child job directory: /jobfs/49941712.gadi-pbs/qchem4009936//Frg6/
Creating input file /jobfs/49941712.gadi-pbs/qchem4009936/Frg1.input
using default PutDataFrgm: nothing
calling putenv with: QCSCRATCH=/jobfs/49941712.gadi-pbs/qchem4009936/ 
Spawning Job For Fragment 0
Done Job For Fragment 0
calling putenv with: QCSCRATCH=/jobfs/49941712.gadi-pbs 
calling putenv with: QCTHREADS=8 
Creating input file /jobfs/49941712.gadi-pbs/qchem4009936/Frg2.input
using default PutDataFrgm: nothing
calling putenv with: QCSCRATCH=/jobfs/49941712.gadi-pbs/qchem4009936/ 
Spawning Job For Fragment 1
Done Job For Fragment 1
calling putenv with: QCSCRATCH=/jobfs/49941712.gadi-pbs 
calling putenv with: QCTHREADS=8 
Creating input file /jobfs/49941712.gadi-pbs/qchem4009936/Frg3.input
using default PutDataFrgm: nothing
calling putenv with: QCSCRATCH=/jobfs/49941712.gadi-pbs/qchem4009936/ 
Spawning Job For Fragment 2
Done Job For Fragment 2
calling putenv with: QCSCRATCH=/jobfs/49941712.gadi-pbs 
calling putenv with: QCTHREADS=8 
Creating input file /jobfs/49941712.gadi-pbs/qchem4009936/Frg4.input
using default PutDataFrgm: nothing
calling putenv with: QCSCRATCH=/jobfs/49941712.gadi-pbs/qchem4009936/ 
Spawning Job For Fragment 3
Done Job For Fragment 3
calling putenv with: QCSCRATCH=/jobfs/49941712.gadi-pbs 
calling putenv with: QCTHREADS=8 
Creating input file /jobfs/49941712.gadi-pbs/qchem4009936/Frg5.input
using default PutDataFrgm: nothing
calling putenv with: QCSCRATCH=/jobfs/49941712.gadi-pbs/qchem4009936/ 
Spawning Job For Fragment 4
Done Job For Fragment 4
calling putenv with: QCSCRATCH=/jobfs/49941712.gadi-pbs 
calling putenv with: QCTHREADS=8 
Creating input file /jobfs/49941712.gadi-pbs/qchem4009936/Frg6.input
using default PutDataFrgm: nothing
calling putenv with: QCSCRATCH=/jobfs/49941712.gadi-pbs/qchem4009936/ 
Spawning Job For Fragment 5
Done Job For Fragment 5
calling putenv with: QCSCRATCH=/jobfs/49941712.gadi-pbs 
calling putenv with: QCTHREADS=8 
 Time for running child jobs:  CPU 0.94 s  wall 2.31 s
 ============= Method Specific Promolecule Density Constructed =============
 Guess from superposition of atomic densities
 Warning:  Energy on first SCF cycle will be non-variational
 SAD guess density has 197.000000 electrons

 -----------------------------------------------------------------------
  General SCF calculation program by
  Eric Jon Sundstrom, Paul Horn, Yuezhi Mao, Dmitri Zuev, Alec White,
  David Stuck, Shaama M.S., Shane Yost, Joonho Lee, David Small,
  Daniel Levine, Susi Lehtola, Hugh Burton, Evgeny Epifanovsky,
  Bang C. Huynh
 -----------------------------------------------------------------------
 Exchange:     0.5400 Hartree-Fock + 1.0000 M06-2X
 Correlation:  1.0000 M06-2X
 Using SG-3 standard quadrature grid
 using 8 threads for integral computing
 -------------------------------------------------------
 OpenMP Integral computing Module                
 Release: version 1.0, May 2013, Q-Chem Inc. Pittsburgh 
 -------------------------------------------------------
 A restricted SCF calculation will be
 performed using DIIS
 SCF converges when DIIS error is below 1.0e-05
 ---------------------------------------
  Cycle       Energy         DIIS error
 ---------------------------------------
    1   -1712.5322311190      4.05e-02  
    2   -1704.1163149425      5.14e-03  
    3   -1703.8836657998      6.67e-03  
    4   -1704.6084852066      9.63e-04  
    5   -1704.6240683939      3.88e-04  
    6   -1704.6265158867      1.11e-04  
    7   -1704.6267388868      3.61e-05  
    8   -1704.6267631678      1.34e-05  
    9   -1704.6267692125      4.81e-06  Convergence criterion met
 ---------------------------------------
 SCF time:   CPU 168.30s  wall 22.00s 
 SCF   energy in the final basis set =    -1704.6267692125
 Total energy in the final basis set =    -1704.6267692125
 Exchange:     0.5400 Hartree-Fock + 1.0000 M06-2X
 Correlation:  1.0000 M06-2X
 Using SG-3 standard quadrature grid
 
 SM12 calculation using Merz-Singh-Kollman charges
 Citation of the SM12 model:
 Marenich, A.V.; Cramer, C.J.; Truhlar, D.G.
 J. Chem. Theory Comput. 2013, 9, 609-612.
 iSolventCode=           1
 Solvent: water                                                           
 
  Building new vdw surfaces
         Merz-Kollman ESP Net Atomic Charges

     Atom                 Charge (a.u.)
  ----------------------------------------
      1 C                    -0.243712
      2 C                     0.173361
      3 C                     0.440385
      4 C                    -0.450379
      5 H                     0.179598
      6 C                     0.398825
      7 C                    -0.171029
      8 C                     0.566412
      9 C                    -0.024774
     10 S                     0.913544
     11 O                    -0.551144
     12 O                    -0.588037
     13 N                    -0.917373
     14 H                     0.360279
     15 N                    -0.673711
     16 C                     0.436812
     17 N                    -0.569317
     18 H                     0.356497
     19 F                    -0.193894
     20 F                    -0.148812
     21 F                    -0.168620
     22 H                     0.327234
     23 C                    -0.512992
     24 C                     0.256645
     25 C                    -0.234727
     26 H                     0.151257
     27 C                    -0.119082
     28 H                     0.136486
     29 C                    -0.159948
     30 H                     0.137940
     31 C                    -0.130771
     32 H                     0.140213
     33 C                    -0.225097
     34 H                     0.147450
     35 H                    -0.000974
     36 H                     0.155339
     37 H                     0.172694
     38 O                    -0.528445
     39 H                     0.161869
  ----------------------------------------
  Sum of atomic charges =    -1.000000

  Related Dipole Moment =    14.5291 (X  5.2051 Y -11.0266 Z -7.9003)


 Charges (in A.U.) from Merz-Kollman fitting 
 -----------------------------------------------
 Center     Atomic                  MZ       
 Number     Number                  Charge
 -----------------------------------------------
    1          6                   -0.243712
    2          6                    0.173361
    3          6                    0.440385
    4          6                   -0.450379
    5          1                    0.179598
    6          6                    0.398825
    7          6                   -0.171029
    8          6                    0.566412
    9          6                   -0.024774
   10         16                    0.913544
   11          8                   -0.551144
   12          8                   -0.588037
   13          7                   -0.917373
   14          1                    0.360279
   15          7                   -0.673711
   16          6                    0.436812
   17          7                   -0.569317
   18          1                    0.356497
   19          9                   -0.193894
   20          9                   -0.148812
   21          9                   -0.168620
   22          1                    0.327234
   23          6                   -0.512992
   24          6                    0.256645
   25          6                   -0.234727
   26          1                    0.151257
   27          6                   -0.119082
   28          1                    0.136486
   29          6                   -0.159948
   30          1                    0.137940
   31          6                   -0.130771
   32          1                    0.140213
   33          6                   -0.225097
   34          1                    0.147450
   35          1                   -0.000974
   36          1                    0.155339
   37          1                    0.172694
   38          8                   -0.528445
   39          1                    0.161869
 -----------------------------------------------
 A restricted SCF calculation will be
 performed using Roothaan-Hall, DIIS
 SCF converges when DIIS error is below 1.0e-05
 ---------------------------------------
  Cycle       Energy         DIIS error
 ---------------------------------------
         Merz-Kollman ESP Net Atomic Charges

     Atom                 Charge (a.u.)
  ----------------------------------------
      1 C                    -0.311445
      2 C                     0.168167
      3 C                     0.414779
      4 C                    -0.422807
      5 H                     0.205821
      6 C                     0.449224
      7 C                    -0.148509
      8 C                     0.573538
      9 C                    -0.064656
     10 S                     0.941927
     11 O                    -0.597940
     12 O                    -0.615794
     13 N                    -0.970468
     14 H                     0.382295
     15 N                    -0.643361
     16 C                     0.448896
     17 N                    -0.531466
     18 H                     0.368425
     19 F                    -0.169774
     20 F                    -0.149613
     21 F                    -0.167733
     22 H                     0.352998
     23 C                    -0.520738
     24 C                     0.276825
     25 C                    -0.252859
     26 H                     0.165059
     27 C                    -0.138531
     28 H                     0.153342
     29 C                    -0.178435
     30 H                     0.154766
     31 C                    -0.144759
     32 H                     0.155556
     33 C                    -0.239849
     34 H                     0.158175
     35 H                     0.000031
     36 H                     0.171187
     37 H                     0.179466
     38 O                    -0.610830
     39 H                     0.159090
  ----------------------------------------
  Sum of atomic charges =    -1.000000

  Related Dipole Moment =    18.4307 (X  4.1983 Y -12.9124 Z -12.4633)


 Charges (in A.U.) from Merz-Kollman fitting 
 -----------------------------------------------
 Center     Atomic                  MZ       
 Number     Number                  Charge
 -----------------------------------------------
    1          6                   -0.311445
    2          6                    0.168167
    3          6                    0.414779
    4          6                   -0.422807
    5          1                    0.205821
    6          6                    0.449224
    7          6                   -0.148509
    8          6                    0.573538
    9          6                   -0.064656
   10         16                    0.941927
   11          8                   -0.597940
   12          8                   -0.615794
   13          7                   -0.970468
   14          1                    0.382295
   15          7                   -0.643361
   16          6                    0.448896
   17          7                   -0.531466
   18          1                    0.368425
   19          9                   -0.169774
   20          9                   -0.149613
   21          9                   -0.167733
   22          1                    0.352998
   23          6                   -0.520738
   24          6                    0.276825
   25          6                   -0.252859
   26          1                    0.165059
   27          6                   -0.138531
   28          1                    0.153342
   29          6                   -0.178435
   30          1                    0.154766
   31          6                   -0.144759
   32          1                    0.155556
   33          6                   -0.239849
   34          1                    0.158175
   35          1                    0.000031
   36          1                    0.171187
   37          1                    0.179466
   38          8                   -0.610830
   39          1                    0.159090
 -----------------------------------------------
    1   -1704.6267694240      4.54e-04  Roothaan Step
 ---------------------------------------
  Cycle       Energy         DIIS error
 ---------------------------------------
         Merz-Kollman ESP Net Atomic Charges

     Atom                 Charge (a.u.)
  ----------------------------------------
      1 C                    -0.232733
      2 C                     0.167755
      3 C                     0.414761
      4 C                    -0.471202
      5 H                     0.226198
      6 C                     0.396247
      7 C                    -0.156945
      8 C                     0.551919
      9 C                    -0.035998
     10 S                     0.947872
     11 O                    -0.600847
     12 O                    -0.631904
     13 N                    -0.976032
     14 H                     0.370407
     15 N                    -0.646784
     16 C                     0.405859
     17 N                    -0.570806
     18 H                     0.371413
     19 F                    -0.180176
     20 F                    -0.145890
     21 F                    -0.162795
     22 H                     0.370189
     23 C                    -0.555537
     24 C                     0.289745
     25 C                    -0.259795
     26 H                     0.167639
     27 C                    -0.128694
     28 H                     0.152461
     29 C                    -0.169721
     30 H                     0.153496
     31 C                    -0.141536
     32 H                     0.155181
     33 C                    -0.235639
     34 H                     0.156504
     35 H                     0.024267
     36 H                     0.191405
     37 H                     0.192098
     38 O                    -0.554784
     39 H                     0.152400
  ----------------------------------------
  Sum of atomic charges =    -1.000000

  Related Dipole Moment =    18.4633 (X  4.8319 Y -12.8694 Z -12.3258)


 Charges (in A.U.) from Merz-Kollman fitting 
 -----------------------------------------------
 Center     Atomic                  MZ       
 Number     Number                  Charge
 -----------------------------------------------
    1          6                   -0.232733
    2          6                    0.167755
    3          6                    0.414761
    4          6                   -0.471202
    5          1                    0.226198
    6          6                    0.396247
    7          6                   -0.156945
    8          6                    0.551919
    9          6                   -0.035998
   10         16                    0.947872
   11          8                   -0.600847
   12          8                   -0.631904
   13          7                   -0.976032
   14          1                    0.370407
   15          7                   -0.646784
   16          6                    0.405859
   17          7                   -0.570806
   18          1                    0.371413
   19          9                   -0.180176
   20          9                   -0.145890
   21          9                   -0.162795
   22          1                    0.370189
   23          6                   -0.555537
   24          6                    0.289745
   25          6                   -0.259795
   26          1                    0.167639
   27          6                   -0.128694
   28          1                    0.152461
   29          6                   -0.169721
   30          1                    0.153496
   31          6                   -0.141536
   32          1                    0.155181
   33          6                   -0.235639
   34          1                    0.156504
   35          1                    0.024267
   36          1                    0.191405
   37          1                    0.192098
   38          8                   -0.554784
   39          1                    0.152400
 -----------------------------------------------
    1   -1704.6092944110      3.57e-04  
         Merz-Kollman ESP Net Atomic Charges

     Atom                 Charge (a.u.)
  ----------------------------------------
      1 C                    -0.288767
      2 C                     0.171251
      3 C                     0.409629
      4 C                    -0.454125
      5 H                     0.220637
      6 C                     0.434448
      7 C                    -0.146140
      8 C                     0.568852
      9 C                    -0.052833
     10 S                     0.957576
     11 O                    -0.605874
     12 O                    -0.628095
     13 N                    -0.980005
     14 H                     0.374479
     15 N                    -0.639137
     16 C                     0.421430
     17 N                    -0.539564
     18 H                     0.369022
     19 F                    -0.174204
     20 F                    -0.146881
     21 F                    -0.163733
     22 H                     0.362545
     23 C                    -0.547679
     24 C                     0.289351
     25 C                    -0.259105
     26 H                     0.168048
     27 C                    -0.134026
     28 H                     0.154495
     29 C                    -0.175845
     30 H                     0.156007
     31 C                    -0.143585
     32 H                     0.156853
     33 C                    -0.239132
     34 H                     0.158172
     35 H                     0.015723
     36 H                     0.185818
     37 H                     0.189360
     38 O                    -0.600494
     39 H                     0.155530
  ----------------------------------------
  Sum of atomic charges =    -1.000000

  Related Dipole Moment =    19.0489 (X  4.4531 Y -13.1408 Z -13.0518)


 Charges (in A.U.) from Merz-Kollman fitting 
 -----------------------------------------------
 Center     Atomic                  MZ       
 Number     Number                  Charge
 -----------------------------------------------
    1          6                   -0.288767
    2          6                    0.171251
    3          6                    0.409629
    4          6                   -0.454125
    5          1                    0.220637
    6          6                    0.434448
    7          6                   -0.146140
    8          6                    0.568852
    9          6                   -0.052833
   10         16                    0.957576
   11          8                   -0.605874
   12          8                   -0.628095
   13          7                   -0.980005
   14          1                    0.374479
   15          7                   -0.639137
   16          6                    0.421430
   17          7                   -0.539564
   18          1                    0.369022
   19          9                   -0.174204
   20          9                   -0.146881
   21          9                   -0.163733
   22          1                    0.362545
   23          6                   -0.547679
   24          6                    0.289351
   25          6                   -0.259105
   26          1                    0.168048
   27          6                   -0.134026
   28          1                    0.154495
   29          6                   -0.175845
   30          1                    0.156007
   31          6                   -0.143585
   32          1                    0.156853
   33          6                   -0.239132
   34          1                    0.158172
   35          1                    0.015723
   36          1                    0.185818
   37          1                    0.189360
   38          8                   -0.600494
   39          1                    0.155530
 -----------------------------------------------
    2   -1704.6121537236      4.14e-04  
         Merz-Kollman ESP Net Atomic Charges

     Atom                 Charge (a.u.)
  ----------------------------------------
      1 C                    -0.285729
      2 C                     0.173120
      3 C                     0.409810
      4 C                    -0.452896
      5 H                     0.221490
      6 C                     0.432027
      7 C                    -0.147851
      8 C                     0.560055
      9 C                    -0.052619
     10 S                     0.960731
     11 O                    -0.608598
     12 O                    -0.631350
     13 N                    -0.984140
     14 H                     0.375400
     15 N                    -0.638118
     16 C                     0.421180
     17 N                    -0.543206
     18 H                     0.370240
     19 F                    -0.174017
     20 F                    -0.147466
     21 F                    -0.163991
     22 H                     0.364905
     23 C                    -0.545464
     24 C                     0.288465
     25 C                    -0.259685
     26 H                     0.168801
     27 C                    -0.134764
     28 H                     0.155275
     29 C                    -0.176049
     30 H                     0.156751
     31 C                    -0.144296
     32 H                     0.157637
     33 C                    -0.239694
     34 H                     0.158793
     35 H                     0.017129
     36 H                     0.186314
     37 H                     0.189333
     38 O                    -0.592906
     39 H                     0.155381
  ----------------------------------------
  Sum of atomic charges =    -1.000000

  Related Dipole Moment =    19.1925 (X  4.4525 Y -13.2012 Z -13.2006)


 Charges (in A.U.) from Merz-Kollman fitting 
 -----------------------------------------------
 Center     Atomic                  MZ       
 Number     Number                  Charge
 -----------------------------------------------
    1          6                   -0.285729
    2          6                    0.173120
    3          6                    0.409810
    4          6                   -0.452896
    5          1                    0.221490
    6          6                    0.432027
    7          6                   -0.147851
    8          6                    0.560055
    9          6                   -0.052619
   10         16                    0.960731
   11          8                   -0.608598
   12          8                   -0.631350
   13          7                   -0.984140
   14          1                    0.375400
   15          7                   -0.638118
   16          6                    0.421180
   17          7                   -0.543206
   18          1                    0.370240
   19          9                   -0.174017
   20          9                   -0.147466
   21          9                   -0.163991
   22          1                    0.364905
   23          6                   -0.545464
   24          6                    0.288465
   25          6                   -0.259685
   26          1                    0.168801
   27          6                   -0.134764
   28          1                    0.155275
   29          6                   -0.176049
   30          1                    0.156751
   31          6                   -0.144296
   32          1                    0.157637
   33          6                   -0.239694
   34          1                    0.158793
   35          1                    0.017129
   36          1                    0.186314
   37          1                    0.189333
   38          8                   -0.592906
   39          1                    0.155381
 -----------------------------------------------
    3   -1704.6095089531      6.71e-05  
         Merz-Kollman ESP Net Atomic Charges

     Atom                 Charge (a.u.)
  ----------------------------------------
      1 C                    -0.286479
      2 C                     0.173421
      3 C                     0.409112
      4 C                    -0.456834
      5 H                     0.223137
      6 C                     0.430943
      7 C                    -0.145824
      8 C                     0.561745
      9 C                    -0.050876
     10 S                     0.958723
     11 O                    -0.608055
     12 O                    -0.631131
     13 N                    -0.983704
     14 H                     0.374352
     15 N                    -0.637022
     16 C                     0.418170
     17 N                    -0.541558
     18 H                     0.370189
     19 F                    -0.174492
     20 F                    -0.146983
     21 F                    -0.163362
     22 H                     0.365282
     23 C                    -0.548889
     24 C                     0.289120
     25 C                    -0.260110
     26 H                     0.169091
     27 C                    -0.134247
     28 H                     0.155340
     29 C                    -0.175622
     30 H                     0.156827
     31 C                    -0.144116
     32 H                     0.157724
     33 C                    -0.239582
     34 H                     0.158810
     35 H                     0.018793
     36 H                     0.187982
     37 H                     0.190543
     38 O                    -0.595484
     39 H                     0.155063
  ----------------------------------------
  Sum of atomic charges =    -1.000000

  Related Dipole Moment =    19.2775 (X  4.4759 Y -13.2336 Z -13.2839)


 Charges (in A.U.) from Merz-Kollman fitting 
 -----------------------------------------------
 Center     Atomic                  MZ       
 Number     Number                  Charge
 -----------------------------------------------
    1          6                   -0.286479
    2          6                    0.173421
    3          6                    0.409112
    4          6                   -0.456834
    5          1                    0.223137
    6          6                    0.430943
    7          6                   -0.145824
    8          6                    0.561745
    9          6                   -0.050876
   10         16                    0.958723
   11          8                   -0.608055
   12          8                   -0.631131
   13          7                   -0.983704
   14          1                    0.374352
   15          7                   -0.637022
   16          6                    0.418170
   17          7                   -0.541558
   18          1                    0.370189
   19          9                   -0.174492
   20          9                   -0.146983
   21          9                   -0.163362
   22          1                    0.365282
   23          6                   -0.548889
   24          6                    0.289120
   25          6                   -0.260110
   26          1                    0.169091
   27          6                   -0.134247
   28          1                    0.155340
   29          6                   -0.175622
   30          1                    0.156827
   31          6                   -0.144116
   32          1                    0.157724
   33          6                   -0.239582
   34          1                    0.158810
   35          1                    0.018793
   36          1                    0.187982
   37          1                    0.190543
   38          8                   -0.595484
   39          1                    0.155063
 -----------------------------------------------
    4   -1704.6087959578      3.18e-05  
    5   -1704.6083659822      7.27e-06  Convergence criterion met
 ---------------------------------------
 SCF time:   CPU 137.49s  wall 18.00s 
(0)  E-EN(g) gas-phase elect-nuc energy                -1704.626769213 a.u.
(1)  E-EN(liq) elect-nuc energy of solute              -1704.608365982 a.u.
(2)  G-P(liq) polarization free energy of solvation           -91.0394 kcal/mol
(3)  G-ENP(liq) elect-nuc-pol free energy of system    -1704.753446473 a.u.
(4)  G-CDS(liq) cavity-dispersion-solvent structure 
     free energy                                                2.3466 kcal/mol
(5)  G-P-CDS(liq) = G-P(liq) + G-CDS(liq) = (2) + (4)         -88.6928 kcal/mol
(6)  G-S(liq) free energy of system = (1) + (5)        -1704.749706952 a.u.
(7)  DeltaE-EN(liq) elect-nuc reorganization
     energy of solute molecule (7) = (1) - (0)                 11.5482 kcal/mol
(8)  DeltaG-ENP(liq) elect-nuc-pol free energy
     of solvation (8) = (3) - (0)                             -79.4912 kcal/mol
(9)  DeltaG-S(liq) free energy of  solvation
     (9) = (6) - (0)                                          -77.1446 kcal/mol
 SCF   energy in the final basis set =    -1704.7497069522
 Total energy in the final basis set =    -1704.7497069522
 
 --------------------------------------------------------------
 
                    Orbital Energies (a.u.)
 --------------------------------------------------------------
 
 Alpha MOs
 -- Occupied --
-90.1172 -25.2921 -25.2900 -25.2815 -19.6119 -19.5995 -19.5980 -14.7907
-14.7852 -14.7019 -10.8096 -10.6639 -10.6327 -10.6160 -10.5982 -10.5819
-10.5739 -10.5717 -10.5705 -10.5647 -10.5582 -10.5555 -10.5553 -10.5544
-10.5543 -10.5539  -8.4296  -6.3521  -6.3516  -6.3508  -1.4599  -1.3676
 -1.3622  -1.1916  -1.1607  -1.0921  -1.0749  -1.0178  -0.9799  -0.9646
 -0.9486  -0.9072  -0.8882  -0.8562  -0.8434  -0.8189  -0.8094  -0.7526
 -0.7359  -0.7227  -0.6927  -0.6914  -0.6839  -0.6800  -0.6762  -0.6626
 -0.6351  -0.6083  -0.6046  -0.5878  -0.5798  -0.5683  -0.5660  -0.5554
 -0.5405  -0.5364  -0.5346  -0.5281  -0.5260  -0.5232  -0.5162  -0.5077
 -0.5045  -0.5031  -0.4956  -0.4882  -0.4862  -0.4790  -0.4721  -0.4631
 -0.4533  -0.4419  -0.4296  -0.4239  -0.4032  -0.4004  -0.3983  -0.3893
 -0.3751  -0.3597  -0.3445  -0.3392  -0.3299  -0.3262  -0.3150  -0.3085
 -0.3023  -0.2954  -0.2639
 -- Virtual --
 -0.0253   0.0164   0.0251   0.0275   0.0820   0.1262   0.1340   0.1425
  0.1531   0.1548   0.1641   0.1702   0.1740   0.1831   0.1911   0.1980
  0.2044   0.2097   0.2128   0.2160   0.2205   0.2370   0.2408   0.2434
  0.2503   0.2547   0.2641   0.2778   0.2923   0.2950   0.3016   0.3050
  0.3192   0.3317   0.3435   0.3490   0.3636   0.3664   0.3752   0.3817
  0.3879   0.4035   0.4175   0.4283   0.4418   0.4476   0.4616   0.4969
  0.5081   0.5360   0.5392   0.5453   0.5480   0.5586   0.5691   0.5737
  0.5821   0.5909   0.5940   0.6069   0.6089   0.6205   0.6261   0.6304
  0.6365   0.6426   0.6463   0.6509   0.6569   0.6632   0.6654   0.6672
  0.6727   0.6819   0.6907   0.7021   0.7172   0.7220   0.7315   0.7404
  0.7456   0.7547   0.7655   0.7692   0.7881   0.8058   0.8204   0.8263
  0.8476   0.8502   0.8623   0.8649   0.8674   0.8806   0.8860   0.8883
  0.8942   0.9004   0.9052   0.9081   0.9171   0.9247   0.9302   0.9322
  0.9437   0.9574   0.9635   0.9661   0.9800   0.9886   0.9897   0.9965
  1.0007   1.0059   1.0245   1.0311   1.0456   1.0577   1.0586   1.0650
  1.0680   1.0891   1.0987   1.1165   1.1253   1.1306   1.1412   1.1506
  1.1624   1.1812   1.1829   1.1946   1.2053   1.2108   1.2213   1.2311
  1.2343   1.2464   1.2572   1.2675   1.2765   1.2796   1.2974   1.3076
  1.3219   1.3443   1.3444   1.3478   1.3620   1.3816   1.3839   1.4039
  1.4158   1.4216   1.4282   1.4465   1.4591   1.4676   1.4691   1.4842
  1.4929   1.4966   1.5034   1.5090   1.5194   1.5295   1.5332   1.5464
  1.5542   1.5602   1.5647   1.5916   1.6007   1.6283   1.6494   1.6650
  1.6765   1.6980   1.7121   1.7435   1.7549   1.7607   1.7719   1.7835
  1.8005   1.8071   1.8134   1.8213   1.8324   1.8423   1.8513   1.8588
  1.8663   1.8684   1.8738   1.8959   1.9027   1.9084   1.9175   1.9187
  1.9261   1.9292   1.9398   1.9489   1.9586   1.9693   1.9748   1.9851
  1.9924   2.0067   2.0195   2.0280   2.0373   2.0484   2.0506   2.0615
  2.0657   2.0694   2.0830   2.0874   2.0987   2.1136   2.1240   2.1250
  2.1353   2.1471   2.1504   2.1566   2.1671   2.1772   2.1830   2.1904
  2.1955   2.2047   2.2103   2.2345   2.2622   2.2640   2.2677   2.2875
  2.3005   2.3068   2.3229   2.3340   2.3356   2.3653   2.3752   2.3894
  2.4002   2.4265   2.4350   2.4407   2.4601   2.4820   2.5008   2.5263
  2.5352   2.5616   2.5719   2.5946   2.6031   2.6094   2.6427   2.6535
  2.6794   2.6889   2.7020   2.7151   2.7268   2.7372   2.7513   2.7591
  2.7689   2.7835   2.7882   2.8008   2.8028   2.8348   2.8553   2.8905
  2.8996   2.9130   2.9369   2.9681   3.0105   3.0339   3.0653   3.0785
  3.0907   3.1053   3.1500   3.1956   3.2945   3.4132   3.4249   3.8503
  3.8827   3.9472   4.0110   4.0865   4.1050   4.1188   4.1252   4.1270
  4.1497   4.1808   4.2109   4.2561   4.3095   4.3324   4.3670   4.3986
  4.4517   4.5113   4.5694   4.6134   4.6760   4.7291   4.7993   4.8773
  5.7288
 --------------------------------------------------------------
 
          Ground-State Mulliken Net Atomic Charges

     Atom                 Charge (a.u.)
  ----------------------------------------
      1 C                    -0.301998
      2 C                    -0.109144
      3 C                     0.841096
      4 C                    -0.165896
      5 H                     0.253825
      6 C                     0.374262
      7 C                     0.010640
      8 C                     0.632368
      9 C                    -0.320998
     10 S                     1.038759
     11 O                    -0.710043
     12 O                    -0.689146
     13 N                    -0.873655
     14 H                     0.314914
     15 N                    -0.646998
     16 C                     0.213546
     17 N                    -0.623317
     18 H                     0.392066
     19 F                    -0.259675
     20 F                    -0.278195
     21 F                    -0.287340
     22 H                     0.408754
     23 C                    -0.347846
     24 C                     0.086546
     25 C                    -0.225797
     26 H                     0.199788
     27 C                    -0.209878
     28 H                     0.205612
     29 C                    -0.209811
     30 H                     0.205107
     31 C                    -0.204181
     32 H                     0.206803
     33 C                    -0.234313
     34 H                     0.203029
     35 H                     0.181080
     36 H                     0.209993
     37 H                     0.201661
     38 O                    -0.681184
     39 H                     0.199569
  ----------------------------------------
  Sum of atomic charges =    -1.000000

         Merz-Kollman ESP Net Atomic Charges

     Atom                 Charge (a.u.)
  ----------------------------------------
      1 C                    -0.286766
      2 C                     0.173857
      3 C                     0.408946
      4 C                    -0.456686
      5 H                     0.223052
      6 C                     0.431638
      7 C                    -0.146367
      8 C                     0.561230
      9 C                    -0.051476
     10 S                     0.961308
     11 O                    -0.608965
     12 O                    -0.631837
     13 N                    -0.984381
     14 H                     0.374101
     15 N                    -0.636592
     16 C                     0.417664
     17 N                    -0.541386
     18 H                     0.370081
     19 F                    -0.174511
     20 F                    -0.147026
     21 F                    -0.163341
     22 H                     0.365287
     23 C                    -0.549172
     24 C                     0.289809
     25 C                    -0.260175
     26 H                     0.169072
     27 C                    -0.134347
     28 H                     0.155363
     29 C                    -0.175743
     30 H                     0.156870
     31 C                    -0.144175
     32 H                     0.157731
     33 C                    -0.239555
     34 H                     0.158753
     35 H                     0.019032
     36 H                     0.188067
     37 H                     0.190618
     38 O                    -0.595169
     39 H                     0.155191
  ----------------------------------------
  Sum of atomic charges =    -1.000000

  Related Dipole Moment =    19.2903 (X  4.4722 Y -13.2378 Z -13.2995)

 -----------------------------------------------------------------
                    Cartesian Multipole Moments
 -----------------------------------------------------------------
    Charge (ESU x 10^10)
                -4.8032
    Dipole Moment (Debye)
         X       4.4382      Y     -13.2045      Z     -13.2327
       Tot      19.2136
    Quadrupole Moments (Debye-Ang)
        XX    -174.6769     XY      13.0576     YY    -174.1385
        XZ      21.7654     YZ       9.5256     ZZ    -117.9009
    Octopole Moments (Debye-Ang^2)
       XXX     792.9796    XXY     -63.1905    XYY     263.9179
       YYY     -67.7818    XXZ     417.7698    XYZ       5.0967
       YYZ     436.7163    XZZ     176.8130    YZZ     -84.7105
       ZZZ    1163.9070
    Hexadecapole Moments (Debye-Ang^3)
      XXXX   -5394.8088   XXXY     -50.5634   XXYY   -1408.5965
      XYYY     -85.4473   YYYY   -2770.7328   XXXZ   -1678.6316
      XXYZ    -592.1884   XYYZ    -479.2208   YYYZ   -1920.3671
      XXZZ   -3504.5161   XYZZ     114.9327   YYZZ   -3471.5862
      XZZZ   -1402.5828   YZZZ   -1935.5751   ZZZZ  -18068.7105
 -----------------------------------------------------------------
 Total job time:  41.99s(wall), 310.74s(cpu) 
 Fri Jul  1 17:55:43 2022

        *************************************************************
        *                                                           *
        *  Thank you very much for using Q-Chem.  Have a nice day.  *
        *                                                           *
        *************************************************************


