                  Welcome to Q-Chem
     A Quantum Leap Into The Future Of Chemistry


 Q-Chem 5.4 (devel), Q-Chem, Inc., Pleasanton, CA (2021)

 E. Epifanovsky,  A. T. B. Gilbert,  Xintian Feng,  Joonho Lee,  Yuezhi Mao,  
 N. Mardirossian,  P. Pokhilko,  A. White,  M. Wormit,  M. P. Coons,  
 A. L. Dempwolff,  Zhengting Gan,  D. Hait,  P. R. Horn,  L. D. Jacobson,  
 I. Kaliman,  J. Kussmann,  A. W. Lange,  Ka Un Lao,  D. S. Levine,  Jie Liu,  
 S. C. McKenzie,  A. F. Morrison,  K. Nanda,  F. Plasser,  D. R. Rehn,  
 M. L. Vidal,  Zhi-Qiang You,  Ying Zhu,  B. Alam,  B. Albrecht,  
 A. Aldossary,  E. Alguire,  J. H. Andersen,  D. Barton,  K. Begam,  A. Behn,  
 Y. A. Bernard,  E. J. Berquist,  H. Burton,  A. Carreras,  K. Carter-Fenk,  
 R. Chakraborty,  A. D. Chien,  K. D. Closser,  V. Cofer-Shabica,  
 S. Dasgupta,  Jia Deng,  M. de Wergifosse,  M. Diedenhofen,  Hainam Do,  
 S. Ehlert,  Po-Tung Fang,  S. Fatehi,  Qingguo Feng,  T. Friedhoff,  
 J. Gayvert,  Qinghui Ge,  G. Gidofalvi,  M. Goldey,  J. Gomes,  
 C. Gonzalez-Espinoza,  S. Gulania,  A. Gunina,  M. W. D. Hanson-Heine,  
 P. H. P. Harbach,  A. W. Hauser,  M. F. Herbst,  M. Hernandez Vera,  
 M. Hodecker,  Z. C. Holden,  S. Houck,  Xunkun Huang,  Kerwin Hui,  
 B. C. Huynh,  M. Ivanov,  Hyunjun Ji,  Hanjie Jiang,  B. Kaduk,  S. Kaehler,  
 K. Khistyaev,  Jaehoon Kim,  P. Klunzinger,  Z. Koczor-Benda,  
 Joong Hoon Koh,  D. Kosenkov,  L. Koulias,  T. Kowalczyk,  C. M. Krauter,  
 K. Kue,  A. Kunitsa,  T. Kus,  A. Landau,  K. V. Lawler,  D. Lefrancois,  
 S. Lehtola,  Rain Li,  Yi-Pei Li,  Jiashu Liang,  M. Liebenthal,  
 Hung-Hsuan Lin,  You-Sheng Lin,  Fenglai Liu,  Kuan-Yu Liu,  
 M. Loipersberger,  A. Luenser,  A. Manjanath,  P. Manohar,  E. Mansoor,  
 S. F. Manzer,  Shan-Ping Mao,  A. V. Marenich,  T. Markovich,  S. Mason,  
 S. A. Maurer,  P. F. McLaughlin,  M. F. S. J. Menger,  J.-M. Mewes,  
 S. A. Mewes,  P. Morgante,  J. W. Mullinax,  K. J. Oosterbaan,  G. Paran,  
 Alexander C. Paul,  Suranjan K. Paul,  F. Pavosevic,  Zheng Pei,  S. Prager,  
 E. I. Proynov,  E. Ramos,  B. Rana,  A. E. Rask,  A. Rettig,  R. M. Richard,  
 F. Rob,  E. Rossomme,  T. Scheele,  M. Scheurer,  M. Schneider,  
 N. Sergueev,  S. M. Sharada,  W. Skomorowski,  D. W. Small,  C. J. Stein,  
 Yu-Chuan Su,  E. J. Sundstrom,  Zhen Tao,  J. Thirman,  T. Tsuchimochi,  
 N. M. Tubman,  S. P. Veccham,  O. Vydrov,  J. Wenzel,  J. Witte,  A. Yamada,  
 Kun Yao,  S. Yeganeh,  S. R. Yost,  A. Zech,  Igor Ying Zhang,  Xing Zhang,  
 Yu Zhang,  D. Zuev,  A. Aspuru-Guzik,  A. T. Bell,  N. A. Besley,  
 K. B. Bravaya,  B. R. Brooks,  D. Casanova,  Jeng-Da Chai,  S. Coriani,  
 C. J. Cramer,  A. E. DePrince, III,  R. A. DiStasio Jr.,  A. Dreuw,  
 B. D. Dunietz,  T. R. Furlani,  W. A. Goddard III,  S. Grimme,  
 S. Hammes-Schiffer,  T. Head-Gordon,  W. J. Hehre,  Chao-Ping Hsu,  
 T.-C. Jagau,  Yousung Jung,  A. Klamt,  Jing Kong,  D. S. Lambrecht,  
 WanZhen Liang,  N. J. Mayhall,  C. W. McCurdy,  J. B. Neaton,  
 C. Ochsenfeld,  J. A. Parkhill,  R. Peverati,  V. A. Rassolov,  Yihan Shao,  
 L. V. Slipchenko,  T. Stauch,  R. P. Steele,  J. E. Subotnik,  
 A. J. W. Thom,  A. Tkatchenko,  D. G. Truhlar,  T. Van Voorhis,  
 T. A. Wesolowski,  K. B. Whaley,  H. L. Woodcock III,  P. M. Zimmerman,  
 S. Faraji,  P. M. W. Gill,  M. Head-Gordon,  J. M. Herbert,  A. I. Krylov

 Additional authors for Version 5.4.1: 
 S. Kotaru,  Shaozhi Li,  Xiangyuan Li,  F. Matz,  A. Molle,  Haisheng Ren,  
 Yingli Su,  Hung-Yi Tsai,  C. Utku,  Fang Wang

 Contributors to earlier versions of Q-Chem not listed above: 
 R. D. Adamson,  B. Austin,  R. Baer,  J. Baker,  G. J. O. Beran,  
 K. Brandhorst,  S. T. Brown,  E. F. C. Byrd,  A. K. Chakraborty,  
 G. K. L. Chan,  Chun-Min Chang,  Yunqing Chen,  C.-L. Cheng,  
 Siu Hung Chien,  D. M. Chipman,  D. L. Crittenden,  H. Dachsel,  
 R. J. Doerksen,  A. D. Dutoi,  R. G. Edgar,  J. Fosso-Tande,  
 L. Fusti-Molnar,  D. Ghosh,  A. Ghysels,  A. Golubeva-Zadorozhnaya,  
 J. Gonthier,  M. S. Gordon,  S. R. Gwaltney,  G. Hawkins,  J. E. Herr,  
 A. Heyden,  S. Hirata,  E. G. Hohenstein,  G. Kedziora,  F. J. Keil,  
 C. Kelley,  Jihan Kim,  R. A. King,  R. Z. Khaliullin,  P. P. Korambath,  
 W. Kurlancheek,  A. Laurent,  A. M. Lee,  M. S. Lee,  S. V. Levchenko,  
 Ching Yeh Lin,  D. Liotard,  E. Livshits,  R. C. Lochan,  I. Lotan,  
 L. A. Martinez-Martinez,  P. E. Maslen,  N. Nair,  D. P. O'Neill,  
 D. Neuhauser,  E. Neuscamman,  C. M. Oana,  R. Olivares-Amaya,  R. Olson,  
 T. M. Perrine,  B. Peters,  P. A. Pieniazek,  A. Prociuk,  Y. M. Rhee,  
 J. Ritchie,  M. A. Rohrdanz,  E. Rosta,  N. J. Russ,  H. F. Schaefer III,  
 M. W. Schmidt,  N. E. Schultz,  S. Sharma,  N. Shenvi,  C. D. Sherrill,  
 A. C. Simmonett,  A. Sodt,  T. Stein,  D. Stuck,  K. S. Thanthiriwatte,  
 V. Vanovschi,  L. Vogt,  Tao Wang,  A. Warshel,  M. A. Watson,  
 C. F. Williams,  Q. Wu,  X. Xu,  Jun Yang,  W. Zhang,  Yan Zhao

 Please cite Q-Chem as follows:
 Y. Shao et al., Mol. Phys. 113, 184-215 (2015)
 DOI: 10.1080/00268976.2014.952696

 Q-Chem 5.4.1 for Intel X86 EM64T Linux

 Parts of Q-Chem use Armadillo 9.800.1 (Horizon Scraper).
 http://arma.sourceforge.net/

 Q-Chem begins on Sat Jul  2 00:19:45 2022  

 Host: gadi-cpu-clx-0250.gadi.nci.org.au
0

     Scratch files written to /jobfs/49993321.gadi-pbs/qchem779796//
 Processing $rem in /apps/qchem/5.4.1/config/preferences:
 Processing $rem in /home/561/yj5695/.qchemrc:
 Symmetry turned off for PCM/SM12/SMD calculation
 Method-specific promolecule density matrix will be built for SM12 calculation

 Checking the input file for inconsistencies... 	...done.

--------------------------------------------------------------
User input:
--------------------------------------------------------------
$molecule
-1  1
C -1.3759873841  0.7229715523 -0.7598804669
C -2.4532684123  0.5788318663 -1.6515281259
Cl -4.0999340441  0.6056818144 -1.0775510852
C -2.2691526636  0.4016306201 -3.008249447
H -3.1222494945  0.2985261704 -3.6721223699
C -0.9700822296  0.3497720502 -3.5476659879
C  0.1007260996  0.484794124 -2.6520649937
S  1.762763781  0.4081729079 -3.2246647552
C -0.0956929549  0.6726943253 -1.2847375493
H  0.7554909516  0.7887676167 -0.6197828778
S -1.580719548  0.9594913653  1.0266657261
O -0.1810527048  1.0426826937  1.5155001562
O -2.3317771935  2.2450396293  1.120540664
N -2.2808390054 -0.2742108273  1.6720341019
H -3.2830644002 -0.2128018337  1.4812112794
N -0.7807804715  0.2295837296 -4.8991866534
C  0.500919715 -0.2022236288 -5.4187988514
N  1.5445744742  0.7041943795 -4.8695838907
O  2.538929961  1.5179908004 -2.6661732094
O  2.3140375623 -0.9355939097 -2.9918936224
H -1.5868628212 -0.0954356472 -5.4278769764
C  2.8531640886  0.6063521808 -5.5580785949
C  0.4951817828 -0.1273607929 -6.9426103046
S -0.8830063814 -1.030400312 -7.7224538767
C -0.6586277067 -2.7276558596 -7.1246040004
C  0.5393101814 -3.4377925016 -7.7017764579
H  0.7295896144 -1.2352443445 -5.1083175213
H  2.7777458901  1.12406791 -6.5134662251
H  3.1554291047 -0.4348525091 -5.7164661368
H  3.6066072059  1.1189758663 -4.9583568001
H  1.4376485695 -0.4939334519 -7.3452919142
H  0.3578499552  0.9107633171 -7.2629602944
H -1.5497930029 -3.2776267973 -7.4396257551
H -0.5961218815 -2.7792641564 -6.034410866
F  0.5308556083 -3.4760616214 -9.0454094984
F  0.587545329 -4.7149888087 -7.2756230676
F  1.705059426 -2.8655629173 -7.3381387515
$end

$rem
jobtype sp
exchange M062X
basis 6-31+G*
SMX_GAS_PHASE = TRUE
solvent_method sm12
$end

$smx
solvent water
charges mk
$end
--------------------------------------------------------------
 ----------------------------------------------------------------
             Standard Nuclear Orientation (Angstroms)
    I     Atom           X                Y                Z
 ----------------------------------------------------------------
    1      C      -1.3759873841     0.7229715523    -0.7598804669
    2      C      -2.4532684123     0.5788318663    -1.6515281259
    3      Cl     -4.0999340441     0.6056818144    -1.0775510852
    4      C      -2.2691526636     0.4016306201    -3.0082494470
    5      H      -3.1222494945     0.2985261704    -3.6721223699
    6      C      -0.9700822296     0.3497720502    -3.5476659879
    7      C       0.1007260996     0.4847941240    -2.6520649937
    8      S       1.7627637810     0.4081729079    -3.2246647552
    9      C      -0.0956929549     0.6726943253    -1.2847375493
   10      H       0.7554909516     0.7887676167    -0.6197828778
   11      S      -1.5807195480     0.9594913653     1.0266657261
   12      O      -0.1810527048     1.0426826937     1.5155001562
   13      O      -2.3317771935     2.2450396293     1.1205406640
   14      N      -2.2808390054    -0.2742108273     1.6720341019
   15      H      -3.2830644002    -0.2128018337     1.4812112794
   16      N      -0.7807804715     0.2295837296    -4.8991866534
   17      C       0.5009197150    -0.2022236288    -5.4187988514
   18      N       1.5445744742     0.7041943795    -4.8695838907
   19      O       2.5389299610     1.5179908004    -2.6661732094
   20      O       2.3140375623    -0.9355939097    -2.9918936224
   21      H      -1.5868628212    -0.0954356472    -5.4278769764
   22      C       2.8531640886     0.6063521808    -5.5580785949
   23      C       0.4951817828    -0.1273607929    -6.9426103046
   24      S      -0.8830063814    -1.0304003120    -7.7224538767
   25      C      -0.6586277067    -2.7276558596    -7.1246040004
   26      C       0.5393101814    -3.4377925016    -7.7017764579
   27      H       0.7295896144    -1.2352443445    -5.1083175213
   28      H       2.7777458901     1.1240679100    -6.5134662251
   29      H       3.1554291047    -0.4348525091    -5.7164661368
   30      H       3.6066072059     1.1189758663    -4.9583568001
   31      H       1.4376485695    -0.4939334519    -7.3452919142
   32      H       0.3578499552     0.9107633171    -7.2629602944
   33      H      -1.5497930029    -3.2776267973    -7.4396257551
   34      H      -0.5961218815    -2.7792641564    -6.0344108660
   35      F       0.5308556083    -3.4760616214    -9.0454094984
   36      F       0.5875453290    -4.7149888087    -7.2756230676
   37      F       1.7050594260    -2.8655629173    -7.3381387515
 ----------------------------------------------------------------
 Nuclear Repulsion Energy =        3125.28025577 hartrees
 There are      112 alpha and      112 beta electrons
 Requested basis set is 6-31+G(d)
 There are 153 shells and 515 basis functions

 Total QAlloc Memory Limit   2000 MB
 Mega-Array Size       188 MB
 MEM_STATIC part       192 MB
 A cutoff of  1.0D-08 yielded   7057 shell pairs
 There are     84281 function pairs
 Smallest overlap matrix eigenvalue = 3.32E-07

 Q-Chem warning in module stvman/mkSTV.C, line 323:

 Overlap eigenvalue is smaller than square root of threshold
 Use THRESH >= 12 to get rid of this warning

 Linear dependence detected in AO basis
 Tighter screening thresholds may be required for diffuse basis sets
 Use S2THRESH > 14 and THRESH = 14 in case of SCF convergence issues
 Number of orthogonalized atomic orbitals = 512
 Maximum deviation from orthogonality = 1.013E-10

 Scale SEOQF with 1.000000e-01/1.000000e-01/1.000000e-02

 Standard Electronic Orientation quadrupole field applied
 Nucleus-field energy     =     0.0000000197 hartrees
 ================ Generating on-the-fly Promolecule Density  ================
Attempting to make child job directory: /jobfs/49993321.gadi-pbs/qchem779796//Frg1/
Attempting to make child job directory: /jobfs/49993321.gadi-pbs/qchem779796//Frg2/
Attempting to make child job directory: /jobfs/49993321.gadi-pbs/qchem779796//Frg3/
Attempting to make child job directory: /jobfs/49993321.gadi-pbs/qchem779796//Frg4/
Attempting to make child job directory: /jobfs/49993321.gadi-pbs/qchem779796//Frg5/
Attempting to make child job directory: /jobfs/49993321.gadi-pbs/qchem779796//Frg6/
Attempting to make child job directory: /jobfs/49993321.gadi-pbs/qchem779796//Frg7/
Creating input file /jobfs/49993321.gadi-pbs/qchem779796/Frg1.input
using default PutDataFrgm: nothing
calling putenv with: QCSCRATCH=/jobfs/49993321.gadi-pbs/qchem779796/ 
Spawning Job For Fragment 0
Done Job For Fragment 0
calling putenv with: QCSCRATCH=/jobfs/49993321.gadi-pbs 
calling putenv with: QCTHREADS=8 
Creating input file /jobfs/49993321.gadi-pbs/qchem779796/Frg2.input
using default PutDataFrgm: nothing
calling putenv with: QCSCRATCH=/jobfs/49993321.gadi-pbs/qchem779796/ 
Spawning Job For Fragment 1
Done Job For Fragment 1
calling putenv with: QCSCRATCH=/jobfs/49993321.gadi-pbs 
calling putenv with: QCTHREADS=8 
Creating input file /jobfs/49993321.gadi-pbs/qchem779796/Frg3.input
using default PutDataFrgm: nothing
calling putenv with: QCSCRATCH=/jobfs/49993321.gadi-pbs/qchem779796/ 
Spawning Job For Fragment 2
Done Job For Fragment 2
calling putenv with: QCSCRATCH=/jobfs/49993321.gadi-pbs 
calling putenv with: QCTHREADS=8 
Creating input file /jobfs/49993321.gadi-pbs/qchem779796/Frg4.input
using default PutDataFrgm: nothing
calling putenv with: QCSCRATCH=/jobfs/49993321.gadi-pbs/qchem779796/ 
Spawning Job For Fragment 3
Done Job For Fragment 3
calling putenv with: QCSCRATCH=/jobfs/49993321.gadi-pbs 
calling putenv with: QCTHREADS=8 
Creating input file /jobfs/49993321.gadi-pbs/qchem779796/Frg5.input
using default PutDataFrgm: nothing
calling putenv with: QCSCRATCH=/jobfs/49993321.gadi-pbs/qchem779796/ 
Spawning Job For Fragment 4
Done Job For Fragment 4
calling putenv with: QCSCRATCH=/jobfs/49993321.gadi-pbs 
calling putenv with: QCTHREADS=8 
Creating input file /jobfs/49993321.gadi-pbs/qchem779796/Frg6.input
using default PutDataFrgm: nothing
calling putenv with: QCSCRATCH=/jobfs/49993321.gadi-pbs/qchem779796/ 
Spawning Job For Fragment 5
Done Job For Fragment 5
calling putenv with: QCSCRATCH=/jobfs/49993321.gadi-pbs 
calling putenv with: QCTHREADS=8 
Creating input file /jobfs/49993321.gadi-pbs/qchem779796/Frg7.input
using default PutDataFrgm: nothing
calling putenv with: QCSCRATCH=/jobfs/49993321.gadi-pbs/qchem779796/ 
Spawning Job For Fragment 6
Done Job For Fragment 6
calling putenv with: QCSCRATCH=/jobfs/49993321.gadi-pbs 
calling putenv with: QCTHREADS=8 
 Time for running child jobs:  CPU 0.74 s  wall 3.05 s
 ============= Method Specific Promolecule Density Constructed =============
 Guess from superposition of atomic densities
 Warning:  Energy on first SCF cycle will be non-variational
 SAD guess density has 223.000000 electrons

 -----------------------------------------------------------------------
  General SCF calculation program by
  Eric Jon Sundstrom, Paul Horn, Yuezhi Mao, Dmitri Zuev, Alec White,
  David Stuck, Shaama M.S., Shane Yost, Joonho Lee, David Small,
  Daniel Levine, Susi Lehtola, Hugh Burton, Evgeny Epifanovsky,
  Bang C. Huynh
 -----------------------------------------------------------------------
 Exchange:     0.5400 Hartree-Fock + 1.0000 M06-2X
 Correlation:  1.0000 M06-2X
 Using SG-3 standard quadrature grid
 using 8 threads for integral computing
 -------------------------------------------------------
 OpenMP Integral computing Module                
 Release: version 1.0, May 2013, Q-Chem Inc. Pittsburgh 
 -------------------------------------------------------
 A restricted SCF calculation will be
 performed using DIIS
 SCF converges when DIIS error is below 1.0e-05
 ---------------------------------------
  Cycle       Energy         DIIS error
 ---------------------------------------
    1   -2852.4901023167      3.26e-02  
    2   -2844.6085735954      4.54e-03  
    3   -2844.2397247489      6.20e-03  
    4   -2845.1688460480      7.40e-04  
    5   -2845.1823067830      3.12e-04  
    6   -2845.1848796968      8.12e-05  
    7   -2845.1850505838      2.87e-05  
    8   -2845.1850768108      9.68e-06  Convergence criterion met
 ---------------------------------------
 SCF time:   CPU 375.21s  wall 47.00s 
 SCF   energy in the final basis set =    -2845.1850768108
 Total energy in the final basis set =    -2845.1850768108
 Exchange:     0.5400 Hartree-Fock + 1.0000 M06-2X
 Correlation:  1.0000 M06-2X
 Using SG-3 standard quadrature grid
 
 SM12 calculation using Merz-Singh-Kollman charges
 Citation of the SM12 model:
 Marenich, A.V.; Cramer, C.J.; Truhlar, D.G.
 J. Chem. Theory Comput. 2013, 9, 609-612.
 iSolventCode=           1
 Solvent: water                                                           
 
  Building new vdw surfaces
         Merz-Kollman ESP Net Atomic Charges

     Atom                 Charge (a.u.)
  ----------------------------------------
      1 C                    -0.216077
      2 C                     0.146001
      3 Cl                   -0.101757
      4 C                    -0.372151
      5 H                     0.152399
      6 C                     0.478891
      7 C                    -0.330701
      8 S                     0.952357
      9 C                     0.037698
     10 H                     0.193330
     11 S                     1.145799
     12 O                    -0.623587
     13 O                    -0.653227
     14 N                    -0.982522
     15 H                     0.365871
     16 N                    -0.592994
     17 C                     0.133630
     18 N                    -0.266098
     19 O                    -0.495788
     20 O                    -0.522955
     21 H                     0.345192
     22 C                    -0.474384
     23 C                    -0.507128
     24 S                    -0.074785
     25 C                    -0.545017
     26 C                     0.622365
     27 H                     0.160593
     28 H                     0.172965
     29 H                     0.179452
     30 H                     0.224250
     31 H                     0.227078
     32 H                     0.301902
     33 H                     0.285008
     34 H                     0.221039
     35 F                    -0.197987
     36 F                    -0.211401
     37 F                    -0.177261
  ----------------------------------------
  Sum of atomic charges =    -1.000000

  Related Dipole Moment =     8.9487 (X  2.2740 Y -4.6058 Z -7.3277)


 Charges (in A.U.) from Merz-Kollman fitting 
 -----------------------------------------------
 Center     Atomic                  MZ       
 Number     Number                  Charge
 -----------------------------------------------
    1          6                   -0.216077
    2          6                    0.146001
    3         17                   -0.101757
    4          6                   -0.372151
    5          1                    0.152399
    6          6                    0.478891
    7          6                   -0.330701
    8         16                    0.952357
    9          6                    0.037698
   10          1                    0.193330
   11         16                    1.145799
   12          8                   -0.623587
   13          8                   -0.653227
   14          7                   -0.982522
   15          1                    0.365871
   16          7                   -0.592994
   17          6                    0.133630
   18          7                   -0.266098
   19          8                   -0.495788
   20          8                   -0.522955
   21          1                    0.345192
   22          6                   -0.474384
   23          6                   -0.507128
   24         16                   -0.074785
   25          6                   -0.545017
   26          6                    0.622365
   27          1                    0.160593
   28          1                    0.172965
   29          1                    0.179452
   30          1                    0.224250
   31          1                    0.227078
   32          1                    0.301902
   33          1                    0.285008
   34          1                    0.221039
   35          9                   -0.197987
   36          9                   -0.211401
   37          9                   -0.177261
 -----------------------------------------------
 A restricted SCF calculation will be
 performed using Roothaan-Hall, DIIS
 SCF converges when DIIS error is below 1.0e-05
 ---------------------------------------
  Cycle       Energy         DIIS error
 ---------------------------------------
         Merz-Kollman ESP Net Atomic Charges

     Atom                 Charge (a.u.)
  ----------------------------------------
      1 C                    -0.228615
      2 C                     0.094388
      3 Cl                   -0.084203
      4 C                    -0.324328
      5 H                     0.179490
      6 C                     0.532028
      7 C                    -0.330897
      8 S                     1.004631
      9 C                    -0.021752
     10 H                     0.196517
     11 S                     1.162092
     12 O                    -0.669495
     13 O                    -0.691942
     14 N                    -1.037687
     15 H                     0.386600
     16 N                    -0.557943
     17 C                     0.174855
     18 N                    -0.283624
     19 O                    -0.554597
     20 O                    -0.566480
     21 H                     0.350503
     22 C                    -0.453700
     23 C                    -0.488290
     24 S                    -0.070170
     25 C                    -0.536076
     26 C                     0.626089
     27 H                     0.151860
     28 H                     0.194614
     29 H                     0.183228
     30 H                     0.213724
     31 H                     0.226210
     32 H                     0.306300
     33 H                     0.300689
     34 H                     0.222704
     35 F                    -0.205080
     36 F                    -0.219640
     37 F                    -0.182003
  ----------------------------------------
  Sum of atomic charges =    -1.000000

  Related Dipole Moment =    13.7292 (X  1.3723 Y -5.3425 Z -12.5724)


 Charges (in A.U.) from Merz-Kollman fitting 
 -----------------------------------------------
 Center     Atomic                  MZ       
 Number     Number                  Charge
 -----------------------------------------------
    1          6                   -0.228615
    2          6                    0.094388
    3         17                   -0.084203
    4          6                   -0.324328
    5          1                    0.179490
    6          6                    0.532028
    7          6                   -0.330897
    8         16                    1.004631
    9          6                   -0.021752
   10          1                    0.196517
   11         16                    1.162092
   12          8                   -0.669495
   13          8                   -0.691942
   14          7                   -1.037687
   15          1                    0.386600
   16          7                   -0.557943
   17          6                    0.174855
   18          7                   -0.283624
   19          8                   -0.554597
   20          8                   -0.566480
   21          1                    0.350503
   22          6                   -0.453700
   23          6                   -0.488290
   24         16                   -0.070170
   25          6                   -0.536076
   26          6                    0.626089
   27          1                    0.151860
   28          1                    0.194614
   29          1                    0.183228
   30          1                    0.213724
   31          1                    0.226210
   32          1                    0.306300
   33          1                    0.300689
   34          1                    0.222704
   35          9                   -0.205080
   36          9                   -0.219640
   37          9                   -0.182003
 -----------------------------------------------
    1   -2845.1850782912      4.18e-04  Roothaan Step
 ---------------------------------------
  Cycle       Energy         DIIS error
 ---------------------------------------
         Merz-Kollman ESP Net Atomic Charges

     Atom                 Charge (a.u.)
  ----------------------------------------
      1 C                    -0.157665
      2 C                     0.136235
      3 Cl                   -0.098071
      4 C                    -0.423344
      5 H                     0.204746
      6 C                     0.523741
      7 C                    -0.373756
      8 S                     1.009845
      9 C                     0.017943
     10 H                     0.193021
     11 S                     1.199858
     12 O                    -0.685031
     13 O                    -0.713579
     14 N                    -1.060205
     15 H                     0.380481
     16 N                    -0.561287
     17 C                     0.091576
     18 N                    -0.296701
     19 O                    -0.532487
     20 O                    -0.550860
     21 H                     0.346936
     22 C                    -0.468091
     23 C                    -0.502824
     24 S                    -0.041221
     25 C                    -0.556693
     26 C                     0.633731
     27 H                     0.174115
     28 H                     0.205935
     29 H                     0.194421
     30 H                     0.220286
     31 H                     0.237023
     32 H                     0.317418
     33 H                     0.308876
     34 H                     0.228612
     35 F                    -0.203435
     36 F                    -0.218246
     37 F                    -0.181305
  ----------------------------------------
  Sum of atomic charges =    -1.000000

  Related Dipole Moment =    13.7231 (X  2.1853 Y -5.4838 Z -12.3886)


 Charges (in A.U.) from Merz-Kollman fitting 
 -----------------------------------------------
 Center     Atomic                  MZ       
 Number     Number                  Charge
 -----------------------------------------------
    1          6                   -0.157665
    2          6                    0.136235
    3         17                   -0.098071
    4          6                   -0.423344
    5          1                    0.204746
    6          6                    0.523741
    7          6                   -0.373756
    8         16                    1.009845
    9          6                    0.017943
   10          1                    0.193021
   11         16                    1.199858
   12          8                   -0.685031
   13          8                   -0.713579
   14          7                   -1.060205
   15          1                    0.380481
   16          7                   -0.561287
   17          6                    0.091576
   18          7                   -0.296701
   19          8                   -0.532487
   20          8                   -0.550860
   21          1                    0.346936
   22          6                   -0.468091
   23          6                   -0.502824
   24         16                   -0.041221
   25          6                   -0.556693
   26          6                    0.633731
   27          1                    0.174115
   28          1                    0.205935
   29          1                    0.194421
   30          1                    0.220286
   31          1                    0.237023
   32          1                    0.317418
   33          1                    0.308876
   34          1                    0.228612
   35          9                   -0.203435
   36          9                   -0.218246
   37          9                   -0.181305
 -----------------------------------------------
    1   -2845.1653636641      2.85e-04  
         Merz-Kollman ESP Net Atomic Charges

     Atom                 Charge (a.u.)
  ----------------------------------------
      1 C                    -0.210126
      2 C                     0.112119
      3 Cl                   -0.089946
      4 C                    -0.381760
      5 H                     0.196229
      6 C                     0.548109
      7 C                    -0.354238
      8 S                     1.028851
      9 C                    -0.003033
     10 H                     0.195322
     11 S                     1.202306
     12 O                    -0.686101
     13 O                    -0.711289
     14 N                    -1.061578
     15 H                     0.384029
     16 N                    -0.549107
     17 C                     0.120329
     18 N                    -0.283558
     19 O                    -0.555942
     20 O                    -0.568293
     21 H                     0.344571
     22 C                    -0.468190
     23 C                    -0.494043
     24 S                    -0.052894
     25 C                    -0.552651
     26 C                     0.634379
     27 H                     0.166222
     28 H                     0.204343
     29 H                     0.192082
     30 H                     0.218353
     31 H                     0.231463
     32 H                     0.313911
     33 H                     0.308061
     34 H                     0.228296
     35 F                    -0.205188
     36 F                    -0.219133
     37 F                    -0.181905
  ----------------------------------------
  Sum of atomic charges =    -1.000000

  Related Dipole Moment =    14.4406 (X  1.8713 Y -5.5159 Z -13.2138)


 Charges (in A.U.) from Merz-Kollman fitting 
 -----------------------------------------------
 Center     Atomic                  MZ       
 Number     Number                  Charge
 -----------------------------------------------
    1          6                   -0.210126
    2          6                    0.112119
    3         17                   -0.089946
    4          6                   -0.381760
    5          1                    0.196229
    6          6                    0.548109
    7          6                   -0.354238
    8         16                    1.028851
    9          6                   -0.003033
   10          1                    0.195322
   11         16                    1.202306
   12          8                   -0.686101
   13          8                   -0.711289
   14          7                   -1.061578
   15          1                    0.384029
   16          7                   -0.549107
   17          6                    0.120329
   18          7                   -0.283558
   19          8                   -0.555942
   20          8                   -0.568293
   21          1                    0.344571
   22          6                   -0.468190
   23          6                   -0.494043
   24         16                   -0.052894
   25          6                   -0.552651
   26          6                    0.634379
   27          1                    0.166222
   28          1                    0.204343
   29          1                    0.192082
   30          1                    0.218353
   31          1                    0.231463
   32          1                    0.313911
   33          1                    0.308061
   34          1                    0.228296
   35          9                   -0.205188
   36          9                   -0.219133
   37          9                   -0.181905
 -----------------------------------------------
    2   -2845.1663193235      3.14e-04  
         Merz-Kollman ESP Net Atomic Charges

     Atom                 Charge (a.u.)
  ----------------------------------------
      1 C                    -0.202863
      2 C                     0.119804
      3 Cl                   -0.092135
      4 C                    -0.385593
      5 H                     0.197905
      6 C                     0.547551
      7 C                    -0.362062
      8 S                     1.018472
      9 C                    -0.001683
     10 H                     0.195964
     11 S                     1.205303
     12 O                    -0.689415
     13 O                    -0.715111
     14 N                    -1.067419
     15 H                     0.385529
     16 N                    -0.549398
     17 C                     0.123052
     18 N                    -0.291108
     19 O                    -0.550121
     20 O                    -0.563487
     21 H                     0.345251
     22 C                    -0.462326
     23 C                    -0.493518
     24 S                    -0.051200
     25 C                    -0.551294
     26 C                     0.634103
     27 H                     0.165689
     28 H                     0.204870
     29 H                     0.191779
     30 H                     0.217583
     31 H                     0.231529
     32 H                     0.314062
     33 H                     0.308268
     34 H                     0.228315
     35 F                    -0.205117
     36 F                    -0.219281
     37 F                    -0.181901
  ----------------------------------------
  Sum of atomic charges =    -1.000000

  Related Dipole Moment =    14.6162 (X  1.8948 Y -5.5625 Z -13.3829)


 Charges (in A.U.) from Merz-Kollman fitting 
 -----------------------------------------------
 Center     Atomic                  MZ       
 Number     Number                  Charge
 -----------------------------------------------
    1          6                   -0.202863
    2          6                    0.119804
    3         17                   -0.092135
    4          6                   -0.385593
    5          1                    0.197905
    6          6                    0.547551
    7          6                   -0.362062
    8         16                    1.018472
    9          6                   -0.001683
   10          1                    0.195964
   11         16                    1.205303
   12          8                   -0.689415
   13          8                   -0.715111
   14          7                   -1.067419
   15          1                    0.385529
   16          7                   -0.549398
   17          6                    0.123052
   18          7                   -0.291108
   19          8                   -0.550121
   20          8                   -0.563487
   21          1                    0.345251
   22          6                   -0.462326
   23          6                   -0.493518
   24         16                   -0.051200
   25          6                   -0.551294
   26          6                    0.634103
   27          1                    0.165689
   28          1                    0.204870
   29          1                    0.191779
   30          1                    0.217583
   31          1                    0.231529
   32          1                    0.314062
   33          1                    0.308268
   34          1                    0.228315
   35          9                   -0.205117
   36          9                   -0.219281
   37          9                   -0.181901
 -----------------------------------------------
    3   -2845.1636602868      5.42e-05  
         Merz-Kollman ESP Net Atomic Charges

     Atom                 Charge (a.u.)
  ----------------------------------------
      1 C                    -0.205935
      2 C                     0.118417
      3 Cl                   -0.091343
      4 C                    -0.389986
      5 H                     0.199121
      6 C                     0.549135
      7 C                    -0.360324
      8 S                     1.024556
      9 C                     0.000153
     10 H                     0.195823
     11 S                     1.206977
     12 O                    -0.689697
     13 O                    -0.715695
     14 N                    -1.068570
     15 H                     0.385043
     16 N                    -0.547224
     17 C                     0.118554
     18 N                    -0.288810
     19 O                    -0.552836
     20 O                    -0.565824
     21 H                     0.344396
     22 C                    -0.465013
     23 C                    -0.495542
     24 S                    -0.049388
     25 C                    -0.552676
     26 C                     0.634363
     27 H                     0.166874
     28 H                     0.205802
     29 H                     0.192583
     30 H                     0.218121
     31 H                     0.232227
     32 H                     0.315047
     33 H                     0.308959
     34 H                     0.228641
     35 F                    -0.205024
     36 F                    -0.219070
     37 F                    -0.181833
  ----------------------------------------
  Sum of atomic charges =    -1.000000

  Related Dipole Moment =    14.7099 (X  1.9446 Y -5.5721 Z -13.4741)


 Charges (in A.U.) from Merz-Kollman fitting 
 -----------------------------------------------
 Center     Atomic                  MZ       
 Number     Number                  Charge
 -----------------------------------------------
    1          6                   -0.205935
    2          6                    0.118417
    3         17                   -0.091343
    4          6                   -0.389986
    5          1                    0.199121
    6          6                    0.549135
    7          6                   -0.360324
    8         16                    1.024556
    9          6                    0.000153
   10          1                    0.195823
   11         16                    1.206977
   12          8                   -0.689697
   13          8                   -0.715695
   14          7                   -1.068570
   15          1                    0.385043
   16          7                   -0.547224
   17          6                    0.118554
   18          7                   -0.288810
   19          8                   -0.552836
   20          8                   -0.565824
   21          1                    0.344396
   22          6                   -0.465013
   23          6                   -0.495542
   24         16                   -0.049388
   25          6                   -0.552676
   26          6                    0.634363
   27          1                    0.166874
   28          1                    0.205802
   29          1                    0.192583
   30          1                    0.218121
   31          1                    0.232227
   32          1                    0.315047
   33          1                    0.308959
   34          1                    0.228641
   35          9                   -0.205024
   36          9                   -0.219070
   37          9                   -0.181833
 -----------------------------------------------
    4   -2845.1627097932      3.06e-05  
    5   -2845.1621702592      6.03e-06  Convergence criterion met
 ---------------------------------------
 SCF time:   CPU 332.61s  wall 45.00s 
(0)  E-EN(g) gas-phase elect-nuc energy                -2845.185076811 a.u.
(1)  E-EN(liq) elect-nuc energy of solute              -2845.162170259 a.u.
(2)  G-P(liq) polarization free energy of solvation           -89.9568 kcal/mol
(3)  G-ENP(liq) elect-nuc-pol free energy of system    -2845.305525517 a.u.
(4)  G-CDS(liq) cavity-dispersion-solvent structure 
     free energy                                                3.4189 kcal/mol
(5)  G-P-CDS(liq) = G-P(liq) + G-CDS(liq) = (2) + (4)         -86.5379 kcal/mol
(6)  G-S(liq) free energy of system = (1) + (5)        -2845.300077153 a.u.
(7)  DeltaE-EN(liq) elect-nuc reorganization
     energy of solute molecule (7) = (1) - (0)                 14.3741 kcal/mol
(8)  DeltaG-ENP(liq) elect-nuc-pol free energy
     of solvation (8) = (3) - (0)                             -75.5827 kcal/mol
(9)  DeltaG-S(liq) free energy of  solvation
     (9) = (6) - (0)                                          -72.1638 kcal/mol
 SCF   energy in the final basis set =    -2845.3000771526
 Total energy in the final basis set =    -2845.3000771526
 
 --------------------------------------------------------------
 
                    Orbital Energies (a.u.)
 --------------------------------------------------------------
 
 Alpha MOs
 -- Occupied --
******** -90.1770 -90.1425 -89.9439 -25.3109 -25.3092 -25.3091 -19.6629
-19.6619 -19.6280 -19.6263 -14.8229 -14.8095 -14.7303 -10.8196 -10.6578
-10.6540 -10.6466 -10.6104 -10.6100 -10.6015 -10.6006 -10.6003 -10.5927
-10.5917  -9.8423  -8.4923  -8.4549  -8.2919  -7.5666  -7.5601  -7.5598
 -6.4145  -6.4138  -6.4133  -6.3774  -6.3768  -6.3761  -6.2130  -6.2105
 -6.2061  -1.4766  -1.3842  -1.3834  -1.2613  -1.2172  -1.1431  -1.1187
 -1.1015  -1.0539  -1.0220  -0.9755  -0.9715  -0.9472  -0.9054  -0.8896
 -0.8681  -0.8268  -0.8130  -0.7768  -0.7543  -0.7414  -0.7236  -0.7037
 -0.7029  -0.6974  -0.6617  -0.6542  -0.6440  -0.6277  -0.6139  -0.6057
 -0.5852  -0.5840  -0.5827  -0.5713  -0.5644  -0.5611  -0.5495  -0.5463
 -0.5393  -0.5387  -0.5268  -0.5236  -0.5216  -0.5151  -0.5129  -0.5067
 -0.4939  -0.4893  -0.4843  -0.4780  -0.4690  -0.4520  -0.4426  -0.4358
 -0.4323  -0.4227  -0.4123  -0.4055  -0.4036  -0.3990  -0.3935  -0.3869
 -0.3843  -0.3638  -0.3480  -0.3386  -0.3315  -0.3198  -0.3116  -0.2841
 -- Virtual --
 -0.0304  -0.0232  -0.0102  -0.0043   0.0020   0.0037   0.0092   0.0107
  0.0186   0.0223   0.0298   0.0355   0.0392   0.0432   0.0476   0.0504
  0.0534   0.0595   0.0630   0.0653   0.0682   0.0720   0.0744   0.0812
  0.0824   0.0849   0.0868   0.0896   0.0936   0.0983   0.1016   0.1073
  0.1081   0.1110   0.1167   0.1192   0.1233   0.1261   0.1272   0.1281
  0.1329   0.1368   0.1395   0.1438   0.1455   0.1494   0.1532   0.1547
  0.1561   0.1583   0.1622   0.1660   0.1722   0.1783   0.1803   0.1828
  0.1858   0.1890   0.1920   0.1956   0.1982   0.2026   0.2051   0.2121
  0.2132   0.2189   0.2209   0.2231   0.2255   0.2303   0.2341   0.2362
  0.2386   0.2435   0.2477   0.2514   0.2540   0.2577   0.2609   0.2623
  0.2657   0.2684   0.2738   0.2753   0.2798   0.2831   0.2873   0.2881
  0.2901   0.2922   0.3006   0.3016   0.3052   0.3074   0.3125   0.3156
  0.3182   0.3224   0.3245   0.3286   0.3341   0.3363   0.3386   0.3458
  0.3468   0.3506   0.3531   0.3577   0.3608   0.3695   0.3750   0.3757
  0.3767   0.3823   0.3902   0.3930   0.3960   0.3997   0.4060   0.4076
  0.4119   0.4159   0.4197   0.4269   0.4363   0.4392   0.4466   0.4568
  0.4606   0.4683   0.4791   0.4902   0.5047   0.5116   0.5244   0.5309
  0.5568   0.5613   0.5690   0.5817   0.5954   0.6008   0.6081   0.6247
  0.6345   0.6421   0.6538   0.6603   0.6705   0.6732   0.6868   0.6901
  0.6965   0.7040   0.7124   0.7202   0.7236   0.7249   0.7284   0.7446
  0.7532   0.7582   0.7655   0.7729   0.7773   0.7912   0.7961   0.8047
  0.8154   0.8260   0.8371   0.8461   0.8561   0.8722   0.8825   0.8913
  0.9001   0.9088   0.9128   0.9183   0.9371   0.9467   0.9530   0.9570
  0.9682   0.9826   0.9976   1.0007   1.0076   1.0184   1.0189   1.0230
  1.0313   1.0387   1.0449   1.0545   1.0573   1.0584   1.0667   1.0751
  1.0842   1.0913   1.1046   1.1103   1.1186   1.1257   1.1298   1.1390
  1.1438   1.1500   1.1611   1.1661   1.1765   1.1872   1.1946   1.2010
  1.2075   1.2147   1.2220   1.2256   1.2379   1.2419   1.2519   1.2642
  1.2646   1.2781   1.2968   1.3018   1.3306   1.3417   1.3452   1.3509
  1.3539   1.3610   1.3699   1.3889   1.3916   1.3975   1.4034   1.4053
  1.4082   1.4317   1.4374   1.4474   1.4532   1.4737   1.4828   1.4933
  1.4975   1.5051   1.5224   1.5254   1.5284   1.5498   1.5714   1.5749
  1.6030   1.6065   1.6154   1.6326   1.6433   1.6662   1.6701   1.6956
  1.7008   1.7078   1.7196   1.7297   1.7369   1.7390   1.7568   1.7641
  1.7722   1.7865   1.7962   1.8063   1.8140   1.8176   1.8226   1.8293
  1.8359   1.8413   1.8484   1.8575   1.8633   1.8714   1.8760   1.8781
  1.8853   1.8878   1.8902   1.8987   1.9059   1.9129   1.9215   1.9258
  1.9408   1.9558   1.9628   1.9709   1.9790   1.9951   2.0054   2.0179
  2.0231   2.0365   2.0418   2.0439   2.0573   2.0710   2.0817   2.0861
  2.1024   2.1178   2.1201   2.1229   2.1374   2.1463   2.1541   2.1636
  2.1696   2.1781   2.1926   2.2034   2.2077   2.2147   2.2319   2.2406
  2.2507   2.2620   2.2813   2.2975   2.3060   2.3183   2.3274   2.3471
  2.3627   2.3708   2.3930   2.3950   2.4119   2.4165   2.4389   2.4644
  2.4839   2.5044   2.5061   2.5413   2.5569   2.5792   2.6148   2.6277
  2.6498   2.6794   2.7104   2.7582   2.7745   2.7890   2.7987   2.8065
  2.8151   2.8379   2.8771   2.8856   2.8878   2.9183   2.9537   2.9859
  3.0163   3.0359   3.1795   3.1873   3.2073   3.2393   3.3261   3.9995
  4.0043   4.0537   4.0807   4.2034   4.2325   4.2680   4.2784   4.2980
  4.3145   4.3207   4.3515   4.3667   4.3903   4.4079   4.4471   4.4758
  4.5070   4.5427   4.6469   4.6670   4.7484   5.7456   5.7701   6.5625
 --------------------------------------------------------------
 
          Ground-State Mulliken Net Atomic Charges

     Atom                 Charge (a.u.)
  ----------------------------------------
      1 C                    -6.716269
      2 C                     0.665857
      3 Cl                    0.230239
      4 C                     1.798548
      5 H                     0.311003
      6 C                     2.304076
      7 C                    -1.377269
      8 S                     1.410537
      9 C                     0.332958
     10 H                     0.283109
     11 S                     0.405397
     12 O                    -0.932289
     13 O                    -0.692208
     14 N                    -0.974774
     15 H                     0.403122
     16 N                    -0.182532
     17 C                    -0.718900
     18 N                    -0.539846
     19 O                    -0.689519
     20 O                    -0.543372
     21 H                     0.477377
     22 C                    -0.080654
     23 C                     1.491153
     24 S                     0.464305
     25 C                    -0.377456
     26 C                     0.745865
     27 H                     0.275117
     28 H                     0.315677
     29 H                     0.303142
     30 H                     0.254042
     31 H                     0.322123
     32 H                     0.334909
     33 H                     0.341469
     34 H                     0.327701
     35 F                    -0.316079
     36 F                    -0.337020
     37 F                    -0.319572
  ----------------------------------------
  Sum of atomic charges =    -1.000033

         Merz-Kollman ESP Net Atomic Charges

     Atom                 Charge (a.u.)
  ----------------------------------------
      1 C                    -0.206173
      2 C                     0.119710
      3 Cl                   -0.091897
      4 C                    -0.390656
      5 H                     0.199096
      6 C                     0.550412
      7 C                    -0.361498
      8 S                     1.024493
      9 C                    -0.000446
     10 H                     0.196000
     11 S                     1.210081
     12 O                    -0.690719
     13 O                    -0.716637
     14 N                    -1.069769
     15 H                     0.385038
     16 N                    -0.546578
     17 C                     0.117441
     18 N                    -0.288734
     19 O                    -0.552659
     20 O                    -0.565533
     21 H                     0.344200
     22 C                    -0.465481
     23 C                    -0.495103
     24 S                    -0.049476
     25 C                    -0.553031
     26 C                     0.634925
     27 H                     0.167133
     28 H                     0.205942
     29 H                     0.192786
     30 H                     0.218301
     31 H                     0.232175
     32 H                     0.315028
     33 H                     0.309031
     34 H                     0.228802
     35 F                    -0.205134
     36 F                    -0.219149
     37 F                    -0.181923
  ----------------------------------------
  Sum of atomic charges =    -1.000000

  Related Dipole Moment =    14.7282 (X  1.9508 Y -5.5760 Z -13.4916)

 -----------------------------------------------------------------
                    Cartesian Multipole Moments
 -----------------------------------------------------------------
    Charge (ESU x 10^10)
                -4.8034
    Dipole Moment (Debye)
         X       1.9375      Y      -5.5921      Z     -13.5358
       Tot      14.7731
    Quadrupole Moments (Debye-Ang)
        XX    -196.1184     XY      16.2953     YY    -202.2829
        XZ      25.4586     YZ     -10.0522     ZZ    -154.8611
    Octopole Moments (Debye-Ang^2)
       XXX     194.8935    XXY       5.0090    XYY      57.7889
       YYY      88.2782    XXZ     561.7381    XYZ     -50.9896
       YYZ     636.7890    XZZ      36.5133    YZZ     102.9123
       ZZZ    1649.6422
    Hexadecapole Moments (Debye-Ang^3)
      XXXX   -4032.4441   XXXY     385.7357   XXYY   -1251.3715
      XYYY     444.0389   YYYY   -3109.5708   XXXZ     806.1474
      XXYZ    -771.3595   XYYZ     520.6579   YYYZ   -2482.0987
      XXZZ   -4325.4676   XYZZ     558.4461   YYZZ   -4768.1912
      XZZZ    1021.7137   YZZZ   -3158.2301   ZZZZ  -23818.6210
 -----------------------------------------------------------------
 Total job time:  95.19s(wall), 715.37s(cpu) 
 Sat Jul  2 00:21:20 2022

        *************************************************************
        *                                                           *
        *  Thank you very much for using Q-Chem.  Have a nice day.  *
        *                                                           *
        *************************************************************


