                  Welcome to Q-Chem
     A Quantum Leap Into The Future Of Chemistry


 Q-Chem 5.4 (devel), Q-Chem, Inc., Pleasanton, CA (2021)

 E. Epifanovsky,  A. T. B. Gilbert,  Xintian Feng,  Joonho Lee,  Yuezhi Mao,  
 N. Mardirossian,  P. Pokhilko,  A. White,  M. Wormit,  M. P. Coons,  
 A. L. Dempwolff,  Zhengting Gan,  D. Hait,  P. R. Horn,  L. D. Jacobson,  
 I. Kaliman,  J. Kussmann,  A. W. Lange,  Ka Un Lao,  D. S. Levine,  Jie Liu,  
 S. C. McKenzie,  A. F. Morrison,  K. Nanda,  F. Plasser,  D. R. Rehn,  
 M. L. Vidal,  Zhi-Qiang You,  Ying Zhu,  B. Alam,  B. Albrecht,  
 A. Aldossary,  E. Alguire,  J. H. Andersen,  D. Barton,  K. Begam,  A. Behn,  
 Y. A. Bernard,  E. J. Berquist,  H. Burton,  A. Carreras,  K. Carter-Fenk,  
 R. Chakraborty,  A. D. Chien,  K. D. Closser,  V. Cofer-Shabica,  
 S. Dasgupta,  Jia Deng,  M. de Wergifosse,  M. Diedenhofen,  Hainam Do,  
 S. Ehlert,  Po-Tung Fang,  S. Fatehi,  Qingguo Feng,  T. Friedhoff,  
 J. Gayvert,  Qinghui Ge,  G. Gidofalvi,  M. Goldey,  J. Gomes,  
 C. Gonzalez-Espinoza,  S. Gulania,  A. Gunina,  M. W. D. Hanson-Heine,  
 P. H. P. Harbach,  A. W. Hauser,  M. F. Herbst,  M. Hernandez Vera,  
 M. Hodecker,  Z. C. Holden,  S. Houck,  Xunkun Huang,  Kerwin Hui,  
 B. C. Huynh,  M. Ivanov,  Hyunjun Ji,  Hanjie Jiang,  B. Kaduk,  S. Kaehler,  
 K. Khistyaev,  Jaehoon Kim,  P. Klunzinger,  Z. Koczor-Benda,  
 Joong Hoon Koh,  D. Kosenkov,  L. Koulias,  T. Kowalczyk,  C. M. Krauter,  
 K. Kue,  A. Kunitsa,  T. Kus,  A. Landau,  K. V. Lawler,  D. Lefrancois,  
 S. Lehtola,  Rain Li,  Yi-Pei Li,  Jiashu Liang,  M. Liebenthal,  
 Hung-Hsuan Lin,  You-Sheng Lin,  Fenglai Liu,  Kuan-Yu Liu,  
 M. Loipersberger,  A. Luenser,  A. Manjanath,  P. Manohar,  E. Mansoor,  
 S. F. Manzer,  Shan-Ping Mao,  A. V. Marenich,  T. Markovich,  S. Mason,  
 S. A. Maurer,  P. F. McLaughlin,  M. F. S. J. Menger,  J.-M. Mewes,  
 S. A. Mewes,  P. Morgante,  J. W. Mullinax,  K. J. Oosterbaan,  G. Paran,  
 Alexander C. Paul,  Suranjan K. Paul,  F. Pavosevic,  Zheng Pei,  S. Prager,  
 E. I. Proynov,  E. Ramos,  B. Rana,  A. E. Rask,  A. Rettig,  R. M. Richard,  
 F. Rob,  E. Rossomme,  T. Scheele,  M. Scheurer,  M. Schneider,  
 N. Sergueev,  S. M. Sharada,  W. Skomorowski,  D. W. Small,  C. J. Stein,  
 Yu-Chuan Su,  E. J. Sundstrom,  Zhen Tao,  J. Thirman,  T. Tsuchimochi,  
 N. M. Tubman,  S. P. Veccham,  O. Vydrov,  J. Wenzel,  J. Witte,  A. Yamada,  
 Kun Yao,  S. Yeganeh,  S. R. Yost,  A. Zech,  Igor Ying Zhang,  Xing Zhang,  
 Yu Zhang,  D. Zuev,  A. Aspuru-Guzik,  A. T. Bell,  N. A. Besley,  
 K. B. Bravaya,  B. R. Brooks,  D. Casanova,  Jeng-Da Chai,  S. Coriani,  
 C. J. Cramer,  A. E. DePrince, III,  R. A. DiStasio Jr.,  A. Dreuw,  
 B. D. Dunietz,  T. R. Furlani,  W. A. Goddard III,  S. Grimme,  
 S. Hammes-Schiffer,  T. Head-Gordon,  W. J. Hehre,  Chao-Ping Hsu,  
 T.-C. Jagau,  Yousung Jung,  A. Klamt,  Jing Kong,  D. S. Lambrecht,  
 WanZhen Liang,  N. J. Mayhall,  C. W. McCurdy,  J. B. Neaton,  
 C. Ochsenfeld,  J. A. Parkhill,  R. Peverati,  V. A. Rassolov,  Yihan Shao,  
 L. V. Slipchenko,  T. Stauch,  R. P. Steele,  J. E. Subotnik,  
 A. J. W. Thom,  A. Tkatchenko,  D. G. Truhlar,  T. Van Voorhis,  
 T. A. Wesolowski,  K. B. Whaley,  H. L. Woodcock III,  P. M. Zimmerman,  
 S. Faraji,  P. M. W. Gill,  M. Head-Gordon,  J. M. Herbert,  A. I. Krylov

 Additional authors for Version 5.4.1: 
 S. Kotaru,  Shaozhi Li,  Xiangyuan Li,  F. Matz,  A. Molle,  Haisheng Ren,  
 Yingli Su,  Hung-Yi Tsai,  C. Utku,  Fang Wang

 Contributors to earlier versions of Q-Chem not listed above: 
 R. D. Adamson,  B. Austin,  R. Baer,  J. Baker,  G. J. O. Beran,  
 K. Brandhorst,  S. T. Brown,  E. F. C. Byrd,  A. K. Chakraborty,  
 G. K. L. Chan,  Chun-Min Chang,  Yunqing Chen,  C.-L. Cheng,  
 Siu Hung Chien,  D. M. Chipman,  D. L. Crittenden,  H. Dachsel,  
 R. J. Doerksen,  A. D. Dutoi,  R. G. Edgar,  J. Fosso-Tande,  
 L. Fusti-Molnar,  D. Ghosh,  A. Ghysels,  A. Golubeva-Zadorozhnaya,  
 J. Gonthier,  M. S. Gordon,  S. R. Gwaltney,  G. Hawkins,  J. E. Herr,  
 A. Heyden,  S. Hirata,  E. G. Hohenstein,  G. Kedziora,  F. J. Keil,  
 C. Kelley,  Jihan Kim,  R. A. King,  R. Z. Khaliullin,  P. P. Korambath,  
 W. Kurlancheek,  A. Laurent,  A. M. Lee,  M. S. Lee,  S. V. Levchenko,  
 Ching Yeh Lin,  D. Liotard,  E. Livshits,  R. C. Lochan,  I. Lotan,  
 L. A. Martinez-Martinez,  P. E. Maslen,  N. Nair,  D. P. O'Neill,  
 D. Neuhauser,  E. Neuscamman,  C. M. Oana,  R. Olivares-Amaya,  R. Olson,  
 T. M. Perrine,  B. Peters,  P. A. Pieniazek,  A. Prociuk,  Y. M. Rhee,  
 J. Ritchie,  M. A. Rohrdanz,  E. Rosta,  N. J. Russ,  H. F. Schaefer III,  
 M. W. Schmidt,  N. E. Schultz,  S. Sharma,  N. Shenvi,  C. D. Sherrill,  
 A. C. Simmonett,  A. Sodt,  T. Stein,  D. Stuck,  K. S. Thanthiriwatte,  
 V. Vanovschi,  L. Vogt,  Tao Wang,  A. Warshel,  M. A. Watson,  
 C. F. Williams,  Q. Wu,  X. Xu,  Jun Yang,  W. Zhang,  Yan Zhao

 Please cite Q-Chem as follows:
 Y. Shao et al., Mol. Phys. 113, 184-215 (2015)
 DOI: 10.1080/00268976.2014.952696

 Q-Chem 5.4.1 for Intel X86 EM64T Linux

 Parts of Q-Chem use Armadillo 9.800.1 (Horizon Scraper).
 http://arma.sourceforge.net/

 Q-Chem begins on Sat Jul  2 12:47:57 2022  

 Host: gadi-cpu-clx-0449.gadi.nci.org.au
0

     Scratch files written to /jobfs/50070111.gadi-pbs/qchem783183//
 Processing $rem in /apps/qchem/5.4.1/config/preferences:
 Processing $rem in /home/561/yj5695/.qchemrc:
 Symmetry turned off for PCM/SM12/SMD calculation
 Method-specific promolecule density matrix will be built for SM12 calculation

 Checking the input file for inconsistencies... 	...done.

--------------------------------------------------------------
User input:
--------------------------------------------------------------
$molecule
-1  1
C -1.925328402  1.2148900581 -1.1113994142
C -2.8890198826  0.3326654582 -1.6018017059
Cl -4.5371191111  0.353999533 -1.0189486826
C -2.5678140924 -0.5983732691 -2.5849323589
H -3.3299231017 -1.2753404154 -2.9573352917
C -1.2706776512 -0.6565993962 -3.0825816472
C -0.2920461212  0.2109899568 -2.5976243067
C -0.6291979949  1.1473695373 -1.621175743
S -2.290510428  2.4605049274  0.1620535039
O -2.6724922684  1.6333095448  1.3440115217
O -1.0023955619  3.1800804321  0.3273544682
N -3.3749199357  3.4611287409 -0.3414326058
H -4.2865590201  3.0024890547 -0.2882231085
H  0.1172119474  1.8341455292 -1.2404074791
C  1.1137818406  0.1933577426 -3.1849562567
N  1.5188603387 -1.1453630019 -3.6041104394
C  1.1751614422  0.9450742151 -4.5095806557
C  1.6730142014 -1.2878657031 -4.9487369808
C  1.501632061  0.0676128402 -5.5354553476
O  1.910633885 -2.3391533703 -5.5433869393
C  0.9654886028  2.293455582 -4.7563496848
C  1.0919887719  2.7334815875 -6.0774755921
C  1.4140737169  1.8460845414 -7.1126385849
C  1.6248390897  0.4911142606 -6.8527227594
O  1.9869521123  0.7274785684 -2.2177739525
H -1.0326375876 -1.3851453112 -3.8526864836
H  1.4078472981 -1.9487531648 -2.9923033403
H  0.7096042304  2.9826559628 -3.9557146168
H  0.9346616718  3.7831401979 -6.3071030034
H  1.5013862461  2.2201884898 -8.1279967278
H  1.878391491 -0.2063848285 -7.6458524698
H  2.8613902115  0.8479636997 -2.6274513151
$end

$rem
jobtype sp
exchange M062X
basis 6-31+G*
SMX_GAS_PHASE = TRUE
solvent_method sm12
$end

$smx
solvent water
charges mk
$end
--------------------------------------------------------------
 ----------------------------------------------------------------
             Standard Nuclear Orientation (Angstroms)
    I     Atom           X                Y                Z
 ----------------------------------------------------------------
    1      C      -1.9253284020     1.2148900581    -1.1113994142
    2      C      -2.8890198826     0.3326654582    -1.6018017059
    3      Cl     -4.5371191111     0.3539995330    -1.0189486826
    4      C      -2.5678140924    -0.5983732691    -2.5849323589
    5      H      -3.3299231017    -1.2753404154    -2.9573352917
    6      C      -1.2706776512    -0.6565993962    -3.0825816472
    7      C      -0.2920461212     0.2109899568    -2.5976243067
    8      C      -0.6291979949     1.1473695373    -1.6211757430
    9      S      -2.2905104280     2.4605049274     0.1620535039
   10      O      -2.6724922684     1.6333095448     1.3440115217
   11      O      -1.0023955619     3.1800804321     0.3273544682
   12      N      -3.3749199357     3.4611287409    -0.3414326058
   13      H      -4.2865590201     3.0024890547    -0.2882231085
   14      H       0.1172119474     1.8341455292    -1.2404074791
   15      C       1.1137818406     0.1933577426    -3.1849562567
   16      N       1.5188603387    -1.1453630019    -3.6041104394
   17      C       1.1751614422     0.9450742151    -4.5095806557
   18      C       1.6730142014    -1.2878657031    -4.9487369808
   19      C       1.5016320610     0.0676128402    -5.5354553476
   20      O       1.9106338850    -2.3391533703    -5.5433869393
   21      C       0.9654886028     2.2934555820    -4.7563496848
   22      C       1.0919887719     2.7334815875    -6.0774755921
   23      C       1.4140737169     1.8460845414    -7.1126385849
   24      C       1.6248390897     0.4911142606    -6.8527227594
   25      O       1.9869521123     0.7274785684    -2.2177739525
   26      H      -1.0326375876    -1.3851453112    -3.8526864836
   27      H       1.4078472981    -1.9487531648    -2.9923033403
   28      H       0.7096042304     2.9826559628    -3.9557146168
   29      H       0.9346616718     3.7831401979    -6.3071030034
   30      H       1.5013862461     2.2201884898    -8.1279967278
   31      H       1.8783914910    -0.2063848285    -7.6458524698
   32      H       2.8613902115     0.8479636997    -2.6274513151
 ----------------------------------------------------------------
 Nuclear Repulsion Energy =        2071.85601974 hartrees
 There are       87 alpha and       87 beta electrons
 Requested basis set is 6-31+G(d)
 There are 132 shells and 446 basis functions

 Total QAlloc Memory Limit   2000 MB
 Mega-Array Size       188 MB
 MEM_STATIC part       192 MB
 A cutoff of  1.0D-08 yielded   5847 shell pairs
 There are     71228 function pairs
 Smallest overlap matrix eigenvalue = 4.83E-07

 Q-Chem warning in module stvman/mkSTV.C, line 323:

 Overlap eigenvalue is smaller than square root of threshold
 Use THRESH >= 12 to get rid of this warning

 Linear dependence detected in AO basis
 Tighter screening thresholds may be required for diffuse basis sets
 Use S2THRESH > 14 and THRESH = 14 in case of SCF convergence issues
 Number of orthogonalized atomic orbitals = 443
 Maximum deviation from orthogonality = 2.026E-10

 Scale SEOQF with 1.000000e-01/1.000000e-01/1.000000e-02

 Standard Electronic Orientation quadrupole field applied
 Nucleus-field energy     =     0.0000000461 hartrees
 ================ Generating on-the-fly Promolecule Density  ================
Attempting to make child job directory: /jobfs/50070111.gadi-pbs/qchem783183//Frg1/
Attempting to make child job directory: /jobfs/50070111.gadi-pbs/qchem783183//Frg2/
Attempting to make child job directory: /jobfs/50070111.gadi-pbs/qchem783183//Frg3/
Attempting to make child job directory: /jobfs/50070111.gadi-pbs/qchem783183//Frg4/
Attempting to make child job directory: /jobfs/50070111.gadi-pbs/qchem783183//Frg5/
Attempting to make child job directory: /jobfs/50070111.gadi-pbs/qchem783183//Frg6/
Creating input file /jobfs/50070111.gadi-pbs/qchem783183/Frg1.input
using default PutDataFrgm: nothing
calling putenv with: QCSCRATCH=/jobfs/50070111.gadi-pbs/qchem783183/ 
Spawning Job For Fragment 0
Done Job For Fragment 0
calling putenv with: QCSCRATCH=/jobfs/50070111.gadi-pbs 
calling putenv with: QCTHREADS=8 
Creating input file /jobfs/50070111.gadi-pbs/qchem783183/Frg2.input
using default PutDataFrgm: nothing
calling putenv with: QCSCRATCH=/jobfs/50070111.gadi-pbs/qchem783183/ 
Spawning Job For Fragment 1
Done Job For Fragment 1
calling putenv with: QCSCRATCH=/jobfs/50070111.gadi-pbs 
calling putenv with: QCTHREADS=8 
Creating input file /jobfs/50070111.gadi-pbs/qchem783183/Frg3.input
using default PutDataFrgm: nothing
calling putenv with: QCSCRATCH=/jobfs/50070111.gadi-pbs/qchem783183/ 
Spawning Job For Fragment 2
Done Job For Fragment 2
calling putenv with: QCSCRATCH=/jobfs/50070111.gadi-pbs 
calling putenv with: QCTHREADS=8 
Creating input file /jobfs/50070111.gadi-pbs/qchem783183/Frg4.input
using default PutDataFrgm: nothing
calling putenv with: QCSCRATCH=/jobfs/50070111.gadi-pbs/qchem783183/ 
Spawning Job For Fragment 3
Done Job For Fragment 3
calling putenv with: QCSCRATCH=/jobfs/50070111.gadi-pbs 
calling putenv with: QCTHREADS=8 
Creating input file /jobfs/50070111.gadi-pbs/qchem783183/Frg5.input
using default PutDataFrgm: nothing
calling putenv with: QCSCRATCH=/jobfs/50070111.gadi-pbs/qchem783183/ 
Spawning Job For Fragment 4
Done Job For Fragment 4
calling putenv with: QCSCRATCH=/jobfs/50070111.gadi-pbs 
calling putenv with: QCTHREADS=8 
Creating input file /jobfs/50070111.gadi-pbs/qchem783183/Frg6.input
using default PutDataFrgm: nothing
calling putenv with: QCSCRATCH=/jobfs/50070111.gadi-pbs/qchem783183/ 
Spawning Job For Fragment 5
Done Job For Fragment 5
calling putenv with: QCSCRATCH=/jobfs/50070111.gadi-pbs 
calling putenv with: QCTHREADS=8 
 Time for running child jobs:  CPU 0.84 s  wall 2.44 s
 ============= Method Specific Promolecule Density Constructed =============
 Guess from superposition of atomic densities
 Warning:  Energy on first SCF cycle will be non-variational
 SAD guess density has 173.000000 electrons

 -----------------------------------------------------------------------
  General SCF calculation program by
  Eric Jon Sundstrom, Paul Horn, Yuezhi Mao, Dmitri Zuev, Alec White,
  David Stuck, Shaama M.S., Shane Yost, Joonho Lee, David Small,
  Daniel Levine, Susi Lehtola, Hugh Burton, Evgeny Epifanovsky,
  Bang C. Huynh
 -----------------------------------------------------------------------
 Exchange:     0.5400 Hartree-Fock + 1.0000 M06-2X
 Correlation:  1.0000 M06-2X
 Using SG-3 standard quadrature grid
 using 8 threads for integral computing
 -------------------------------------------------------
 OpenMP Integral computing Module                
 Release: version 1.0, May 2013, Q-Chem Inc. Pittsburgh 
 -------------------------------------------------------
 A restricted SCF calculation will be
 performed using DIIS
 SCF converges when DIIS error is below 1.0e-05
 ---------------------------------------
  Cycle       Energy         DIIS error
 ---------------------------------------
    1   -1814.7494178690      3.57e-02  
    2   -1807.4635198576      4.41e-03  
    3   -1807.2105948465      5.99e-03  
    4   -1807.8677776637      7.92e-04  
    5   -1807.8794884019      3.58e-04  
    6   -1807.8820227040      9.21e-05  
    7   -1807.8821954307      3.59e-05  
    8   -1807.8822228926      1.07e-05  
    9   -1807.8822255645      4.41e-06  Convergence criterion met
 ---------------------------------------
 SCF time:   CPU 333.03s  wall 48.00s 
 SCF   energy in the final basis set =    -1807.8822255645
 Total energy in the final basis set =    -1807.8822255645
 Exchange:     0.5400 Hartree-Fock + 1.0000 M06-2X
 Correlation:  1.0000 M06-2X
 Using SG-3 standard quadrature grid
 
 SM12 calculation using Merz-Singh-Kollman charges
 Citation of the SM12 model:
 Marenich, A.V.; Cramer, C.J.; Truhlar, D.G.
 J. Chem. Theory Comput. 2013, 9, 609-612.
 iSolventCode=           1
 Solvent: water                                                           
 
  Building new vdw surfaces
         Merz-Kollman ESP Net Atomic Charges

     Atom                 Charge (a.u.)
  ----------------------------------------
      1 C                     0.048580
      2 C                    -0.117416
      3 Cl                   -0.106637
      4 C                     0.052369
      5 H                     0.106387
      6 C                    -0.578369
      7 C                     0.603971
      8 C                    -0.390122
      9 S                     1.149397
     10 O                    -0.662941
     11 O                    -0.632389
     12 N                    -1.006633
     13 H                     0.379931
     14 H                     0.216786
     15 C                     0.019921
     16 N                    -0.539304
     17 C                     0.132441
     18 C                     0.494052
     19 C                     0.083856
     20 O                    -0.569796
     21 C                    -0.287585
     22 C                    -0.104510
     23 C                    -0.168797
     24 C                    -0.226746
     25 O                    -0.611575
     26 H                     0.218891
     27 H                     0.382513
     28 H                     0.204035
     29 H                     0.146306
     30 H                     0.145222
     31 H                     0.170500
     32 H                     0.447660
  ----------------------------------------
  Sum of atomic charges =    -1.000000

  Related Dipole Moment =    13.4363 (X  9.7672 Y -9.2250 Z -0.1873)


 Charges (in A.U.) from Merz-Kollman fitting 
 -----------------------------------------------
 Center     Atomic                  MZ       
 Number     Number                  Charge
 -----------------------------------------------
    1          6                    0.048580
    2          6                   -0.117416
    3         17                   -0.106637
    4          6                    0.052369
    5          1                    0.106387
    6          6                   -0.578369
    7          6                    0.603971
    8          6                   -0.390122
    9         16                    1.149397
   10          8                   -0.662941
   11          8                   -0.632389
   12          7                   -1.006633
   13          1                    0.379931
   14          1                    0.216786
   15          6                    0.019921
   16          7                   -0.539304
   17          6                    0.132441
   18          6                    0.494052
   19          6                    0.083856
   20          8                   -0.569796
   21          6                   -0.287585
   22          6                   -0.104510
   23          6                   -0.168797
   24          6                   -0.226746
   25          8                   -0.611575
   26          1                    0.218891
   27          1                    0.382513
   28          1                    0.204035
   29          1                    0.146306
   30          1                    0.145222
   31          1                    0.170500
   32          1                    0.447660
 -----------------------------------------------
 A restricted SCF calculation will be
 performed using Roothaan-Hall, DIIS
 SCF converges when DIIS error is below 1.0e-05
 ---------------------------------------
  Cycle       Energy         DIIS error
 ---------------------------------------
         Merz-Kollman ESP Net Atomic Charges

     Atom                 Charge (a.u.)
  ----------------------------------------
      1 C                     0.028997
      2 C                    -0.165592
      3 Cl                   -0.092973
      4 C                     0.072459
      5 H                     0.129385
      6 C                    -0.544243
      7 C                     0.670640
      8 C                    -0.437903
      9 S                     1.170972
     10 O                    -0.705787
     11 O                    -0.672793
     12 N                    -1.061465
     13 H                     0.398518
     14 H                     0.222200
     15 C                     0.024690
     16 N                    -0.513787
     17 C                     0.137723
     18 C                     0.529123
     19 C                     0.083601
     20 O                    -0.646249
     21 C                    -0.308804
     22 C                    -0.102523
     23 C                    -0.170345
     24 C                    -0.232544
     25 O                    -0.635566
     26 H                     0.238194
     27 H                     0.398751
     28 H                     0.206831
     29 H                     0.161734
     30 H                     0.164129
     31 H                     0.182806
     32 H                     0.469822
  ----------------------------------------
  Sum of atomic charges =    -1.000000

  Related Dipole Moment =    15.3080 (X 10.6543 Y -10.6584 Z -2.6866)


 Charges (in A.U.) from Merz-Kollman fitting 
 -----------------------------------------------
 Center     Atomic                  MZ       
 Number     Number                  Charge
 -----------------------------------------------
    1          6                    0.028997
    2          6                   -0.165592
    3         17                   -0.092973
    4          6                    0.072459
    5          1                    0.129385
    6          6                   -0.544243
    7          6                    0.670640
    8          6                   -0.437903
    9         16                    1.170972
   10          8                   -0.705787
   11          8                   -0.672793
   12          7                   -1.061465
   13          1                    0.398518
   14          1                    0.222200
   15          6                    0.024690
   16          7                   -0.513787
   17          6                    0.137723
   18          6                    0.529123
   19          6                    0.083601
   20          8                   -0.646249
   21          6                   -0.308804
   22          6                   -0.102523
   23          6                   -0.170345
   24          6                   -0.232544
   25          8                   -0.635566
   26          1                    0.238194
   27          1                    0.398751
   28          1                    0.206831
   29          1                    0.161734
   30          1                    0.164129
   31          1                    0.182806
   32          1                    0.469822
 -----------------------------------------------
    1   -1807.8822275857      4.13e-04  Roothaan Step
 ---------------------------------------
  Cycle       Energy         DIIS error
 ---------------------------------------
         Merz-Kollman ESP Net Atomic Charges

     Atom                 Charge (a.u.)
  ----------------------------------------
      1 C                     0.089691
      2 C                    -0.122731
      3 Cl                   -0.111933
      4 C                     0.032745
      5 H                     0.141467
      6 C                    -0.557811
      7 C                     0.578195
      8 C                    -0.409250
      9 S                     1.206063
     10 O                    -0.721105
     11 O                    -0.689473
     12 N                    -1.082282
     13 H                     0.394455
     14 H                     0.223114
     15 C                     0.038054
     16 N                    -0.552676
     17 C                     0.109041
     18 C                     0.509011
     19 C                     0.086965
     20 O                    -0.600998
     21 C                    -0.274650
     22 C                    -0.114079
     23 C                    -0.164473
     24 C                    -0.236289
     25 O                    -0.623540
     26 H                     0.244116
     27 H                     0.409169
     28 H                     0.204049
     29 H                     0.167068
     30 H                     0.167770
     31 H                     0.186887
     32 H                     0.473431
  ----------------------------------------
  Sum of atomic charges =    -1.000000

  Related Dipole Moment =    15.4366 (X 10.9417 Y -10.4850 Z -2.9386)


 Charges (in A.U.) from Merz-Kollman fitting 
 -----------------------------------------------
 Center     Atomic                  MZ       
 Number     Number                  Charge
 -----------------------------------------------
    1          6                    0.089691
    2          6                   -0.122731
    3         17                   -0.111933
    4          6                    0.032745
    5          1                    0.141467
    6          6                   -0.557811
    7          6                    0.578195
    8          6                   -0.409250
    9         16                    1.206063
   10          8                   -0.721105
   11          8                   -0.689473
   12          7                   -1.082282
   13          1                    0.394455
   14          1                    0.223114
   15          6                    0.038054
   16          7                   -0.552676
   17          6                    0.109041
   18          6                    0.509011
   19          6                    0.086965
   20          8                   -0.600998
   21          6                   -0.274650
   22          6                   -0.114079
   23          6                   -0.164473
   24          6                   -0.236289
   25          8                   -0.623540
   26          1                    0.244116
   27          1                    0.409169
   28          1                    0.204049
   29          1                    0.167068
   30          1                    0.167770
   31          1                    0.186887
   32          1                    0.473431
 -----------------------------------------------
    1   -1807.8681323119      2.99e-04  
         Merz-Kollman ESP Net Atomic Charges

     Atom                 Charge (a.u.)
  ----------------------------------------
      1 C                     0.050024
      2 C                    -0.150313
      3 Cl                   -0.100788
      4 C                     0.048701
      5 H                     0.138796
      6 C                    -0.544538
      7 C                     0.636773
      8 C                    -0.428243
      9 S                     1.210852
     10 O                    -0.722532
     11 O                    -0.689675
     12 N                    -1.084358
     13 H                     0.397130
     14 H                     0.224251
     15 C                     0.029131
     16 N                    -0.524452
     17 C                     0.125983
     18 C                     0.526865
     19 C                     0.089921
     20 O                    -0.639134
     21 C                    -0.292754
     22 C                    -0.110632
     23 C                    -0.169376
     24 C                    -0.237883
     25 O                    -0.631684
     26 H                     0.242466
     27 H                     0.402781
     28 H                     0.205909
     29 H                     0.167150
     30 H                     0.169103
     31 H                     0.187096
     32 H                     0.473427
  ----------------------------------------
  Sum of atomic charges =    -1.000000

  Related Dipole Moment =    15.6409 (X 10.9967 Y -10.6865 Z -3.0838)


 Charges (in A.U.) from Merz-Kollman fitting 
 -----------------------------------------------
 Center     Atomic                  MZ       
 Number     Number                  Charge
 -----------------------------------------------
    1          6                    0.050024
    2          6                   -0.150313
    3         17                   -0.100788
    4          6                    0.048701
    5          1                    0.138796
    6          6                   -0.544538
    7          6                    0.636773
    8          6                   -0.428243
    9         16                    1.210852
   10          8                   -0.722532
   11          8                   -0.689675
   12          7                   -1.084358
   13          1                    0.397130
   14          1                    0.224251
   15          6                    0.029131
   16          7                   -0.524452
   17          6                    0.125983
   18          6                    0.526865
   19          6                    0.089921
   20          8                   -0.639134
   21          6                   -0.292754
   22          6                   -0.110632
   23          6                   -0.169376
   24          6                   -0.237883
   25          8                   -0.631684
   26          1                    0.242466
   27          1                    0.402781
   28          1                    0.205909
   29          1                    0.167150
   30          1                    0.169103
   31          1                    0.187096
   32          1                    0.473427
 -----------------------------------------------
    2   -1807.8691511216      3.69e-04  
         Merz-Kollman ESP Net Atomic Charges

     Atom                 Charge (a.u.)
  ----------------------------------------
      1 C                     0.049723
      2 C                    -0.146030
      3 Cl                   -0.102091
      4 C                     0.049023
      5 H                     0.139471
      6 C                    -0.541839
      7 C                     0.634809
      8 C                    -0.428499
      9 S                     1.212867
     10 O                    -0.724739
     11 O                    -0.692264
     12 N                    -1.089197
     13 H                     0.398711
     14 H                     0.224676
     15 C                     0.027183
     16 N                    -0.526887
     17 C                     0.119957
     18 C                     0.522112
     19 C                     0.088358
     20 O                    -0.633681
     21 C                    -0.290653
     22 C                    -0.109209
     23 C                    -0.166784
     24 C                    -0.236440
     25 O                    -0.629960
     26 H                     0.242889
     27 H                     0.404298
     28 H                     0.205961
     29 H                     0.167524
     30 H                     0.169365
     31 H                     0.187423
     32 H                     0.473925
  ----------------------------------------
  Sum of atomic charges =    -1.000000

  Related Dipole Moment =    15.7515 (X 11.0281 Y -10.7664 Z -3.2519)


 Charges (in A.U.) from Merz-Kollman fitting 
 -----------------------------------------------
 Center     Atomic                  MZ       
 Number     Number                  Charge
 -----------------------------------------------
    1          6                    0.049723
    2          6                   -0.146030
    3         17                   -0.102091
    4          6                    0.049023
    5          1                    0.139471
    6          6                   -0.541839
    7          6                    0.634809
    8          6                   -0.428499
    9         16                    1.212867
   10          8                   -0.724739
   11          8                   -0.692264
   12          7                   -1.089197
   13          1                    0.398711
   14          1                    0.224676
   15          6                    0.027183
   16          7                   -0.526887
   17          6                    0.119957
   18          6                    0.522112
   19          6                    0.088358
   20          8                   -0.633681
   21          6                   -0.290653
   22          6                   -0.109209
   23          6                   -0.166784
   24          6                   -0.236440
   25          8                   -0.629960
   26          1                    0.242889
   27          1                    0.404298
   28          1                    0.205961
   29          1                    0.167524
   30          1                    0.169365
   31          1                    0.187423
   32          1                    0.473925
 -----------------------------------------------
    3   -1807.8677335462      5.16e-05  
         Merz-Kollman ESP Net Atomic Charges

     Atom                 Charge (a.u.)
  ----------------------------------------
      1 C                     0.050287
      2 C                    -0.145590
      3 Cl                   -0.102303
      4 C                     0.046320
      5 H                     0.140529
      6 C                    -0.541466
      7 C                     0.631437
      8 C                    -0.426905
      9 S                     1.214813
     10 O                    -0.725701
     11 O                    -0.692958
     12 N                    -1.090828
     13 H                     0.398460
     14 H                     0.224735
     15 C                     0.030192
     16 N                    -0.526620
     17 C                     0.120418
     18 C                     0.524312
     19 C                     0.089438
     20 O                    -0.636368
     21 C                    -0.289759
     22 C                    -0.110647
     23 C                    -0.167561
     24 C                    -0.237461
     25 O                    -0.630689
     26 H                     0.243377
     27 H                     0.404168
     28 H                     0.205891
     29 H                     0.168229
     30 H                     0.170060
     31 H                     0.187886
     32 H                     0.474304
  ----------------------------------------
  Sum of atomic charges =    -1.000000

  Related Dipole Moment =    15.7868 (X 11.0733 Y -10.7649 Z -3.2745)


 Charges (in A.U.) from Merz-Kollman fitting 
 -----------------------------------------------
 Center     Atomic                  MZ       
 Number     Number                  Charge
 -----------------------------------------------
    1          6                    0.050287
    2          6                   -0.145590
    3         17                   -0.102303
    4          6                    0.046320
    5          1                    0.140529
    6          6                   -0.541466
    7          6                    0.631437
    8          6                   -0.426905
    9         16                    1.214813
   10          8                   -0.725701
   11          8                   -0.692958
   12          7                   -1.090828
   13          1                    0.398460
   14          1                    0.224735
   15          6                    0.030192
   16          7                   -0.526620
   17          6                    0.120418
   18          6                    0.524312
   19          6                    0.089438
   20          8                   -0.636368
   21          6                   -0.289759
   22          6                   -0.110647
   23          6                   -0.167561
   24          6                   -0.237461
   25          8                   -0.630689
   26          1                    0.243377
   27          1                    0.404168
   28          1                    0.205891
   29          1                    0.168229
   30          1                    0.170060
   31          1                    0.187886
   32          1                    0.474304
 -----------------------------------------------
    4   -1807.8670169370      2.94e-05  
    5   -1807.8666260403      4.46e-06  Convergence criterion met
 ---------------------------------------
 SCF time:   CPU 264.80s  wall 47.00s 
(0)  E-EN(g) gas-phase elect-nuc energy                -1807.882225565 a.u.
(1)  E-EN(liq) elect-nuc energy of solute              -1807.866626040 a.u.
(2)  G-P(liq) polarization free energy of solvation           -87.0297 kcal/mol
(3)  G-ENP(liq) elect-nuc-pol free energy of system    -1808.005316767 a.u.
(4)  G-CDS(liq) cavity-dispersion-solvent structure 
     free energy                                                0.8369 kcal/mol
(5)  G-P-CDS(liq) = G-P(liq) + G-CDS(liq) = (2) + (4)         -86.1929 kcal/mol
(6)  G-S(liq) free energy of system = (1) + (5)        -1808.003983147 a.u.
(7)  DeltaE-EN(liq) elect-nuc reorganization
     energy of solute molecule (7) = (1) - (0)                  9.7888 kcal/mol
(8)  DeltaG-ENP(liq) elect-nuc-pol free energy
     of solvation (8) = (3) - (0)                             -77.2409 kcal/mol
(9)  DeltaG-S(liq) free energy of  solvation
     (9) = (6) - (0)                                          -76.4040 kcal/mol
 SCF   energy in the final basis set =    -1808.0039831470
 Total energy in the final basis set =    -1808.0039831470
 
 --------------------------------------------------------------
 
                    Orbital Energies (a.u.)
 --------------------------------------------------------------
 
 Alpha MOs
 -- Occupied --
******** -90.1405 -19.6706 -19.6394 -19.6270 -19.6252 -14.8045 -14.7296
-10.6801 -10.6776 -10.6410 -10.6007 -10.5884 -10.5852 -10.5835 -10.5819
-10.5793 -10.5790 -10.5781 -10.5766 -10.5751 -10.5739  -9.8376  -8.4531
 -7.5618  -7.5555  -7.5551  -6.3756  -6.3749  -6.3743  -1.2157  -1.1949
 -1.1751  -1.1000  -1.0680  -1.0194  -0.9830  -0.9737  -0.9618  -0.8863
 -0.8809  -0.8769  -0.8601  -0.7895  -0.7495  -0.7470  -0.7106  -0.7012
 -0.6798  -0.6638  -0.6372  -0.6153  -0.5942  -0.5839  -0.5792  -0.5672
 -0.5577  -0.5530  -0.5517  -0.5272  -0.5256  -0.5215  -0.5204  -0.5060
 -0.5037  -0.4908  -0.4733  -0.4572  -0.4550  -0.4426  -0.4371  -0.4332
 -0.4275  -0.4180  -0.4011  -0.3961  -0.3902  -0.3825  -0.3692  -0.3581
 -0.3507  -0.3380  -0.3362  -0.3305  -0.3264  -0.3124  -0.3013
 -- Virtual --
 -0.0321  -0.0177  -0.0138  -0.0122  -0.0079  -0.0006   0.0053   0.0071
  0.0096   0.0123   0.0159   0.0252   0.0280   0.0322   0.0401   0.0455
  0.0536   0.0573   0.0636   0.0652   0.0691   0.0714   0.0782   0.0791
  0.0816   0.0864   0.0915   0.0988   0.1001   0.1039   0.1096   0.1122
  0.1157   0.1258   0.1307   0.1327   0.1367   0.1390   0.1435   0.1490
  0.1498   0.1534   0.1557   0.1632   0.1640   0.1685   0.1737   0.1775
  0.1799   0.1822   0.1850   0.1877   0.1905   0.1950   0.1986   0.2032
  0.2081   0.2100   0.2128   0.2146   0.2181   0.2210   0.2261   0.2275
  0.2296   0.2349   0.2354   0.2397   0.2423   0.2485   0.2508   0.2541
  0.2596   0.2601   0.2657   0.2711   0.2741   0.2775   0.2807   0.2825
  0.2861   0.2894   0.2946   0.2971   0.2992   0.3031   0.3088   0.3120
  0.3165   0.3196   0.3214   0.3268   0.3338   0.3372   0.3397   0.3446
  0.3454   0.3574   0.3616   0.3652   0.3682   0.3706   0.3834   0.3845
  0.3895   0.3912   0.3977   0.4082   0.4174   0.4219   0.4249   0.4362
  0.4488   0.4577   0.4625   0.4682   0.4773   0.4855   0.4879   0.5068
  0.5196   0.5571   0.5621   0.5852   0.6026   0.6276   0.6325   0.6519
  0.6589   0.6652   0.6704   0.6961   0.7108   0.7118   0.7187   0.7226
  0.7311   0.7380   0.7487   0.7509   0.7588   0.7693   0.7735   0.7789
  0.7879   0.7947   0.7965   0.8081   0.8149   0.8308   0.8369   0.8381
  0.8516   0.8618   0.8680   0.8728   0.8832   0.8946   0.9030   0.9109
  0.9167   0.9349   0.9365   0.9473   0.9612   0.9695   0.9800   0.9915
  0.9974   1.0086   1.0182   1.0259   1.0336   1.0440   1.0515   1.0630
  1.0693   1.0729   1.0751   1.0894   1.1088   1.1118   1.1211   1.1366
  1.1375   1.1481   1.1568   1.1610   1.1805   1.1838   1.1923   1.2029
  1.2090   1.2124   1.2225   1.2281   1.2347   1.2403   1.2520   1.2637
  1.2794   1.2858   1.2968   1.3135   1.3246   1.3358   1.3466   1.3603
  1.3657   1.3753   1.3842   1.3945   1.4017   1.4041   1.4065   1.4130
  1.4289   1.4396   1.4456   1.4581   1.4671   1.4755   1.4766   1.4798
  1.4907   1.5015   1.5084   1.5206   1.5257   1.5331   1.5397   1.5439
  1.5560   1.5789   1.5863   1.6010   1.6048   1.6185   1.6548   1.6962
  1.7054   1.7231   1.7698   1.7865   1.7959   1.8052   1.8109   1.8159
  1.8321   1.8375   1.8503   1.8693   1.8711   1.8777   1.8819   1.8910
  1.8994   1.9100   1.9253   1.9367   1.9559   1.9818   1.9921   1.9964
  2.0041   2.0126   2.0257   2.0295   2.0367   2.0457   2.0603   2.0690
  2.0899   2.1003   2.1309   2.1499   2.1723   2.1769   2.1855   2.1871
  2.1983   2.2095   2.2275   2.2322   2.2413   2.2494   2.2646   2.2778
  2.2919   2.2966   2.3118   2.3179   2.3345   2.3442   2.3534   2.3576
  2.3995   2.4185   2.4344   2.4639   2.5077   2.5311   2.5625   2.6005
  2.6156   2.6214   2.6327   2.6522   2.6650   2.6798   2.6840   2.6950
  2.7331   2.7481   2.7567   2.7737   2.7803   2.8184   2.8244   2.8637
  2.8757   2.8827   2.9221   2.9331   2.9575   3.0155   3.0273   3.0826
  3.1337   3.1363   3.2176   3.2957   3.3561   3.4489   4.0100   4.0900
  4.2041   4.2521   4.2750   4.2939   4.3232   4.3328   4.3382   4.3603
  4.3895   4.4129   4.4564   4.4636   4.4739   4.5142   4.5380   4.5716
  4.6965   4.7816   4.8181   4.9076
 --------------------------------------------------------------
 
          Ground-State Mulliken Net Atomic Charges

     Atom                 Charge (a.u.)
  ----------------------------------------
      1 C                    -7.011003
      2 C                     0.609129
      3 Cl                    0.118087
      4 C                     1.148807
      5 H                     0.296493
      6 C                     1.274988
      7 C                     1.350796
      8 C                    -1.274853
      9 S                     0.311148
     10 O                    -0.706759
     11 O                    -0.875275
     12 N                    -0.981542
     13 H                     0.400036
     14 H                     0.286765
     15 C                     3.444761
     16 N                    -0.371959
     17 C                    -0.650428
     18 C                     0.516028
     19 C                     0.242505
     20 O                    -0.784260
     21 C                    -0.137483
     22 C                     0.102402
     23 C                     0.504451
     24 C                    -0.648056
     25 O                    -0.658845
     26 H                     0.314887
     27 H                     0.519702
     28 H                     0.268004
     29 H                     0.270972
     30 H                     0.271802
     31 H                     0.277789
     32 H                     0.570911
  ----------------------------------------
  Sum of atomic charges =    -1.000000

         Merz-Kollman ESP Net Atomic Charges

     Atom                 Charge (a.u.)
  ----------------------------------------
      1 C                     0.049572
      2 C                    -0.145703
      3 Cl                   -0.102304
      4 C                     0.046182
      5 H                     0.140506
      6 C                    -0.540868
      7 C                     0.632535
      8 C                    -0.427601
      9 S                     1.217687
     10 O                    -0.726435
     11 O                    -0.693735
     12 N                    -1.091768
     13 H                     0.398428
     14 H                     0.224868
     15 C                     0.029125
     16 N                    -0.526213
     17 C                     0.120386
     18 C                     0.523961
     19 C                     0.089296
     20 O                    -0.636171
     21 C                    -0.289924
     22 C                    -0.110390
     23 C                    -0.167408
     24 C                    -0.237369
     25 O                    -0.630458
     26 H                     0.243288
     27 H                     0.404051
     28 H                     0.205990
     29 H                     0.168226
     30 H                     0.170072
     31 H                     0.187906
     32 H                     0.474267
  ----------------------------------------
  Sum of atomic charges =    -1.000000

  Related Dipole Moment =    15.7941 (X 11.0773 Y -10.7684 Z -3.2846)

 -----------------------------------------------------------------
                    Cartesian Multipole Moments
 -----------------------------------------------------------------
    Charge (ESU x 10^10)
                -4.8032
    Dipole Moment (Debye)
         X      11.0354      Y     -10.8257      Z      -3.2791
       Tot      15.8028
    Quadrupole Moments (Debye-Ang)
        XX    -176.5297     XY      43.3655     YY    -194.7642
        XZ      11.3933     YZ     -31.7000     ZZ    -151.1417
    Octopole Moments (Debye-Ang^2)
       XXX     387.6546    XXY    -201.1780    XYY     198.7026
       YYY    -522.5882    XXZ     400.7875    XYZ     -63.5834
       YYZ     400.5527    XZZ      84.0602    YZZ      46.7362
       ZZZ    1135.0469
    Hexadecapole Moments (Debye-Ang^3)
      XXXX   -4750.5512   XXXY     911.9838   XXYY   -1589.5708
      XYYY    1174.0015   YYYY   -3458.4883   XXXZ     954.7319
      XXYZ     106.3029   XYYZ     382.8084   YYYZ     164.3813
      XXZZ   -2894.0246   XYZZ     626.0921   YYZZ   -2486.7017
      XZZZ    1005.5551   YZZZ    -762.1825   ZZZZ  -10844.2664
 -----------------------------------------------------------------
 Total job time:  97.96s(wall), 604.59s(cpu) 
 Sat Jul  2 12:49:34 2022

        *************************************************************
        *                                                           *
        *  Thank you very much for using Q-Chem.  Have a nice day.  *
        *                                                           *
        *************************************************************


