                  Welcome to Q-Chem
     A Quantum Leap Into The Future Of Chemistry


 Q-Chem 5.4 (devel), Q-Chem, Inc., Pleasanton, CA (2021)

 E. Epifanovsky,  A. T. B. Gilbert,  Xintian Feng,  Joonho Lee,  Yuezhi Mao,  
 N. Mardirossian,  P. Pokhilko,  A. White,  M. Wormit,  M. P. Coons,  
 A. L. Dempwolff,  Zhengting Gan,  D. Hait,  P. R. Horn,  L. D. Jacobson,  
 I. Kaliman,  J. Kussmann,  A. W. Lange,  Ka Un Lao,  D. S. Levine,  Jie Liu,  
 S. C. McKenzie,  A. F. Morrison,  K. Nanda,  F. Plasser,  D. R. Rehn,  
 M. L. Vidal,  Zhi-Qiang You,  Ying Zhu,  B. Alam,  B. Albrecht,  
 A. Aldossary,  E. Alguire,  J. H. Andersen,  D. Barton,  K. Begam,  A. Behn,  
 Y. A. Bernard,  E. J. Berquist,  H. Burton,  A. Carreras,  K. Carter-Fenk,  
 R. Chakraborty,  A. D. Chien,  K. D. Closser,  V. Cofer-Shabica,  
 S. Dasgupta,  Jia Deng,  M. de Wergifosse,  M. Diedenhofen,  Hainam Do,  
 S. Ehlert,  Po-Tung Fang,  S. Fatehi,  Qingguo Feng,  T. Friedhoff,  
 J. Gayvert,  Qinghui Ge,  G. Gidofalvi,  M. Goldey,  J. Gomes,  
 C. Gonzalez-Espinoza,  S. Gulania,  A. Gunina,  M. W. D. Hanson-Heine,  
 P. H. P. Harbach,  A. W. Hauser,  M. F. Herbst,  M. Hernandez Vera,  
 M. Hodecker,  Z. C. Holden,  S. Houck,  Xunkun Huang,  Kerwin Hui,  
 B. C. Huynh,  M. Ivanov,  Hyunjun Ji,  Hanjie Jiang,  B. Kaduk,  S. Kaehler,  
 K. Khistyaev,  Jaehoon Kim,  P. Klunzinger,  Z. Koczor-Benda,  
 Joong Hoon Koh,  D. Kosenkov,  L. Koulias,  T. Kowalczyk,  C. M. Krauter,  
 K. Kue,  A. Kunitsa,  T. Kus,  A. Landau,  K. V. Lawler,  D. Lefrancois,  
 S. Lehtola,  Rain Li,  Yi-Pei Li,  Jiashu Liang,  M. Liebenthal,  
 Hung-Hsuan Lin,  You-Sheng Lin,  Fenglai Liu,  Kuan-Yu Liu,  
 M. Loipersberger,  A. Luenser,  A. Manjanath,  P. Manohar,  E. Mansoor,  
 S. F. Manzer,  Shan-Ping Mao,  A. V. Marenich,  T. Markovich,  S. Mason,  
 S. A. Maurer,  P. F. McLaughlin,  M. F. S. J. Menger,  J.-M. Mewes,  
 S. A. Mewes,  P. Morgante,  J. W. Mullinax,  K. J. Oosterbaan,  G. Paran,  
 Alexander C. Paul,  Suranjan K. Paul,  F. Pavosevic,  Zheng Pei,  S. Prager,  
 E. I. Proynov,  E. Ramos,  B. Rana,  A. E. Rask,  A. Rettig,  R. M. Richard,  
 F. Rob,  E. Rossomme,  T. Scheele,  M. Scheurer,  M. Schneider,  
 N. Sergueev,  S. M. Sharada,  W. Skomorowski,  D. W. Small,  C. J. Stein,  
 Yu-Chuan Su,  E. J. Sundstrom,  Zhen Tao,  J. Thirman,  T. Tsuchimochi,  
 N. M. Tubman,  S. P. Veccham,  O. Vydrov,  J. Wenzel,  J. Witte,  A. Yamada,  
 Kun Yao,  S. Yeganeh,  S. R. Yost,  A. Zech,  Igor Ying Zhang,  Xing Zhang,  
 Yu Zhang,  D. Zuev,  A. Aspuru-Guzik,  A. T. Bell,  N. A. Besley,  
 K. B. Bravaya,  B. R. Brooks,  D. Casanova,  Jeng-Da Chai,  S. Coriani,  
 C. J. Cramer,  A. E. DePrince, III,  R. A. DiStasio Jr.,  A. Dreuw,  
 B. D. Dunietz,  T. R. Furlani,  W. A. Goddard III,  S. Grimme,  
 S. Hammes-Schiffer,  T. Head-Gordon,  W. J. Hehre,  Chao-Ping Hsu,  
 T.-C. Jagau,  Yousung Jung,  A. Klamt,  Jing Kong,  D. S. Lambrecht,  
 WanZhen Liang,  N. J. Mayhall,  C. W. McCurdy,  J. B. Neaton,  
 C. Ochsenfeld,  J. A. Parkhill,  R. Peverati,  V. A. Rassolov,  Yihan Shao,  
 L. V. Slipchenko,  T. Stauch,  R. P. Steele,  J. E. Subotnik,  
 A. J. W. Thom,  A. Tkatchenko,  D. G. Truhlar,  T. Van Voorhis,  
 T. A. Wesolowski,  K. B. Whaley,  H. L. Woodcock III,  P. M. Zimmerman,  
 S. Faraji,  P. M. W. Gill,  M. Head-Gordon,  J. M. Herbert,  A. I. Krylov

 Additional authors for Version 5.4.1: 
 S. Kotaru,  Shaozhi Li,  Xiangyuan Li,  F. Matz,  A. Molle,  Haisheng Ren,  
 Yingli Su,  Hung-Yi Tsai,  C. Utku,  Fang Wang

 Contributors to earlier versions of Q-Chem not listed above: 
 R. D. Adamson,  B. Austin,  R. Baer,  J. Baker,  G. J. O. Beran,  
 K. Brandhorst,  S. T. Brown,  E. F. C. Byrd,  A. K. Chakraborty,  
 G. K. L. Chan,  Chun-Min Chang,  Yunqing Chen,  C.-L. Cheng,  
 Siu Hung Chien,  D. M. Chipman,  D. L. Crittenden,  H. Dachsel,  
 R. J. Doerksen,  A. D. Dutoi,  R. G. Edgar,  J. Fosso-Tande,  
 L. Fusti-Molnar,  D. Ghosh,  A. Ghysels,  A. Golubeva-Zadorozhnaya,  
 J. Gonthier,  M. S. Gordon,  S. R. Gwaltney,  G. Hawkins,  J. E. Herr,  
 A. Heyden,  S. Hirata,  E. G. Hohenstein,  G. Kedziora,  F. J. Keil,  
 C. Kelley,  Jihan Kim,  R. A. King,  R. Z. Khaliullin,  P. P. Korambath,  
 W. Kurlancheek,  A. Laurent,  A. M. Lee,  M. S. Lee,  S. V. Levchenko,  
 Ching Yeh Lin,  D. Liotard,  E. Livshits,  R. C. Lochan,  I. Lotan,  
 L. A. Martinez-Martinez,  P. E. Maslen,  N. Nair,  D. P. O'Neill,  
 D. Neuhauser,  E. Neuscamman,  C. M. Oana,  R. Olivares-Amaya,  R. Olson,  
 T. M. Perrine,  B. Peters,  P. A. Pieniazek,  A. Prociuk,  Y. M. Rhee,  
 J. Ritchie,  M. A. Rohrdanz,  E. Rosta,  N. J. Russ,  H. F. Schaefer III,  
 M. W. Schmidt,  N. E. Schultz,  S. Sharma,  N. Shenvi,  C. D. Sherrill,  
 A. C. Simmonett,  A. Sodt,  T. Stein,  D. Stuck,  K. S. Thanthiriwatte,  
 V. Vanovschi,  L. Vogt,  Tao Wang,  A. Warshel,  M. A. Watson,  
 C. F. Williams,  Q. Wu,  X. Xu,  Jun Yang,  W. Zhang,  Yan Zhao

 Please cite Q-Chem as follows:
 Y. Shao et al., Mol. Phys. 113, 184-215 (2015)
 DOI: 10.1080/00268976.2014.952696

 Q-Chem 5.4.1 for Intel X86 EM64T Linux

 Parts of Q-Chem use Armadillo 9.800.1 (Horizon Scraper).
 http://arma.sourceforge.net/

 Q-Chem begins on Sat Jul  2 21:31:22 2022  

 Host: gadi-cpu-clx-2166.gadi.nci.org.au
0

     Scratch files written to /jobfs/50113844.gadi-pbs/qchem989558//
 Processing $rem in /apps/qchem/5.4.1/config/preferences:
 Processing $rem in /home/561/yj5695/.qchemrc:
 Symmetry turned off for PCM/SM12/SMD calculation
 Method-specific promolecule density matrix will be built for SM12 calculation

 Checking the input file for inconsistencies... 	...done.

--------------------------------------------------------------
User input:
--------------------------------------------------------------
$molecule
-1  1
C -2.15683091  0.846773113 -1.2259006632
C -2.2648218198  1.8960213737 -2.1414599958
Cl -3.4766854768  3.1396895667 -1.9654906591
C -1.3976415718  1.9977020383 -3.2265606105
H -1.5014978319  2.8219921925 -3.9245985575
C -0.4044754402  1.0426995856 -3.4027478522
C -0.2901722399 -0.0194303818 -2.5049536197
C -1.1624328952 -0.1098718303 -1.4188770605
S -3.2358929504  0.693504941  0.2312592156
O -4.5947423418  0.5518888049 -0.3660246178
O -2.7411332799 -0.5378336791  0.8958186472
N -3.0401467501  1.9090697594  1.1856844733
H -3.545066791  2.7086336274  0.7981587762
H -1.0701371974 -0.908691443 -0.6899303808
H  0.2780803995  1.1183338791 -4.2434274066
C  0.8052158415 -1.0139422856 -2.7320917129
N  0.5429402658 -2.2813947843 -2.3317258325
O  1.8780006292 -0.6871810084 -3.2467575291
N  1.4723294212 -3.3060165134 -2.4118494693
C  1.7680388772 -3.8201887106 -3.7804947724
C  3.0900384924 -4.5772715952 -3.5638078184
C  3.7062768879 -3.8462112971 -2.3940013784
C  2.7083933327 -3.1018789774 -1.7567766826
C  0.6307827556 -4.6580401211 -4.3252500904
C  2.965749245 -2.3339342145 -0.6285452981
C  4.2749402003 -2.3304398283 -0.1326043961
C  5.2826632367 -3.0730916135 -0.7502279804
C  4.9980104827 -3.8392689877 -1.8898477252
H -0.37557076 -2.5399580253 -1.9893413797
H  1.9476354358 -2.9573070619 -4.4364808335
H  3.7142006612 -4.5765050358 -4.4606452978
H  2.8824133894 -5.6220342889 -3.294162778
H -0.2919029177 -4.0724341872 -4.3968119731
H  0.4489471874 -5.5256426279 -3.6821055091
H  0.8818648856 -5.0148114684 -5.3293457404
H  2.1824082456 -1.7470648145 -0.1556453061
H  4.5071121644 -1.732705141  0.7443677051
H  6.2923702769 -3.0516016505 -0.3513056431
H  5.78208686 -4.4133353092 -2.3775102471
$end

$rem
jobtype sp
exchange M062X
basis 6-31+G*
SMX_GAS_PHASE = TRUE
solvent_method sm12
$end

$smx
solvent water
charges mk
$end
--------------------------------------------------------------
 ----------------------------------------------------------------
             Standard Nuclear Orientation (Angstroms)
    I     Atom           X                Y                Z
 ----------------------------------------------------------------
    1      C      -2.1568309100     0.8467731130    -1.2259006632
    2      C      -2.2648218198     1.8960213737    -2.1414599958
    3      Cl     -3.4766854768     3.1396895667    -1.9654906591
    4      C      -1.3976415718     1.9977020383    -3.2265606105
    5      H      -1.5014978319     2.8219921925    -3.9245985575
    6      C      -0.4044754402     1.0426995856    -3.4027478522
    7      C      -0.2901722399    -0.0194303818    -2.5049536197
    8      C      -1.1624328952    -0.1098718303    -1.4188770605
    9      S      -3.2358929504     0.6935049410     0.2312592156
   10      O      -4.5947423418     0.5518888049    -0.3660246178
   11      O      -2.7411332799    -0.5378336791     0.8958186472
   12      N      -3.0401467501     1.9090697594     1.1856844733
   13      H      -3.5450667910     2.7086336274     0.7981587762
   14      H      -1.0701371974    -0.9086914430    -0.6899303808
   15      H       0.2780803995     1.1183338791    -4.2434274066
   16      C       0.8052158415    -1.0139422856    -2.7320917129
   17      N       0.5429402658    -2.2813947843    -2.3317258325
   18      O       1.8780006292    -0.6871810084    -3.2467575291
   19      N       1.4723294212    -3.3060165134    -2.4118494693
   20      C       1.7680388772    -3.8201887106    -3.7804947724
   21      C       3.0900384924    -4.5772715952    -3.5638078184
   22      C       3.7062768879    -3.8462112971    -2.3940013784
   23      C       2.7083933327    -3.1018789774    -1.7567766826
   24      C       0.6307827556    -4.6580401211    -4.3252500904
   25      C       2.9657492450    -2.3339342145    -0.6285452981
   26      C       4.2749402003    -2.3304398283    -0.1326043961
   27      C       5.2826632367    -3.0730916135    -0.7502279804
   28      C       4.9980104827    -3.8392689877    -1.8898477252
   29      H      -0.3755707600    -2.5399580253    -1.9893413797
   30      H       1.9476354358    -2.9573070619    -4.4364808335
   31      H       3.7142006612    -4.5765050358    -4.4606452978
   32      H       2.8824133894    -5.6220342889    -3.2941627780
   33      H      -0.2919029177    -4.0724341872    -4.3968119731
   34      H       0.4489471874    -5.5256426279    -3.6821055091
   35      H       0.8818648856    -5.0148114684    -5.3293457404
   36      H       2.1824082456    -1.7470648145    -0.1556453061
   37      H       4.5071121644    -1.7327051410     0.7443677051
   38      H       6.2923702769    -3.0516016505    -0.3513056431
   39      H       5.7820868600    -4.4133353092    -2.3775102471
 ----------------------------------------------------------------
 Nuclear Repulsion Energy =        2317.72831282 hartrees
 There are       95 alpha and       95 beta electrons
 Requested basis set is 6-31+G(d)
 There are 152 shells and 494 basis functions

 Total QAlloc Memory Limit   2000 MB
 Mega-Array Size       188 MB
 MEM_STATIC part       192 MB
 A cutoff of  1.0D-08 yielded   7040 shell pairs
 There are     80457 function pairs
 Smallest overlap matrix eigenvalue = 5.10E-07

 Q-Chem warning in module stvman/mkSTV.C, line 323:

 Overlap eigenvalue is smaller than square root of threshold
 Use THRESH >= 12 to get rid of this warning

 Linear dependence detected in AO basis
 Tighter screening thresholds may be required for diffuse basis sets
 Use S2THRESH > 14 and THRESH = 14 in case of SCF convergence issues
 Number of orthogonalized atomic orbitals = 490
 Maximum deviation from orthogonality = 1.417E-10

 Scale SEOQF with 1.000000e-02/1.000000e-02/1.000000e-02

 Standard Electronic Orientation quadrupole field applied
 Nucleus-field energy     =     0.0000000040 hartrees
 ================ Generating on-the-fly Promolecule Density  ================
Attempting to make child job directory: /jobfs/50113844.gadi-pbs/qchem989558//Frg1/
Attempting to make child job directory: /jobfs/50113844.gadi-pbs/qchem989558//Frg2/
Attempting to make child job directory: /jobfs/50113844.gadi-pbs/qchem989558//Frg3/
Attempting to make child job directory: /jobfs/50113844.gadi-pbs/qchem989558//Frg4/
Attempting to make child job directory: /jobfs/50113844.gadi-pbs/qchem989558//Frg5/
Attempting to make child job directory: /jobfs/50113844.gadi-pbs/qchem989558//Frg6/
Creating input file /jobfs/50113844.gadi-pbs/qchem989558/Frg1.input
using default PutDataFrgm: nothing
calling putenv with: QCSCRATCH=/jobfs/50113844.gadi-pbs/qchem989558/ 
Spawning Job For Fragment 0
Done Job For Fragment 0
calling putenv with: QCSCRATCH=/jobfs/50113844.gadi-pbs 
calling putenv with: QCTHREADS=8 
Creating input file /jobfs/50113844.gadi-pbs/qchem989558/Frg2.input
using default PutDataFrgm: nothing
calling putenv with: QCSCRATCH=/jobfs/50113844.gadi-pbs/qchem989558/ 
Spawning Job For Fragment 1
Done Job For Fragment 1
calling putenv with: QCSCRATCH=/jobfs/50113844.gadi-pbs 
calling putenv with: QCTHREADS=8 
Creating input file /jobfs/50113844.gadi-pbs/qchem989558/Frg3.input
using default PutDataFrgm: nothing
calling putenv with: QCSCRATCH=/jobfs/50113844.gadi-pbs/qchem989558/ 
Spawning Job For Fragment 2
Done Job For Fragment 2
calling putenv with: QCSCRATCH=/jobfs/50113844.gadi-pbs 
calling putenv with: QCTHREADS=8 
Creating input file /jobfs/50113844.gadi-pbs/qchem989558/Frg4.input
using default PutDataFrgm: nothing
calling putenv with: QCSCRATCH=/jobfs/50113844.gadi-pbs/qchem989558/ 
Spawning Job For Fragment 3
Done Job For Fragment 3
calling putenv with: QCSCRATCH=/jobfs/50113844.gadi-pbs 
calling putenv with: QCTHREADS=8 
Creating input file /jobfs/50113844.gadi-pbs/qchem989558/Frg5.input
using default PutDataFrgm: nothing
calling putenv with: QCSCRATCH=/jobfs/50113844.gadi-pbs/qchem989558/ 
Spawning Job For Fragment 4
Done Job For Fragment 4
calling putenv with: QCSCRATCH=/jobfs/50113844.gadi-pbs 
calling putenv with: QCTHREADS=8 
Creating input file /jobfs/50113844.gadi-pbs/qchem989558/Frg6.input
using default PutDataFrgm: nothing
calling putenv with: QCSCRATCH=/jobfs/50113844.gadi-pbs/qchem989558/ 
Spawning Job For Fragment 5
Done Job For Fragment 5
calling putenv with: QCSCRATCH=/jobfs/50113844.gadi-pbs 
calling putenv with: QCTHREADS=8 
 Time for running child jobs:  CPU 0.76 s  wall 2.64 s
 ============= Method Specific Promolecule Density Constructed =============
 Guess from superposition of atomic densities
 Warning:  Energy on first SCF cycle will be non-variational
 SAD guess density has 189.000000 electrons

 -----------------------------------------------------------------------
  General SCF calculation program by
  Eric Jon Sundstrom, Paul Horn, Yuezhi Mao, Dmitri Zuev, Alec White,
  David Stuck, Shaama M.S., Shane Yost, Joonho Lee, David Small,
  Daniel Levine, Susi Lehtola, Hugh Burton, Evgeny Epifanovsky,
  Bang C. Huynh
 -----------------------------------------------------------------------
 Exchange:     0.5400 Hartree-Fock + 1.0000 M06-2X
 Correlation:  1.0000 M06-2X
 Using SG-3 standard quadrature grid
 using 8 threads for integral computing
 -------------------------------------------------------
 OpenMP Integral computing Module                
 Release: version 1.0, May 2013, Q-Chem Inc. Pittsburgh 
 -------------------------------------------------------
 A restricted SCF calculation will be
 performed using DIIS
 SCF converges when DIIS error is below 1.0e-05
 ---------------------------------------
  Cycle       Energy         DIIS error
 ---------------------------------------
    1   -1874.1124666387      3.39e-02  
    2   -1866.1446815667      3.97e-03  
    3   -1865.8744024656      5.44e-03  
    4   -1866.5552941057      7.49e-04  
    5   -1866.5685459797      3.31e-04  
    6   -1866.5713125745      8.22e-05  
    7   -1866.5714992377      2.61e-05  
    8   -1866.5715185235      1.02e-05  
    9   -1866.5715221419      4.15e-06  Convergence criterion met
 ---------------------------------------
 SCF time:   CPU 403.59s  wall 51.00s 
 SCF   energy in the final basis set =    -1866.5715221419
 Total energy in the final basis set =    -1866.5715221419
 Exchange:     0.5400 Hartree-Fock + 1.0000 M06-2X
 Correlation:  1.0000 M06-2X
 Using SG-3 standard quadrature grid
 
 SM12 calculation using Merz-Singh-Kollman charges
 Citation of the SM12 model:
 Marenich, A.V.; Cramer, C.J.; Truhlar, D.G.
 J. Chem. Theory Comput. 2013, 9, 609-612.
 iSolventCode=           1
 Solvent: water                                                           
 
  Building new vdw surfaces
         Merz-Kollman ESP Net Atomic Charges

     Atom                 Charge (a.u.)
  ----------------------------------------
      1 C                    -0.005614
      2 C                    -0.037999
      3 Cl                   -0.107076
      4 C                    -0.030160
      5 H                     0.105367
      6 C                    -0.232084
      7 C                    -0.037679
      8 C                    -0.178602
      9 S                     1.164258
     10 O                    -0.678647
     11 O                    -0.642869
     12 N                    -0.988830
     13 H                     0.374112
     14 H                     0.149883
     15 H                     0.151165
     16 C                     0.567785
     17 N                    -0.422569
     18 O                    -0.515919
     19 N                    -0.268350
     20 C                     0.432082
     21 C                    -0.526195
     22 C                     0.268746
     23 C                     0.084164
     24 C                    -0.542710
     25 C                    -0.143530
     26 C                    -0.227538
     27 C                    -0.159343
     28 C                    -0.328044
     29 H                     0.353290
     30 H                     0.046378
     31 H                     0.154575
     32 H                     0.151150
     33 H                     0.131968
     34 H                     0.144478
     35 H                     0.133564
     36 H                     0.183983
     37 H                     0.162629
     38 H                     0.142871
     39 H                     0.171312
  ----------------------------------------
  Sum of atomic charges =    -1.000000

  Related Dipole Moment =    12.4494 (X 11.9151 Y -2.9654 Z -2.0552)


 Charges (in A.U.) from Merz-Kollman fitting 
 -----------------------------------------------
 Center     Atomic                  MZ       
 Number     Number                  Charge
 -----------------------------------------------
    1          6                   -0.005614
    2          6                   -0.037999
    3         17                   -0.107076
    4          6                   -0.030160
    5          1                    0.105367
    6          6                   -0.232084
    7          6                   -0.037679
    8          6                   -0.178602
    9         16                    1.164258
   10          8                   -0.678647
   11          8                   -0.642869
   12          7                   -0.988830
   13          1                    0.374112
   14          1                    0.149883
   15          1                    0.151165
   16          6                    0.567785
   17          7                   -0.422569
   18          8                   -0.515919
   19          7                   -0.268350
   20          6                    0.432082
   21          6                   -0.526195
   22          6                    0.268746
   23          6                    0.084164
   24          6                   -0.542710
   25          6                   -0.143530
   26          6                   -0.227538
   27          6                   -0.159343
   28          6                   -0.328044
   29          1                    0.353290
   30          1                    0.046378
   31          1                    0.154575
   32          1                    0.151150
   33          1                    0.131968
   34          1                    0.144478
   35          1                    0.133564
   36          1                    0.183983
   37          1                    0.162629
   38          1                    0.142871
   39          1                    0.171312
 -----------------------------------------------
 A restricted SCF calculation will be
 performed using Roothaan-Hall, DIIS
 SCF converges when DIIS error is below 1.0e-05
 ---------------------------------------
  Cycle       Energy         DIIS error
 ---------------------------------------
         Merz-Kollman ESP Net Atomic Charges

     Atom                 Charge (a.u.)
  ----------------------------------------
      1 C                    -0.010383
      2 C                    -0.079609
      3 Cl                   -0.091601
      4 C                    -0.007936
      5 H                     0.129661
      6 C                    -0.207349
      7 C                     0.010212
      8 C                    -0.211694
      9 S                     1.186549
     10 O                    -0.720411
     11 O                    -0.680739
     12 N                    -1.046454
     13 H                     0.392607
     14 H                     0.164356
     15 H                     0.163611
     16 C                     0.587119
     17 N                    -0.406278
     18 O                    -0.567601
     19 N                    -0.286433
     20 C                     0.441103
     21 C                    -0.539643
     22 C                     0.271326
     23 C                     0.096496
     24 C                    -0.528505
     25 C                    -0.184496
     26 C                    -0.255145
     27 C                    -0.176875
     28 C                    -0.337815
     29 H                     0.372428
     30 H                     0.039826
     31 H                     0.173165
     32 H                     0.162536
     33 H                     0.128206
     34 H                     0.146236
     35 H                     0.142209
     36 H                     0.195453
     37 H                     0.181104
     38 H                     0.162628
     39 H                     0.192138
  ----------------------------------------
  Sum of atomic charges =    -1.000000

  Related Dipole Moment =    14.5950 (X 13.4016 Y -3.7194 Z -4.4245)


 Charges (in A.U.) from Merz-Kollman fitting 
 -----------------------------------------------
 Center     Atomic                  MZ       
 Number     Number                  Charge
 -----------------------------------------------
    1          6                   -0.010383
    2          6                   -0.079609
    3         17                   -0.091601
    4          6                   -0.007936
    5          1                    0.129661
    6          6                   -0.207349
    7          6                    0.010212
    8          6                   -0.211694
    9         16                    1.186549
   10          8                   -0.720411
   11          8                   -0.680739
   12          7                   -1.046454
   13          1                    0.392607
   14          1                    0.164356
   15          1                    0.163611
   16          6                    0.587119
   17          7                   -0.406278
   18          8                   -0.567601
   19          7                   -0.286433
   20          6                    0.441103
   21          6                   -0.539643
   22          6                    0.271326
   23          6                    0.096496
   24          6                   -0.528505
   25          6                   -0.184496
   26          6                   -0.255145
   27          6                   -0.176875
   28          6                   -0.337815
   29          1                    0.372428
   30          1                    0.039826
   31          1                    0.173165
   32          1                    0.162536
   33          1                    0.128206
   34          1                    0.146236
   35          1                    0.142209
   36          1                    0.195453
   37          1                    0.181104
   38          1                    0.162628
   39          1                    0.192138
 -----------------------------------------------
    1   -1866.5715222315      3.50e-04  Roothaan Step
 ---------------------------------------
  Cycle       Energy         DIIS error
 ---------------------------------------
         Merz-Kollman ESP Net Atomic Charges

     Atom                 Charge (a.u.)
  ----------------------------------------
      1 C                     0.030237
      2 C                    -0.054508
      3 Cl                   -0.102648
      4 C                    -0.035260
      5 H                     0.140334
      6 C                    -0.230177
      7 C                    -0.015277
      8 C                    -0.218286
      9 S                     1.223619
     10 O                    -0.735313
     11 O                    -0.697149
     12 N                    -1.056910
     13 H                     0.386806
     14 H                     0.171756
     15 H                     0.172986
     16 C                     0.555391
     17 N                    -0.441013
     18 O                    -0.516530
     19 N                    -0.287494
     20 C                     0.433389
     21 C                    -0.559090
     22 C                     0.286641
     23 C                     0.119451
     24 C                    -0.539739
     25 C                    -0.169594
     26 C                    -0.254319
     27 C                    -0.168768
     28 C                    -0.360920
     29 H                     0.378280
     30 H                     0.040514
     31 H                     0.180800
     32 H                     0.165271
     33 H                     0.132085
     34 H                     0.152597
     35 H                     0.148858
     36 H                     0.192236
     37 H                     0.176781
     38 H                     0.159745
     39 H                     0.195217
  ----------------------------------------
  Sum of atomic charges =    -1.000000

  Related Dipole Moment =    14.8441 (X 13.6908 Y -3.7238 Z -4.3639)


 Charges (in A.U.) from Merz-Kollman fitting 
 -----------------------------------------------
 Center     Atomic                  MZ       
 Number     Number                  Charge
 -----------------------------------------------
    1          6                    0.030237
    2          6                   -0.054508
    3         17                   -0.102648
    4          6                   -0.035260
    5          1                    0.140334
    6          6                   -0.230177
    7          6                   -0.015277
    8          6                   -0.218286
    9         16                    1.223619
   10          8                   -0.735313
   11          8                   -0.697149
   12          7                   -1.056910
   13          1                    0.386806
   14          1                    0.171756
   15          1                    0.172986
   16          6                    0.555391
   17          7                   -0.441013
   18          8                   -0.516530
   19          7                   -0.287494
   20          6                    0.433389
   21          6                   -0.559090
   22          6                    0.286641
   23          6                    0.119451
   24          6                   -0.539739
   25          6                   -0.169594
   26          6                   -0.254319
   27          6                   -0.168768
   28          6                   -0.360920
   29          1                    0.378280
   30          1                    0.040514
   31          1                    0.180800
   32          1                    0.165271
   33          1                    0.132085
   34          1                    0.152597
   35          1                    0.148858
   36          1                    0.192236
   37          1                    0.176781
   38          1                    0.159745
   39          1                    0.195217
 -----------------------------------------------
    1   -1866.5602095840      2.28e-04  
         Merz-Kollman ESP Net Atomic Charges

     Atom                 Charge (a.u.)
  ----------------------------------------
      1 C                     0.003799
      2 C                    -0.072738
      3 Cl                   -0.095267
      4 C                    -0.024958
      5 H                     0.138628
      6 C                    -0.214687
      7 C                     0.009713
      8 C                    -0.217987
      9 S                     1.226281
     10 O                    -0.736959
     11 O                    -0.697268
     12 N                    -1.063473
     13 H                     0.390182
     14 H                     0.169593
     15 H                     0.170023
     16 C                     0.573229
     17 N                    -0.418250
     18 O                    -0.554013
     19 N                    -0.286855
     20 C                     0.435181
     21 C                    -0.558096
     22 C                     0.285432
     23 C                     0.109007
     24 C                    -0.535553
     25 C                    -0.177055
     26 C                    -0.258675
     27 C                    -0.171423
     28 C                    -0.353545
     29 H                     0.375825
     30 H                     0.040974
     31 H                     0.180628
     32 H                     0.166548
     33 H                     0.131063
     34 H                     0.151097
     35 H                     0.147624
     36 H                     0.194322
     37 H                     0.179867
     38 H                     0.162081
     39 H                     0.195704
  ----------------------------------------
  Sum of atomic charges =    -1.000000

  Related Dipole Moment =    15.0190 (X 13.7414 Y -3.9162 Z -4.6270)


 Charges (in A.U.) from Merz-Kollman fitting 
 -----------------------------------------------
 Center     Atomic                  MZ       
 Number     Number                  Charge
 -----------------------------------------------
    1          6                    0.003799
    2          6                   -0.072738
    3         17                   -0.095267
    4          6                   -0.024958
    5          1                    0.138628
    6          6                   -0.214687
    7          6                    0.009713
    8          6                   -0.217987
    9         16                    1.226281
   10          8                   -0.736959
   11          8                   -0.697268
   12          7                   -1.063473
   13          1                    0.390182
   14          1                    0.169593
   15          1                    0.170023
   16          6                    0.573229
   17          7                   -0.418250
   18          8                   -0.554013
   19          7                   -0.286855
   20          6                    0.435181
   21          6                   -0.558096
   22          6                    0.285432
   23          6                    0.109007
   24          6                   -0.535553
   25          6                   -0.177055
   26          6                   -0.258675
   27          6                   -0.171423
   28          6                   -0.353545
   29          1                    0.375825
   30          1                    0.040974
   31          1                    0.180628
   32          1                    0.166548
   33          1                    0.131063
   34          1                    0.151097
   35          1                    0.147624
   36          1                    0.194322
   37          1                    0.179867
   38          1                    0.162081
   39          1                    0.195704
 -----------------------------------------------
    2   -1866.5606106943      2.60e-04  
         Merz-Kollman ESP Net Atomic Charges

     Atom                 Charge (a.u.)
  ----------------------------------------
      1 C                     0.003667
      2 C                    -0.068927
      3 Cl                   -0.096221
      4 C                    -0.023842
      5 H                     0.139212
      6 C                    -0.213627
      7 C                     0.007618
      8 C                    -0.218596
      9 S                     1.226819
     10 O                    -0.738548
     11 O                    -0.699141
     12 N                    -1.066684
     13 H                     0.391234
     14 H                     0.170255
     15 H                     0.170589
     16 C                     0.567309
     17 N                    -0.421929
     18 O                    -0.546390
     19 N                    -0.287287
     20 C                     0.437162
     21 C                    -0.557648
     22 C                     0.286068
     23 C                     0.108428
     24 C                    -0.535723
     25 C                    -0.178280
     26 C                    -0.259881
     27 C                    -0.172024
     28 C                    -0.354463
     29 H                     0.376900
     30 H                     0.040337
     31 H                     0.181207
     32 H                     0.166527
     33 H                     0.130999
     34 H                     0.151408
     35 H                     0.148175
     36 H                     0.195174
     37 H                     0.180609
     38 H                     0.162918
     39 H                     0.196595
  ----------------------------------------
  Sum of atomic charges =    -1.000000

  Related Dipole Moment =    15.1573 (X 13.8482 Y -3.9078 Z -4.7645)


 Charges (in A.U.) from Merz-Kollman fitting 
 -----------------------------------------------
 Center     Atomic                  MZ       
 Number     Number                  Charge
 -----------------------------------------------
    1          6                    0.003667
    2          6                   -0.068927
    3         17                   -0.096221
    4          6                   -0.023842
    5          1                    0.139212
    6          6                   -0.213627
    7          6                    0.007618
    8          6                   -0.218596
    9         16                    1.226819
   10          8                   -0.738548
   11          8                   -0.699141
   12          7                   -1.066684
   13          1                    0.391234
   14          1                    0.170255
   15          1                    0.170589
   16          6                    0.567309
   17          7                   -0.421929
   18          8                   -0.546390
   19          7                   -0.287287
   20          6                    0.437162
   21          6                   -0.557648
   22          6                    0.286068
   23          6                    0.108428
   24          6                   -0.535723
   25          6                   -0.178280
   26          6                   -0.259881
   27          6                   -0.172024
   28          6                   -0.354463
   29          1                    0.376900
   30          1                    0.040337
   31          1                    0.181207
   32          1                    0.166527
   33          1                    0.130999
   34          1                    0.151408
   35          1                    0.148175
   36          1                    0.195174
   37          1                    0.180609
   38          1                    0.162918
   39          1                    0.196595
 -----------------------------------------------
    3   -1866.5593828935      4.36e-05  
         Merz-Kollman ESP Net Atomic Charges

     Atom                 Charge (a.u.)
  ----------------------------------------
      1 C                     0.004519
      2 C                    -0.069250
      3 Cl                   -0.096105
      4 C                    -0.026344
      5 H                     0.140303
      6 C                    -0.214170
      7 C                     0.008841
      8 C                    -0.218782
      9 S                     1.229286
     10 O                    -0.739815
     11 O                    -0.700105
     12 N                    -1.068067
     13 H                     0.390901
     14 H                     0.170737
     15 H                     0.171401
     16 C                     0.568093
     17 N                    -0.420975
     18 O                    -0.548778
     19 N                    -0.287283
     20 C                     0.435534
     21 C                    -0.559237
     22 C                     0.286205
     23 C                     0.110121
     24 C                    -0.536072
     25 C                    -0.177323
     26 C                    -0.260191
     27 C                    -0.171481
     28 C                    -0.355693
     29 H                     0.376903
     30 H                     0.040702
     31 H                     0.181984
     32 H                     0.167097
     33 H                     0.131277
     34 H                     0.151848
     35 H                     0.148680
     36 H                     0.195033
     37 H                     0.180432
     38 H                     0.162865
     39 H                     0.196908
  ----------------------------------------
  Sum of atomic charges =    -1.000000

  Related Dipole Moment =    15.1891 (X 13.8683 Y -3.9493 Z -4.7733)


 Charges (in A.U.) from Merz-Kollman fitting 
 -----------------------------------------------
 Center     Atomic                  MZ       
 Number     Number                  Charge
 -----------------------------------------------
    1          6                    0.004519
    2          6                   -0.069250
    3         17                   -0.096105
    4          6                   -0.026344
    5          1                    0.140303
    6          6                   -0.214170
    7          6                    0.008841
    8          6                   -0.218782
    9         16                    1.229286
   10          8                   -0.739815
   11          8                   -0.700105
   12          7                   -1.068067
   13          1                    0.390901
   14          1                    0.170737
   15          1                    0.171401
   16          6                    0.568093
   17          7                   -0.420975
   18          8                   -0.548778
   19          7                   -0.287283
   20          6                    0.435534
   21          6                   -0.559237
   22          6                    0.286205
   23          6                    0.110121
   24          6                   -0.536072
   25          6                   -0.177323
   26          6                   -0.260191
   27          6                   -0.171481
   28          6                   -0.355693
   29          1                    0.376903
   30          1                    0.040702
   31          1                    0.181984
   32          1                    0.167097
   33          1                    0.131277
   34          1                    0.151848
   35          1                    0.148680
   36          1                    0.195033
   37          1                    0.180432
   38          1                    0.162865
   39          1                    0.196908
 -----------------------------------------------
    4   -1866.5587892191      2.37e-05  
    5   -1866.5584701585      4.14e-06  Convergence criterion met
 ---------------------------------------
 SCF time:   CPU 321.07s  wall 42.00s 
(0)  E-EN(g) gas-phase elect-nuc energy                -1866.571522142 a.u.
(1)  E-EN(liq) elect-nuc energy of solute              -1866.558470159 a.u.
(2)  G-P(liq) polarization free energy of solvation           -79.2247 kcal/mol
(3)  G-ENP(liq) elect-nuc-pol free energy of system    -1866.684722721 a.u.
(4)  G-CDS(liq) cavity-dispersion-solvent structure 
     free energy                                                2.6595 kcal/mol
(5)  G-P-CDS(liq) = G-P(liq) + G-CDS(liq) = (2) + (4)         -76.5652 kcal/mol
(6)  G-S(liq) free energy of system = (1) + (5)        -1866.680484569 a.u.
(7)  DeltaE-EN(liq) elect-nuc reorganization
     energy of solute molecule (7) = (1) - (0)                  8.1902 kcal/mol
(8)  DeltaG-ENP(liq) elect-nuc-pol free energy
     of solvation (8) = (3) - (0)                             -71.0344 kcal/mol
(9)  DeltaG-S(liq) free energy of  solvation
     (9) = (6) - (0)                                          -68.3750 kcal/mol
 SCF   energy in the final basis set =    -1866.6804845691
 Total energy in the final basis set =    -1866.6804845691
 
 --------------------------------------------------------------
 
                    Orbital Energies (a.u.)
 --------------------------------------------------------------
 
 Alpha MOs
 -- Occupied --
******** -90.1424 -19.6378 -19.6289 -19.6265 -14.8377 -14.8214 -14.7303
-10.6824 -10.6472 -10.6049 -10.5963 -10.5936 -10.5925 -10.5914 -10.5888
-10.5867 -10.5652 -10.5645 -10.5642 -10.5622 -10.5610 -10.5587 -10.5429
 -9.8399  -8.4548  -7.5643  -7.5577  -7.5572  -6.3773  -6.3767  -6.3760
 -1.2180  -1.1950  -1.1304  -1.1021  -1.0254  -1.0106  -0.9752  -0.9668
 -0.9487  -0.8949  -0.8863  -0.8663  -0.8575  -0.8314  -0.7808  -0.7506
 -0.7471  -0.7153  -0.6955  -0.6861  -0.6824  -0.6661  -0.6404  -0.6160
 -0.5888  -0.5802  -0.5773  -0.5678  -0.5593  -0.5570  -0.5381  -0.5305
 -0.5295  -0.5251  -0.5191  -0.5065  -0.5026  -0.4907  -0.4841  -0.4760
 -0.4668  -0.4561  -0.4505  -0.4459  -0.4356  -0.4350  -0.4282  -0.4190
 -0.4112  -0.4033  -0.4008  -0.3977  -0.3846  -0.3773  -0.3708  -0.3607
 -0.3478  -0.3420  -0.3366  -0.3246  -0.3120  -0.3043  -0.2672
 -- Virtual --
 -0.0341  -0.0167  -0.0157  -0.0094  -0.0021   0.0017   0.0033   0.0056
  0.0089   0.0122   0.0196   0.0215   0.0261   0.0293   0.0312   0.0382
  0.0432   0.0444   0.0480   0.0495   0.0546   0.0594   0.0639   0.0677
  0.0722   0.0739   0.0763   0.0817   0.0839   0.0886   0.0940   0.0979
  0.0990   0.1038   0.1077   0.1109   0.1151   0.1200   0.1222   0.1255
  0.1289   0.1325   0.1379   0.1419   0.1445   0.1461   0.1509   0.1516
  0.1565   0.1614   0.1653   0.1677   0.1704   0.1715   0.1746   0.1783
  0.1828   0.1847   0.1875   0.1900   0.1942   0.1960   0.1982   0.2009
  0.2018   0.2065   0.2122   0.2131   0.2160   0.2184   0.2200   0.2233
  0.2238   0.2280   0.2313   0.2340   0.2394   0.2407   0.2438   0.2456
  0.2515   0.2544   0.2598   0.2638   0.2646   0.2685   0.2727   0.2757
  0.2779   0.2786   0.2824   0.2857   0.2888   0.2974   0.2979   0.3002
  0.3046   0.3090   0.3133   0.3189   0.3212   0.3238   0.3271   0.3307
  0.3362   0.3389   0.3440   0.3457   0.3524   0.3548   0.3615   0.3667
  0.3696   0.3715   0.3771   0.3787   0.3830   0.3862   0.3997   0.4062
  0.4132   0.4159   0.4214   0.4266   0.4328   0.4430   0.4560   0.4620
  0.4664   0.4779   0.4842   0.4862   0.4929   0.5140   0.5314   0.5503
  0.5688   0.5843   0.6076   0.6185   0.6212   0.6463   0.6563   0.6618
  0.6683   0.6903   0.7003   0.7055   0.7123   0.7167   0.7238   0.7263
  0.7303   0.7384   0.7442   0.7516   0.7607   0.7641   0.7707   0.7771
  0.7801   0.7816   0.7913   0.8024   0.8054   0.8134   0.8170   0.8257
  0.8322   0.8387   0.8429   0.8445   0.8502   0.8611   0.8713   0.8819
  0.8919   0.8953   0.9138   0.9208   0.9308   0.9379   0.9507   0.9531
  0.9604   0.9677   0.9769   0.9838   0.9911   0.9967   1.0048   1.0098
  1.0122   1.0225   1.0336   1.0400   1.0442   1.0496   1.0555   1.0625
  1.0715   1.0800   1.0838   1.0897   1.0991   1.1108   1.1128   1.1234
  1.1270   1.1394   1.1476   1.1605   1.1610   1.1686   1.1713   1.1864
  1.1923   1.2002   1.2064   1.2103   1.2189   1.2244   1.2250   1.2335
  1.2475   1.2584   1.2654   1.2680   1.2772   1.2845   1.3104   1.3129
  1.3247   1.3294   1.3512   1.3596   1.3752   1.3859   1.3942   1.4029
  1.4046   1.4110   1.4117   1.4237   1.4267   1.4397   1.4454   1.4665
  1.4715   1.4763   1.4865   1.5020   1.5043   1.5097   1.5155   1.5251
  1.5283   1.5307   1.5399   1.5499   1.5639   1.5719   1.5788   1.6052
  1.6127   1.6165   1.6818   1.7103   1.7389   1.7587   1.7851   1.8011
  1.8072   1.8177   1.8265   1.8351   1.8411   1.8431   1.8598   1.8649
  1.8719   1.8850   1.8869   1.8907   1.9098   1.9180   1.9281   1.9363
  1.9449   1.9632   1.9689   1.9762   1.9821   1.9942   2.0042   2.0208
  2.0235   2.0323   2.0362   2.0425   2.0498   2.0637   2.0942   2.1058
  2.1113   2.1226   2.1581   2.1625   2.1636   2.1738   2.1795   2.1923
  2.2010   2.2065   2.2166   2.2308   2.2368   2.2433   2.2638   2.2692
  2.2938   2.3008   2.3052   2.3163   2.3263   2.3354   2.3502   2.3518
  2.3768   2.3888   2.3950   2.4157   2.4316   2.4484   2.4659   2.5150
  2.5341   2.5410   2.5664   2.6042   2.6165   2.6241   2.6390   2.6444
  2.6643   2.6716   2.6799   2.6929   2.7090   2.7231   2.7488   2.7591
  2.7771   2.7963   2.8134   2.8362   2.8447   2.8564   2.8806   2.9068
  2.9224   2.9617   2.9820   2.9965   3.0298   3.1215   3.1704   3.2344
  3.3145   3.3888   3.4363   4.0069   4.0829   4.2182   4.2459   4.2795
  4.2862   4.2950   4.3176   4.3232   4.3342   4.3448   4.3851   4.3919
  4.4238   4.4447   4.4644   4.4733   4.5195   4.5258   4.5954   4.6891
  4.7457   4.7588   4.8328
 --------------------------------------------------------------
 
          Ground-State Mulliken Net Atomic Charges

     Atom                 Charge (a.u.)
  ----------------------------------------
      1 C                    -4.740341
      2 C                     0.570515
      3 Cl                    0.205364
      4 C                     1.427713
      5 H                     0.299626
      6 C                     0.755576
      7 C                     1.523948
      8 C                    -1.241445
      9 S                     0.476798
     10 O                    -0.711544
     11 O                    -0.862968
     12 N                    -0.978976
     13 H                     0.397547
     14 H                     0.292879
     15 H                     0.300613
     16 C                     1.062525
     17 N                    -0.218832
     18 O                    -0.526248
     19 N                    -0.019989
     20 C                    -0.100222
     21 C                     0.630379
     22 C                     1.601265
     23 C                    -2.127611
     24 C                    -0.235423
     25 C                    -0.433439
     26 C                    -0.917552
     27 C                    -0.071666
     28 C                    -0.398632
     29 H                     0.521757
     30 H                     0.243193
     31 H                     0.273157
     32 H                     0.258208
     33 H                     0.227870
     34 H                     0.237723
     35 H                     0.248104
     36 H                     0.257662
     37 H                     0.250085
     38 H                     0.252736
     39 H                     0.269607
  ----------------------------------------
  Sum of atomic charges =    -1.000039

         Merz-Kollman ESP Net Atomic Charges

     Atom                 Charge (a.u.)
  ----------------------------------------
      1 C                     0.003619
      2 C                    -0.069284
      3 Cl                   -0.096111
      4 C                    -0.026313
      5 H                     0.140253
      6 C                    -0.213479
      7 C                     0.009047
      8 C                    -0.218915
      9 S                     1.231680
     10 O                    -0.740398
     11 O                    -0.700736
     12 N                    -1.068909
     13 H                     0.390900
     14 H                     0.170754
     15 H                     0.171287
     16 C                     0.567676
     17 N                    -0.421035
     18 O                    -0.548520
     19 N                    -0.287317
     20 C                     0.435747
     21 C                    -0.559591
     22 C                     0.287075
     23 C                     0.109724
     24 C                    -0.536376
     25 C                    -0.177329
     26 C                    -0.260313
     27 C                    -0.171125
     28 C                    -0.355744
     29 H                     0.376889
     30 H                     0.040689
     31 H                     0.182018
     32 H                     0.167103
     33 H                     0.131355
     34 H                     0.151944
     35 H                     0.148747
     36 H                     0.195035
     37 H                     0.180383
     38 H                     0.162747
     39 H                     0.196823
  ----------------------------------------
  Sum of atomic charges =    -1.000000

  Related Dipole Moment =    15.2025 (X 13.8788 Y -3.9528 Z -4.7824)

 -----------------------------------------------------------------
                    Cartesian Multipole Moments
 -----------------------------------------------------------------
    Charge (ESU x 10^10)
                -4.8034
    Dipole Moment (Debye)
         X      13.7654      Y      -3.8680      Z      -4.8325
       Tot      15.0931
    Quadrupole Moments (Debye-Ang)
        XX    -231.9851     XY       8.7418     YY    -155.1747
        XZ      15.0493     YZ       7.0610     ZZ    -157.4826
    Octopole Moments (Debye-Ang^2)
       XXX     275.1200    XXY     100.2280    XYY      13.6329
       YYY     385.0184    XXZ     284.7370    XYZ      30.1481
       YYZ     189.2090    XZZ      14.3685    YZZ      92.5404
       ZZZ     755.0226
    Hexadecapole Moments (Debye-Ang^3)
      XXXX   -9290.9798   XXXY    2700.5505   XXYY   -2413.3793
      XYYY    2693.6717   YYYY   -6424.3954   XXXZ     690.9990
      XXYZ    -324.8384   XYYZ      78.7038   YYYZ   -1052.6602
      XXZZ   -2355.9984   XYZZ     819.7711   YYZZ   -1666.3440
      XZZZ     717.3690   YZZZ   -1197.7686   ZZZZ   -4978.6636
 -----------------------------------------------------------------
 Total job time:  96.41s(wall), 732.11s(cpu) 
 Sat Jul  2 21:32:58 2022

        *************************************************************
        *                                                           *
        *  Thank you very much for using Q-Chem.  Have a nice day.  *
        *                                                           *
        *************************************************************


