                  Welcome to Q-Chem
     A Quantum Leap Into The Future Of Chemistry


 Q-Chem 5.4 (devel), Q-Chem, Inc., Pleasanton, CA (2021)

 E. Epifanovsky,  A. T. B. Gilbert,  Xintian Feng,  Joonho Lee,  Yuezhi Mao,  
 N. Mardirossian,  P. Pokhilko,  A. White,  M. Wormit,  M. P. Coons,  
 A. L. Dempwolff,  Zhengting Gan,  D. Hait,  P. R. Horn,  L. D. Jacobson,  
 I. Kaliman,  J. Kussmann,  A. W. Lange,  Ka Un Lao,  D. S. Levine,  Jie Liu,  
 S. C. McKenzie,  A. F. Morrison,  K. Nanda,  F. Plasser,  D. R. Rehn,  
 M. L. Vidal,  Zhi-Qiang You,  Ying Zhu,  B. Alam,  B. Albrecht,  
 A. Aldossary,  E. Alguire,  J. H. Andersen,  D. Barton,  K. Begam,  A. Behn,  
 Y. A. Bernard,  E. J. Berquist,  H. Burton,  A. Carreras,  K. Carter-Fenk,  
 R. Chakraborty,  A. D. Chien,  K. D. Closser,  V. Cofer-Shabica,  
 S. Dasgupta,  Jia Deng,  M. de Wergifosse,  M. Diedenhofen,  Hainam Do,  
 S. Ehlert,  Po-Tung Fang,  S. Fatehi,  Qingguo Feng,  T. Friedhoff,  
 J. Gayvert,  Qinghui Ge,  G. Gidofalvi,  M. Goldey,  J. Gomes,  
 C. Gonzalez-Espinoza,  S. Gulania,  A. Gunina,  M. W. D. Hanson-Heine,  
 P. H. P. Harbach,  A. W. Hauser,  M. F. Herbst,  M. Hernandez Vera,  
 M. Hodecker,  Z. C. Holden,  S. Houck,  Xunkun Huang,  Kerwin Hui,  
 B. C. Huynh,  M. Ivanov,  Hyunjun Ji,  Hanjie Jiang,  B. Kaduk,  S. Kaehler,  
 K. Khistyaev,  Jaehoon Kim,  P. Klunzinger,  Z. Koczor-Benda,  
 Joong Hoon Koh,  D. Kosenkov,  L. Koulias,  T. Kowalczyk,  C. M. Krauter,  
 K. Kue,  A. Kunitsa,  T. Kus,  A. Landau,  K. V. Lawler,  D. Lefrancois,  
 S. Lehtola,  Rain Li,  Yi-Pei Li,  Jiashu Liang,  M. Liebenthal,  
 Hung-Hsuan Lin,  You-Sheng Lin,  Fenglai Liu,  Kuan-Yu Liu,  
 M. Loipersberger,  A. Luenser,  A. Manjanath,  P. Manohar,  E. Mansoor,  
 S. F. Manzer,  Shan-Ping Mao,  A. V. Marenich,  T. Markovich,  S. Mason,  
 S. A. Maurer,  P. F. McLaughlin,  M. F. S. J. Menger,  J.-M. Mewes,  
 S. A. Mewes,  P. Morgante,  J. W. Mullinax,  K. J. Oosterbaan,  G. Paran,  
 Alexander C. Paul,  Suranjan K. Paul,  F. Pavosevic,  Zheng Pei,  S. Prager,  
 E. I. Proynov,  E. Ramos,  B. Rana,  A. E. Rask,  A. Rettig,  R. M. Richard,  
 F. Rob,  E. Rossomme,  T. Scheele,  M. Scheurer,  M. Schneider,  
 N. Sergueev,  S. M. Sharada,  W. Skomorowski,  D. W. Small,  C. J. Stein,  
 Yu-Chuan Su,  E. J. Sundstrom,  Zhen Tao,  J. Thirman,  T. Tsuchimochi,  
 N. M. Tubman,  S. P. Veccham,  O. Vydrov,  J. Wenzel,  J. Witte,  A. Yamada,  
 Kun Yao,  S. Yeganeh,  S. R. Yost,  A. Zech,  Igor Ying Zhang,  Xing Zhang,  
 Yu Zhang,  D. Zuev,  A. Aspuru-Guzik,  A. T. Bell,  N. A. Besley,  
 K. B. Bravaya,  B. R. Brooks,  D. Casanova,  Jeng-Da Chai,  S. Coriani,  
 C. J. Cramer,  A. E. DePrince, III,  R. A. DiStasio Jr.,  A. Dreuw,  
 B. D. Dunietz,  T. R. Furlani,  W. A. Goddard III,  S. Grimme,  
 S. Hammes-Schiffer,  T. Head-Gordon,  W. J. Hehre,  Chao-Ping Hsu,  
 T.-C. Jagau,  Yousung Jung,  A. Klamt,  Jing Kong,  D. S. Lambrecht,  
 WanZhen Liang,  N. J. Mayhall,  C. W. McCurdy,  J. B. Neaton,  
 C. Ochsenfeld,  J. A. Parkhill,  R. Peverati,  V. A. Rassolov,  Yihan Shao,  
 L. V. Slipchenko,  T. Stauch,  R. P. Steele,  J. E. Subotnik,  
 A. J. W. Thom,  A. Tkatchenko,  D. G. Truhlar,  T. Van Voorhis,  
 T. A. Wesolowski,  K. B. Whaley,  H. L. Woodcock III,  P. M. Zimmerman,  
 S. Faraji,  P. M. W. Gill,  M. Head-Gordon,  J. M. Herbert,  A. I. Krylov

 Additional authors for Version 5.4.1: 
 S. Kotaru,  Shaozhi Li,  Xiangyuan Li,  F. Matz,  A. Molle,  Haisheng Ren,  
 Yingli Su,  Hung-Yi Tsai,  C. Utku,  Fang Wang

 Contributors to earlier versions of Q-Chem not listed above: 
 R. D. Adamson,  B. Austin,  R. Baer,  J. Baker,  G. J. O. Beran,  
 K. Brandhorst,  S. T. Brown,  E. F. C. Byrd,  A. K. Chakraborty,  
 G. K. L. Chan,  Chun-Min Chang,  Yunqing Chen,  C.-L. Cheng,  
 Siu Hung Chien,  D. M. Chipman,  D. L. Crittenden,  H. Dachsel,  
 R. J. Doerksen,  A. D. Dutoi,  R. G. Edgar,  J. Fosso-Tande,  
 L. Fusti-Molnar,  D. Ghosh,  A. Ghysels,  A. Golubeva-Zadorozhnaya,  
 J. Gonthier,  M. S. Gordon,  S. R. Gwaltney,  G. Hawkins,  J. E. Herr,  
 A. Heyden,  S. Hirata,  E. G. Hohenstein,  G. Kedziora,  F. J. Keil,  
 C. Kelley,  Jihan Kim,  R. A. King,  R. Z. Khaliullin,  P. P. Korambath,  
 W. Kurlancheek,  A. Laurent,  A. M. Lee,  M. S. Lee,  S. V. Levchenko,  
 Ching Yeh Lin,  D. Liotard,  E. Livshits,  R. C. Lochan,  I. Lotan,  
 L. A. Martinez-Martinez,  P. E. Maslen,  N. Nair,  D. P. O'Neill,  
 D. Neuhauser,  E. Neuscamman,  C. M. Oana,  R. Olivares-Amaya,  R. Olson,  
 T. M. Perrine,  B. Peters,  P. A. Pieniazek,  A. Prociuk,  Y. M. Rhee,  
 J. Ritchie,  M. A. Rohrdanz,  E. Rosta,  N. J. Russ,  H. F. Schaefer III,  
 M. W. Schmidt,  N. E. Schultz,  S. Sharma,  N. Shenvi,  C. D. Sherrill,  
 A. C. Simmonett,  A. Sodt,  T. Stein,  D. Stuck,  K. S. Thanthiriwatte,  
 V. Vanovschi,  L. Vogt,  Tao Wang,  A. Warshel,  M. A. Watson,  
 C. F. Williams,  Q. Wu,  X. Xu,  Jun Yang,  W. Zhang,  Yan Zhao

 Please cite Q-Chem as follows:
 Y. Shao et al., Mol. Phys. 113, 184-215 (2015)
 DOI: 10.1080/00268976.2014.952696

 Q-Chem 5.4.1 for Intel X86 EM64T Linux

 Parts of Q-Chem use Armadillo 9.800.1 (Horizon Scraper).
 http://arma.sourceforge.net/

 Q-Chem begins on Sat Jul  2 12:23:15 2022  

 Host: gadi-cpu-clx-0886.gadi.nci.org.au
0

     Scratch files written to /jobfs/50068356.gadi-pbs/qchem3695471//
 Processing $rem in /apps/qchem/5.4.1/config/preferences:
 Processing $rem in /home/561/yj5695/.qchemrc:
 Symmetry turned off for PCM/SM12/SMD calculation
 Method-specific promolecule density matrix will be built for SM12 calculation

 Checking the input file for inconsistencies... 	...done.

--------------------------------------------------------------
User input:
--------------------------------------------------------------
$molecule
-1  1
C -1.6368509651  1.2423943362 -1.2415052516
C -2.7768027464  1.3278468486 -2.0888766994
C -2.8438050998  0.6203985792 -3.2620293965
C -1.7697692102 -0.2135955346 -3.6500313613
C -0.6403658273 -0.2890948151 -2.8756608169
C -0.5228970197  0.4471231933 -1.65259251
S  0.7155778629 -1.3320711928 -3.4712233462
O  1.8426800113 -0.3621959166 -3.6597235456
O  0.9584092504 -2.311285134 -2.3728283517
N  0.2895001463 -2.0989616194 -4.7587327194
H  0.3035450546 -1.4451667725 -5.5454156233
C  0.654304426  0.4371107742 -0.8510882143
C  0.7097316644  1.1886337858  0.2942611079
C -0.398631243  1.9527639576  0.7268801544
C -1.5700870688  1.9744961965 -0.0018646438
N -2.7107641671  2.7163662885  0.407703074
C -3.8079340317  1.8510393003  0.863077913
C -2.453752548  3.7324137851  1.4222936485
H -3.5979422381  1.9774062695 -1.8066097766
H -3.7175010577  0.7005501635 -3.9014779842
H -1.8317676792 -0.7895833055 -4.5681347306
H  1.5097073704 -0.1553047642 -1.1512310944
H  1.6138219311  1.18813893  0.8965557789
H -0.3158515681  2.5110928337  1.6526256947
H -4.006483861  1.0533451804  0.1467719278
H -4.7152343828  2.4505590945  0.9774410267
H -3.5657325283  1.3911994675  1.8347018551
H -1.6423921295  4.390695617  1.1024759065
H -2.197800238  3.3003620251  2.4027940616
H -3.3602581075  4.3307264284  1.5453579168
$end

$rem
jobtype sp
exchange M062X
basis 6-31+G*
SMX_GAS_PHASE = TRUE
solvent_method sm12
$end

$smx
solvent water
charges mk
$end
--------------------------------------------------------------
 ----------------------------------------------------------------
             Standard Nuclear Orientation (Angstroms)
    I     Atom           X                Y                Z
 ----------------------------------------------------------------
    1      C      -1.6368509651     1.2423943362    -1.2415052516
    2      C      -2.7768027464     1.3278468486    -2.0888766994
    3      C      -2.8438050998     0.6203985792    -3.2620293965
    4      C      -1.7697692102    -0.2135955346    -3.6500313613
    5      C      -0.6403658273    -0.2890948151    -2.8756608169
    6      C      -0.5228970197     0.4471231933    -1.6525925100
    7      S       0.7155778629    -1.3320711928    -3.4712233462
    8      O       1.8426800113    -0.3621959166    -3.6597235456
    9      O       0.9584092504    -2.3112851340    -2.3728283517
   10      N       0.2895001463    -2.0989616194    -4.7587327194
   11      H       0.3035450546    -1.4451667725    -5.5454156233
   12      C       0.6543044260     0.4371107742    -0.8510882143
   13      C       0.7097316644     1.1886337858     0.2942611079
   14      C      -0.3986312430     1.9527639576     0.7268801544
   15      C      -1.5700870688     1.9744961965    -0.0018646438
   16      N      -2.7107641671     2.7163662885     0.4077030740
   17      C      -3.8079340317     1.8510393003     0.8630779130
   18      C      -2.4537525480     3.7324137851     1.4222936485
   19      H      -3.5979422381     1.9774062695    -1.8066097766
   20      H      -3.7175010577     0.7005501635    -3.9014779842
   21      H      -1.8317676792    -0.7895833055    -4.5681347306
   22      H       1.5097073704    -0.1553047642    -1.1512310944
   23      H       1.6138219311     1.1881389300     0.8965557789
   24      H      -0.3158515681     2.5110928337     1.6526256947
   25      H      -4.0064838610     1.0533451804     0.1467719278
   26      H      -4.7152343828     2.4505590945     0.9774410267
   27      H      -3.5657325283     1.3911994675     1.8347018551
   28      H      -1.6423921295     4.3906956170     1.1024759065
   29      H      -2.1978002380     3.3003620251     2.4027940616
   30      H      -3.3602581075     4.3307264284     1.5453579168
 ----------------------------------------------------------------
 Nuclear Repulsion Energy =        1343.21355630 hartrees
 There are       66 alpha and       66 beta electrons
 Requested basis set is 6-31+G(d)
 There are 112 shells and 353 basis functions

 Total QAlloc Memory Limit   2000 MB
 Mega-Array Size       188 MB
 MEM_STATIC part       192 MB
 A cutoff of  1.0D-08 yielded   4533 shell pairs
 There are     49088 function pairs
 Smallest overlap matrix eigenvalue = 2.24E-07

 Q-Chem warning in module stvman/mkSTV.C, line 323:

 Overlap eigenvalue is smaller than square root of threshold
 Use THRESH >= 12 to get rid of this warning

 Linear dependence detected in AO basis
 Tighter screening thresholds may be required for diffuse basis sets
 Use S2THRESH > 14 and THRESH = 14 in case of SCF convergence issues
 Number of orthogonalized atomic orbitals = 349
 Maximum deviation from orthogonality = 1.759E-10

 Scale SEOQF with 1.000000e-01/1.000000e-01/1.000000e-02

 Standard Electronic Orientation quadrupole field applied
 Nucleus-field energy     =     0.0000000372 hartrees
 ================ Generating on-the-fly Promolecule Density  ================
Attempting to make child job directory: /jobfs/50068356.gadi-pbs/qchem3695471//Frg1/
Attempting to make child job directory: /jobfs/50068356.gadi-pbs/qchem3695471//Frg2/
Attempting to make child job directory: /jobfs/50068356.gadi-pbs/qchem3695471//Frg3/
Attempting to make child job directory: /jobfs/50068356.gadi-pbs/qchem3695471//Frg4/
Attempting to make child job directory: /jobfs/50068356.gadi-pbs/qchem3695471//Frg5/
Creating input file /jobfs/50068356.gadi-pbs/qchem3695471/Frg1.input
using default PutDataFrgm: nothing
calling putenv with: QCSCRATCH=/jobfs/50068356.gadi-pbs/qchem3695471/ 
Spawning Job For Fragment 0
Done Job For Fragment 0
calling putenv with: QCSCRATCH=/jobfs/50068356.gadi-pbs 
calling putenv with: QCTHREADS=8 
Creating input file /jobfs/50068356.gadi-pbs/qchem3695471/Frg2.input
using default PutDataFrgm: nothing
calling putenv with: QCSCRATCH=/jobfs/50068356.gadi-pbs/qchem3695471/ 
Spawning Job For Fragment 1
Done Job For Fragment 1
calling putenv with: QCSCRATCH=/jobfs/50068356.gadi-pbs 
calling putenv with: QCTHREADS=8 
Creating input file /jobfs/50068356.gadi-pbs/qchem3695471/Frg3.input
using default PutDataFrgm: nothing
calling putenv with: QCSCRATCH=/jobfs/50068356.gadi-pbs/qchem3695471/ 
Spawning Job For Fragment 2
Done Job For Fragment 2
calling putenv with: QCSCRATCH=/jobfs/50068356.gadi-pbs 
calling putenv with: QCTHREADS=8 
Creating input file /jobfs/50068356.gadi-pbs/qchem3695471/Frg4.input
using default PutDataFrgm: nothing
calling putenv with: QCSCRATCH=/jobfs/50068356.gadi-pbs/qchem3695471/ 
Spawning Job For Fragment 3
Done Job For Fragment 3
calling putenv with: QCSCRATCH=/jobfs/50068356.gadi-pbs 
calling putenv with: QCTHREADS=8 
Creating input file /jobfs/50068356.gadi-pbs/qchem3695471/Frg5.input
using default PutDataFrgm: nothing
calling putenv with: QCSCRATCH=/jobfs/50068356.gadi-pbs/qchem3695471/ 
Spawning Job For Fragment 4
Done Job For Fragment 4
calling putenv with: QCSCRATCH=/jobfs/50068356.gadi-pbs 
calling putenv with: QCTHREADS=8 
 Time for running child jobs:  CPU 0.88 s  wall 1.87 s
 ============= Method Specific Promolecule Density Constructed =============
 Guess from superposition of atomic densities
 Warning:  Energy on first SCF cycle will be non-variational
 SAD guess density has 131.000000 electrons

 -----------------------------------------------------------------------
  General SCF calculation program by
  Eric Jon Sundstrom, Paul Horn, Yuezhi Mao, Dmitri Zuev, Alec White,
  David Stuck, Shaama M.S., Shane Yost, Joonho Lee, David Small,
  Daniel Levine, Susi Lehtola, Hugh Burton, Evgeny Epifanovsky,
  Bang C. Huynh
 -----------------------------------------------------------------------
 Exchange:     0.5400 Hartree-Fock + 1.0000 M06-2X
 Correlation:  1.0000 M06-2X
 Using SG-3 standard quadrature grid
 using 8 threads for integral computing
 -------------------------------------------------------
 OpenMP Integral computing Module                
 Release: version 1.0, May 2013, Q-Chem Inc. Pittsburgh 
 -------------------------------------------------------
 A restricted SCF calculation will be
 performed using DIIS
 SCF converges when DIIS error is below 1.0e-05
 ---------------------------------------
  Cycle       Energy         DIIS error
 ---------------------------------------
    1   -1128.2135587977      4.05e-02  
    2   -1122.5851422264      4.73e-03  
    3   -1122.5029893829      5.78e-03  
    4   -1122.8859308426      7.70e-04  
    5   -1122.8931026391      3.37e-04  
    6   -1122.8946850428      1.05e-04  
    7   -1122.8948532279      2.51e-05  
    8   -1122.8948631010      1.30e-05  
    9   -1122.8948680475      2.76e-06  Convergence criterion met
 ---------------------------------------
 SCF time:   CPU 203.73s  wall 26.00s 
 SCF   energy in the final basis set =    -1122.8948680475
 Total energy in the final basis set =    -1122.8948680475
 Exchange:     0.5400 Hartree-Fock + 1.0000 M06-2X
 Correlation:  1.0000 M06-2X
 Using SG-3 standard quadrature grid
 
 SM12 calculation using Merz-Singh-Kollman charges
 Citation of the SM12 model:
 Marenich, A.V.; Cramer, C.J.; Truhlar, D.G.
 J. Chem. Theory Comput. 2013, 9, 609-612.
 iSolventCode=           1
 Solvent: water                                                           
 
  Building new vdw surfaces
         Merz-Kollman ESP Net Atomic Charges

     Atom                 Charge (a.u.)
  ----------------------------------------
      1 C                     0.061603
      2 C                    -0.372603
      3 C                    -0.068320
      4 C                    -0.141329
      5 C                    -0.241603
      6 C                     0.336712
      7 S                     1.198787
      8 O                    -0.714793
      9 O                    -0.651332
     10 N                    -0.996118
     11 H                     0.350907
     12 C                    -0.336226
     13 C                    -0.233068
     14 C                    -0.201610
     15 C                     0.195197
     16 N                    -0.154216
     17 C                    -0.478514
     18 C                    -0.559576
     19 H                     0.166479
     20 H                     0.107775
     21 H                     0.138581
     22 H                     0.241799
     23 H                     0.161577
     24 H                     0.140059
     25 H                     0.191480
     26 H                     0.170055
     27 H                     0.146581
     28 H                     0.188120
     29 H                     0.158038
     30 H                     0.195556
  ----------------------------------------
  Sum of atomic charges =    -1.000000

  Related Dipole Moment =    17.9745 (X -4.7255 Y  7.3672 Z 15.6996)


 Charges (in A.U.) from Merz-Kollman fitting 
 -----------------------------------------------
 Center     Atomic                  MZ       
 Number     Number                  Charge
 -----------------------------------------------
    1          6                    0.061603
    2          6                   -0.372603
    3          6                   -0.068320
    4          6                   -0.141329
    5          6                   -0.241603
    6          6                    0.336712
    7         16                    1.198787
    8          8                   -0.714793
    9          8                   -0.651332
   10          7                   -0.996118
   11          1                    0.350907
   12          6                   -0.336226
   13          6                   -0.233068
   14          6                   -0.201610
   15          6                    0.195197
   16          7                   -0.154216
   17          6                   -0.478514
   18          6                   -0.559576
   19          1                    0.166479
   20          1                    0.107775
   21          1                    0.138581
   22          1                    0.241799
   23          1                    0.161577
   24          1                    0.140059
   25          1                    0.191480
   26          1                    0.170055
   27          1                    0.146581
   28          1                    0.188120
   29          1                    0.158038
   30          1                    0.195556
 -----------------------------------------------
 A restricted SCF calculation will be
 performed using Roothaan-Hall, DIIS
 SCF converges when DIIS error is below 1.0e-05
 ---------------------------------------
  Cycle       Energy         DIIS error
 ---------------------------------------
         Merz-Kollman ESP Net Atomic Charges

     Atom                 Charge (a.u.)
  ----------------------------------------
      1 C                     0.083635
      2 C                    -0.342590
      3 C                    -0.072042
      4 C                    -0.142537
      5 C                    -0.276156
      6 C                     0.284828
      7 S                     1.217975
      8 O                    -0.750792
      9 O                    -0.701265
     10 N                    -1.037628
     11 H                     0.376856
     12 C                    -0.393749
     13 C                    -0.218475
     14 C                    -0.190966
     15 C                     0.218334
     16 N                    -0.171812
     17 C                    -0.477173
     18 C                    -0.558608
     19 H                     0.184340
     20 H                     0.136297
     21 H                     0.153308
     22 H                     0.234677
     23 H                     0.183243
     24 H                     0.160368
     25 H                     0.188988
     26 H                     0.188327
     27 H                     0.152384
     28 H                     0.192178
     29 H                     0.167076
     30 H                     0.210977
  ----------------------------------------
  Sum of atomic charges =    -1.000000

  Related Dipole Moment =    21.1990 (X -7.3401 Y  9.8054 Z 17.3024)


 Charges (in A.U.) from Merz-Kollman fitting 
 -----------------------------------------------
 Center     Atomic                  MZ       
 Number     Number                  Charge
 -----------------------------------------------
    1          6                    0.083635
    2          6                   -0.342590
    3          6                   -0.072042
    4          6                   -0.142537
    5          6                   -0.276156
    6          6                    0.284828
    7         16                    1.217975
    8          8                   -0.750792
    9          8                   -0.701265
   10          7                   -1.037628
   11          1                    0.376856
   12          6                   -0.393749
   13          6                   -0.218475
   14          6                   -0.190966
   15          6                    0.218334
   16          7                   -0.171812
   17          6                   -0.477173
   18          6                   -0.558608
   19          1                    0.184340
   20          1                    0.136297
   21          1                    0.153308
   22          1                    0.234677
   23          1                    0.183243
   24          1                    0.160368
   25          1                    0.188988
   26          1                    0.188327
   27          1                    0.152384
   28          1                    0.192178
   29          1                    0.167076
   30          1                    0.210977
 -----------------------------------------------
    1   -1122.8948658936      4.81e-04  Roothaan Step
 ---------------------------------------
  Cycle       Energy         DIIS error
 ---------------------------------------
         Merz-Kollman ESP Net Atomic Charges

     Atom                 Charge (a.u.)
  ----------------------------------------
      1 C                     0.093452
      2 C                    -0.384603
      3 C                    -0.091751
      4 C                    -0.180247
      5 C                    -0.205644
      6 C                     0.304474
      7 S                     1.251039
      8 O                    -0.771168
      9 O                    -0.709249
     10 N                    -1.063744
     11 H                     0.368713
     12 C                    -0.309346
     13 C                    -0.271191
     14 C                    -0.203499
     15 C                     0.192244
     16 N                    -0.176294
     17 C                    -0.489197
     18 C                    -0.569583
     19 H                     0.195103
     20 H                     0.147292
     21 H                     0.155944
     22 H                     0.217448
     23 H                     0.191245
     24 H                     0.168330
     25 H                     0.193764
     26 H                     0.196141
     27 H                     0.159991
     28 H                     0.197967
     29 H                     0.172246
     30 H                     0.220124
  ----------------------------------------
  Sum of atomic charges =    -1.000000

  Related Dipole Moment =    21.4345 (X -7.0986 Y  9.7468 Z 17.7214)


 Charges (in A.U.) from Merz-Kollman fitting 
 -----------------------------------------------
 Center     Atomic                  MZ       
 Number     Number                  Charge
 -----------------------------------------------
    1          6                    0.093452
    2          6                   -0.384603
    3          6                   -0.091751
    4          6                   -0.180247
    5          6                   -0.205644
    6          6                    0.304474
    7         16                    1.251039
    8          8                   -0.771168
    9          8                   -0.709249
   10          7                   -1.063744
   11          1                    0.368713
   12          6                   -0.309346
   13          6                   -0.271191
   14          6                   -0.203499
   15          6                    0.192244
   16          7                   -0.176294
   17          6                   -0.489197
   18          6                   -0.569583
   19          1                    0.195103
   20          1                    0.147292
   21          1                    0.155944
   22          1                    0.217448
   23          1                    0.191245
   24          1                    0.168330
   25          1                    0.193764
   26          1                    0.196141
   27          1                    0.159991
   28          1                    0.197967
   29          1                    0.172246
   30          1                    0.220124
 -----------------------------------------------
    1   -1122.8825451112      3.13e-04  
         Merz-Kollman ESP Net Atomic Charges

     Atom                 Charge (a.u.)
  ----------------------------------------
      1 C                     0.090663
      2 C                    -0.353507
      3 C                    -0.091042
      4 C                    -0.147286
      5 C                    -0.262271
      6 C                     0.290948
      7 S                     1.255661
      8 O                    -0.770000
      9 O                    -0.715955
     10 N                    -1.059178
     11 H                     0.372566
     12 C                    -0.362726
     13 C                    -0.235633
     14 C                    -0.204357
     15 C                     0.217163
     16 N                    -0.176534
     17 C                    -0.486763
     18 C                    -0.569451
     19 H                     0.190456
     20 H                     0.145741
     21 H                     0.153229
     22 H                     0.226317
     23 H                     0.188653
     24 H                     0.167318
     25 H                     0.192084
     26 H                     0.195448
     27 H                     0.159115
     28 H                     0.197993
     29 H                     0.171849
     30 H                     0.219497
  ----------------------------------------
  Sum of atomic charges =    -1.000000

  Related Dipole Moment =    21.8577 (X -7.5869 Y 10.1426 Z 17.8137)


 Charges (in A.U.) from Merz-Kollman fitting 
 -----------------------------------------------
 Center     Atomic                  MZ       
 Number     Number                  Charge
 -----------------------------------------------
    1          6                    0.090663
    2          6                   -0.353507
    3          6                   -0.091042
    4          6                   -0.147286
    5          6                   -0.262271
    6          6                    0.290948
    7         16                    1.255661
    8          8                   -0.770000
    9          8                   -0.715955
   10          7                   -1.059178
   11          1                    0.372566
   12          6                   -0.362726
   13          6                   -0.235633
   14          6                   -0.204357
   15          6                    0.217163
   16          7                   -0.176534
   17          6                   -0.486763
   18          6                   -0.569451
   19          1                    0.190456
   20          1                    0.145741
   21          1                    0.153229
   22          1                    0.226317
   23          1                    0.188653
   24          1                    0.167318
   25          1                    0.192084
   26          1                    0.195448
   27          1                    0.159115
   28          1                    0.197993
   29          1                    0.171849
   30          1                    0.219497
 -----------------------------------------------
    2   -1122.8826979212      3.22e-04  
         Merz-Kollman ESP Net Atomic Charges

     Atom                 Charge (a.u.)
  ----------------------------------------
      1 C                     0.089156
      2 C                    -0.355259
      3 C                    -0.093543
      4 C                    -0.152781
      5 C                    -0.253485
      6 C                     0.295610
      7 S                     1.257095
      8 O                    -0.772605
      9 O                    -0.717261
     10 N                    -1.066239
     11 H                     0.373980
     12 C                    -0.356524
     13 C                    -0.240422
     14 C                    -0.204354
     15 C                     0.212929
     16 N                    -0.179061
     17 C                    -0.485962
     18 C                    -0.568000
     19 H                     0.192076
     20 H                     0.147567
     21 H                     0.154360
     22 H                     0.224524
     23 H                     0.190157
     24 H                     0.168501
     25 H                     0.191845
     26 H                     0.196610
     27 H                     0.160058
     28 H                     0.198317
     29 H                     0.172223
     30 H                     0.220488
  ----------------------------------------
  Sum of atomic charges =    -1.000000

  Related Dipole Moment =    22.0139 (X -7.6393 Y 10.2289 Z 17.9339)


 Charges (in A.U.) from Merz-Kollman fitting 
 -----------------------------------------------
 Center     Atomic                  MZ       
 Number     Number                  Charge
 -----------------------------------------------
    1          6                    0.089156
    2          6                   -0.355259
    3          6                   -0.093543
    4          6                   -0.152781
    5          6                   -0.253485
    6          6                    0.295610
    7         16                    1.257095
    8          8                   -0.772605
    9          8                   -0.717261
   10          7                   -1.066239
   11          1                    0.373980
   12          6                   -0.356524
   13          6                   -0.240422
   14          6                   -0.204354
   15          6                    0.212929
   16          7                   -0.179061
   17          6                   -0.485962
   18          6                   -0.568000
   19          1                    0.192076
   20          1                    0.147567
   21          1                    0.154360
   22          1                    0.224524
   23          1                    0.190157
   24          1                    0.168501
   25          1                    0.191845
   26          1                    0.196610
   27          1                    0.160058
   28          1                    0.198317
   29          1                    0.172223
   30          1                    0.220488
 -----------------------------------------------
    3   -1122.8807479297      5.96e-05  
         Merz-Kollman ESP Net Atomic Charges

     Atom                 Charge (a.u.)
  ----------------------------------------
      1 C                     0.089552
      2 C                    -0.353920
      3 C                    -0.096070
      4 C                    -0.149461
      5 C                    -0.258515
      6 C                     0.295148
      7 S                     1.259229
      8 O                    -0.773294
      9 O                    -0.718134
     10 N                    -1.065785
     11 H                     0.373058
     12 C                    -0.357400
     13 C                    -0.238501
     14 C                    -0.207195
     15 C                     0.215728
     16 N                    -0.178378
     17 C                    -0.487623
     18 C                    -0.570020
     19 H                     0.192347
     20 H                     0.148200
     21 H                     0.154045
     22 H                     0.224342
     23 H                     0.190248
     24 H                     0.169052
     25 H                     0.192240
     26 H                     0.197289
     27 H                     0.160725
     28 H                     0.199028
     29 H                     0.172754
     30 H                     0.221309
  ----------------------------------------
  Sum of atomic charges =    -1.000000

  Related Dipole Moment =    22.0798 (X -7.6809 Y 10.2690 Z 17.9741)


 Charges (in A.U.) from Merz-Kollman fitting 
 -----------------------------------------------
 Center     Atomic                  MZ       
 Number     Number                  Charge
 -----------------------------------------------
    1          6                    0.089552
    2          6                   -0.353920
    3          6                   -0.096070
    4          6                   -0.149461
    5          6                   -0.258515
    6          6                    0.295148
    7         16                    1.259229
    8          8                   -0.773294
    9          8                   -0.718134
   10          7                   -1.065785
   11          1                    0.373058
   12          6                   -0.357400
   13          6                   -0.238501
   14          6                   -0.207195
   15          6                    0.215728
   16          7                   -0.178378
   17          6                   -0.487623
   18          6                   -0.570020
   19          1                    0.192347
   20          1                    0.148200
   21          1                    0.154045
   22          1                    0.224342
   23          1                    0.190248
   24          1                    0.169052
   25          1                    0.192240
   26          1                    0.197289
   27          1                    0.160725
   28          1                    0.199028
   29          1                    0.172754
   30          1                    0.221309
 -----------------------------------------------
    4   -1122.8800436515      3.26e-05  
    5   -1122.8796734583      6.71e-06  Convergence criterion met
 ---------------------------------------
 SCF time:   CPU 156.58s  wall 20.00s 
(0)  E-EN(g) gas-phase elect-nuc energy                -1122.894868047 a.u.
(1)  E-EN(liq) elect-nuc energy of solute              -1122.879673458 a.u.
(2)  G-P(liq) polarization free energy of solvation           -80.8538 kcal/mol
(3)  G-ENP(liq) elect-nuc-pol free energy of system    -1123.008522266 a.u.
(4)  G-CDS(liq) cavity-dispersion-solvent structure 
     free energy                                                2.1161 kcal/mol
(5)  G-P-CDS(liq) = G-P(liq) + G-CDS(liq) = (2) + (4)         -78.7377 kcal/mol
(6)  G-S(liq) free energy of system = (1) + (5)        -1123.005150020 a.u.
(7)  DeltaE-EN(liq) elect-nuc reorganization
     energy of solute molecule (7) = (1) - (0)                  9.5347 kcal/mol
(8)  DeltaG-ENP(liq) elect-nuc-pol free energy
     of solvation (8) = (3) - (0)                             -71.3191 kcal/mol
(9)  DeltaG-S(liq) free energy of  solvation
     (9) = (6) - (0)                                          -69.2030 kcal/mol
 SCF   energy in the final basis set =    -1123.0051500203
 Total energy in the final basis set =    -1123.0051500203
 
 --------------------------------------------------------------
 
                    Orbital Energies (a.u.)
 --------------------------------------------------------------
 
 Alpha MOs
 -- Occupied --
-90.1358 -19.6234 -19.6229 -14.7822 -14.7302 -10.6036 -10.5896 -10.5863
-10.5803 -10.5765 -10.5756 -10.5746 -10.5727 -10.5716 -10.5672 -10.5633
-10.5592  -8.4489  -6.3713  -6.3706  -6.3701  -1.2102  -1.0942  -1.0643
 -0.9926  -0.9751  -0.9381  -0.8869  -0.8565  -0.8353  -0.8093  -0.7547
 -0.7413  -0.7141  -0.6932  -0.6554  -0.6090  -0.6004  -0.5894  -0.5740
 -0.5562  -0.5495  -0.5406  -0.5299  -0.5280  -0.5107  -0.4964  -0.4839
 -0.4789  -0.4680  -0.4600  -0.4526  -0.4391  -0.4273  -0.4203  -0.4145
 -0.4092  -0.3981  -0.3858  -0.3580  -0.3539  -0.3354  -0.3140  -0.3131
 -0.3106  -0.2656
 -- Virtual --
 -0.0356  -0.0270  -0.0149  -0.0073  -0.0052   0.0018   0.0042   0.0066
  0.0142   0.0225   0.0256   0.0351   0.0366   0.0475   0.0513   0.0590
  0.0616   0.0643   0.0701   0.0800   0.0852   0.0897   0.0921   0.0969
  0.1006   0.1040   0.1065   0.1162   0.1233   0.1297   0.1330   0.1368
  0.1384   0.1460   0.1492   0.1543   0.1581   0.1617   0.1651   0.1715
  0.1787   0.1818   0.1867   0.1890   0.1905   0.1929   0.1999   0.2085
  0.2118   0.2140   0.2164   0.2203   0.2316   0.2335   0.2391   0.2437
  0.2464   0.2489   0.2525   0.2581   0.2598   0.2609   0.2684   0.2742
  0.2756   0.2818   0.2888   0.2896   0.2928   0.2950   0.3019   0.3049
  0.3108   0.3127   0.3165   0.3217   0.3272   0.3336   0.3399   0.3466
  0.3490   0.3520   0.3613   0.3660   0.3740   0.3812   0.3920   0.3979
  0.4057   0.4272   0.4448   0.4485   0.4612   0.4774   0.4907   0.5034
  0.5597   0.5700   0.6154   0.6298   0.6401   0.6533   0.6771   0.6883
  0.7012   0.7029   0.7111   0.7220   0.7290   0.7379   0.7437   0.7522
  0.7545   0.7740   0.7828   0.7902   0.7977   0.8087   0.8141   0.8194
  0.8270   0.8421   0.8491   0.8653   0.8747   0.9092   0.9267   0.9393
  0.9514   0.9558   0.9598   0.9685   0.9826   0.9903   1.0049   1.0085
  1.0175   1.0416   1.0441   1.0548   1.0598   1.0648   1.0795   1.0840
  1.0946   1.1031   1.1207   1.1262   1.1352   1.1425   1.1471   1.1538
  1.1770   1.1779   1.1884   1.1924   1.2062   1.2144   1.2305   1.2392
  1.2587   1.2714   1.2800   1.2941   1.3059   1.3095   1.3221   1.3392
  1.3424   1.3726   1.3769   1.3809   1.3973   1.4217   1.4331   1.4355
  1.4498   1.4722   1.4779   1.4915   1.5075   1.5103   1.5164   1.5280
  1.5358   1.5588   1.5735   1.5806   1.5919   1.6401   1.6550   1.7152
  1.7341   1.7933   1.7967   1.8109   1.8186   1.8338   1.8467   1.8660
  1.8751   1.8890   1.8952   1.9046   1.9265   1.9418   1.9462   1.9786
  1.9883   1.9904   2.0197   2.0199   2.0408   2.0476   2.0605   2.0832
  2.0905   2.1069   2.1214   2.1418   2.1576   2.1870   2.1982   2.2094
  2.2185   2.2242   2.2362   2.2457   2.2685   2.2742   2.3068   2.3088
  2.3317   2.3384   2.3531   2.3583   2.3762   2.4010   2.4091   2.4319
  2.4604   2.4803   2.5276   2.5776   2.6138   2.6251   2.6331   2.6473
  2.6823   2.6881   2.7044   2.7169   2.7489   2.7757   2.8177   2.8472
  2.8704   2.8951   2.9031   2.9292   2.9697   3.0116   3.0456   3.1553
  3.3611   3.4526   4.0529   4.0877   4.1298   4.2545   4.2875   4.3003
  4.3433   4.3583   4.3833   4.4243   4.4441   4.4446   4.4760   4.5168
  4.5326   4.6077   4.8465
 --------------------------------------------------------------
 
          Ground-State Mulliken Net Atomic Charges

     Atom                 Charge (a.u.)
  ----------------------------------------
      1 C                     0.101200
      2 C                     0.429310
      3 C                     1.721162
      4 C                    -1.056671
      5 C                    -2.958262
      6 C                    -1.578102
      7 S                     0.493237
      8 O                    -0.766128
      9 O                    -0.843561
     10 N                    -1.085678
     11 H                     0.414090
     12 C                    -1.813721
     13 C                     0.001018
     14 C                     1.975994
     15 C                     0.956329
     16 N                    -0.102260
     17 C                    -0.075024
     18 C                     0.130841
     19 H                     0.287948
     20 H                     0.279558
     21 H                     0.264275
     22 H                     0.211653
     23 H                     0.266742
     24 H                     0.270776
     25 H                     0.238119
     26 H                     0.261378
     27 H                     0.235193
     28 H                     0.239899
     29 H                     0.243629
     30 H                     0.257058
  ----------------------------------------
  Sum of atomic charges =    -1.000000

         Merz-Kollman ESP Net Atomic Charges

     Atom                 Charge (a.u.)
  ----------------------------------------
      1 C                     0.089522
      2 C                    -0.353724
      3 C                    -0.096486
      4 C                    -0.149091
      5 C                    -0.258111
      6 C                     0.295060
      7 S                     1.261776
      8 O                    -0.774123
      9 O                    -0.718914
     10 N                    -1.067023
     11 H                     0.373044
     12 C                    -0.357529
     13 C                    -0.238181
     14 C                    -0.207327
     15 C                     0.215843
     16 N                    -0.178672
     17 C                    -0.487823
     18 C                    -0.570194
     19 H                     0.192310
     20 H                     0.148160
     21 H                     0.153923
     22 H                     0.224288
     23 H                     0.190219
     24 H                     0.169029
     25 H                     0.192303
     26 H                     0.197398
     27 H                     0.160898
     28 H                     0.199161
     29 H                     0.172844
     30 H                     0.221418
  ----------------------------------------
  Sum of atomic charges =    -1.000000

  Related Dipole Moment =    22.0917 (X -7.6846 Y 10.2756 Z 17.9834)

 -----------------------------------------------------------------
                    Cartesian Multipole Moments
 -----------------------------------------------------------------
    Charge (ESU x 10^10)
                -4.8032
    Dipole Moment (Debye)
         X      -7.6809      Y      10.3236      Z      17.9839
       Tot      22.1133
    Quadrupole Moments (Debye-Ang)
        XX    -111.8333     XY       2.4062     YY    -136.1176
        XZ      22.2150     YZ     -26.0078     ZZ    -167.5842
    Octopole Moments (Debye-Ang^2)
       XXX     224.8667    XXY     -30.6123    XYY      71.9499
       YYY     -94.1432    XXZ     217.6195    XYZ     -26.6611
       YYZ     299.7535    XZZ       1.4162    YZZ      69.2709
       ZZZ     755.9167
    Hexadecapole Moments (Debye-Ang^3)
      XXXX   -2351.2556   XXXY     678.0416   XXYY    -764.8800
      XYYY     767.0008   YYYY   -2314.6123   XXXZ     107.9357
      XXYZ    -217.9618   XYYZ      -4.4761   YYYZ    -829.8417
      XXZZ   -1237.7925   XYZZ     306.5538   YYZZ   -1498.8745
      XZZZ     363.0598   YZZZ   -1155.1155   ZZZZ   -5241.8797
 -----------------------------------------------------------------
 Total job time:  48.42s(wall), 365.26s(cpu) 
 Sat Jul  2 12:24:03 2022

        *************************************************************
        *                                                           *
        *  Thank you very much for using Q-Chem.  Have a nice day.  *
        *                                                           *
        *************************************************************


