                  Welcome to Q-Chem
     A Quantum Leap Into The Future Of Chemistry


 Q-Chem 5.4 (devel), Q-Chem, Inc., Pleasanton, CA (2021)

 E. Epifanovsky,  A. T. B. Gilbert,  Xintian Feng,  Joonho Lee,  Yuezhi Mao,  
 N. Mardirossian,  P. Pokhilko,  A. White,  M. Wormit,  M. P. Coons,  
 A. L. Dempwolff,  Zhengting Gan,  D. Hait,  P. R. Horn,  L. D. Jacobson,  
 I. Kaliman,  J. Kussmann,  A. W. Lange,  Ka Un Lao,  D. S. Levine,  Jie Liu,  
 S. C. McKenzie,  A. F. Morrison,  K. Nanda,  F. Plasser,  D. R. Rehn,  
 M. L. Vidal,  Zhi-Qiang You,  Ying Zhu,  B. Alam,  B. Albrecht,  
 A. Aldossary,  E. Alguire,  J. H. Andersen,  D. Barton,  K. Begam,  A. Behn,  
 Y. A. Bernard,  E. J. Berquist,  H. Burton,  A. Carreras,  K. Carter-Fenk,  
 R. Chakraborty,  A. D. Chien,  K. D. Closser,  V. Cofer-Shabica,  
 S. Dasgupta,  Jia Deng,  M. de Wergifosse,  M. Diedenhofen,  Hainam Do,  
 S. Ehlert,  Po-Tung Fang,  S. Fatehi,  Qingguo Feng,  T. Friedhoff,  
 J. Gayvert,  Qinghui Ge,  G. Gidofalvi,  M. Goldey,  J. Gomes,  
 C. Gonzalez-Espinoza,  S. Gulania,  A. Gunina,  M. W. D. Hanson-Heine,  
 P. H. P. Harbach,  A. W. Hauser,  M. F. Herbst,  M. Hernandez Vera,  
 M. Hodecker,  Z. C. Holden,  S. Houck,  Xunkun Huang,  Kerwin Hui,  
 B. C. Huynh,  M. Ivanov,  Hyunjun Ji,  Hanjie Jiang,  B. Kaduk,  S. Kaehler,  
 K. Khistyaev,  Jaehoon Kim,  P. Klunzinger,  Z. Koczor-Benda,  
 Joong Hoon Koh,  D. Kosenkov,  L. Koulias,  T. Kowalczyk,  C. M. Krauter,  
 K. Kue,  A. Kunitsa,  T. Kus,  A. Landau,  K. V. Lawler,  D. Lefrancois,  
 S. Lehtola,  Rain Li,  Yi-Pei Li,  Jiashu Liang,  M. Liebenthal,  
 Hung-Hsuan Lin,  You-Sheng Lin,  Fenglai Liu,  Kuan-Yu Liu,  
 M. Loipersberger,  A. Luenser,  A. Manjanath,  P. Manohar,  E. Mansoor,  
 S. F. Manzer,  Shan-Ping Mao,  A. V. Marenich,  T. Markovich,  S. Mason,  
 S. A. Maurer,  P. F. McLaughlin,  M. F. S. J. Menger,  J.-M. Mewes,  
 S. A. Mewes,  P. Morgante,  J. W. Mullinax,  K. J. Oosterbaan,  G. Paran,  
 Alexander C. Paul,  Suranjan K. Paul,  F. Pavosevic,  Zheng Pei,  S. Prager,  
 E. I. Proynov,  E. Ramos,  B. Rana,  A. E. Rask,  A. Rettig,  R. M. Richard,  
 F. Rob,  E. Rossomme,  T. Scheele,  M. Scheurer,  M. Schneider,  
 N. Sergueev,  S. M. Sharada,  W. Skomorowski,  D. W. Small,  C. J. Stein,  
 Yu-Chuan Su,  E. J. Sundstrom,  Zhen Tao,  J. Thirman,  T. Tsuchimochi,  
 N. M. Tubman,  S. P. Veccham,  O. Vydrov,  J. Wenzel,  J. Witte,  A. Yamada,  
 Kun Yao,  S. Yeganeh,  S. R. Yost,  A. Zech,  Igor Ying Zhang,  Xing Zhang,  
 Yu Zhang,  D. Zuev,  A. Aspuru-Guzik,  A. T. Bell,  N. A. Besley,  
 K. B. Bravaya,  B. R. Brooks,  D. Casanova,  Jeng-Da Chai,  S. Coriani,  
 C. J. Cramer,  A. E. DePrince, III,  R. A. DiStasio Jr.,  A. Dreuw,  
 B. D. Dunietz,  T. R. Furlani,  W. A. Goddard III,  S. Grimme,  
 S. Hammes-Schiffer,  T. Head-Gordon,  W. J. Hehre,  Chao-Ping Hsu,  
 T.-C. Jagau,  Yousung Jung,  A. Klamt,  Jing Kong,  D. S. Lambrecht,  
 WanZhen Liang,  N. J. Mayhall,  C. W. McCurdy,  J. B. Neaton,  
 C. Ochsenfeld,  J. A. Parkhill,  R. Peverati,  V. A. Rassolov,  Yihan Shao,  
 L. V. Slipchenko,  T. Stauch,  R. P. Steele,  J. E. Subotnik,  
 A. J. W. Thom,  A. Tkatchenko,  D. G. Truhlar,  T. Van Voorhis,  
 T. A. Wesolowski,  K. B. Whaley,  H. L. Woodcock III,  P. M. Zimmerman,  
 S. Faraji,  P. M. W. Gill,  M. Head-Gordon,  J. M. Herbert,  A. I. Krylov

 Additional authors for Version 5.4.1: 
 S. Kotaru,  Shaozhi Li,  Xiangyuan Li,  F. Matz,  A. Molle,  Haisheng Ren,  
 Yingli Su,  Hung-Yi Tsai,  C. Utku,  Fang Wang

 Contributors to earlier versions of Q-Chem not listed above: 
 R. D. Adamson,  B. Austin,  R. Baer,  J. Baker,  G. J. O. Beran,  
 K. Brandhorst,  S. T. Brown,  E. F. C. Byrd,  A. K. Chakraborty,  
 G. K. L. Chan,  Chun-Min Chang,  Yunqing Chen,  C.-L. Cheng,  
 Siu Hung Chien,  D. M. Chipman,  D. L. Crittenden,  H. Dachsel,  
 R. J. Doerksen,  A. D. Dutoi,  R. G. Edgar,  J. Fosso-Tande,  
 L. Fusti-Molnar,  D. Ghosh,  A. Ghysels,  A. Golubeva-Zadorozhnaya,  
 J. Gonthier,  M. S. Gordon,  S. R. Gwaltney,  G. Hawkins,  J. E. Herr,  
 A. Heyden,  S. Hirata,  E. G. Hohenstein,  G. Kedziora,  F. J. Keil,  
 C. Kelley,  Jihan Kim,  R. A. King,  R. Z. Khaliullin,  P. P. Korambath,  
 W. Kurlancheek,  A. Laurent,  A. M. Lee,  M. S. Lee,  S. V. Levchenko,  
 Ching Yeh Lin,  D. Liotard,  E. Livshits,  R. C. Lochan,  I. Lotan,  
 L. A. Martinez-Martinez,  P. E. Maslen,  N. Nair,  D. P. O'Neill,  
 D. Neuhauser,  E. Neuscamman,  C. M. Oana,  R. Olivares-Amaya,  R. Olson,  
 T. M. Perrine,  B. Peters,  P. A. Pieniazek,  A. Prociuk,  Y. M. Rhee,  
 J. Ritchie,  M. A. Rohrdanz,  E. Rosta,  N. J. Russ,  H. F. Schaefer III,  
 M. W. Schmidt,  N. E. Schultz,  S. Sharma,  N. Shenvi,  C. D. Sherrill,  
 A. C. Simmonett,  A. Sodt,  T. Stein,  D. Stuck,  K. S. Thanthiriwatte,  
 V. Vanovschi,  L. Vogt,  Tao Wang,  A. Warshel,  M. A. Watson,  
 C. F. Williams,  Q. Wu,  X. Xu,  Jun Yang,  W. Zhang,  Yan Zhao

 Please cite Q-Chem as follows:
 Y. Shao et al., Mol. Phys. 113, 184-215 (2015)
 DOI: 10.1080/00268976.2014.952696

 Q-Chem 5.4.1 for Intel X86 EM64T Linux

 Parts of Q-Chem use Armadillo 9.800.1 (Horizon Scraper).
 http://arma.sourceforge.net/

 Q-Chem begins on Thu May 26 10:29:04 2022  

 Host: gadi-cpu-clx-1931.gadi.nci.org.au
0

     Scratch files written to /jobfs/41312670.gadi-pbs/qchem646455//
 Processing $rem in /apps/qchem/5.4.1/config/preferences:
 Processing $rem in /home/561/yj5695/.qchemrc:
 Symmetry turned off for PCM/SM12/SMD calculation
 Method-specific promolecule density matrix will be built for SM12 calculation

 Checking the input file for inconsistencies... 	...done.

--------------------------------------------------------------
User input:
--------------------------------------------------------------
$molecule
-1  1
C -1.373922  0.685292 -0.829232
C -2.554144  0.827154 -1.551511
H -3.511274  0.822565 -1.039057
C -2.49658  0.981707 -2.938007
H -3.419182  1.097484 -3.501531
C -1.273436  0.99206 -3.613364
C -1.20678  1.168452 -5.107373
C -0.096904  0.842354 -2.864707
H  0.864163  0.848714 -3.374046
C -0.139917  0.688524 -1.483245
H  0.781392  0.57641 -0.917381
S -1.422621  0.395016  0.945041
O -0.316843  1.25398  1.474878
O -2.778092  0.833054  1.377239
N -1.262614 -1.133124  1.244891
H -0.293856 -1.391503  1.036649
H -0.62306  0.366134 -5.570398
H -2.206635  1.167795 -5.549391
H -0.720286  2.115673 -5.365255
$end

$rem
jobtype sp
exchange M062X
basis 6-31+G*
SMX_GAS_PHASE = TRUE
solvent_method sm12
$end

$smx
solvent water
charges mk
$end
--------------------------------------------------------------
 ----------------------------------------------------------------
             Standard Nuclear Orientation (Angstroms)
    I     Atom           X                Y                Z
 ----------------------------------------------------------------
    1      C      -1.3739220000     0.6852920000    -0.8292320000
    2      C      -2.5541440000     0.8271540000    -1.5515110000
    3      H      -3.5112740000     0.8225650000    -1.0390570000
    4      C      -2.4965800000     0.9817070000    -2.9380070000
    5      H      -3.4191820000     1.0974840000    -3.5015310000
    6      C      -1.2734360000     0.9920600000    -3.6133640000
    7      C      -1.2067800000     1.1684520000    -5.1073730000
    8      C      -0.0969040000     0.8423540000    -2.8647070000
    9      H       0.8641630000     0.8487140000    -3.3740460000
   10      C      -0.1399170000     0.6885240000    -1.4832450000
   11      H       0.7813920000     0.5764100000    -0.9173810000
   12      S      -1.4226210000     0.3950160000     0.9450410000
   13      O      -0.3168430000     1.2539800000     1.4748780000
   14      O      -2.7780920000     0.8330540000     1.3772390000
   15      N      -1.2626140000    -1.1331240000     1.2448910000
   16      H      -0.2938560000    -1.3915030000     1.0366490000
   17      H      -0.6230600000     0.3661340000    -5.5703980000
   18      H      -2.2066350000     1.1677950000    -5.5493910000
   19      H      -0.7202860000     2.1156730000    -5.3652550000
 ----------------------------------------------------------------
 Nuclear Repulsion Energy =         706.74371720 hartrees
 There are       45 alpha and       45 beta electrons
 Requested basis set is 6-31+G(d)
 There are 72 shells and 229 basis functions

 Total QAlloc Memory Limit   2000 MB
 Mega-Array Size       188 MB
 MEM_STATIC part       192 MB
 A cutoff of  1.0D-08 yielded   2106 shell pairs
 There are     22769 function pairs
 Smallest overlap matrix eigenvalue = 2.10E-06

 Q-Chem warning in module stvman/mkSTV.C, line 323:

 Overlap eigenvalue is smaller than square root of threshold
 Use THRESH >= 12 to get rid of this warning


 Scale SEOQF with 1.000000e-01/1.000000e-01/1.000000e-02

 Standard Electronic Orientation quadrupole field applied
 Nucleus-field energy     =     0.0000000082 hartrees
 ================ Generating on-the-fly Promolecule Density  ================
Attempting to make child job directory: /jobfs/41312670.gadi-pbs/qchem646455//Frg1/
Attempting to make child job directory: /jobfs/41312670.gadi-pbs/qchem646455//Frg2/
Attempting to make child job directory: /jobfs/41312670.gadi-pbs/qchem646455//Frg3/
Attempting to make child job directory: /jobfs/41312670.gadi-pbs/qchem646455//Frg4/
Attempting to make child job directory: /jobfs/41312670.gadi-pbs/qchem646455//Frg5/
Creating input file /jobfs/41312670.gadi-pbs/qchem646455/Frg1.input
using default PutDataFrgm: nothing
calling putenv with: QCSCRATCH=/jobfs/41312670.gadi-pbs/qchem646455/ 
Spawning Job For Fragment 0
Done Job For Fragment 0
calling putenv with: QCSCRATCH=/jobfs/41312670.gadi-pbs 
calling putenv with: QCTHREADS=16 
Creating input file /jobfs/41312670.gadi-pbs/qchem646455/Frg2.input
using default PutDataFrgm: nothing
calling putenv with: QCSCRATCH=/jobfs/41312670.gadi-pbs/qchem646455/ 
Spawning Job For Fragment 1
Done Job For Fragment 1
calling putenv with: QCSCRATCH=/jobfs/41312670.gadi-pbs 
calling putenv with: QCTHREADS=16 
Creating input file /jobfs/41312670.gadi-pbs/qchem646455/Frg3.input
using default PutDataFrgm: nothing
calling putenv with: QCSCRATCH=/jobfs/41312670.gadi-pbs/qchem646455/ 
Spawning Job For Fragment 2
Done Job For Fragment 2
calling putenv with: QCSCRATCH=/jobfs/41312670.gadi-pbs 
calling putenv with: QCTHREADS=16 
Creating input file /jobfs/41312670.gadi-pbs/qchem646455/Frg4.input
using default PutDataFrgm: nothing
calling putenv with: QCSCRATCH=/jobfs/41312670.gadi-pbs/qchem646455/ 
Spawning Job For Fragment 3
Done Job For Fragment 3
calling putenv with: QCSCRATCH=/jobfs/41312670.gadi-pbs 
calling putenv with: QCTHREADS=16 
Creating input file /jobfs/41312670.gadi-pbs/qchem646455/Frg5.input
using default PutDataFrgm: nothing
calling putenv with: QCSCRATCH=/jobfs/41312670.gadi-pbs/qchem646455/ 
Spawning Job For Fragment 4
Done Job For Fragment 4
calling putenv with: QCSCRATCH=/jobfs/41312670.gadi-pbs 
calling putenv with: QCTHREADS=16 
 Time for running child jobs:  CPU 2.51 s  wall 2.08 s
 ============= Method Specific Promolecule Density Constructed =============
 Guess from superposition of atomic densities
 Warning:  Energy on first SCF cycle will be non-variational
 SAD guess density has 89.000000 electrons

 -----------------------------------------------------------------------
  General SCF calculation program by
  Eric Jon Sundstrom, Paul Horn, Yuezhi Mao, Dmitri Zuev, Alec White,
  David Stuck, Shaama M.S., Shane Yost, Joonho Lee, David Small,
  Daniel Levine, Susi Lehtola, Hugh Burton, Evgeny Epifanovsky,
  Bang C. Huynh
 -----------------------------------------------------------------------
 Exchange:     0.5400 Hartree-Fock + 1.0000 M06-2X
 Correlation:  1.0000 M06-2X
 Using SG-3 standard quadrature grid
 using 16 threads for integral computing
 -------------------------------------------------------
 OpenMP Integral computing Module                
 Release: version 1.0, May 2013, Q-Chem Inc. Pittsburgh 
 -------------------------------------------------------
 A restricted SCF calculation will be
 performed using DIIS
 SCF converges when DIIS error is below 1.0e-05
 ---------------------------------------
  Cycle       Energy         DIIS error
 ---------------------------------------
    1    -877.9383626607      4.99e-02  
    2    -874.4270944988      6.88e-03  
    3    -874.3407870872      8.49e-03  
    4    -874.6939296652      9.98e-04  
    5    -874.6993609556      4.23e-04  
    6    -874.7004507912      1.26e-04  
    7    -874.7005571505      2.62e-05  
    8    -874.7005625450      8.24e-06  Convergence criterion met
 ---------------------------------------
 SCF time:   CPU 74.53s  wall 4.00s 
 SCF   energy in the final basis set =     -874.7005625450
 Total energy in the final basis set =     -874.7005625450
 Exchange:     0.5400 Hartree-Fock + 1.0000 M06-2X
 Correlation:  1.0000 M06-2X
 Using SG-3 standard quadrature grid
 
 SM12 calculation using Merz-Singh-Kollman charges
 Citation of the SM12 model:
 Marenich, A.V.; Cramer, C.J.; Truhlar, D.G.
 J. Chem. Theory Comput. 2013, 9, 609-612.
 iSolventCode=           1
 Solvent: water                                                           
 
  Building new vdw surfaces
         Merz-Kollman ESP Net Atomic Charges

     Atom                 Charge (a.u.)
  ----------------------------------------
      1 C                    -0.246295
      2 C                    -0.006146
      3 H                     0.147881
      4 C                    -0.423278
      5 H                     0.162933
      6 C                     0.514333
      7 C                    -0.722451
      8 C                    -0.439563
      9 H                     0.171203
     10 C                     0.005458
     11 H                     0.129201
     12 S                     1.215776
     13 O                    -0.707642
     14 O                    -0.652213
     15 N                    -1.002337
     16 H                     0.335348
     17 H                     0.169186
     18 H                     0.172366
     19 H                     0.176240
  ----------------------------------------
  Sum of atomic charges =    -1.000000

  Related Dipole Moment =    10.8294 (X  8.1796 Y -1.9923 Z -6.8118)


 Charges (in A.U.) from Merz-Kollman fitting 
 -----------------------------------------------
 Center     Atomic                  MZ       
 Number     Number                  Charge
 -----------------------------------------------
    1          6                   -0.246295
    2          6                   -0.006146
    3          1                    0.147881
    4          6                   -0.423278
    5          1                    0.162933
    6          6                    0.514333
    7          6                   -0.722451
    8          6                   -0.439563
    9          1                    0.171203
   10          6                    0.005458
   11          1                    0.129201
   12         16                    1.215776
   13          8                   -0.707642
   14          8                   -0.652213
   15          7                   -1.002337
   16          1                    0.335348
   17          1                    0.169186
   18          1                    0.172366
   19          1                    0.176240
 -----------------------------------------------
 A restricted SCF calculation will be
 performed using Roothaan-Hall, DIIS
 SCF converges when DIIS error is below 1.0e-05
 ---------------------------------------
  Cycle       Energy         DIIS error
 ---------------------------------------
         Merz-Kollman ESP Net Atomic Charges

     Atom                 Charge (a.u.)
  ----------------------------------------
      1 C                    -0.275461
      2 C                    -0.048346
      3 H                     0.157881
      4 C                    -0.401058
      5 H                     0.185257
      6 C                     0.551046
      7 C                    -0.728905
      8 C                    -0.408888
      9 H                     0.193068
     10 C                    -0.033894
     11 H                     0.146224
     12 S                     1.245900
     13 O                    -0.745757
     14 O                    -0.698414
     15 N                    -1.061397
     16 H                     0.363449
     17 H                     0.183628
     18 H                     0.184924
     19 H                     0.190744
  ----------------------------------------
  Sum of atomic charges =    -1.000000

  Related Dipole Moment =    13.2554 (X  8.6284 Y -1.7055 Z -9.9170)


 Charges (in A.U.) from Merz-Kollman fitting 
 -----------------------------------------------
 Center     Atomic                  MZ       
 Number     Number                  Charge
 -----------------------------------------------
    1          6                   -0.275461
    2          6                   -0.048346
    3          1                    0.157881
    4          6                   -0.401058
    5          1                    0.185257
    6          6                    0.551046
    7          6                   -0.728905
    8          6                   -0.408888
    9          1                    0.193068
   10          6                   -0.033894
   11          1                    0.146224
   12         16                    1.245900
   13          8                   -0.745757
   14          8                   -0.698414
   15          7                   -1.061397
   16          1                    0.363449
   17          1                    0.183628
   18          1                    0.184924
   19          1                    0.190744
 -----------------------------------------------
    1    -874.7005622952      6.74e-04  Roothaan Step
 ---------------------------------------
  Cycle       Energy         DIIS error
 ---------------------------------------
         Merz-Kollman ESP Net Atomic Charges

     Atom                 Charge (a.u.)
  ----------------------------------------
      1 C                    -0.213729
      2 C                    -0.037876
      3 H                     0.153781
      4 C                    -0.417034
      5 H                     0.194849
      6 C                     0.499783
      7 C                    -0.738939
      8 C                    -0.431895
      9 H                     0.204552
     10 C                    -0.030312
     11 H                     0.143984
     12 S                     1.279999
     13 O                    -0.766633
     14 O                    -0.710540
     15 N                    -1.075329
     16 H                     0.352907
     17 H                     0.194260
     18 H                     0.196036
     19 H                     0.202135
  ----------------------------------------
  Sum of atomic charges =    -1.000000

  Related Dipole Moment =    13.2054 (X  8.4859 Y -1.6094 Z -9.9891)


 Charges (in A.U.) from Merz-Kollman fitting 
 -----------------------------------------------
 Center     Atomic                  MZ       
 Number     Number                  Charge
 -----------------------------------------------
    1          6                   -0.213729
    2          6                   -0.037876
    3          1                    0.153781
    4          6                   -0.417034
    5          1                    0.194849
    6          6                    0.499783
    7          6                   -0.738939
    8          6                   -0.431895
    9          1                    0.204552
   10          6                   -0.030312
   11          1                    0.143984
   12         16                    1.279999
   13          8                   -0.766633
   14          8                   -0.710540
   15          7                   -1.075329
   16          1                    0.352907
   17          1                    0.194260
   18          1                    0.196036
   19          1                    0.202135
 -----------------------------------------------
    1    -874.6906030884      4.10e-04  
         Merz-Kollman ESP Net Atomic Charges

     Atom                 Charge (a.u.)
  ----------------------------------------
      1 C                    -0.261918
      2 C                    -0.040907
      3 H                     0.155359
      4 C                    -0.410933
      5 H                     0.193026
      6 C                     0.538828
      7 C                    -0.741909
      8 C                    -0.422154
      9 H                     0.202177
     10 C                    -0.029125
     11 H                     0.145043
     12 S                     1.286542
     13 O                    -0.765466
     14 O                    -0.714359
     15 N                    -1.081322
     16 H                     0.358641
     17 H                     0.193264
     18 H                     0.194417
     19 H                     0.200798
  ----------------------------------------
  Sum of atomic charges =    -1.000000

  Related Dipole Moment =    13.6161 (X  8.5960 Y -1.5746 Z -10.4416)


 Charges (in A.U.) from Merz-Kollman fitting 
 -----------------------------------------------
 Center     Atomic                  MZ       
 Number     Number                  Charge
 -----------------------------------------------
    1          6                   -0.261918
    2          6                   -0.040907
    3          1                    0.155359
    4          6                   -0.410933
    5          1                    0.193026
    6          6                    0.538828
    7          6                   -0.741909
    8          6                   -0.422154
    9          1                    0.202177
   10          6                   -0.029125
   11          1                    0.145043
   12         16                    1.286542
   13          8                   -0.765466
   14          8                   -0.714359
   15          7                   -1.081322
   16          1                    0.358641
   17          1                    0.193264
   18          1                    0.194417
   19          1                    0.200798
 -----------------------------------------------
    2    -874.6900740735      3.86e-04  
         Merz-Kollman ESP Net Atomic Charges

     Atom                 Charge (a.u.)
  ----------------------------------------
      1 C                    -0.254952
      2 C                    -0.038751
      3 H                     0.154940
      4 C                    -0.411868
      5 H                     0.194674
      6 C                     0.530589
      7 C                    -0.741952
      8 C                    -0.424757
      9 H                     0.204245
     10 C                    -0.027008
     11 H                     0.144935
     12 S                     1.287918
     13 O                    -0.769411
     14 O                    -0.716172
     15 N                    -1.085670
     16 H                     0.359176
     17 H                     0.195243
     18 H                     0.196170
     19 H                     0.202649
  ----------------------------------------
  Sum of atomic charges =    -1.000000

  Related Dipole Moment =    13.7081 (X  8.5889 Y -1.5516 Z -10.5705)


 Charges (in A.U.) from Merz-Kollman fitting 
 -----------------------------------------------
 Center     Atomic                  MZ       
 Number     Number                  Charge
 -----------------------------------------------
    1          6                   -0.254952
    2          6                   -0.038751
    3          1                    0.154940
    4          6                   -0.411868
    5          1                    0.194674
    6          6                    0.530589
    7          6                   -0.741952
    8          6                   -0.424757
    9          1                    0.204245
   10          6                   -0.027008
   11          1                    0.144935
   12         16                    1.287918
   13          8                   -0.769411
   14          8                   -0.716172
   15          7                   -1.085670
   16          1                    0.359176
   17          1                    0.195243
   18          1                    0.196170
   19          1                    0.202649
 -----------------------------------------------
    3    -874.6883910856      6.95e-05  
         Merz-Kollman ESP Net Atomic Charges

     Atom                 Charge (a.u.)
  ----------------------------------------
      1 C                    -0.260593
      2 C                    -0.037679
      3 H                     0.154845
      4 C                    -0.412984
      5 H                     0.194932
      6 C                     0.534784
      7 C                    -0.743888
      8 C                    -0.425607
      9 H                     0.204505
     10 C                    -0.025838
     11 H                     0.144801
     12 S                     1.291426
     13 O                    -0.769428
     14 O                    -0.717049
     15 N                    -1.086501
     16 H                     0.358596
     17 H                     0.195788
     18 H                     0.196654
     19 H                     0.203236
  ----------------------------------------
  Sum of atomic charges =    -1.000000

  Related Dipole Moment =    13.7406 (X  8.5943 Y -1.5389 Z -10.6102)


 Charges (in A.U.) from Merz-Kollman fitting 
 -----------------------------------------------
 Center     Atomic                  MZ       
 Number     Number                  Charge
 -----------------------------------------------
    1          6                   -0.260593
    2          6                   -0.037679
    3          1                    0.154845
    4          6                   -0.412984
    5          1                    0.194932
    6          6                    0.534784
    7          6                   -0.743888
    8          6                   -0.425607
    9          1                    0.204505
   10          6                   -0.025838
   11          1                    0.144801
   12         16                    1.291426
   13          8                   -0.769428
   14          8                   -0.717049
   15          7                   -1.086501
   16          1                    0.358596
   17          1                    0.195788
   18          1                    0.196654
   19          1                    0.203236
 -----------------------------------------------
    4    -874.6875488843      3.86e-05  
    5    -874.6873245366      7.69e-06  Convergence criterion met
 ---------------------------------------
 SCF time:   CPU 71.69s  wall 5.00s 
(0)  E-EN(g) gas-phase elect-nuc energy                 -874.700562545 a.u.
(1)  E-EN(liq) elect-nuc energy of solute               -874.687324537 a.u.
(2)  G-P(liq) polarization free energy of solvation           -81.4886 kcal/mol
(3)  G-ENP(liq) elect-nuc-pol free energy of system     -874.817184926 a.u.
(4)  G-CDS(liq) cavity-dispersion-solvent structure 
     free energy                                                3.5867 kcal/mol
(5)  G-P-CDS(liq) = G-P(liq) + G-CDS(liq) = (2) + (4)         -77.9020 kcal/mol
(6)  G-S(liq) free energy of system = (1) + (5)         -874.811469218 a.u.
(7)  DeltaE-EN(liq) elect-nuc reorganization
     energy of solute molecule (7) = (1) - (0)                  8.3070 kcal/mol
(8)  DeltaG-ENP(liq) elect-nuc-pol free energy
     of solvation (8) = (3) - (0)                             -73.1816 kcal/mol
(9)  DeltaG-S(liq) free energy of  solvation
     (9) = (6) - (0)                                          -69.5950 kcal/mol
 SCF   energy in the final basis set =     -874.8114692181
 Total energy in the final basis set =     -874.8114692181
 
 --------------------------------------------------------------
 
                    Orbital Energies (a.u.)
 --------------------------------------------------------------
 
 Alpha MOs
 -- Occupied --
-90.1370 -19.6268 -19.6260 -14.7300 -10.5866 -10.5793 -10.5762 -10.5740
-10.5694 -10.5692 -10.5531  -8.4503  -6.3728  -6.3720  -6.3713  -1.2132
 -1.0984  -0.9861  -0.9705  -0.8924  -0.8620  -0.8003  -0.7168  -0.7096
 -0.6641  -0.6139  -0.5661  -0.5548  -0.5421  -0.5228  -0.5224  -0.5048
 -0.4986  -0.4596  -0.4481  -0.4332  -0.4267  -0.4142  -0.3999  -0.3818
 -0.3674  -0.3391  -0.3266  -0.3247  -0.2931
 -- Virtual --
 -0.0272  -0.0154  -0.0072  -0.0044  -0.0014  -0.0004   0.0122   0.0147
  0.0223   0.0387   0.0459   0.0493   0.0669   0.0724   0.0769   0.0795
  0.0815   0.0919   0.1081   0.1139   0.1218   0.1268   0.1291   0.1385
  0.1422   0.1439   0.1524   0.1553   0.1673   0.1733   0.1852   0.1868
  0.1900   0.1960   0.2032   0.2079   0.2096   0.2183   0.2315   0.2356
  0.2451   0.2534   0.2622   0.2653   0.2700   0.2717   0.2773   0.2850
  0.2858   0.2946   0.3028   0.3098   0.3135   0.3225   0.3389   0.3570
  0.3573   0.3734   0.3765   0.3894   0.4138   0.4221   0.4293   0.4645
  0.5569   0.5778   0.6007   0.6405   0.6593   0.6882   0.6995   0.7129
  0.7178   0.7300   0.7408   0.7525   0.7535   0.7618   0.7830   0.8045
  0.8130   0.8197   0.8297   0.8373   0.8851   0.9055   0.9430   0.9573
  0.9674   0.9893   1.0085   1.0241   1.0389   1.0435   1.0573   1.0802
  1.0932   1.1049   1.1128   1.1283   1.1526   1.1711   1.1910   1.1981
  1.2138   1.2164   1.2478   1.2598   1.2907   1.3141   1.3394   1.3586
  1.3788   1.3859   1.3879   1.3998   1.4165   1.4201   1.4415   1.4907
  1.4992   1.5157   1.5212   1.5460   1.5651   1.6190   1.6895   1.7634
  1.8105   1.8274   1.8429   1.8483   1.8672   1.8846   1.9058   1.9125
  1.9179   1.9321   1.9681   1.9746   2.0086   2.0205   2.0436   2.0526
  2.1407   2.1569   2.1673   2.1799   2.2076   2.2112   2.2367   2.2674
  2.2926   2.3235   2.3313   2.3465   2.3865   2.4030   2.4178   2.4528
  2.5915   2.6350   2.6589   2.6706   2.7377   2.7740   2.7838   2.8296
  2.8777   2.9279   2.9402   3.0779   3.3799   3.9756   4.0944   4.2365
  4.2516   4.2619   4.2839   4.3237   4.3799   4.4132   4.4868   4.7249
 --------------------------------------------------------------
 
          Ground-State Mulliken Net Atomic Charges

     Atom                 Charge (a.u.)
  ----------------------------------------
      1 C                    -4.272739
      2 C                    -1.739420
      3 H                     0.251127
      4 C                     0.640709
      5 H                     0.271322
      6 C                     1.555755
      7 C                     0.945163
      8 C                     1.581243
      9 H                     0.278875
     10 C                     0.294642
     11 H                     0.251427
     12 S                     0.395800
     13 O                    -0.759284
     14 O                    -0.890472
     15 N                    -0.965503
     16 H                     0.397550
     17 H                     0.256060
     18 H                     0.243932
     19 H                     0.263812
  ----------------------------------------
  Sum of atomic charges =    -1.000000

         Merz-Kollman ESP Net Atomic Charges

     Atom                 Charge (a.u.)
  ----------------------------------------
      1 C                    -0.260528
      2 C                    -0.037446
      3 H                     0.154791
      4 C                    -0.413312
      5 H                     0.194934
      6 C                     0.535168
      7 C                    -0.744277
      8 C                    -0.426026
      9 H                     0.204523
     10 C                    -0.025510
     11 H                     0.144722
     12 S                     1.293451
     13 O                    -0.770274
     14 O                    -0.717559
     15 N                    -1.087231
     16 H                     0.358517
     17 H                     0.195926
     18 H                     0.196774
     19 H                     0.203357
  ----------------------------------------
  Sum of atomic charges =    -1.000000

  Related Dipole Moment =    13.7435 (X  8.5921 Y -1.5372 Z -10.6159)

 -----------------------------------------------------------------
                    Cartesian Multipole Moments
 -----------------------------------------------------------------
    Charge (ESU x 10^10)
                -4.8032
    Dipole Moment (Debye)
         X       8.6021      Y      -1.5020      Z     -10.6412
       Tot      13.7655
    Quadrupole Moments (Debye-Ang)
        XX     -91.7149     XY      -1.1527     YY     -87.6800
        XZ      15.9630     YZ      -6.4099     ZZ     -78.5201
    Octopole Moments (Debye-Ang^2)
       XXX     343.1672    XXY     -48.3515    XYY     119.8567
       YYY    -150.7720    XXZ      27.6722    XYZ       5.7921
       YYZ      64.7248    XZZ     109.5698    YZZ     -36.8775
       ZZZ     149.0174
    Hexadecapole Moments (Debye-Ang^3)
      XXXX   -1381.0818   XXXY     206.5108   XXYY    -332.6650
      XYYY     200.0345   YYYY    -503.1322   XXXZ    -132.8185
      XXYZ      69.4262   XYYZ     -79.4911   YYYZ     310.0219
      XXZZ    -683.2664   XYZZ      45.7918   YYZZ    -569.5464
      XZZZ    -180.3658   YZZZ     227.2128   ZZZZ   -2589.1367
 -----------------------------------------------------------------
 Total job time:  11.76s(wall), 153.74s(cpu) 
 Thu May 26 10:29:16 2022

        *************************************************************
        *                                                           *
        *  Thank you very much for using Q-Chem.  Have a nice day.  *
        *                                                           *
        *************************************************************


