                  Welcome to Q-Chem
     A Quantum Leap Into The Future Of Chemistry


 Q-Chem 5.4 (devel), Q-Chem, Inc., Pleasanton, CA (2021)

 E. Epifanovsky,  A. T. B. Gilbert,  Xintian Feng,  Joonho Lee,  Yuezhi Mao,  
 N. Mardirossian,  P. Pokhilko,  A. White,  M. Wormit,  M. P. Coons,  
 A. L. Dempwolff,  Zhengting Gan,  D. Hait,  P. R. Horn,  L. D. Jacobson,  
 I. Kaliman,  J. Kussmann,  A. W. Lange,  Ka Un Lao,  D. S. Levine,  Jie Liu,  
 S. C. McKenzie,  A. F. Morrison,  K. Nanda,  F. Plasser,  D. R. Rehn,  
 M. L. Vidal,  Zhi-Qiang You,  Ying Zhu,  B. Alam,  B. Albrecht,  
 A. Aldossary,  E. Alguire,  J. H. Andersen,  D. Barton,  K. Begam,  A. Behn,  
 Y. A. Bernard,  E. J. Berquist,  H. Burton,  A. Carreras,  K. Carter-Fenk,  
 R. Chakraborty,  A. D. Chien,  K. D. Closser,  V. Cofer-Shabica,  
 S. Dasgupta,  Jia Deng,  M. de Wergifosse,  M. Diedenhofen,  Hainam Do,  
 S. Ehlert,  Po-Tung Fang,  S. Fatehi,  Qingguo Feng,  T. Friedhoff,  
 J. Gayvert,  Qinghui Ge,  G. Gidofalvi,  M. Goldey,  J. Gomes,  
 C. Gonzalez-Espinoza,  S. Gulania,  A. Gunina,  M. W. D. Hanson-Heine,  
 P. H. P. Harbach,  A. W. Hauser,  M. F. Herbst,  M. Hernandez Vera,  
 M. Hodecker,  Z. C. Holden,  S. Houck,  Xunkun Huang,  Kerwin Hui,  
 B. C. Huynh,  M. Ivanov,  Hyunjun Ji,  Hanjie Jiang,  B. Kaduk,  S. Kaehler,  
 K. Khistyaev,  Jaehoon Kim,  P. Klunzinger,  Z. Koczor-Benda,  
 Joong Hoon Koh,  D. Kosenkov,  L. Koulias,  T. Kowalczyk,  C. M. Krauter,  
 K. Kue,  A. Kunitsa,  T. Kus,  A. Landau,  K. V. Lawler,  D. Lefrancois,  
 S. Lehtola,  Rain Li,  Yi-Pei Li,  Jiashu Liang,  M. Liebenthal,  
 Hung-Hsuan Lin,  You-Sheng Lin,  Fenglai Liu,  Kuan-Yu Liu,  
 M. Loipersberger,  A. Luenser,  A. Manjanath,  P. Manohar,  E. Mansoor,  
 S. F. Manzer,  Shan-Ping Mao,  A. V. Marenich,  T. Markovich,  S. Mason,  
 S. A. Maurer,  P. F. McLaughlin,  M. F. S. J. Menger,  J.-M. Mewes,  
 S. A. Mewes,  P. Morgante,  J. W. Mullinax,  K. J. Oosterbaan,  G. Paran,  
 Alexander C. Paul,  Suranjan K. Paul,  F. Pavosevic,  Zheng Pei,  S. Prager,  
 E. I. Proynov,  E. Ramos,  B. Rana,  A. E. Rask,  A. Rettig,  R. M. Richard,  
 F. Rob,  E. Rossomme,  T. Scheele,  M. Scheurer,  M. Schneider,  
 N. Sergueev,  S. M. Sharada,  W. Skomorowski,  D. W. Small,  C. J. Stein,  
 Yu-Chuan Su,  E. J. Sundstrom,  Zhen Tao,  J. Thirman,  T. Tsuchimochi,  
 N. M. Tubman,  S. P. Veccham,  O. Vydrov,  J. Wenzel,  J. Witte,  A. Yamada,  
 Kun Yao,  S. Yeganeh,  S. R. Yost,  A. Zech,  Igor Ying Zhang,  Xing Zhang,  
 Yu Zhang,  D. Zuev,  A. Aspuru-Guzik,  A. T. Bell,  N. A. Besley,  
 K. B. Bravaya,  B. R. Brooks,  D. Casanova,  Jeng-Da Chai,  S. Coriani,  
 C. J. Cramer,  A. E. DePrince, III,  R. A. DiStasio Jr.,  A. Dreuw,  
 B. D. Dunietz,  T. R. Furlani,  W. A. Goddard III,  S. Grimme,  
 S. Hammes-Schiffer,  T. Head-Gordon,  W. J. Hehre,  Chao-Ping Hsu,  
 T.-C. Jagau,  Yousung Jung,  A. Klamt,  Jing Kong,  D. S. Lambrecht,  
 WanZhen Liang,  N. J. Mayhall,  C. W. McCurdy,  J. B. Neaton,  
 C. Ochsenfeld,  J. A. Parkhill,  R. Peverati,  V. A. Rassolov,  Yihan Shao,  
 L. V. Slipchenko,  T. Stauch,  R. P. Steele,  J. E. Subotnik,  
 A. J. W. Thom,  A. Tkatchenko,  D. G. Truhlar,  T. Van Voorhis,  
 T. A. Wesolowski,  K. B. Whaley,  H. L. Woodcock III,  P. M. Zimmerman,  
 S. Faraji,  P. M. W. Gill,  M. Head-Gordon,  J. M. Herbert,  A. I. Krylov

 Additional authors for Version 5.4.1: 
 S. Kotaru,  Shaozhi Li,  Xiangyuan Li,  F. Matz,  A. Molle,  Haisheng Ren,  
 Yingli Su,  Hung-Yi Tsai,  C. Utku,  Fang Wang

 Contributors to earlier versions of Q-Chem not listed above: 
 R. D. Adamson,  B. Austin,  R. Baer,  J. Baker,  G. J. O. Beran,  
 K. Brandhorst,  S. T. Brown,  E. F. C. Byrd,  A. K. Chakraborty,  
 G. K. L. Chan,  Chun-Min Chang,  Yunqing Chen,  C.-L. Cheng,  
 Siu Hung Chien,  D. M. Chipman,  D. L. Crittenden,  H. Dachsel,  
 R. J. Doerksen,  A. D. Dutoi,  R. G. Edgar,  J. Fosso-Tande,  
 L. Fusti-Molnar,  D. Ghosh,  A. Ghysels,  A. Golubeva-Zadorozhnaya,  
 J. Gonthier,  M. S. Gordon,  S. R. Gwaltney,  G. Hawkins,  J. E. Herr,  
 A. Heyden,  S. Hirata,  E. G. Hohenstein,  G. Kedziora,  F. J. Keil,  
 C. Kelley,  Jihan Kim,  R. A. King,  R. Z. Khaliullin,  P. P. Korambath,  
 W. Kurlancheek,  A. Laurent,  A. M. Lee,  M. S. Lee,  S. V. Levchenko,  
 Ching Yeh Lin,  D. Liotard,  E. Livshits,  R. C. Lochan,  I. Lotan,  
 L. A. Martinez-Martinez,  P. E. Maslen,  N. Nair,  D. P. O'Neill,  
 D. Neuhauser,  E. Neuscamman,  C. M. Oana,  R. Olivares-Amaya,  R. Olson,  
 T. M. Perrine,  B. Peters,  P. A. Pieniazek,  A. Prociuk,  Y. M. Rhee,  
 J. Ritchie,  M. A. Rohrdanz,  E. Rosta,  N. J. Russ,  H. F. Schaefer III,  
 M. W. Schmidt,  N. E. Schultz,  S. Sharma,  N. Shenvi,  C. D. Sherrill,  
 A. C. Simmonett,  A. Sodt,  T. Stein,  D. Stuck,  K. S. Thanthiriwatte,  
 V. Vanovschi,  L. Vogt,  Tao Wang,  A. Warshel,  M. A. Watson,  
 C. F. Williams,  Q. Wu,  X. Xu,  Jun Yang,  W. Zhang,  Yan Zhao

 Please cite Q-Chem as follows:
 Y. Shao et al., Mol. Phys. 113, 184-215 (2015)
 DOI: 10.1080/00268976.2014.952696

 Q-Chem 5.4.1 for Intel X86 EM64T Linux

 Parts of Q-Chem use Armadillo 9.800.1 (Horizon Scraper).
 http://arma.sourceforge.net/

 Q-Chem begins on Wed Jun 29 14:54:13 2022  

 Host: gadi-cpu-clx-2089.gadi.nci.org.au
0

     Scratch files written to /jobfs/48750517.gadi-pbs/qchem1333724//
 Processing $rem in /apps/qchem/5.4.1/config/preferences:
 Processing $rem in /home/561/yj5695/.qchemrc:
 Symmetry turned off for PCM/SM12/SMD calculation
 Method-specific promolecule density matrix will be built for SM12 calculation

 Checking the input file for inconsistencies... 	...done.

--------------------------------------------------------------
User input:
--------------------------------------------------------------
$molecule
0  1
C -1.4436460058  0.7157784258 -0.9938638396
C -2.6049339193  0.5516044443 -1.7402953439
H -3.5720971367  0.4823550397 -1.2522134378
C -2.5072808755  0.4892569837 -3.1307737665
H -3.4150510537  0.3694001015 -3.7146935017
C -1.2675932468  0.5830207159 -3.7654151991
C -1.1148583423  0.5221753368 -5.2741728848
C -0.1132999211  0.7426707596 -2.9834353188
H  0.8558013247  0.8197829305 -3.4711237557
C -0.1883884565  0.8104783076 -1.5994946415
H  0.7089348493  0.9411991992 -1.0015302398
S -1.5437984153  0.7551554847  0.7764800613
O -0.4627680505  1.6072467753  1.2759371591
O -2.9264670472  1.0555206156  1.1511993281
N -1.2302901105 -0.7584252639  1.3652152823
H -0.2813317187 -1.0610170793  1.1347675197
H -1.9124994357 -1.4407526452  1.0278444818
N -2.3243078759  0.3556999578 -6.0689429735
H -0.612325136  1.4388297675 -5.6001087951
H -0.4308590879 -0.2992195512 -5.5118241109
H -2.970727785  1.1183689609 -5.8700476281
H -2.8022995536 -0.4995552667 -5.7877773954
$end

$rem
jobtype sp
exchange M062X
basis 6-31+G*
SMX_GAS_PHASE = TRUE
solvent_method sm12
$end

$smx
solvent water
charges mk
$end
--------------------------------------------------------------
 ----------------------------------------------------------------
             Standard Nuclear Orientation (Angstroms)
    I     Atom           X                Y                Z
 ----------------------------------------------------------------
    1      C      -1.4436460058     0.7157784258    -0.9938638396
    2      C      -2.6049339193     0.5516044443    -1.7402953439
    3      H      -3.5720971367     0.4823550397    -1.2522134378
    4      C      -2.5072808755     0.4892569837    -3.1307737665
    5      H      -3.4150510537     0.3694001015    -3.7146935017
    6      C      -1.2675932468     0.5830207159    -3.7654151991
    7      C      -1.1148583423     0.5221753368    -5.2741728848
    8      C      -0.1132999211     0.7426707596    -2.9834353188
    9      H       0.8558013247     0.8197829305    -3.4711237557
   10      C      -0.1883884565     0.8104783076    -1.5994946415
   11      H       0.7089348493     0.9411991992    -1.0015302398
   12      S      -1.5437984153     0.7551554847     0.7764800613
   13      O      -0.4627680505     1.6072467753     1.2759371591
   14      O      -2.9264670472     1.0555206156     1.1511993281
   15      N      -1.2302901105    -0.7584252639     1.3652152823
   16      H      -0.2813317187    -1.0610170793     1.1347675197
   17      H      -1.9124994357    -1.4407526452     1.0278444818
   18      N      -2.3243078759     0.3556999578    -6.0689429735
   19      H      -0.6123251360     1.4388297675    -5.6001087951
   20      H      -0.4308590879    -0.2992195512    -5.5118241109
   21      H      -2.9707277850     1.1183689609    -5.8700476281
   22      H      -2.8022995536    -0.4995552667    -5.7877773954
 ----------------------------------------------------------------
 Nuclear Repulsion Energy =         819.11962960 hartrees
 There are       49 alpha and       49 beta electrons
 Requested basis set is 6-31+G(d)
 There are 81 shells and 252 basis functions

 Total QAlloc Memory Limit   2000 MB
 Mega-Array Size       188 MB
 MEM_STATIC part       192 MB
 A cutoff of  1.0D-08 yielded   2564 shell pairs
 There are     26528 function pairs
 Smallest overlap matrix eigenvalue = 1.59E-06

 Q-Chem warning in module stvman/mkSTV.C, line 323:

 Overlap eigenvalue is smaller than square root of threshold
 Use THRESH >= 12 to get rid of this warning


 Scale SEOQF with 1.000000e-01/1.000000e-01/1.000000e-02

 Standard Electronic Orientation quadrupole field applied
 Nucleus-field energy     =     0.0000000068 hartrees
 ================ Generating on-the-fly Promolecule Density  ================
Attempting to make child job directory: /jobfs/48750517.gadi-pbs/qchem1333724//Frg1/
Attempting to make child job directory: /jobfs/48750517.gadi-pbs/qchem1333724//Frg2/
Attempting to make child job directory: /jobfs/48750517.gadi-pbs/qchem1333724//Frg3/
Attempting to make child job directory: /jobfs/48750517.gadi-pbs/qchem1333724//Frg4/
Attempting to make child job directory: /jobfs/48750517.gadi-pbs/qchem1333724//Frg5/
Creating input file /jobfs/48750517.gadi-pbs/qchem1333724/Frg1.input
using default PutDataFrgm: nothing
calling putenv with: QCSCRATCH=/jobfs/48750517.gadi-pbs/qchem1333724/ 
Spawning Job For Fragment 0
Done Job For Fragment 0
calling putenv with: QCSCRATCH=/jobfs/48750517.gadi-pbs 
calling putenv with: QCTHREADS=8 
Creating input file /jobfs/48750517.gadi-pbs/qchem1333724/Frg2.input
using default PutDataFrgm: nothing
calling putenv with: QCSCRATCH=/jobfs/48750517.gadi-pbs/qchem1333724/ 
Spawning Job For Fragment 1
Done Job For Fragment 1
calling putenv with: QCSCRATCH=/jobfs/48750517.gadi-pbs 
calling putenv with: QCTHREADS=8 
Creating input file /jobfs/48750517.gadi-pbs/qchem1333724/Frg3.input
using default PutDataFrgm: nothing
calling putenv with: QCSCRATCH=/jobfs/48750517.gadi-pbs/qchem1333724/ 
Spawning Job For Fragment 2
Done Job For Fragment 2
calling putenv with: QCSCRATCH=/jobfs/48750517.gadi-pbs 
calling putenv with: QCTHREADS=8 
Creating input file /jobfs/48750517.gadi-pbs/qchem1333724/Frg4.input
using default PutDataFrgm: nothing
calling putenv with: QCSCRATCH=/jobfs/48750517.gadi-pbs/qchem1333724/ 
Spawning Job For Fragment 3
Done Job For Fragment 3
calling putenv with: QCSCRATCH=/jobfs/48750517.gadi-pbs 
calling putenv with: QCTHREADS=8 
Creating input file /jobfs/48750517.gadi-pbs/qchem1333724/Frg5.input
using default PutDataFrgm: nothing
calling putenv with: QCSCRATCH=/jobfs/48750517.gadi-pbs/qchem1333724/ 
Spawning Job For Fragment 4
Done Job For Fragment 4
calling putenv with: QCSCRATCH=/jobfs/48750517.gadi-pbs 
calling putenv with: QCTHREADS=8 
 Time for running child jobs:  CPU 1.03 s  wall 2.99 s
 ============= Method Specific Promolecule Density Constructed =============
 Guess from superposition of atomic densities
 Warning:  Energy on first SCF cycle will be non-variational
 SAD guess density has 98.000000 electrons

 -----------------------------------------------------------------------
  General SCF calculation program by
  Eric Jon Sundstrom, Paul Horn, Yuezhi Mao, Dmitri Zuev, Alec White,
  David Stuck, Shaama M.S., Shane Yost, Joonho Lee, David Small,
  Daniel Levine, Susi Lehtola, Hugh Burton, Evgeny Epifanovsky,
  Bang C. Huynh
 -----------------------------------------------------------------------
 Exchange:     0.5400 Hartree-Fock + 1.0000 M06-2X
 Correlation:  1.0000 M06-2X
 Using SG-3 standard quadrature grid
 using 8 threads for integral computing
 -------------------------------------------------------
 OpenMP Integral computing Module                
 Release: version 1.0, May 2013, Q-Chem Inc. Pittsburgh 
 -------------------------------------------------------
 A restricted SCF calculation will be
 performed using DIIS
 SCF converges when DIIS error is below 1.0e-05
 ---------------------------------------
  Cycle       Energy         DIIS error
 ---------------------------------------
    1    -934.3443614324      4.86e-02  
    2    -930.3214158705      6.15e-03  
    3    -930.1566547186      8.41e-03  
    4    -930.5707935497      1.02e-03  
    5    -930.5771785645      4.03e-04  
    6    -930.5783147073      9.35e-05  
    7    -930.5783807620      3.28e-05  
    8    -930.5783895549      7.25e-06  Convergence criterion met
 ---------------------------------------
 SCF time:   CPU 82.14s  wall 10.00s 
 SCF   energy in the final basis set =     -930.5783895549
 Total energy in the final basis set =     -930.5783895549
 Exchange:     0.5400 Hartree-Fock + 1.0000 M06-2X
 Correlation:  1.0000 M06-2X
 Using SG-3 standard quadrature grid
 
 SM12 calculation using Merz-Singh-Kollman charges
 Citation of the SM12 model:
 Marenich, A.V.; Cramer, C.J.; Truhlar, D.G.
 J. Chem. Theory Comput. 2013, 9, 609-612.
 iSolventCode=           1
 Solvent: water                                                           
 
  Building new vdw surfaces
         Merz-Kollman ESP Net Atomic Charges

     Atom                 Charge (a.u.)
  ----------------------------------------
      1 C                    -0.245145
      2 C                    -0.017314
      3 H                     0.150090
      4 C                    -0.236278
      5 H                     0.116829
      6 C                     0.072582
      7 C                     0.394979
      8 C                    -0.288018
      9 H                     0.137110
     10 C                     0.015932
     11 H                     0.140612
     12 S                     1.069439
     13 O                    -0.510523
     14 O                    -0.511596
     15 N                    -0.803476
     16 H                     0.365890
     17 H                     0.369155
     18 N                    -1.070140
     19 H                     0.036130
     20 H                     0.014200
     21 H                     0.406427
     22 H                     0.393118
  ----------------------------------------
  Sum of atomic charges =     0.000000

  Related Dipole Moment =     5.9742 (X  0.8774 Y -3.9922 Z -4.3570)


 Charges (in A.U.) from Merz-Kollman fitting 
 -----------------------------------------------
 Center     Atomic                  MZ       
 Number     Number                  Charge
 -----------------------------------------------
    1          6                   -0.245145
    2          6                   -0.017314
    3          1                    0.150090
    4          6                   -0.236278
    5          1                    0.116829
    6          6                    0.072582
    7          6                    0.394979
    8          6                   -0.288018
    9          1                    0.137110
   10          6                    0.015932
   11          1                    0.140612
   12         16                    1.069439
   13          8                   -0.510523
   14          8                   -0.511596
   15          7                   -0.803476
   16          1                    0.365890
   17          1                    0.369155
   18          7                   -1.070140
   19          1                    0.036130
   20          1                    0.014200
   21          1                    0.406427
   22          1                    0.393118
 -----------------------------------------------
 A restricted SCF calculation will be
 performed using Roothaan-Hall, DIIS
 SCF converges when DIIS error is below 1.0e-05
 ---------------------------------------
  Cycle       Energy         DIIS error
 ---------------------------------------
         Merz-Kollman ESP Net Atomic Charges

     Atom                 Charge (a.u.)
  ----------------------------------------
      1 C                    -0.235294
      2 C                    -0.047833
      3 H                     0.157753
      4 C                    -0.214818
      5 H                     0.126614
      6 C                     0.072841
      7 C                     0.423416
      8 C                    -0.278195
      9 H                     0.146449
     10 C                    -0.013040
     11 H                     0.151354
     12 S                     1.115240
     13 O                    -0.570621
     14 O                    -0.570174
     15 N                    -0.797740
     16 H                     0.384012
     17 H                     0.386951
     18 N                    -1.107497
     19 H                     0.035574
     20 H                     0.012223
     21 H                     0.418334
     22 H                     0.404453
  ----------------------------------------
  Sum of atomic charges =     0.000000

  Related Dipole Moment =     7.2129 (X  1.0784 Y -4.7333 Z -5.3347)


 Charges (in A.U.) from Merz-Kollman fitting 
 -----------------------------------------------
 Center     Atomic                  MZ       
 Number     Number                  Charge
 -----------------------------------------------
    1          6                   -0.235294
    2          6                   -0.047833
    3          1                    0.157753
    4          6                   -0.214818
    5          1                    0.126614
    6          6                    0.072841
    7          6                    0.423416
    8          6                   -0.278195
    9          1                    0.146449
   10          6                   -0.013040
   11          1                    0.151354
   12         16                    1.115240
   13          8                   -0.570621
   14          8                   -0.570174
   15          7                   -0.797740
   16          1                    0.384012
   17          1                    0.386951
   18          7                   -1.107497
   19          1                    0.035574
   20          1                    0.012223
   21          1                    0.418334
   22          1                    0.404453
 -----------------------------------------------
    1    -930.5783895779      4.63e-04  Roothaan Step
 ---------------------------------------
  Cycle       Energy         DIIS error
 ---------------------------------------
         Merz-Kollman ESP Net Atomic Charges

     Atom                 Charge (a.u.)
  ----------------------------------------
      1 C                    -0.216491
      2 C                    -0.047370
      3 H                     0.156668
      4 C                    -0.219002
      5 H                     0.131032
      6 C                     0.050898
      7 C                     0.413280
      8 C                    -0.278484
      9 H                     0.150164
     10 C                    -0.012632
     11 H                     0.150000
     12 S                     1.073939
     13 O                    -0.547301
     14 O                    -0.548160
     15 N                    -0.805188
     16 H                     0.382121
     17 H                     0.384699
     18 N                    -1.090791
     19 H                     0.041954
     20 H                     0.014504
     21 H                     0.416187
     22 H                     0.399973
  ----------------------------------------
  Sum of atomic charges =     0.000000

  Related Dipole Moment =     7.0445 (X  1.0302 Y -4.4870 Z -5.3320)


 Charges (in A.U.) from Merz-Kollman fitting 
 -----------------------------------------------
 Center     Atomic                  MZ       
 Number     Number                  Charge
 -----------------------------------------------
    1          6                   -0.216491
    2          6                   -0.047370
    3          1                    0.156668
    4          6                   -0.219002
    5          1                    0.131032
    6          6                    0.050898
    7          6                    0.413280
    8          6                   -0.278484
    9          1                    0.150164
   10          6                   -0.012632
   11          1                    0.150000
   12         16                    1.073939
   13          8                   -0.547301
   14          8                   -0.548160
   15          7                   -0.805188
   16          1                    0.382121
   17          1                    0.384699
   18          7                   -1.090791
   19          1                    0.041954
   20          1                    0.014504
   21          1                    0.416187
   22          1                    0.399973
 -----------------------------------------------
    1    -930.5734017506      3.36e-04  
         Merz-Kollman ESP Net Atomic Charges

     Atom                 Charge (a.u.)
  ----------------------------------------
      1 C                    -0.223340
      2 C                    -0.049262
      3 H                     0.157174
      4 C                    -0.218229
      5 H                     0.130078
      6 C                     0.063940
      7 C                     0.416593
      8 C                    -0.280357
      9 H                     0.149767
     10 C                    -0.014516
     11 H                     0.150889
     12 S                     1.114226
     13 O                    -0.569620
     14 O                    -0.569604
     15 N                    -0.801018
     16 H                     0.382565
     17 H                     0.385393
     18 N                    -1.099125
     19 H                     0.040195
     20 H                     0.014039
     21 H                     0.417808
     22 H                     0.402405
  ----------------------------------------
  Sum of atomic charges =     0.000000

  Related Dipole Moment =     7.2431 (X  1.0700 Y -4.6610 Z -5.4400)


 Charges (in A.U.) from Merz-Kollman fitting 
 -----------------------------------------------
 Center     Atomic                  MZ       
 Number     Number                  Charge
 -----------------------------------------------
    1          6                   -0.223340
    2          6                   -0.049262
    3          1                    0.157174
    4          6                   -0.218229
    5          1                    0.130078
    6          6                    0.063940
    7          6                    0.416593
    8          6                   -0.280357
    9          1                    0.149767
   10          6                   -0.014516
   11          1                    0.150889
   12         16                    1.114226
   13          8                   -0.569620
   14          8                   -0.569604
   15          7                   -0.801018
   16          1                    0.382565
   17          1                    0.385393
   18          7                   -1.099125
   19          1                    0.040195
   20          1                    0.014039
   21          1                    0.417808
   22          1                    0.402405
 -----------------------------------------------
    2    -930.5742696961      4.04e-04  
         Merz-Kollman ESP Net Atomic Charges

     Atom                 Charge (a.u.)
  ----------------------------------------
      1 C                    -0.225967
      2 C                    -0.049168
      3 H                     0.157294
      4 C                    -0.216926
      5 H                     0.130319
      6 C                     0.064811
      7 C                     0.418070
      8 C                    -0.279871
      9 H                     0.150164
     10 C                    -0.014380
     11 H                     0.151019
     12 S                     1.106152
     13 O                    -0.567210
     14 O                    -0.567353
     15 N                    -0.800812
     16 H                     0.383262
     17 H                     0.386034
     18 N                    -1.100292
     19 H                     0.040137
     20 H                     0.013872
     21 H                     0.418145
     22 H                     0.402700
  ----------------------------------------
  Sum of atomic charges =     0.000000

  Related Dipole Moment =     7.2862 (X  1.0734 Y -4.6645 Z -5.4935)


 Charges (in A.U.) from Merz-Kollman fitting 
 -----------------------------------------------
 Center     Atomic                  MZ       
 Number     Number                  Charge
 -----------------------------------------------
    1          6                   -0.225967
    2          6                   -0.049168
    3          1                    0.157294
    4          6                   -0.216926
    5          1                    0.130319
    6          6                    0.064811
    7          6                    0.418070
    8          6                   -0.279871
    9          1                    0.150164
   10          6                   -0.014380
   11          1                    0.151019
   12         16                    1.106152
   13          8                   -0.567210
   14          8                   -0.567353
   15          7                   -0.800812
   16          1                    0.383262
   17          1                    0.386034
   18          7                   -1.100292
   19          1                    0.040137
   20          1                    0.013872
   21          1                    0.418145
   22          1                    0.402700
 -----------------------------------------------
    3    -930.5737983939      3.74e-05  
         Merz-Kollman ESP Net Atomic Charges

     Atom                 Charge (a.u.)
  ----------------------------------------
      1 C                    -0.223929
      2 C                    -0.049225
      3 H                     0.157244
      4 C                    -0.217774
      5 H                     0.130677
      6 C                     0.063675
      7 C                     0.416704
      8 C                    -0.280633
      9 H                     0.150520
     10 C                    -0.014207
     11 H                     0.150937
     12 S                     1.109290
     13 O                    -0.568676
     14 O                    -0.568743
     15 N                    -0.801419
     16 H                     0.383204
     17 H                     0.385976
     18 N                    -1.099004
     19 H                     0.040684
     20 H                     0.014296
     21 H                     0.417954
     22 H                     0.402450
  ----------------------------------------
  Sum of atomic charges =     0.000000

  Related Dipole Moment =     7.2902 (X  1.0738 Y -4.6658 Z -5.4976)


 Charges (in A.U.) from Merz-Kollman fitting 
 -----------------------------------------------
 Center     Atomic                  MZ       
 Number     Number                  Charge
 -----------------------------------------------
    1          6                   -0.223929
    2          6                   -0.049225
    3          1                    0.157244
    4          6                   -0.217774
    5          1                    0.130677
    6          6                    0.063675
    7          6                    0.416704
    8          6                   -0.280633
    9          1                    0.150520
   10          6                   -0.014207
   11          1                    0.150937
   12         16                    1.109290
   13          8                   -0.568676
   14          8                   -0.568743
   15          7                   -0.801419
   16          1                    0.383204
   17          1                    0.385976
   18          7                   -1.099004
   19          1                    0.040684
   20          1                    0.014296
   21          1                    0.417954
   22          1                    0.402450
 -----------------------------------------------
    4    -930.5736543622      2.11e-05  
    5    -930.5736116633      4.87e-06  Convergence criterion met
 ---------------------------------------
 SCF time:   CPU 71.99s  wall 9.00s 
(0)  E-EN(g) gas-phase elect-nuc energy                 -930.578389555 a.u.
(1)  E-EN(liq) elect-nuc energy of solute               -930.573611663 a.u.
(2)  G-P(liq) polarization free energy of solvation           -23.0454 kcal/mol
(3)  G-ENP(liq) elect-nuc-pol free energy of system     -930.610336870 a.u.
(4)  G-CDS(liq) cavity-dispersion-solvent structure 
     free energy                                                1.1054 kcal/mol
(5)  G-P-CDS(liq) = G-P(liq) + G-CDS(liq) = (2) + (4)         -21.9400 kcal/mol
(6)  G-S(liq) free energy of system = (1) + (5)         -930.608575285 a.u.
(7)  DeltaE-EN(liq) elect-nuc reorganization
     energy of solute molecule (7) = (1) - (0)                  2.9982 kcal/mol
(8)  DeltaG-ENP(liq) elect-nuc-pol free energy
     of solvation (8) = (3) - (0)                             -20.0472 kcal/mol
(9)  DeltaG-S(liq) free energy of  solvation
     (9) = (6) - (0)                                          -18.9418 kcal/mol
 SCF   energy in the final basis set =     -930.6085752855
 Total energy in the final basis set =     -930.6085752855
 
 --------------------------------------------------------------
 
                    Orbital Energies (a.u.)
 --------------------------------------------------------------
 
 Alpha MOs
 -- Occupied --
-90.1736 -19.6573 -19.6567 -14.8048 -14.7488 -10.6005 -10.5833 -10.5830
-10.5801 -10.5797 -10.5713 -10.5711  -8.4876  -6.4098  -6.4094  -6.4084
 -1.2571  -1.1437  -1.0333  -1.0074  -0.9808  -0.8888  -0.8675  -0.7942
 -0.7400  -0.7123  -0.6804  -0.6440  -0.6156  -0.5966  -0.5767  -0.5604
 -0.5565  -0.5347  -0.5308  -0.5105  -0.4804  -0.4766  -0.4530  -0.4431
 -0.4338  -0.4218  -0.4185  -0.4001  -0.3994  -0.3805  -0.3292  -0.3179
 -0.3173
 -- Virtual --
 -0.0164  -0.0034  -0.0009   0.0190   0.0295   0.0392   0.0444   0.0507
  0.0593   0.0604   0.0743   0.0770   0.0841   0.0894   0.0946   0.1043
  0.1069   0.1136   0.1140   0.1296   0.1328   0.1389   0.1420   0.1487
  0.1541   0.1621   0.1650   0.1665   0.1721   0.1781   0.1859   0.1924
  0.2031   0.2077   0.2090   0.2131   0.2181   0.2212   0.2257   0.2300
  0.2366   0.2418   0.2542   0.2573   0.2643   0.2712   0.2754   0.2812
  0.2847   0.2864   0.2912   0.2966   0.3060   0.3120   0.3153   0.3171
  0.3228   0.3244   0.3347   0.3488   0.3618   0.3746   0.3804   0.3921
  0.4000   0.4096   0.4292   0.4339   0.4642   0.4751   0.5034   0.5554
  0.5577   0.5707   0.6321   0.6652   0.6692   0.6879   0.7112   0.7130
  0.7344   0.7484   0.7504   0.7576   0.7663   0.7936   0.8018   0.8091
  0.8271   0.8324   0.8379   0.8946   0.9240   0.9404   0.9483   0.9543
  0.9675   0.9842   0.9994   1.0042   1.0254   1.0325   1.0362   1.0444
  1.0553   1.0937   1.1000   1.1105   1.1242   1.1259   1.1285   1.1515
  1.1666   1.1755   1.1911   1.2012   1.2236   1.2471   1.2530   1.2793
  1.2882   1.3169   1.3305   1.3620   1.3695   1.3734   1.3895   1.3998
  1.4061   1.4103   1.4402   1.4624   1.5032   1.5072   1.5253   1.5420
  1.5587   1.6119   1.6351   1.6908   1.7114   1.7412   1.8006   1.8056
  1.8331   1.8445   1.8489   1.8555   1.8709   1.8984   1.9075   1.9219
  1.9595   2.0106   2.0271   2.0416   2.0883   2.0964   2.1207   2.1312
  2.1533   2.1654   2.1673   2.1837   2.2187   2.2371   2.2410   2.2458
  2.2775   2.3143   2.3299   2.3358   2.3869   2.4127   2.4404   2.4685
  2.4972   2.5834   2.6261   2.6563   2.6903   2.7198   2.7722   2.7913
  2.8101   2.8786   2.9019   2.9342   2.9460   3.0990   3.3792   3.8828
  4.0158   4.0789   4.2272   4.2518   4.2754   4.2854   4.3427   4.3999
  4.4123   4.5275   4.7318
 --------------------------------------------------------------
 
          Ground-State Mulliken Net Atomic Charges

     Atom                 Charge (a.u.)
  ----------------------------------------
      1 C                    -2.160120
      2 C                    -0.854480
      3 H                     0.277326
      4 C                    -0.075359
      5 H                     0.256554
      6 C                     0.617164
      7 C                     0.516246
      8 C                     0.450560
      9 H                     0.262520
     10 C                     0.239433
     11 H                     0.278115
     12 S                     1.136076
     13 O                    -0.741527
     14 O                    -0.767645
     15 N                    -0.818097
     16 H                     0.504167
     17 H                     0.507153
     18 N                    -1.026789
     19 H                     0.254184
     20 H                     0.247945
     21 H                     0.449655
     22 H                     0.446917
  ----------------------------------------
  Sum of atomic charges =     0.000000

         Merz-Kollman ESP Net Atomic Charges

     Atom                 Charge (a.u.)
  ----------------------------------------
      1 C                    -0.224768
      2 C                    -0.049089
      3 H                     0.157216
      4 C                    -0.217842
      5 H                     0.130656
      6 C                     0.064469
      7 C                     0.416535
      8 C                    -0.280699
      9 H                     0.150513
     10 C                    -0.014172
     11 H                     0.150927
     12 S                     1.109906
     13 O                    -0.568816
     14 O                    -0.568900
     15 N                    -0.801317
     16 H                     0.383100
     17 H                     0.385877
     18 N                    -1.099094
     19 H                     0.040724
     20 H                     0.014309
     21 H                     0.417992
     22 H                     0.402476
  ----------------------------------------
  Sum of atomic charges =     0.000000

  Related Dipole Moment =     7.2939 (X  1.0740 Y -4.6656 Z -5.5028)

 -----------------------------------------------------------------
                    Cartesian Multipole Moments
 -----------------------------------------------------------------
    Charge (ESU x 10^10)
                 0.0000
    Dipole Moment (Debye)
         X       1.0776      Y      -4.6808      Z      -5.4260
       Tot       7.2465
    Quadrupole Moments (Debye-Ang)
        XX     -76.7659     XY       6.9119     YY     -81.3839
        XZ       9.9778     YZ      -9.1273     ZZ     -87.0073
    Octopole Moments (Debye-Ang^2)
       XXX     341.3211    XXY     -63.1767    XYY     117.3252
       YYY    -158.8053    XXZ      70.9019    XYZ       9.9189
       YYZ     112.3762    XZZ     132.3955    YZZ     -46.8021
       ZZZ     459.4072
    Hexadecapole Moments (Debye-Ang^3)
      XXXX   -1497.0316   XXXY     240.8772   XXYY    -326.9371
      XYYY     211.3877   YYYY    -415.9046   XXXZ    -372.3308
      XXYZ      22.9631   XYYZ    -173.9284   YYYZ     173.5344
      XXZZ    -886.8495   XYZZ      67.2410   YYZZ    -737.6374
      XZZZ    -781.7945   YZZZ     181.7637   ZZZZ   -5490.9719
 -----------------------------------------------------------------
 Total job time:  23.02s(wall), 159.09s(cpu) 
 Wed Jun 29 14:54:36 2022

        *************************************************************
        *                                                           *
        *  Thank you very much for using Q-Chem.  Have a nice day.  *
        *                                                           *
        *************************************************************


