                  Welcome to Q-Chem
     A Quantum Leap Into The Future Of Chemistry


 Q-Chem 5.4 (devel), Q-Chem, Inc., Pleasanton, CA (2021)

 E. Epifanovsky,  A. T. B. Gilbert,  Xintian Feng,  Joonho Lee,  Yuezhi Mao,  
 N. Mardirossian,  P. Pokhilko,  A. White,  M. Wormit,  M. P. Coons,  
 A. L. Dempwolff,  Zhengting Gan,  D. Hait,  P. R. Horn,  L. D. Jacobson,  
 I. Kaliman,  J. Kussmann,  A. W. Lange,  Ka Un Lao,  D. S. Levine,  Jie Liu,  
 S. C. McKenzie,  A. F. Morrison,  K. Nanda,  F. Plasser,  D. R. Rehn,  
 M. L. Vidal,  Zhi-Qiang You,  Ying Zhu,  B. Alam,  B. Albrecht,  
 A. Aldossary,  E. Alguire,  J. H. Andersen,  D. Barton,  K. Begam,  A. Behn,  
 Y. A. Bernard,  E. J. Berquist,  H. Burton,  A. Carreras,  K. Carter-Fenk,  
 R. Chakraborty,  A. D. Chien,  K. D. Closser,  V. Cofer-Shabica,  
 S. Dasgupta,  Jia Deng,  M. de Wergifosse,  M. Diedenhofen,  Hainam Do,  
 S. Ehlert,  Po-Tung Fang,  S. Fatehi,  Qingguo Feng,  T. Friedhoff,  
 J. Gayvert,  Qinghui Ge,  G. Gidofalvi,  M. Goldey,  J. Gomes,  
 C. Gonzalez-Espinoza,  S. Gulania,  A. Gunina,  M. W. D. Hanson-Heine,  
 P. H. P. Harbach,  A. W. Hauser,  M. F. Herbst,  M. Hernandez Vera,  
 M. Hodecker,  Z. C. Holden,  S. Houck,  Xunkun Huang,  Kerwin Hui,  
 B. C. Huynh,  M. Ivanov,  Hyunjun Ji,  Hanjie Jiang,  B. Kaduk,  S. Kaehler,  
 K. Khistyaev,  Jaehoon Kim,  P. Klunzinger,  Z. Koczor-Benda,  
 Joong Hoon Koh,  D. Kosenkov,  L. Koulias,  T. Kowalczyk,  C. M. Krauter,  
 K. Kue,  A. Kunitsa,  T. Kus,  A. Landau,  K. V. Lawler,  D. Lefrancois,  
 S. Lehtola,  Rain Li,  Yi-Pei Li,  Jiashu Liang,  M. Liebenthal,  
 Hung-Hsuan Lin,  You-Sheng Lin,  Fenglai Liu,  Kuan-Yu Liu,  
 M. Loipersberger,  A. Luenser,  A. Manjanath,  P. Manohar,  E. Mansoor,  
 S. F. Manzer,  Shan-Ping Mao,  A. V. Marenich,  T. Markovich,  S. Mason,  
 S. A. Maurer,  P. F. McLaughlin,  M. F. S. J. Menger,  J.-M. Mewes,  
 S. A. Mewes,  P. Morgante,  J. W. Mullinax,  K. J. Oosterbaan,  G. Paran,  
 Alexander C. Paul,  Suranjan K. Paul,  F. Pavosevic,  Zheng Pei,  S. Prager,  
 E. I. Proynov,  E. Ramos,  B. Rana,  A. E. Rask,  A. Rettig,  R. M. Richard,  
 F. Rob,  E. Rossomme,  T. Scheele,  M. Scheurer,  M. Schneider,  
 N. Sergueev,  S. M. Sharada,  W. Skomorowski,  D. W. Small,  C. J. Stein,  
 Yu-Chuan Su,  E. J. Sundstrom,  Zhen Tao,  J. Thirman,  T. Tsuchimochi,  
 N. M. Tubman,  S. P. Veccham,  O. Vydrov,  J. Wenzel,  J. Witte,  A. Yamada,  
 Kun Yao,  S. Yeganeh,  S. R. Yost,  A. Zech,  Igor Ying Zhang,  Xing Zhang,  
 Yu Zhang,  D. Zuev,  A. Aspuru-Guzik,  A. T. Bell,  N. A. Besley,  
 K. B. Bravaya,  B. R. Brooks,  D. Casanova,  Jeng-Da Chai,  S. Coriani,  
 C. J. Cramer,  A. E. DePrince, III,  R. A. DiStasio Jr.,  A. Dreuw,  
 B. D. Dunietz,  T. R. Furlani,  W. A. Goddard III,  S. Grimme,  
 S. Hammes-Schiffer,  T. Head-Gordon,  W. J. Hehre,  Chao-Ping Hsu,  
 T.-C. Jagau,  Yousung Jung,  A. Klamt,  Jing Kong,  D. S. Lambrecht,  
 WanZhen Liang,  N. J. Mayhall,  C. W. McCurdy,  J. B. Neaton,  
 C. Ochsenfeld,  J. A. Parkhill,  R. Peverati,  V. A. Rassolov,  Yihan Shao,  
 L. V. Slipchenko,  T. Stauch,  R. P. Steele,  J. E. Subotnik,  
 A. J. W. Thom,  A. Tkatchenko,  D. G. Truhlar,  T. Van Voorhis,  
 T. A. Wesolowski,  K. B. Whaley,  H. L. Woodcock III,  P. M. Zimmerman,  
 S. Faraji,  P. M. W. Gill,  M. Head-Gordon,  J. M. Herbert,  A. I. Krylov

 Additional authors for Version 5.4.1: 
 S. Kotaru,  Shaozhi Li,  Xiangyuan Li,  F. Matz,  A. Molle,  Haisheng Ren,  
 Yingli Su,  Hung-Yi Tsai,  C. Utku,  Fang Wang

 Contributors to earlier versions of Q-Chem not listed above: 
 R. D. Adamson,  B. Austin,  R. Baer,  J. Baker,  G. J. O. Beran,  
 K. Brandhorst,  S. T. Brown,  E. F. C. Byrd,  A. K. Chakraborty,  
 G. K. L. Chan,  Chun-Min Chang,  Yunqing Chen,  C.-L. Cheng,  
 Siu Hung Chien,  D. M. Chipman,  D. L. Crittenden,  H. Dachsel,  
 R. J. Doerksen,  A. D. Dutoi,  R. G. Edgar,  J. Fosso-Tande,  
 L. Fusti-Molnar,  D. Ghosh,  A. Ghysels,  A. Golubeva-Zadorozhnaya,  
 J. Gonthier,  M. S. Gordon,  S. R. Gwaltney,  G. Hawkins,  J. E. Herr,  
 A. Heyden,  S. Hirata,  E. G. Hohenstein,  G. Kedziora,  F. J. Keil,  
 C. Kelley,  Jihan Kim,  R. A. King,  R. Z. Khaliullin,  P. P. Korambath,  
 W. Kurlancheek,  A. Laurent,  A. M. Lee,  M. S. Lee,  S. V. Levchenko,  
 Ching Yeh Lin,  D. Liotard,  E. Livshits,  R. C. Lochan,  I. Lotan,  
 L. A. Martinez-Martinez,  P. E. Maslen,  N. Nair,  D. P. O'Neill,  
 D. Neuhauser,  E. Neuscamman,  C. M. Oana,  R. Olivares-Amaya,  R. Olson,  
 T. M. Perrine,  B. Peters,  P. A. Pieniazek,  A. Prociuk,  Y. M. Rhee,  
 J. Ritchie,  M. A. Rohrdanz,  E. Rosta,  N. J. Russ,  H. F. Schaefer III,  
 M. W. Schmidt,  N. E. Schultz,  S. Sharma,  N. Shenvi,  C. D. Sherrill,  
 A. C. Simmonett,  A. Sodt,  T. Stein,  D. Stuck,  K. S. Thanthiriwatte,  
 V. Vanovschi,  L. Vogt,  Tao Wang,  A. Warshel,  M. A. Watson,  
 C. F. Williams,  Q. Wu,  X. Xu,  Jun Yang,  W. Zhang,  Yan Zhao

 Please cite Q-Chem as follows:
 Y. Shao et al., Mol. Phys. 113, 184-215 (2015)
 DOI: 10.1080/00268976.2014.952696

 Q-Chem 5.4.1 for Intel X86 EM64T Linux

 Parts of Q-Chem use Armadillo 9.800.1 (Horizon Scraper).
 http://arma.sourceforge.net/

 Q-Chem begins on Fri May 20 20:53:30 2022  

 Host: gadi-cpu-clx-0948.gadi.nci.org.au
0

     Scratch files written to /jobfs/40771778.gadi-pbs/qchem1041185//
 Processing $rem in /apps/qchem/5.4.1/config/preferences:
 Processing $rem in /home/561/yj5695/.qchemrc:
 Symmetry turned off for PCM/SM12/SMD calculation
 Method-specific promolecule density matrix will be built for SM12 calculation

 Checking the input file for inconsistencies... 	...done.

--------------------------------------------------------------
User input:
--------------------------------------------------------------
$molecule
0  1
C -1.2069992405  0.6054284633 -0.647961242
S -1.7012469062  0.4657881573  1.1343104272
O -2.8778449151  1.306057764  1.2630973064
O -1.7447846548 -0.9605763426  1.3999311878
N -0.494274661  1.1207176819  1.9893861816
H -0.3828727106  2.1301028085  1.8740595115
H  0.3833691283  0.5974612882  1.9665422977
F -2.1583752851  0.084759336 -1.4115877856
F -0.0706962744 -0.051726959 -0.8466692978
F -1.0364904805  1.8836218025 -0.9631745868
$end

$rem
jobtype sp
exchange M062X
basis 6-31+G*
xc_grid 1
SMX_GAS_PHASE = TRUE
solvent_method sm12
$end

$smx
solvent water
charges mk
$end
--------------------------------------------------------------
 ----------------------------------------------------------------
             Standard Nuclear Orientation (Angstroms)
    I     Atom           X                Y                Z
 ----------------------------------------------------------------
    1      C      -1.2069992405     0.6054284633    -0.6479612420
    2      S      -1.7012469062     0.4657881573     1.1343104272
    3      O      -2.8778449151     1.3060577640     1.2630973064
    4      O      -1.7447846548    -0.9605763426     1.3999311878
    5      N      -0.4942746610     1.1207176819     1.9893861816
    6      H      -0.3828727106     2.1301028085     1.8740595115
    7      H       0.3833691283     0.5974612882     1.9665422977
    8      F      -2.1583752851     0.0847593360    -1.4115877856
    9      F      -0.0706962744    -0.0517269590    -0.8466692978
   10      F      -1.0364904805     1.8836218025    -0.9631745868
 ----------------------------------------------------------------
 Nuclear Repulsion Energy =         565.31374948 hartrees
 There are       37 alpha and       37 beta electrons
 Requested basis set is 6-31+G(d)
 There are 45 shells and 160 basis functions

 Total QAlloc Memory Limit   2000 MB
 Mega-Array Size       188 MB
 MEM_STATIC part       192 MB

                       Distance Matrix (Angstroms)
             C (  1)   S (  2)   O (  3)   O (  4)   N (  5)   H (  6)
   S (  2)  1.854797
   O (  3)  2.633392  1.451558
   O (  4)  2.633524  1.451539  2.537751
   N (  5)  2.780126  1.617674  2.498650  2.498603
   H (  6)  3.060132  2.248396  2.697631  3.410557  1.022042
   H (  7)  3.060223  2.248460  3.410639  2.697697  1.022046  1.716004
   F (  8)  1.326400  2.614526  3.027069  3.027940  3.925438  4.258088
   F (  9)  1.327600  2.617403  3.764941  2.945470  3.097944  3.501457
   F ( 10)  1.327483  2.617555  2.946261  3.765025  3.097359  2.921963
             H (  7)   F (  8)   F (  9)
   F (  8)  4.258532
   F (  9)  2.922632  2.167064
   F ( 10)  3.500493  2.166935  2.166081
 
 A cutoff of  1.0D-08 yielded    921 shell pairs
 There are     12445 function pairs
 Smallest overlap matrix eigenvalue = 2.87E-04

 Scale SEOQF with 1.000000e-01/1.000000e-01/1.000000e-01

 Standard Electronic Orientation quadrupole field applied
 Nucleus-field energy     =    -0.0000000005 hartrees
 ================ Generating on-the-fly Promolecule Density  ================
Attempting to make child job directory: /jobfs/40771778.gadi-pbs/qchem1041185//Frg1/
Attempting to make child job directory: /jobfs/40771778.gadi-pbs/qchem1041185//Frg2/
Attempting to make child job directory: /jobfs/40771778.gadi-pbs/qchem1041185//Frg3/
Attempting to make child job directory: /jobfs/40771778.gadi-pbs/qchem1041185//Frg4/
Attempting to make child job directory: /jobfs/40771778.gadi-pbs/qchem1041185//Frg5/
Attempting to make child job directory: /jobfs/40771778.gadi-pbs/qchem1041185//Frg6/
Creating input file /jobfs/40771778.gadi-pbs/qchem1041185/Frg1.input
using default PutDataFrgm: nothing
calling putenv with: QCSCRATCH=/jobfs/40771778.gadi-pbs/qchem1041185/ 
Spawning Job For Fragment 0
Done Job For Fragment 0
calling putenv with: QCSCRATCH=/jobfs/40771778.gadi-pbs 
calling putenv with: QCTHREADS=16 
Creating input file /jobfs/40771778.gadi-pbs/qchem1041185/Frg2.input
using default PutDataFrgm: nothing
calling putenv with: QCSCRATCH=/jobfs/40771778.gadi-pbs/qchem1041185/ 
Spawning Job For Fragment 1
Done Job For Fragment 1
calling putenv with: QCSCRATCH=/jobfs/40771778.gadi-pbs 
calling putenv with: QCTHREADS=16 
Creating input file /jobfs/40771778.gadi-pbs/qchem1041185/Frg3.input
using default PutDataFrgm: nothing
calling putenv with: QCSCRATCH=/jobfs/40771778.gadi-pbs/qchem1041185/ 
Spawning Job For Fragment 2
Done Job For Fragment 2
calling putenv with: QCSCRATCH=/jobfs/40771778.gadi-pbs 
calling putenv with: QCTHREADS=16 
Creating input file /jobfs/40771778.gadi-pbs/qchem1041185/Frg4.input
using default PutDataFrgm: nothing
calling putenv with: QCSCRATCH=/jobfs/40771778.gadi-pbs/qchem1041185/ 
Spawning Job For Fragment 3
Done Job For Fragment 3
calling putenv with: QCSCRATCH=/jobfs/40771778.gadi-pbs 
calling putenv with: QCTHREADS=16 
Creating input file /jobfs/40771778.gadi-pbs/qchem1041185/Frg5.input
using default PutDataFrgm: nothing
calling putenv with: QCSCRATCH=/jobfs/40771778.gadi-pbs/qchem1041185/ 
Spawning Job For Fragment 4
Done Job For Fragment 4
calling putenv with: QCSCRATCH=/jobfs/40771778.gadi-pbs 
calling putenv with: QCTHREADS=16 
Creating input file /jobfs/40771778.gadi-pbs/qchem1041185/Frg6.input
using default PutDataFrgm: nothing
calling putenv with: QCSCRATCH=/jobfs/40771778.gadi-pbs/qchem1041185/ 
Spawning Job For Fragment 5
Done Job For Fragment 5
calling putenv with: QCSCRATCH=/jobfs/40771778.gadi-pbs 
calling putenv with: QCTHREADS=16 
 Time for running child jobs:  CPU 2.27 s  wall 2.67 s
 ============= Method Specific Promolecule Density Constructed =============
 Guess from superposition of atomic densities
 Warning:  Energy on first SCF cycle will be non-variational
 SAD guess density has 74.000000 electrons

 -----------------------------------------------------------------------
  General SCF calculation program by
  Eric Jon Sundstrom, Paul Horn, Yuezhi Mao, Dmitri Zuev, Alec White,
  David Stuck, Shaama M.S., Shane Yost, Joonho Lee, David Small,
  Daniel Levine, Susi Lehtola, Hugh Burton, Evgeny Epifanovsky,
  Bang C. Huynh
 -----------------------------------------------------------------------
 Exchange:     0.5400 Hartree-Fock + 1.0000 M06-2X
 Correlation:  1.0000 M06-2X
 Using SG-1 standard quadrature grid
 using 16 threads for integral computing
 -------------------------------------------------------
 OpenMP Integral computing Module                
 Release: version 1.0, May 2013, Q-Chem Inc. Pittsburgh 
 -------------------------------------------------------
 A restricted SCF calculation will be
 performed using DIIS
 SCF converges when DIIS error is below 1.0e-05
 ---------------------------------------
  Cycle       Energy         DIIS error
 ---------------------------------------
    1    -943.9568547169      5.92e-02  
    2    -941.6283060109      1.09e-02  
    3    -941.2971556417      1.66e-02  
    4    -941.9340214377      1.07e-03  
    5    -941.9356416970      7.21e-04  
    6    -941.9369317575      8.49e-05  
    7    -941.9369507235      1.63e-05  
    8    -941.9369515744      5.33e-06  Convergence criterion met
 ---------------------------------------
 SCF time:   CPU 16.11s  wall 1.00s 
 SCF   energy in the final basis set =     -941.9369515744
 Total energy in the final basis set =     -941.9369515744
 Exchange:     0.5400 Hartree-Fock + 1.0000 M06-2X
 Correlation:  1.0000 M06-2X
 Using SG-1 standard quadrature grid
 
 SM12 calculation using Merz-Singh-Kollman charges
 Citation of the SM12 model:
 Marenich, A.V.; Cramer, C.J.; Truhlar, D.G.
 J. Chem. Theory Comput. 2013, 9, 609-612.
 iSolventCode=           1
 Solvent: water                                                           
 
  Building new vdw surfaces
         Merz-Kollman ESP Net Atomic Charges

     Atom                 Charge (a.u.)
  ----------------------------------------
      1 C                     0.125866
      2 S                     0.910454
      3 O                    -0.434457
      4 O                    -0.433995
      5 N                    -0.731743
      6 H                     0.387672
      7 H                     0.386923
      8 F                    -0.044511
      9 F                    -0.082923
     10 F                    -0.083285
  ----------------------------------------
  Sum of atomic charges =     0.000000

  Related Dipole Moment =     4.6080 (X  4.1142 Y  2.0666 Z  0.1912)


 Charges (in A.U.) from Merz-Kollman fitting 
 -----------------------------------------------
 Center     Atomic                  MZ       
 Number     Number                  Charge
 -----------------------------------------------
    1          6                    0.125866
    2         16                    0.910454
    3          8                   -0.434457
    4          8                   -0.433995
    5          7                   -0.731743
    6          1                    0.387672
    7          1                    0.386923
    8          9                   -0.044511
    9          9                   -0.082923
   10          9                   -0.083285
 -----------------------------------------------
 A restricted SCF calculation will be
 performed using Roothaan-Hall, DIIS
 SCF converges when DIIS error is below 1.0e-05
 ---------------------------------------
  Cycle       Energy         DIIS error
 ---------------------------------------
         Merz-Kollman ESP Net Atomic Charges

     Atom                 Charge (a.u.)
  ----------------------------------------
      1 C                     0.121125
      2 S                     0.945014
      3 O                    -0.485956
      4 O                    -0.485712
      5 N                    -0.704663
      6 H                     0.406676
      7 H                     0.405643
      8 F                    -0.048346
      9 F                    -0.076764
     10 F                    -0.077017
  ----------------------------------------
  Sum of atomic charges =     0.000000

  Related Dipole Moment =     5.5479 (X  4.9462 Y  2.4932 Z  0.3127)


 Charges (in A.U.) from Merz-Kollman fitting 
 -----------------------------------------------
 Center     Atomic                  MZ       
 Number     Number                  Charge
 -----------------------------------------------
    1          6                    0.121125
    2         16                    0.945014
    3          8                   -0.485956
    4          8                   -0.485712
    5          7                   -0.704663
    6          1                    0.406676
    7          1                    0.405643
    8          9                   -0.048346
    9          9                   -0.076764
   10          9                   -0.077017
 -----------------------------------------------
    1    -941.9369517284      6.67e-04  Roothaan Step
 ---------------------------------------
  Cycle       Energy         DIIS error
 ---------------------------------------
         Merz-Kollman ESP Net Atomic Charges

     Atom                 Charge (a.u.)
  ----------------------------------------
      1 C                     0.104226
      2 S                     0.902377
      3 O                    -0.457597
      4 O                    -0.457365
      5 N                    -0.722898
      6 H                     0.411716
      7 H                     0.410750
      8 F                    -0.037370
      9 F                    -0.076826
     10 F                    -0.077012
  ----------------------------------------
  Sum of atomic charges =     0.000000

  Related Dipole Moment =     5.2675 (X  4.6927 Y  2.3684 Z  0.3408)


 Charges (in A.U.) from Merz-Kollman fitting 
 -----------------------------------------------
 Center     Atomic                  MZ       
 Number     Number                  Charge
 -----------------------------------------------
    1          6                    0.104226
    2         16                    0.902377
    3          8                   -0.457597
    4          8                   -0.457365
    5          7                   -0.722898
    6          1                    0.411716
    7          1                    0.410750
    8          9                   -0.037370
    9          9                   -0.076826
   10          9                   -0.077012
 -----------------------------------------------
    1    -941.9326946025      5.18e-04  
         Merz-Kollman ESP Net Atomic Charges

     Atom                 Charge (a.u.)
  ----------------------------------------
      1 C                     0.112663
      2 S                     0.939597
      3 O                    -0.480250
      4 O                    -0.480048
      5 N                    -0.712276
      6 H                     0.409945
      7 H                     0.408944
      8 F                    -0.043194
      9 F                    -0.077604
     10 F                    -0.077776
  ----------------------------------------
  Sum of atomic charges =     0.000000

  Related Dipole Moment =     5.4790 (X  4.8820 Y  2.4635 Z  0.3421)


 Charges (in A.U.) from Merz-Kollman fitting 
 -----------------------------------------------
 Center     Atomic                  MZ       
 Number     Number                  Charge
 -----------------------------------------------
    1          6                    0.112663
    2         16                    0.939597
    3          8                   -0.480250
    4          8                   -0.480048
    5          7                   -0.712276
    6          1                    0.409945
    7          1                    0.408944
    8          9                   -0.043194
    9          9                   -0.077604
   10          9                   -0.077776
 -----------------------------------------------
    2    -941.9336765629      6.64e-04  
         Merz-Kollman ESP Net Atomic Charges

     Atom                 Charge (a.u.)
  ----------------------------------------
      1 C                     0.111221
      2 S                     0.931423
      3 O                    -0.478131
      4 O                    -0.477950
      5 N                    -0.710403
      6 H                     0.410603
      7 H                     0.409591
      8 F                    -0.042468
      9 F                    -0.076858
     10 F                    -0.077027
  ----------------------------------------
  Sum of atomic charges =     0.000000

  Related Dipole Moment =     5.4934 (X  4.8943 Y  2.4702 Z  0.3475)


 Charges (in A.U.) from Merz-Kollman fitting 
 -----------------------------------------------
 Center     Atomic                  MZ       
 Number     Number                  Charge
 -----------------------------------------------
    1          6                    0.111221
    2         16                    0.931423
    3          8                   -0.478131
    4          8                   -0.477950
    5          7                   -0.710403
    6          1                    0.410603
    7          1                    0.409591
    8          9                   -0.042468
    9          9                   -0.076858
   10          9                   -0.077027
 -----------------------------------------------
    3    -941.9333155143      4.33e-05  
         Merz-Kollman ESP Net Atomic Charges

     Atom                 Charge (a.u.)
  ----------------------------------------
      1 C                     0.111915
      2 S                     0.934579
      3 O                    -0.479149
      4 O                    -0.478968
      5 N                    -0.711537
      6 H                     0.410812
      7 H                     0.409801
      8 F                    -0.042546
      9 F                    -0.077371
     10 F                    -0.077536
  ----------------------------------------
  Sum of atomic charges =     0.000000

  Related Dipole Moment =     5.4923 (X  4.8933 Y  2.4697 Z  0.3475)


 Charges (in A.U.) from Merz-Kollman fitting 
 -----------------------------------------------
 Center     Atomic                  MZ       
 Number     Number                  Charge
 -----------------------------------------------
    1          6                    0.111915
    2         16                    0.934579
    3          8                   -0.479149
    4          8                   -0.478968
    5          7                   -0.711537
    6          1                    0.410812
    7          1                    0.409801
    8          9                   -0.042546
    9          9                   -0.077371
   10          9                   -0.077536
 -----------------------------------------------
    4    -941.9332185235      2.34e-05  
    5    -941.9331984368      4.79e-06  Convergence criterion met
 ---------------------------------------
 SCF time:   CPU 20.67s  wall 1.00s 
(0)  E-EN(g) gas-phase elect-nuc energy                 -941.936951574 a.u.
(1)  E-EN(liq) elect-nuc energy of solute               -941.933198437 a.u.
(2)  G-P(liq) polarization free energy of solvation           -14.3105 kcal/mol
(3)  G-ENP(liq) elect-nuc-pol free energy of system     -941.956003688 a.u.
(4)  G-CDS(liq) cavity-dispersion-solvent structure 
     free energy                                                4.7452 kcal/mol
(5)  G-P-CDS(liq) = G-P(liq) + G-CDS(liq) = (2) + (4)          -9.5653 kcal/mol
(6)  G-S(liq) free energy of system = (1) + (5)         -941.948441685 a.u.
(7)  DeltaE-EN(liq) elect-nuc reorganization
     energy of solute molecule (7) = (1) - (0)                  2.3551 kcal/mol
(8)  DeltaG-ENP(liq) elect-nuc-pol free energy
     of solvation (8) = (3) - (0)                             -11.9554 kcal/mol
(9)  DeltaG-S(liq) free energy of  solvation
     (9) = (6) - (0)                                           -7.2102 kcal/mol
 SCF   energy in the final basis set =     -941.9484416849
 Total energy in the final basis set =     -941.9484416849
 
 --------------------------------------------------------------
 
                    Orbital Energies (a.u.)
 --------------------------------------------------------------
 
 Alpha MOs
 -- Occupied --
-90.2021 -25.3423 -25.3422 -25.3411 -19.6817 -19.6817 -14.8265 -10.8539
 -8.5115  -6.4335  -6.4330  -6.4324  -1.5126  -1.4191  -1.4189  -1.2853
 -1.1722  -1.0582  -0.8798  -0.7884  -0.7342  -0.7329  -0.7173  -0.6420
 -0.6261  -0.6066  -0.6050  -0.5789  -0.5727  -0.5711  -0.5563  -0.5492
 -0.4592  -0.4449  -0.4233  -0.4185  -0.3982
 -- Virtual --
 -0.0035   0.0325   0.0403   0.0437   0.0696   0.0757   0.0777   0.0846
  0.0886   0.0941   0.1120   0.1344   0.1393   0.1476   0.1688   0.1976
  0.2156   0.2203   0.2306   0.2308   0.2359   0.2538   0.2563   0.2600
  0.2763   0.2845   0.2979   0.3020   0.3104   0.3239   0.3264   0.3306
  0.3551   0.3568   0.3735   0.3804   0.4026   0.4112   0.4473   0.4592
  0.4737   0.5494   0.5941   0.6083   0.6291   0.6767   0.7317   0.8312
  0.8756   0.8953   0.9198   0.9669   1.0142   1.0254   1.1046   1.1232
  1.1375   1.1472   1.2581   1.2656   1.2823   1.2879   1.2938   1.3414
  1.3493   1.3632   1.4092   1.4383   1.5405   1.5503   1.6347   1.6357
  1.6479   1.6569   1.6622   1.6924   1.7033   1.7057   1.7438   1.7652
  1.7944   1.7974   1.8200   1.8389   1.8503   1.8554   1.8829   1.8966
  1.9158   1.9236   1.9492   2.0093   2.0207   2.0656   2.0705   2.0833
  2.1194   2.1588   2.1643   2.1772   2.1959   2.3141   2.3389   2.3607
  2.3937   2.4784   2.4849   2.7008   2.8079   2.8224   2.8941   2.9323
  3.2012   3.2120   3.2538   3.8887   4.0385   4.1545   4.1546   4.5082
  5.5931   5.6168   6.2288
 --------------------------------------------------------------
 
          Ground-State Mulliken Net Atomic Charges

     Atom                 Charge (a.u.)
  ----------------------------------------
      1 C                     0.814788
      2 S                     1.135207
      3 O                    -0.711073
      4 O                    -0.712426
      5 N                    -0.773176
      6 H                     0.521220
      7 H                     0.521222
      8 F                    -0.312669
      9 F                    -0.241670
     10 F                    -0.241422
  ----------------------------------------
  Sum of atomic charges =     0.000000

         Merz-Kollman ESP Net Atomic Charges

     Atom                 Charge (a.u.)
  ----------------------------------------
      1 C                     0.111510
      2 S                     0.934738
      3 O                    -0.479188
      4 O                    -0.479010
      5 N                    -0.711341
      6 H                     0.410755
      7 H                     0.409745
      8 F                    -0.042506
      9 F                    -0.077270
     10 F                    -0.077434
  ----------------------------------------
  Sum of atomic charges =     0.000000

  Related Dipole Moment =     5.4930 (X  4.8938 Y  2.4701 Z  0.3488)

 -----------------------------------------------------------------
                    Cartesian Multipole Moments
 -----------------------------------------------------------------
    Charge (ESU x 10^10)
                 0.0000
    Dipole Moment (Debye)
         X       4.9314      Y       2.4851      Z       0.3005
       Tot       5.5304
    Quadrupole Moments (Debye-Ang)
        XX     -63.9226     XY       2.2916     YY     -50.7165
        XZ       7.9835     YZ       4.5995     ZZ     -51.4419
    Octopole Moments (Debye-Ang^2)
       XXX     260.2256    XXY     -40.7622    XYY      84.4452
       YYY     -74.4668    XXZ     -39.7042    XYZ       2.9803
       YYZ     -18.4340    XZZ      87.3361    YZZ     -21.7600
       ZZZ     -72.3447
    Hexadecapole Moments (Debye-Ang^3)
      XXXX    -994.2528   XXXY     166.1895   XXYY    -232.6440
      XYYY     125.7236   YYYY    -299.3584   XXXZ     170.4029
      XXYZ     -27.5350   XYYZ      53.2180   YYYZ      -9.5026
      XXZZ    -261.1862   XYZZ      44.8222   YYZZ    -136.5286
      XZZZ     140.2422   YZZZ     -29.9954   ZZZZ    -555.2304
 -----------------------------------------------------------------
 Total job time:  5.43s(wall), 43.77s(cpu) 
 Fri May 20 20:53:36 2022

        *************************************************************
        *                                                           *
        *  Thank you very much for using Q-Chem.  Have a nice day.  *
        *                                                           *
        *************************************************************


