                  Welcome to Q-Chem
     A Quantum Leap Into The Future Of Chemistry


 Q-Chem 5.4 (devel), Q-Chem, Inc., Pleasanton, CA (2021)

 E. Epifanovsky,  A. T. B. Gilbert,  Xintian Feng,  Joonho Lee,  Yuezhi Mao,  
 N. Mardirossian,  P. Pokhilko,  A. White,  M. Wormit,  M. P. Coons,  
 A. L. Dempwolff,  Zhengting Gan,  D. Hait,  P. R. Horn,  L. D. Jacobson,  
 I. Kaliman,  J. Kussmann,  A. W. Lange,  Ka Un Lao,  D. S. Levine,  Jie Liu,  
 S. C. McKenzie,  A. F. Morrison,  K. Nanda,  F. Plasser,  D. R. Rehn,  
 M. L. Vidal,  Zhi-Qiang You,  Ying Zhu,  B. Alam,  B. Albrecht,  
 A. Aldossary,  E. Alguire,  J. H. Andersen,  D. Barton,  K. Begam,  A. Behn,  
 Y. A. Bernard,  E. J. Berquist,  H. Burton,  A. Carreras,  K. Carter-Fenk,  
 R. Chakraborty,  A. D. Chien,  K. D. Closser,  V. Cofer-Shabica,  
 S. Dasgupta,  Jia Deng,  M. de Wergifosse,  M. Diedenhofen,  Hainam Do,  
 S. Ehlert,  Po-Tung Fang,  S. Fatehi,  Qingguo Feng,  T. Friedhoff,  
 J. Gayvert,  Qinghui Ge,  G. Gidofalvi,  M. Goldey,  J. Gomes,  
 C. Gonzalez-Espinoza,  S. Gulania,  A. Gunina,  M. W. D. Hanson-Heine,  
 P. H. P. Harbach,  A. W. Hauser,  M. F. Herbst,  M. Hernandez Vera,  
 M. Hodecker,  Z. C. Holden,  S. Houck,  Xunkun Huang,  Kerwin Hui,  
 B. C. Huynh,  M. Ivanov,  Hyunjun Ji,  Hanjie Jiang,  B. Kaduk,  S. Kaehler,  
 K. Khistyaev,  Jaehoon Kim,  P. Klunzinger,  Z. Koczor-Benda,  
 Joong Hoon Koh,  D. Kosenkov,  L. Koulias,  T. Kowalczyk,  C. M. Krauter,  
 K. Kue,  A. Kunitsa,  T. Kus,  A. Landau,  K. V. Lawler,  D. Lefrancois,  
 S. Lehtola,  Rain Li,  Yi-Pei Li,  Jiashu Liang,  M. Liebenthal,  
 Hung-Hsuan Lin,  You-Sheng Lin,  Fenglai Liu,  Kuan-Yu Liu,  
 M. Loipersberger,  A. Luenser,  A. Manjanath,  P. Manohar,  E. Mansoor,  
 S. F. Manzer,  Shan-Ping Mao,  A. V. Marenich,  T. Markovich,  S. Mason,  
 S. A. Maurer,  P. F. McLaughlin,  M. F. S. J. Menger,  J.-M. Mewes,  
 S. A. Mewes,  P. Morgante,  J. W. Mullinax,  K. J. Oosterbaan,  G. Paran,  
 Alexander C. Paul,  Suranjan K. Paul,  F. Pavosevic,  Zheng Pei,  S. Prager,  
 E. I. Proynov,  E. Ramos,  B. Rana,  A. E. Rask,  A. Rettig,  R. M. Richard,  
 F. Rob,  E. Rossomme,  T. Scheele,  M. Scheurer,  M. Schneider,  
 N. Sergueev,  S. M. Sharada,  W. Skomorowski,  D. W. Small,  C. J. Stein,  
 Yu-Chuan Su,  E. J. Sundstrom,  Zhen Tao,  J. Thirman,  T. Tsuchimochi,  
 N. M. Tubman,  S. P. Veccham,  O. Vydrov,  J. Wenzel,  J. Witte,  A. Yamada,  
 Kun Yao,  S. Yeganeh,  S. R. Yost,  A. Zech,  Igor Ying Zhang,  Xing Zhang,  
 Yu Zhang,  D. Zuev,  A. Aspuru-Guzik,  A. T. Bell,  N. A. Besley,  
 K. B. Bravaya,  B. R. Brooks,  D. Casanova,  Jeng-Da Chai,  S. Coriani,  
 C. J. Cramer,  A. E. DePrince, III,  R. A. DiStasio Jr.,  A. Dreuw,  
 B. D. Dunietz,  T. R. Furlani,  W. A. Goddard III,  S. Grimme,  
 S. Hammes-Schiffer,  T. Head-Gordon,  W. J. Hehre,  Chao-Ping Hsu,  
 T.-C. Jagau,  Yousung Jung,  A. Klamt,  Jing Kong,  D. S. Lambrecht,  
 WanZhen Liang,  N. J. Mayhall,  C. W. McCurdy,  J. B. Neaton,  
 C. Ochsenfeld,  J. A. Parkhill,  R. Peverati,  V. A. Rassolov,  Yihan Shao,  
 L. V. Slipchenko,  T. Stauch,  R. P. Steele,  J. E. Subotnik,  
 A. J. W. Thom,  A. Tkatchenko,  D. G. Truhlar,  T. Van Voorhis,  
 T. A. Wesolowski,  K. B. Whaley,  H. L. Woodcock III,  P. M. Zimmerman,  
 S. Faraji,  P. M. W. Gill,  M. Head-Gordon,  J. M. Herbert,  A. I. Krylov

 Additional authors for Version 5.4.1: 
 S. Kotaru,  Shaozhi Li,  Xiangyuan Li,  F. Matz,  A. Molle,  Haisheng Ren,  
 Yingli Su,  Hung-Yi Tsai,  C. Utku,  Fang Wang

 Contributors to earlier versions of Q-Chem not listed above: 
 R. D. Adamson,  B. Austin,  R. Baer,  J. Baker,  G. J. O. Beran,  
 K. Brandhorst,  S. T. Brown,  E. F. C. Byrd,  A. K. Chakraborty,  
 G. K. L. Chan,  Chun-Min Chang,  Yunqing Chen,  C.-L. Cheng,  
 Siu Hung Chien,  D. M. Chipman,  D. L. Crittenden,  H. Dachsel,  
 R. J. Doerksen,  A. D. Dutoi,  R. G. Edgar,  J. Fosso-Tande,  
 L. Fusti-Molnar,  D. Ghosh,  A. Ghysels,  A. Golubeva-Zadorozhnaya,  
 J. Gonthier,  M. S. Gordon,  S. R. Gwaltney,  G. Hawkins,  J. E. Herr,  
 A. Heyden,  S. Hirata,  E. G. Hohenstein,  G. Kedziora,  F. J. Keil,  
 C. Kelley,  Jihan Kim,  R. A. King,  R. Z. Khaliullin,  P. P. Korambath,  
 W. Kurlancheek,  A. Laurent,  A. M. Lee,  M. S. Lee,  S. V. Levchenko,  
 Ching Yeh Lin,  D. Liotard,  E. Livshits,  R. C. Lochan,  I. Lotan,  
 L. A. Martinez-Martinez,  P. E. Maslen,  N. Nair,  D. P. O'Neill,  
 D. Neuhauser,  E. Neuscamman,  C. M. Oana,  R. Olivares-Amaya,  R. Olson,  
 T. M. Perrine,  B. Peters,  P. A. Pieniazek,  A. Prociuk,  Y. M. Rhee,  
 J. Ritchie,  M. A. Rohrdanz,  E. Rosta,  N. J. Russ,  H. F. Schaefer III,  
 M. W. Schmidt,  N. E. Schultz,  S. Sharma,  N. Shenvi,  C. D. Sherrill,  
 A. C. Simmonett,  A. Sodt,  T. Stein,  D. Stuck,  K. S. Thanthiriwatte,  
 V. Vanovschi,  L. Vogt,  Tao Wang,  A. Warshel,  M. A. Watson,  
 C. F. Williams,  Q. Wu,  X. Xu,  Jun Yang,  W. Zhang,  Yan Zhao

 Please cite Q-Chem as follows:
 Y. Shao et al., Mol. Phys. 113, 184-215 (2015)
 DOI: 10.1080/00268976.2014.952696

 Q-Chem 5.4.1 for Intel X86 EM64T Linux

 Parts of Q-Chem use Armadillo 9.800.1 (Horizon Scraper).
 http://arma.sourceforge.net/

 Q-Chem begins on Sun May 22 16:18:44 2022  

 Host: gadi-cpu-clx-0899.gadi.nci.org.au
0

     Scratch files written to /jobfs/40921191.gadi-pbs/qchem3754845//
 Processing $rem in /apps/qchem/5.4.1/config/preferences:
 Processing $rem in /home/561/yj5695/.qchemrc:
 Symmetry turned off for PCM/SM12/SMD calculation
 Method-specific promolecule density matrix will be built for SM12 calculation

 Checking the input file for inconsistencies... 	...done.

--------------------------------------------------------------
User input:
--------------------------------------------------------------
$molecule
0  1
C -1.1728461149  0.7108246997 -0.8229659072
C -2.3621713472  0.4702841866 -1.5260502271
C -3.6474294084  0.0641496 -0.8760167224
C -2.367262768  0.6188918607 -2.911451287
H -3.2832626115  0.4196389669 -3.4595295561
C -1.2161716559  1.0350880204 -3.5799334493
C -0.0473712239  1.2888251304 -2.8685321309
H  0.8518317727  1.607425503 -3.3856681012
C -0.0180692875  1.114679862 -1.4845823865
H  0.8995391987  1.2741207164 -0.9282342791
S -1.0513336288  0.4088489172  0.938530394
O -1.8987410957 -0.7442718086  1.2428951422
O  0.3716285086  0.3569690752  1.2711073217
N -1.6617452873  1.6921335267  1.7708213035
H -2.638445185  1.8648145631  1.523749663
H -1.0937768531  2.5307049123  1.6344161537
O -4.3318908656 -0.8615518584 -1.2611547784
O -3.9787346454  0.8647130446  0.1334441751
C -5.1441638226  0.4873433638  0.8909240574
H -1.2366406455  1.1572604653 -4.6581341097
H -5.2189163383  1.2227165675  1.6897473055
H -5.0047242337 -0.515822191  1.2987869316
H -6.0275444615  0.5211818761  0.2513724873
$end

$rem
jobtype sp
exchange M062X
basis 6-31+G*
xc_grid 1
SMX_GAS_PHASE = TRUE
solvent_method sm12
$end

$smx
solvent water
charges mk
$end
--------------------------------------------------------------
 ----------------------------------------------------------------
             Standard Nuclear Orientation (Angstroms)
    I     Atom           X                Y                Z
 ----------------------------------------------------------------
    1      C      -1.1728461149     0.7108246997    -0.8229659072
    2      C      -2.3621713472     0.4702841866    -1.5260502271
    3      C      -3.6474294084     0.0641496000    -0.8760167224
    4      C      -2.3672627680     0.6188918607    -2.9114512870
    5      H      -3.2832626115     0.4196389669    -3.4595295561
    6      C      -1.2161716559     1.0350880204    -3.5799334493
    7      C      -0.0473712239     1.2888251304    -2.8685321309
    8      H       0.8518317727     1.6074255030    -3.3856681012
    9      C      -0.0180692875     1.1146798620    -1.4845823865
   10      H       0.8995391987     1.2741207164    -0.9282342791
   11      S      -1.0513336288     0.4088489172     0.9385303940
   12      O      -1.8987410957    -0.7442718086     1.2428951422
   13      O       0.3716285086     0.3569690752     1.2711073217
   14      N      -1.6617452873     1.6921335267     1.7708213035
   15      H      -2.6384451850     1.8648145631     1.5237496630
   16      H      -1.0937768531     2.5307049123     1.6344161537
   17      O      -4.3318908656    -0.8615518584    -1.2611547784
   18      O      -3.9787346454     0.8647130446     0.1334441751
   19      C      -5.1441638226     0.4873433638     0.8909240574
   20      H      -1.2366406455     1.1572604653    -4.6581341097
   21      H      -5.2189163383     1.2227165675     1.6897473055
   22      H      -5.0047242337    -0.5158221910     1.2987869316
   23      H      -6.0275444615     0.5211818761     0.2513724873
 ----------------------------------------------------------------
 Nuclear Repulsion Energy =        1084.73868929 hartrees
 There are       56 alpha and       56 beta electrons
 Requested basis set is 6-31+G(d)
 There are 89 shells and 288 basis functions

 Total QAlloc Memory Limit   2000 MB
 Mega-Array Size       188 MB
 MEM_STATIC part       192 MB
 A cutoff of  1.0D-08 yielded   3117 shell pairs
 There are     35346 function pairs
 Smallest overlap matrix eigenvalue = 8.74E-07

 Q-Chem warning in module stvman/mkSTV.C, line 323:

 Overlap eigenvalue is smaller than square root of threshold
 Use THRESH >= 12 to get rid of this warning

 Linear dependence detected in AO basis
 Tighter screening thresholds may be required for diffuse basis sets
 Use S2THRESH > 14 and THRESH = 14 in case of SCF convergence issues
 Number of orthogonalized atomic orbitals = 287
 Maximum deviation from orthogonality = 6.570E-11

 Scale SEOQF with 1.000000e-02/1.000000e-01/1.000000e-01

 Standard Electronic Orientation quadrupole field applied
 Nucleus-field energy     =    -0.0000000281 hartrees
 ================ Generating on-the-fly Promolecule Density  ================
Attempting to make child job directory: /jobfs/40921191.gadi-pbs/qchem3754845//Frg1/
Attempting to make child job directory: /jobfs/40921191.gadi-pbs/qchem3754845//Frg2/
Attempting to make child job directory: /jobfs/40921191.gadi-pbs/qchem3754845//Frg3/
Attempting to make child job directory: /jobfs/40921191.gadi-pbs/qchem3754845//Frg4/
Attempting to make child job directory: /jobfs/40921191.gadi-pbs/qchem3754845//Frg5/
Creating input file /jobfs/40921191.gadi-pbs/qchem3754845/Frg1.input
using default PutDataFrgm: nothing
calling putenv with: QCSCRATCH=/jobfs/40921191.gadi-pbs/qchem3754845/ 
Spawning Job For Fragment 0
Done Job For Fragment 0
calling putenv with: QCSCRATCH=/jobfs/40921191.gadi-pbs 
calling putenv with: QCTHREADS=16 
Creating input file /jobfs/40921191.gadi-pbs/qchem3754845/Frg2.input
using default PutDataFrgm: nothing
calling putenv with: QCSCRATCH=/jobfs/40921191.gadi-pbs/qchem3754845/ 
Spawning Job For Fragment 1
Done Job For Fragment 1
calling putenv with: QCSCRATCH=/jobfs/40921191.gadi-pbs 
calling putenv with: QCTHREADS=16 
Creating input file /jobfs/40921191.gadi-pbs/qchem3754845/Frg3.input
using default PutDataFrgm: nothing
calling putenv with: QCSCRATCH=/jobfs/40921191.gadi-pbs/qchem3754845/ 
Spawning Job For Fragment 2
Done Job For Fragment 2
calling putenv with: QCSCRATCH=/jobfs/40921191.gadi-pbs 
calling putenv with: QCTHREADS=16 
Creating input file /jobfs/40921191.gadi-pbs/qchem3754845/Frg4.input
using default PutDataFrgm: nothing
calling putenv with: QCSCRATCH=/jobfs/40921191.gadi-pbs/qchem3754845/ 
Spawning Job For Fragment 3
Done Job For Fragment 3
calling putenv with: QCSCRATCH=/jobfs/40921191.gadi-pbs 
calling putenv with: QCTHREADS=16 
Creating input file /jobfs/40921191.gadi-pbs/qchem3754845/Frg5.input
using default PutDataFrgm: nothing
calling putenv with: QCSCRATCH=/jobfs/40921191.gadi-pbs/qchem3754845/ 
Spawning Job For Fragment 4
Done Job For Fragment 4
calling putenv with: QCSCRATCH=/jobfs/40921191.gadi-pbs 
calling putenv with: QCTHREADS=16 
 Time for running child jobs:  CPU 2.17 s  wall 1.83 s
 ============= Method Specific Promolecule Density Constructed =============
 Guess from superposition of atomic densities
 Warning:  Energy on first SCF cycle will be non-variational
 SAD guess density has 112.000000 electrons

 -----------------------------------------------------------------------
  General SCF calculation program by
  Eric Jon Sundstrom, Paul Horn, Yuezhi Mao, Dmitri Zuev, Alec White,
  David Stuck, Shaama M.S., Shane Yost, Joonho Lee, David Small,
  Daniel Levine, Susi Lehtola, Hugh Burton, Evgeny Epifanovsky,
  Bang C. Huynh
 -----------------------------------------------------------------------
 Exchange:     0.5400 Hartree-Fock + 1.0000 M06-2X
 Correlation:  1.0000 M06-2X
 Using SG-1 standard quadrature grid
 using 16 threads for integral computing
 -------------------------------------------------------
 OpenMP Integral computing Module                
 Release: version 1.0, May 2013, Q-Chem Inc. Pittsburgh 
 -------------------------------------------------------
 A restricted SCF calculation will be
 performed using DIIS
 SCF converges when DIIS error is below 1.0e-05
 ---------------------------------------
  Cycle       Energy         DIIS error
 ---------------------------------------
    1   -1068.0008846428      4.53e-02  
    2   -1063.4457349499      6.05e-03  
    3   -1063.0934447714      9.33e-03  
    4   -1063.7505067045      1.08e-03  
    5   -1063.7595773800      4.79e-04  
    6   -1063.7614386645      1.20e-04  
    7   -1063.7615542034      4.34e-05  
    8   -1063.7615697159      1.09e-05  
    9   -1063.7615722604      5.67e-06  Convergence criterion met
 ---------------------------------------
 SCF time:   CPU 86.24s  wall 5.00s 
 SCF   energy in the final basis set =    -1063.7615722604
 Total energy in the final basis set =    -1063.7615722604
 Exchange:     0.5400 Hartree-Fock + 1.0000 M06-2X
 Correlation:  1.0000 M06-2X
 Using SG-1 standard quadrature grid
 
 SM12 calculation using Merz-Singh-Kollman charges
 Citation of the SM12 model:
 Marenich, A.V.; Cramer, C.J.; Truhlar, D.G.
 J. Chem. Theory Comput. 2013, 9, 609-612.
 iSolventCode=           1
 Solvent: water                                                           
 
  Building new vdw surfaces
         Merz-Kollman ESP Net Atomic Charges

     Atom                 Charge (a.u.)
  ----------------------------------------
      1 C                    -0.187414
      2 C                    -0.179337
      3 C                     0.917262
      4 C                    -0.116550
      5 H                     0.143159
      6 C                    -0.055739
      7 C                    -0.203473
      8 H                     0.163033
      9 C                     0.008089
     10 H                     0.138164
     11 S                     1.006360
     12 O                    -0.467283
     13 O                    -0.495118
     14 N                    -0.821114
     15 H                     0.413594
     16 H                     0.376867
     17 O                    -0.544808
     18 O                    -0.459066
     19 C                    -0.279072
     20 H                     0.138468
     21 H                     0.175758
     22 H                     0.169444
     23 H                     0.158775
  ----------------------------------------
  Sum of atomic charges =     0.000000

  Related Dipole Moment =     6.6021 (X -1.5420 Y  5.6745 Z -3.0016)


 Charges (in A.U.) from Merz-Kollman fitting 
 -----------------------------------------------
 Center     Atomic                  MZ       
 Number     Number                  Charge
 -----------------------------------------------
    1          6                   -0.187414
    2          6                   -0.179337
    3          6                    0.917262
    4          6                   -0.116550
    5          1                    0.143159
    6          6                   -0.055739
    7          6                   -0.203473
    8          1                    0.163033
    9          6                    0.008089
   10          1                    0.138164
   11         16                    1.006360
   12          8                   -0.467283
   13          8                   -0.495118
   14          7                   -0.821114
   15          1                    0.413594
   16          1                    0.376867
   17          8                   -0.544808
   18          8                   -0.459066
   19          6                   -0.279072
   20          1                    0.138468
   21          1                    0.175758
   22          1                    0.169444
   23          1                    0.158775
 -----------------------------------------------
 A restricted SCF calculation will be
 performed using Roothaan-Hall, DIIS
 SCF converges when DIIS error is below 1.0e-05
 ---------------------------------------
  Cycle       Energy         DIIS error
 ---------------------------------------
         Merz-Kollman ESP Net Atomic Charges

     Atom                 Charge (a.u.)
  ----------------------------------------
      1 C                    -0.213206
      2 C                    -0.187032
      3 C                     0.955127
      4 C                    -0.126900
      5 H                     0.153781
      6 C                    -0.043669
      7 C                    -0.201529
      8 H                     0.179302
      9 C                     0.018458
     10 H                     0.142505
     11 S                     1.044890
     12 O                    -0.519750
     13 O                    -0.543140
     14 N                    -0.816105
     15 H                     0.434366
     16 H                     0.396337
     17 O                    -0.607784
     18 O                    -0.469145
     19 C                    -0.272562
     20 H                     0.154156
     21 H                     0.194095
     22 H                     0.162924
     23 H                     0.164883
  ----------------------------------------
  Sum of atomic charges =     0.000000

  Related Dipole Moment =     7.9397 (X -1.4473 Y  6.9557 Z -3.5444)


 Charges (in A.U.) from Merz-Kollman fitting 
 -----------------------------------------------
 Center     Atomic                  MZ       
 Number     Number                  Charge
 -----------------------------------------------
    1          6                   -0.213206
    2          6                   -0.187032
    3          6                    0.955127
    4          6                   -0.126900
    5          1                    0.153781
    6          6                   -0.043669
    7          6                   -0.201529
    8          1                    0.179302
    9          6                    0.018458
   10          1                    0.142505
   11         16                    1.044890
   12          8                   -0.519750
   13          8                   -0.543140
   14          7                   -0.816105
   15          1                    0.434366
   16          1                    0.396337
   17          8                   -0.607784
   18          8                   -0.469145
   19          6                   -0.272562
   20          1                    0.154156
   21          1                    0.194095
   22          1                    0.162924
   23          1                    0.164883
 -----------------------------------------------
    1   -1063.7615709311      4.28e-04  Roothaan Step
 ---------------------------------------
  Cycle       Energy         DIIS error
 ---------------------------------------
         Merz-Kollman ESP Net Atomic Charges

     Atom                 Charge (a.u.)
  ----------------------------------------
      1 C                    -0.208092
      2 C                    -0.161323
      3 C                     0.950504
      4 C                    -0.137166
      5 H                     0.153046
      6 C                    -0.045654
      7 C                    -0.229678
      8 H                     0.189901
      9 C                     0.023169
     10 H                     0.141249
     11 S                     1.010149
     12 O                    -0.491777
     13 O                    -0.524849
     14 N                    -0.831547
     15 H                     0.439298
     16 H                     0.395807
     17 O                    -0.577150
     18 O                    -0.521039
     19 C                    -0.259951
     20 H                     0.160282
     21 H                     0.197286
     22 H                     0.162849
     23 H                     0.164684
  ----------------------------------------
  Sum of atomic charges =     0.000000

  Related Dipole Moment =     7.5343 (X -1.5525 Y  6.4281 Z -3.6103)


 Charges (in A.U.) from Merz-Kollman fitting 
 -----------------------------------------------
 Center     Atomic                  MZ       
 Number     Number                  Charge
 -----------------------------------------------
    1          6                   -0.208092
    2          6                   -0.161323
    3          6                    0.950504
    4          6                   -0.137166
    5          1                    0.153046
    6          6                   -0.045654
    7          6                   -0.229678
    8          1                    0.189901
    9          6                    0.023169
   10          1                    0.141249
   11         16                    1.010149
   12          8                   -0.491777
   13          8                   -0.524849
   14          7                   -0.831547
   15          1                    0.439298
   16          1                    0.395807
   17          8                   -0.577150
   18          8                   -0.521039
   19          6                   -0.259951
   20          1                    0.160282
   21          1                    0.197286
   22          1                    0.162849
   23          1                    0.164684
 -----------------------------------------------
    1   -1063.7557036512      3.32e-04  
         Merz-Kollman ESP Net Atomic Charges

     Atom                 Charge (a.u.)
  ----------------------------------------
      1 C                    -0.209670
      2 C                    -0.173474
      3 C                     0.964681
      4 C                    -0.133711
      5 H                     0.153287
      6 C                    -0.044930
      7 C                    -0.219431
      8 H                     0.187237
      9 C                     0.022326
     10 H                     0.141418
     11 S                     1.043867
     12 O                    -0.514131
     13 O                    -0.542718
     14 N                    -0.824451
     15 H                     0.437068
     16 H                     0.396090
     17 O                    -0.603987
     18 O                    -0.497216
     19 C                    -0.270355
     20 H                     0.159474
     21 H                     0.198446
     22 H                     0.164154
     23 H                     0.166026
  ----------------------------------------
  Sum of atomic charges =     0.000000

  Related Dipole Moment =     7.8355 (X -1.4764 Y  6.7981 Z -3.6057)


 Charges (in A.U.) from Merz-Kollman fitting 
 -----------------------------------------------
 Center     Atomic                  MZ       
 Number     Number                  Charge
 -----------------------------------------------
    1          6                   -0.209670
    2          6                   -0.173474
    3          6                    0.964681
    4          6                   -0.133711
    5          1                    0.153287
    6          6                   -0.044930
    7          6                   -0.219431
    8          1                    0.187237
    9          6                    0.022326
   10          1                    0.141418
   11         16                    1.043867
   12          8                   -0.514131
   13          8                   -0.542718
   14          7                   -0.824451
   15          1                    0.437068
   16          1                    0.396090
   17          8                   -0.603987
   18          8                   -0.497216
   19          6                   -0.270355
   20          1                    0.159474
   21          1                    0.198446
   22          1                    0.164154
   23          1                    0.166026
 -----------------------------------------------
    2   -1063.7567651392      4.20e-04  
         Merz-Kollman ESP Net Atomic Charges

     Atom                 Charge (a.u.)
  ----------------------------------------
      1 C                    -0.214880
      2 C                    -0.174859
      3 C                     0.961388
      4 C                    -0.132618
      5 H                     0.153554
      6 C                    -0.042878
      7 C                    -0.218174
      8 H                     0.187595
      9 C                     0.024843
     10 H                     0.141268
     11 S                     1.038399
     12 O                    -0.512497
     13 O                    -0.541350
     14 N                    -0.823260
     15 H                     0.437528
     16 H                     0.396650
     17 O                    -0.601173
     18 O                    -0.499866
     19 C                    -0.268401
     20 H                     0.159818
     21 H                     0.198745
     22 H                     0.163853
     23 H                     0.166318
  ----------------------------------------
  Sum of atomic charges =     0.000000

  Related Dipole Moment =     7.8684 (X -1.4720 Y  6.8067 Z -3.6624)


 Charges (in A.U.) from Merz-Kollman fitting 
 -----------------------------------------------
 Center     Atomic                  MZ       
 Number     Number                  Charge
 -----------------------------------------------
    1          6                   -0.214880
    2          6                   -0.174859
    3          6                    0.961388
    4          6                   -0.132618
    5          1                    0.153554
    6          6                   -0.042878
    7          6                   -0.218174
    8          1                    0.187595
    9          6                    0.024843
   10          1                    0.141268
   11         16                    1.038399
   12          8                   -0.512497
   13          8                   -0.541350
   14          7                   -0.823260
   15          1                    0.437528
   16          1                    0.396650
   17          8                   -0.601173
   18          8                   -0.499866
   19          6                   -0.268401
   20          1                    0.159818
   21          1                    0.198745
   22          1                    0.163853
   23          1                    0.166318
 -----------------------------------------------
    3   -1063.7563265482      4.50e-05  
         Merz-Kollman ESP Net Atomic Charges

     Atom                 Charge (a.u.)
  ----------------------------------------
      1 C                    -0.212354
      2 C                    -0.173331
      3 C                     0.963413
      4 C                    -0.133478
      5 H                     0.153604
      6 C                    -0.044090
      7 C                    -0.220031
      8 H                     0.188431
      9 C                     0.024118
     10 H                     0.141370
     11 S                     1.039192
     12 O                    -0.512725
     13 O                    -0.541929
     14 N                    -0.824643
     15 H                     0.437973
     16 H                     0.396796
     17 O                    -0.603006
     18 O                    -0.500354
     19 C                    -0.269243
     20 H                     0.160576
     21 H                     0.199194
     22 H                     0.164053
     23 H                     0.166464
  ----------------------------------------
  Sum of atomic charges =     0.000000

  Related Dipole Moment =     7.8679 (X -1.4735 Y  6.8089 Z -3.6568)


 Charges (in A.U.) from Merz-Kollman fitting 
 -----------------------------------------------
 Center     Atomic                  MZ       
 Number     Number                  Charge
 -----------------------------------------------
    1          6                   -0.212354
    2          6                   -0.173331
    3          6                    0.963413
    4          6                   -0.133478
    5          1                    0.153604
    6          6                   -0.044090
    7          6                   -0.220031
    8          1                    0.188431
    9          6                    0.024118
   10          1                    0.141370
   11         16                    1.039192
   12          8                   -0.512725
   13          8                   -0.541929
   14          7                   -0.824643
   15          1                    0.437973
   16          1                    0.396796
   17          8                   -0.603006
   18          8                   -0.500354
   19          6                   -0.269243
   20          1                    0.160576
   21          1                    0.199194
   22          1                    0.164053
   23          1                    0.166464
 -----------------------------------------------
    4   -1063.7561627439      2.35e-05  
    5   -1063.7561103236      6.05e-06  Convergence criterion met
 ---------------------------------------
 SCF time:   CPU 85.26s  wall 5.00s 
(0)  E-EN(g) gas-phase elect-nuc energy                -1063.761572260 a.u.
(1)  E-EN(liq) elect-nuc energy of solute              -1063.756110324 a.u.
(2)  G-P(liq) polarization free energy of solvation           -21.3497 kcal/mol
(3)  G-ENP(liq) elect-nuc-pol free energy of system    -1063.790133214 a.u.
(4)  G-CDS(liq) cavity-dispersion-solvent structure 
     free energy                                                3.5772 kcal/mol
(5)  G-P-CDS(liq) = G-P(liq) + G-CDS(liq) = (2) + (4)         -17.7724 kcal/mol
(6)  G-S(liq) free energy of system = (1) + (5)        -1063.784432510 a.u.
(7)  DeltaE-EN(liq) elect-nuc reorganization
     energy of solute molecule (7) = (1) - (0)                  3.4274 kcal/mol
(8)  DeltaG-ENP(liq) elect-nuc-pol free energy
     of solvation (8) = (3) - (0)                             -17.9223 kcal/mol
(9)  DeltaG-S(liq) free energy of  solvation
     (9) = (6) - (0)                                          -14.3450 kcal/mol
 SCF   energy in the final basis set =    -1063.7844325101
 Total energy in the final basis set =    -1063.7844325101
 
 --------------------------------------------------------------
 
                    Orbital Energies (a.u.)
 --------------------------------------------------------------
 
 Alpha MOs
 -- Occupied --
-90.1842 -19.7195 -19.6634 -19.6622 -19.6603 -14.8080 -10.7167 -10.6190
-10.6092 -10.6074 -10.5916 -10.5888 -10.5847 -10.5838  -8.4930  -6.4151
 -6.4146  -6.4138  -1.2668  -1.2603  -1.1676  -1.1484  -1.0382  -1.0043
 -0.9038  -0.8915  -0.8397  -0.7811  -0.7371  -0.7106  -0.6780  -0.6598
 -0.6249  -0.6154  -0.5989  -0.5865  -0.5818  -0.5671  -0.5544  -0.5356
 -0.5328  -0.5083  -0.4890  -0.4703  -0.4624  -0.4531  -0.4420  -0.4374
 -0.4232  -0.4096  -0.4072  -0.3949  -0.3887  -0.3821  -0.3393  -0.3379
 -- Virtual --
 -0.0390  -0.0156  -0.0025   0.0177   0.0201   0.0365   0.0416   0.0428
  0.0454   0.0526   0.0541   0.0598   0.0674   0.0722   0.0846   0.0878
  0.0940   0.0965   0.1056   0.1071   0.1109   0.1141   0.1197   0.1251
  0.1285   0.1415   0.1501   0.1544   0.1576   0.1618   0.1656   0.1687
  0.1809   0.1866   0.1891   0.1919   0.1969   0.2046   0.2089   0.2119
  0.2201   0.2275   0.2290   0.2346   0.2396   0.2446   0.2531   0.2547
  0.2616   0.2711   0.2743   0.2763   0.2833   0.2897   0.2967   0.2982
  0.3059   0.3113   0.3124   0.3162   0.3225   0.3380   0.3407   0.3514
  0.3599   0.3621   0.3682   0.3738   0.3771   0.3836   0.3939   0.4014
  0.4067   0.4114   0.4322   0.4448   0.4577   0.4651   0.5105   0.5434
  0.5598   0.5712   0.6083   0.6543   0.6692   0.6781   0.6927   0.7053
  0.7162   0.7231   0.7355   0.7494   0.7606   0.7694   0.7781   0.7890
  0.8029   0.8223   0.8271   0.8330   0.8521   0.8725   0.8798   0.9348
  0.9492   0.9528   0.9544   0.9767   0.9845   0.9893   1.0098   1.0153
  1.0256   1.0561   1.0597   1.0734   1.0933   1.1098   1.1135   1.1304
  1.1457   1.1497   1.1592   1.1742   1.1844   1.1959   1.2078   1.2185
  1.2597   1.2775   1.2909   1.3150   1.3239   1.3473   1.3620   1.3634
  1.3736   1.3911   1.3970   1.4045   1.4105   1.4133   1.4327   1.4460
  1.4663   1.4733   1.4959   1.5072   1.5143   1.5220   1.5376   1.5700
  1.6009   1.6154   1.6494   1.6848   1.7285   1.7359   1.7568   1.7869
  1.8019   1.8042   1.8263   1.8344   1.8592   1.8824   1.8961   1.8970
  1.9277   1.9366   1.9592   1.9820   2.0072   2.0248   2.0332   2.0560
  2.0753   2.0938   2.1197   2.1339   2.1532   2.1653   2.1700   2.1780
  2.1949   2.2072   2.2291   2.2448   2.2723   2.3010   2.3075   2.3366
  2.3625   2.3711   2.3948   2.4453   2.4640   2.4931   2.5090   2.5983
  2.6211   2.6357   2.6644   2.6853   2.7265   2.7347   2.7750   2.8193
  2.8573   2.8912   2.9454   2.9616   2.9848   3.1525   3.1638   3.2161
  3.3861   3.9442   4.0836   4.2219   4.2451   4.2707   4.2976   4.3248
  4.3481   4.3992   4.4303   4.4823   4.5564   4.5980   4.7586
 --------------------------------------------------------------
 
          Ground-State Mulliken Net Atomic Charges

     Atom                 Charge (a.u.)
  ----------------------------------------
      1 C                    -1.481288
      2 C                    -0.227431
      3 C                    -0.291471
      4 C                    -0.139944
      5 H                     0.285546
      6 C                     0.568497
      7 C                     0.734264
      8 H                     0.287699
      9 C                     0.052176
     10 H                     0.297144
     11 S                     1.273332
     12 O                    -0.722712
     13 O                    -0.740275
     14 N                    -0.827949
     15 H                     0.526298
     16 H                     0.510651
     17 O                    -0.595248
     18 O                    -0.328283
     19 C                    -0.253491
     20 H                     0.291202
     21 H                     0.274572
     22 H                     0.249611
     23 H                     0.257101
  ----------------------------------------
  Sum of atomic charges =     0.000000

         Merz-Kollman ESP Net Atomic Charges

     Atom                 Charge (a.u.)
  ----------------------------------------
      1 C                    -0.213094
      2 C                    -0.173459
      3 C                     0.963385
      4 C                    -0.133456
      5 H                     0.153562
      6 C                    -0.043778
      7 C                    -0.219994
      8 H                     0.188441
      9 C                     0.024486
     10 H                     0.141289
     11 S                     1.040269
     12 O                    -0.513099
     13 O                    -0.542250
     14 N                    -0.824445
     15 H                     0.437829
     16 H                     0.396663
     17 O                    -0.602882
     18 O                    -0.500598
     19 C                    -0.269307
     20 H                     0.160560
     21 H                     0.199248
     22 H                     0.164129
     23 H                     0.166502
  ----------------------------------------
  Sum of atomic charges =     0.000000

  Related Dipole Moment =     7.8696 (X -1.4713 Y  6.8094 Z -3.6603)

 -----------------------------------------------------------------
                    Cartesian Multipole Moments
 -----------------------------------------------------------------
    Charge (ESU x 10^10)
                 0.0000
    Dipole Moment (Debye)
         X      -1.4374      Y       6.7479      Z      -3.6979
       Tot       7.8278
    Quadrupole Moments (Debye-Ang)
        XX     -78.8597     XY     -14.5213     YY     -84.7138
        XZ      -8.8927     YZ      -1.0570     ZZ     -77.9336
    Octopole Moments (Debye-Ang^2)
       XXX     458.7211    XXY       9.6610    XYY     180.5246
       YYY    -127.5842    XXZ      87.8710    XYZ      -3.9057
       YYZ      59.1304    XZZ     159.0849    YZZ     -21.2205
       ZZZ      50.7687
    Hexadecapole Moments (Debye-Ang^3)
      XXXX   -3199.4150   XXXY     -72.1986   XXYY    -715.1690
      XYYY     150.5107   YYYY    -466.6308   XXXZ    -453.3502
      XXYZ      22.8188   XYYZ    -106.8387   YYYZ     169.3546
      XXZZ    -839.2480   XYZZ      21.7144   YYZZ    -367.7184
      XZZZ     -94.5758   YZZZ      27.8412   ZZZZ   -1498.2085
 -----------------------------------------------------------------
 Total job time:  13.39s(wall), 181.58s(cpu) 
 Sun May 22 16:18:58 2022

        *************************************************************
        *                                                           *
        *  Thank you very much for using Q-Chem.  Have a nice day.  *
        *                                                           *
        *************************************************************


