                  Welcome to Q-Chem
     A Quantum Leap Into The Future Of Chemistry


 Q-Chem 5.4 (devel), Q-Chem, Inc., Pleasanton, CA (2021)

 E. Epifanovsky,  A. T. B. Gilbert,  Xintian Feng,  Joonho Lee,  Yuezhi Mao,  
 N. Mardirossian,  P. Pokhilko,  A. White,  M. Wormit,  M. P. Coons,  
 A. L. Dempwolff,  Zhengting Gan,  D. Hait,  P. R. Horn,  L. D. Jacobson,  
 I. Kaliman,  J. Kussmann,  A. W. Lange,  Ka Un Lao,  D. S. Levine,  Jie Liu,  
 S. C. McKenzie,  A. F. Morrison,  K. Nanda,  F. Plasser,  D. R. Rehn,  
 M. L. Vidal,  Zhi-Qiang You,  Ying Zhu,  B. Alam,  B. Albrecht,  
 A. Aldossary,  E. Alguire,  J. H. Andersen,  D. Barton,  K. Begam,  A. Behn,  
 Y. A. Bernard,  E. J. Berquist,  H. Burton,  A. Carreras,  K. Carter-Fenk,  
 R. Chakraborty,  A. D. Chien,  K. D. Closser,  V. Cofer-Shabica,  
 S. Dasgupta,  Jia Deng,  M. de Wergifosse,  M. Diedenhofen,  Hainam Do,  
 S. Ehlert,  Po-Tung Fang,  S. Fatehi,  Qingguo Feng,  T. Friedhoff,  
 J. Gayvert,  Qinghui Ge,  G. Gidofalvi,  M. Goldey,  J. Gomes,  
 C. Gonzalez-Espinoza,  S. Gulania,  A. Gunina,  M. W. D. Hanson-Heine,  
 P. H. P. Harbach,  A. W. Hauser,  M. F. Herbst,  M. Hernandez Vera,  
 M. Hodecker,  Z. C. Holden,  S. Houck,  Xunkun Huang,  Kerwin Hui,  
 B. C. Huynh,  M. Ivanov,  Hyunjun Ji,  Hanjie Jiang,  B. Kaduk,  S. Kaehler,  
 K. Khistyaev,  Jaehoon Kim,  P. Klunzinger,  Z. Koczor-Benda,  
 Joong Hoon Koh,  D. Kosenkov,  L. Koulias,  T. Kowalczyk,  C. M. Krauter,  
 K. Kue,  A. Kunitsa,  T. Kus,  A. Landau,  K. V. Lawler,  D. Lefrancois,  
 S. Lehtola,  Rain Li,  Yi-Pei Li,  Jiashu Liang,  M. Liebenthal,  
 Hung-Hsuan Lin,  You-Sheng Lin,  Fenglai Liu,  Kuan-Yu Liu,  
 M. Loipersberger,  A. Luenser,  A. Manjanath,  P. Manohar,  E. Mansoor,  
 S. F. Manzer,  Shan-Ping Mao,  A. V. Marenich,  T. Markovich,  S. Mason,  
 S. A. Maurer,  P. F. McLaughlin,  M. F. S. J. Menger,  J.-M. Mewes,  
 S. A. Mewes,  P. Morgante,  J. W. Mullinax,  K. J. Oosterbaan,  G. Paran,  
 Alexander C. Paul,  Suranjan K. Paul,  F. Pavosevic,  Zheng Pei,  S. Prager,  
 E. I. Proynov,  E. Ramos,  B. Rana,  A. E. Rask,  A. Rettig,  R. M. Richard,  
 F. Rob,  E. Rossomme,  T. Scheele,  M. Scheurer,  M. Schneider,  
 N. Sergueev,  S. M. Sharada,  W. Skomorowski,  D. W. Small,  C. J. Stein,  
 Yu-Chuan Su,  E. J. Sundstrom,  Zhen Tao,  J. Thirman,  T. Tsuchimochi,  
 N. M. Tubman,  S. P. Veccham,  O. Vydrov,  J. Wenzel,  J. Witte,  A. Yamada,  
 Kun Yao,  S. Yeganeh,  S. R. Yost,  A. Zech,  Igor Ying Zhang,  Xing Zhang,  
 Yu Zhang,  D. Zuev,  A. Aspuru-Guzik,  A. T. Bell,  N. A. Besley,  
 K. B. Bravaya,  B. R. Brooks,  D. Casanova,  Jeng-Da Chai,  S. Coriani,  
 C. J. Cramer,  A. E. DePrince, III,  R. A. DiStasio Jr.,  A. Dreuw,  
 B. D. Dunietz,  T. R. Furlani,  W. A. Goddard III,  S. Grimme,  
 S. Hammes-Schiffer,  T. Head-Gordon,  W. J. Hehre,  Chao-Ping Hsu,  
 T.-C. Jagau,  Yousung Jung,  A. Klamt,  Jing Kong,  D. S. Lambrecht,  
 WanZhen Liang,  N. J. Mayhall,  C. W. McCurdy,  J. B. Neaton,  
 C. Ochsenfeld,  J. A. Parkhill,  R. Peverati,  V. A. Rassolov,  Yihan Shao,  
 L. V. Slipchenko,  T. Stauch,  R. P. Steele,  J. E. Subotnik,  
 A. J. W. Thom,  A. Tkatchenko,  D. G. Truhlar,  T. Van Voorhis,  
 T. A. Wesolowski,  K. B. Whaley,  H. L. Woodcock III,  P. M. Zimmerman,  
 S. Faraji,  P. M. W. Gill,  M. Head-Gordon,  J. M. Herbert,  A. I. Krylov

 Additional authors for Version 5.4.1: 
 S. Kotaru,  Shaozhi Li,  Xiangyuan Li,  F. Matz,  A. Molle,  Haisheng Ren,  
 Yingli Su,  Hung-Yi Tsai,  C. Utku,  Fang Wang

 Contributors to earlier versions of Q-Chem not listed above: 
 R. D. Adamson,  B. Austin,  R. Baer,  J. Baker,  G. J. O. Beran,  
 K. Brandhorst,  S. T. Brown,  E. F. C. Byrd,  A. K. Chakraborty,  
 G. K. L. Chan,  Chun-Min Chang,  Yunqing Chen,  C.-L. Cheng,  
 Siu Hung Chien,  D. M. Chipman,  D. L. Crittenden,  H. Dachsel,  
 R. J. Doerksen,  A. D. Dutoi,  R. G. Edgar,  J. Fosso-Tande,  
 L. Fusti-Molnar,  D. Ghosh,  A. Ghysels,  A. Golubeva-Zadorozhnaya,  
 J. Gonthier,  M. S. Gordon,  S. R. Gwaltney,  G. Hawkins,  J. E. Herr,  
 A. Heyden,  S. Hirata,  E. G. Hohenstein,  G. Kedziora,  F. J. Keil,  
 C. Kelley,  Jihan Kim,  R. A. King,  R. Z. Khaliullin,  P. P. Korambath,  
 W. Kurlancheek,  A. Laurent,  A. M. Lee,  M. S. Lee,  S. V. Levchenko,  
 Ching Yeh Lin,  D. Liotard,  E. Livshits,  R. C. Lochan,  I. Lotan,  
 L. A. Martinez-Martinez,  P. E. Maslen,  N. Nair,  D. P. O'Neill,  
 D. Neuhauser,  E. Neuscamman,  C. M. Oana,  R. Olivares-Amaya,  R. Olson,  
 T. M. Perrine,  B. Peters,  P. A. Pieniazek,  A. Prociuk,  Y. M. Rhee,  
 J. Ritchie,  M. A. Rohrdanz,  E. Rosta,  N. J. Russ,  H. F. Schaefer III,  
 M. W. Schmidt,  N. E. Schultz,  S. Sharma,  N. Shenvi,  C. D. Sherrill,  
 A. C. Simmonett,  A. Sodt,  T. Stein,  D. Stuck,  K. S. Thanthiriwatte,  
 V. Vanovschi,  L. Vogt,  Tao Wang,  A. Warshel,  M. A. Watson,  
 C. F. Williams,  Q. Wu,  X. Xu,  Jun Yang,  W. Zhang,  Yan Zhao

 Please cite Q-Chem as follows:
 Y. Shao et al., Mol. Phys. 113, 184-215 (2015)
 DOI: 10.1080/00268976.2014.952696

 Q-Chem 5.4.1 for Intel X86 EM64T Linux

 Parts of Q-Chem use Armadillo 9.800.1 (Horizon Scraper).
 http://arma.sourceforge.net/

 Q-Chem begins on Fri May 27 11:55:25 2022  

 Host: gadi-cpu-clx-0902.gadi.nci.org.au
0

     Scratch files written to /jobfs/41463627.gadi-pbs/qchem1585118//
 Processing $rem in /apps/qchem/5.4.1/config/preferences:
 Processing $rem in /home/561/yj5695/.qchemrc:
 Symmetry turned off for PCM/SM12/SMD calculation
 Method-specific promolecule density matrix will be built for SM12 calculation

 Checking the input file for inconsistencies... 	...done.

--------------------------------------------------------------
User input:
--------------------------------------------------------------
$molecule
0  1
C -1.4801551289  1.3556240981 -1.9031410607
S -1.7753312268  1.5584841146 -0.1887451463
O -0.758123037  2.462522683  0.3392722603
O -3.1918956246  1.8830705978 -0.0699805813
N -1.5437847685  0.1205148648  0.571779295
H -0.5668263445 -0.1787595507  0.5446832185
H -2.1656598334 -0.6104281744  0.2204056431
C -2.3325452261  1.333795501 -2.9626208509
C -1.497161968  1.0826014648 -4.1019221252
C -0.2234608372  0.9676822569 -3.5986760728
O -0.1688146882  1.1297083851 -2.2597324198
C -1.5005044695  0.9312370018 -5.5315061254
C -0.2490447106  0.7116595406 -6.0210266441
S  1.0030697486  0.6896049176 -4.7686791159
H -3.4029929046  1.4830349876 -2.9211754637
H -2.3771232863  0.9814872871 -6.1676324577
C  0.1452054958  0.476573757 -7.4466013047
N  1.1490563074  1.4255114702 -7.9292349169
C  0.6122524274  2.7895910753 -7.9245416846
C  1.6252944891  3.7586933046 -8.5042952781
O  1.9848944807  3.3940093389 -9.8334866528
C  2.5157253086  2.0724328946 -9.858599678
C  1.5154802992  1.0752309068 -9.30486523
H -0.7777941779  0.529005498 -8.0509873612
H  0.5562931501 -0.5326535825 -7.5641379706
H  0.3783944078  3.0896191888 -6.8980656754
H -0.3214974627  2.8378014979 -8.5150807982
H  2.5295667188  3.7828035047 -7.8787372269
H  1.2029289398  4.7645031501 -8.5565735916
H  3.4468051229  2.0448165594 -9.2741114781
H  2.7439092015  1.843578503 -10.901806746
H  1.9545165023  0.0724653346 -9.3167353426
H  0.619856095  1.0649576231 -9.9528434172
$end

$rem
jobtype sp
exchange M062X
basis 6-31+G*
SMX_GAS_PHASE = TRUE
solvent_method sm12
$end

$smx
solvent water
charges mk
$end
--------------------------------------------------------------
 ----------------------------------------------------------------
             Standard Nuclear Orientation (Angstroms)
    I     Atom           X                Y                Z
 ----------------------------------------------------------------
    1      C      -1.4801551289     1.3556240981    -1.9031410607
    2      S      -1.7753312268     1.5584841146    -0.1887451463
    3      O      -0.7581230370     2.4625226830     0.3392722603
    4      O      -3.1918956246     1.8830705978    -0.0699805813
    5      N      -1.5437847685     0.1205148648     0.5717792950
    6      H      -0.5668263445    -0.1787595507     0.5446832185
    7      H      -2.1656598334    -0.6104281744     0.2204056431
    8      C      -2.3325452261     1.3337955010    -2.9626208509
    9      C      -1.4971619680     1.0826014648    -4.1019221252
   10      C      -0.2234608372     0.9676822569    -3.5986760728
   11      O      -0.1688146882     1.1297083851    -2.2597324198
   12      C      -1.5005044695     0.9312370018    -5.5315061254
   13      C      -0.2490447106     0.7116595406    -6.0210266441
   14      S       1.0030697486     0.6896049176    -4.7686791159
   15      H      -3.4029929046     1.4830349876    -2.9211754637
   16      H      -2.3771232863     0.9814872871    -6.1676324577
   17      C       0.1452054958     0.4765737570    -7.4466013047
   18      N       1.1490563074     1.4255114702    -7.9292349169
   19      C       0.6122524274     2.7895910753    -7.9245416846
   20      C       1.6252944891     3.7586933046    -8.5042952781
   21      O       1.9848944807     3.3940093389    -9.8334866528
   22      C       2.5157253086     2.0724328946    -9.8585996780
   23      C       1.5154802992     1.0752309068    -9.3048652300
   24      H      -0.7777941779     0.5290054980    -8.0509873612
   25      H       0.5562931501    -0.5326535825    -7.5641379706
   26      H       0.3783944078     3.0896191888    -6.8980656754
   27      H      -0.3214974627     2.8378014979    -8.5150807982
   28      H       2.5295667188     3.7828035047    -7.8787372269
   29      H       1.2029289398     4.7645031501    -8.5565735916
   30      H       3.4468051229     2.0448165594    -9.2741114781
   31      H       2.7439092015     1.8435785030   -10.9018067460
   32      H       1.9545165023     0.0724653346    -9.3167353426
   33      H       0.6198560950     1.0649576231    -9.9528434172
 ----------------------------------------------------------------
 Nuclear Repulsion Energy =        1724.43190599 hartrees
 There are       79 alpha and       79 beta electrons
 Requested basis set is 6-31+G(d)
 There are 125 shells and 397 basis functions

 Total QAlloc Memory Limit   2000 MB
 Mega-Array Size       188 MB
 MEM_STATIC part       192 MB
 A cutoff of  1.0D-08 yielded   4824 shell pairs
 There are     52326 function pairs
 Smallest overlap matrix eigenvalue = 4.67E-07

 Q-Chem warning in module stvman/mkSTV.C, line 323:

 Overlap eigenvalue is smaller than square root of threshold
 Use THRESH >= 12 to get rid of this warning

 Linear dependence detected in AO basis
 Tighter screening thresholds may be required for diffuse basis sets
 Use S2THRESH > 14 and THRESH = 14 in case of SCF convergence issues
 Number of orthogonalized atomic orbitals = 396
 Maximum deviation from orthogonality = 1.723E-10

 Scale SEOQF with 1.000000e-01/1.000000e-01/1.000000e-02

 Standard Electronic Orientation quadrupole field applied
 Nucleus-field energy     =    -0.0000000058 hartrees
 ================ Generating on-the-fly Promolecule Density  ================
Attempting to make child job directory: /jobfs/41463627.gadi-pbs/qchem1585118//Frg1/
Attempting to make child job directory: /jobfs/41463627.gadi-pbs/qchem1585118//Frg2/
Attempting to make child job directory: /jobfs/41463627.gadi-pbs/qchem1585118//Frg3/
Attempting to make child job directory: /jobfs/41463627.gadi-pbs/qchem1585118//Frg4/
Attempting to make child job directory: /jobfs/41463627.gadi-pbs/qchem1585118//Frg5/
Creating input file /jobfs/41463627.gadi-pbs/qchem1585118/Frg1.input
using default PutDataFrgm: nothing
calling putenv with: QCSCRATCH=/jobfs/41463627.gadi-pbs/qchem1585118/ 
Spawning Job For Fragment 0
Done Job For Fragment 0
calling putenv with: QCSCRATCH=/jobfs/41463627.gadi-pbs 
calling putenv with: QCTHREADS=16 
Creating input file /jobfs/41463627.gadi-pbs/qchem1585118/Frg2.input
using default PutDataFrgm: nothing
calling putenv with: QCSCRATCH=/jobfs/41463627.gadi-pbs/qchem1585118/ 
Spawning Job For Fragment 1
Done Job For Fragment 1
calling putenv with: QCSCRATCH=/jobfs/41463627.gadi-pbs 
calling putenv with: QCTHREADS=16 
Creating input file /jobfs/41463627.gadi-pbs/qchem1585118/Frg3.input
using default PutDataFrgm: nothing
calling putenv with: QCSCRATCH=/jobfs/41463627.gadi-pbs/qchem1585118/ 
Spawning Job For Fragment 2
Done Job For Fragment 2
calling putenv with: QCSCRATCH=/jobfs/41463627.gadi-pbs 
calling putenv with: QCTHREADS=16 
Creating input file /jobfs/41463627.gadi-pbs/qchem1585118/Frg4.input
using default PutDataFrgm: nothing
calling putenv with: QCSCRATCH=/jobfs/41463627.gadi-pbs/qchem1585118/ 
Spawning Job For Fragment 3
Done Job For Fragment 3
calling putenv with: QCSCRATCH=/jobfs/41463627.gadi-pbs 
calling putenv with: QCTHREADS=16 
Creating input file /jobfs/41463627.gadi-pbs/qchem1585118/Frg5.input
using default PutDataFrgm: nothing
calling putenv with: QCSCRATCH=/jobfs/41463627.gadi-pbs/qchem1585118/ 
Spawning Job For Fragment 4
Done Job For Fragment 4
calling putenv with: QCSCRATCH=/jobfs/41463627.gadi-pbs 
calling putenv with: QCTHREADS=16 
 Time for running child jobs:  CPU 1.96 s  wall 2.10 s
 ============= Method Specific Promolecule Density Constructed =============
 Guess from superposition of atomic densities
 Warning:  Energy on first SCF cycle will be non-variational
 SAD guess density has 158.000000 electrons

 -----------------------------------------------------------------------
  General SCF calculation program by
  Eric Jon Sundstrom, Paul Horn, Yuezhi Mao, Dmitri Zuev, Alec White,
  David Stuck, Shaama M.S., Shane Yost, Joonho Lee, David Small,
  Daniel Levine, Susi Lehtola, Hugh Burton, Evgeny Epifanovsky,
  Bang C. Huynh
 -----------------------------------------------------------------------
 Exchange:     0.5400 Hartree-Fock + 1.0000 M06-2X
 Correlation:  1.0000 M06-2X
 Using SG-3 standard quadrature grid
 using 16 threads for integral computing
 -------------------------------------------------------
 OpenMP Integral computing Module                
 Release: version 1.0, May 2013, Q-Chem Inc. Pittsburgh 
 -------------------------------------------------------
 A restricted SCF calculation will be
 performed using DIIS
 SCF converges when DIIS error is below 1.0e-05
 ---------------------------------------
  Cycle       Energy         DIIS error
 ---------------------------------------
    1   -1640.0919085669      3.86e-02  
    2   -1633.5415993429      4.21e-03  
    3   -1633.2955985120      6.01e-03  
    4   -1633.8380252240      6.90e-04  
    5   -1633.8444121978      3.48e-04  
    6   -1633.8463649111      7.83e-05  
    7   -1633.8464508706      3.25e-05  
    8   -1633.8464696016      8.09e-06  Convergence criterion met
 ---------------------------------------
 SCF time:   CPU 227.72s  wall 15.00s 
 SCF   energy in the final basis set =    -1633.8464696016
 Total energy in the final basis set =    -1633.8464696016
 Exchange:     0.5400 Hartree-Fock + 1.0000 M06-2X
 Correlation:  1.0000 M06-2X
 Using SG-3 standard quadrature grid
 
 SM12 calculation using Merz-Singh-Kollman charges
 Citation of the SM12 model:
 Marenich, A.V.; Cramer, C.J.; Truhlar, D.G.
 J. Chem. Theory Comput. 2013, 9, 609-612.
 iSolventCode=           1
 Solvent: water                                                           
 
  Building new vdw surfaces
         Merz-Kollman ESP Net Atomic Charges

     Atom                 Charge (a.u.)
  ----------------------------------------
      1 C                    -0.195354
      2 S                     1.102799
      3 O                    -0.484491
      4 O                    -0.507131
      5 N                    -0.831943
      6 H                     0.394637
      7 H                     0.389128
      8 C                    -0.196599
      9 C                     0.107614
     10 C                     0.249297
     11 O                    -0.150099
     12 C                    -0.322777
     13 C                    -0.144565
     14 S                     0.009570
     15 H                     0.211034
     16 H                     0.229334
     17 C                    -0.140465
     18 N                    -0.142751
     19 C                    -0.254035
     20 C                     0.001486
     21 O                    -0.375875
     22 C                     0.037638
     23 C                    -0.198108
     24 H                     0.094971
     25 H                     0.172904
     26 H                     0.164111
     27 H                     0.154166
     28 H                     0.092290
     29 H                     0.118865
     30 H                     0.084373
     31 H                     0.108425
     32 H                     0.106763
     33 H                     0.114791
  ----------------------------------------
  Sum of atomic charges =     0.000000

  Related Dipole Moment =     7.1240 (X  0.2847 Y -5.2791 Z -4.7751)


 Charges (in A.U.) from Merz-Kollman fitting 
 -----------------------------------------------
 Center     Atomic                  MZ       
 Number     Number                  Charge
 -----------------------------------------------
    1          6                   -0.195354
    2         16                    1.102799
    3          8                   -0.484491
    4          8                   -0.507131
    5          7                   -0.831943
    6          1                    0.394637
    7          1                    0.389128
    8          6                   -0.196599
    9          6                    0.107614
   10          6                    0.249297
   11          8                   -0.150099
   12          6                   -0.322777
   13          6                   -0.144565
   14         16                    0.009570
   15          1                    0.211034
   16          1                    0.229334
   17          6                   -0.140465
   18          7                   -0.142751
   19          6                   -0.254035
   20          6                    0.001486
   21          8                   -0.375875
   22          6                    0.037638
   23          6                   -0.198108
   24          1                    0.094971
   25          1                    0.172904
   26          1                    0.164111
   27          1                    0.154166
   28          1                    0.092290
   29          1                    0.118865
   30          1                    0.084373
   31          1                    0.108425
   32          1                    0.106763
   33          1                    0.114791
 -----------------------------------------------
 A restricted SCF calculation will be
 performed using Roothaan-Hall, DIIS
 SCF converges when DIIS error is below 1.0e-05
 ---------------------------------------
  Cycle       Energy         DIIS error
 ---------------------------------------
         Merz-Kollman ESP Net Atomic Charges

     Atom                 Charge (a.u.)
  ----------------------------------------
      1 C                    -0.209174
      2 S                     1.139401
      3 O                    -0.544272
      4 O                    -0.555502
      5 N                    -0.818323
      6 H                     0.412210
      7 H                     0.407635
      8 C                    -0.186979
      9 C                     0.128725
     10 C                     0.246439
     11 O                    -0.161969
     12 C                    -0.341960
     13 C                    -0.126590
     14 S                    -0.003996
     15 H                     0.225243
     16 H                     0.248518
     17 C                    -0.160627
     18 N                    -0.147872
     19 C                    -0.240203
     20 C                    -0.012185
     21 O                    -0.407910
     22 C                     0.022349
     23 C                    -0.189026
     24 H                     0.105865
     25 H                     0.184500
     26 H                     0.165434
     27 H                     0.155174
     28 H                     0.097107
     29 H                     0.127176
     30 H                     0.090563
     31 H                     0.118418
     32 H                     0.115476
     33 H                     0.116354
  ----------------------------------------
  Sum of atomic charges =     0.000000

  Related Dipole Moment =     8.3877 (X -0.0722 Y -6.3858 Z -5.4377)


 Charges (in A.U.) from Merz-Kollman fitting 
 -----------------------------------------------
 Center     Atomic                  MZ       
 Number     Number                  Charge
 -----------------------------------------------
    1          6                   -0.209174
    2         16                    1.139401
    3          8                   -0.544272
    4          8                   -0.555502
    5          7                   -0.818323
    6          1                    0.412210
    7          1                    0.407635
    8          6                   -0.186979
    9          6                    0.128725
   10          6                    0.246439
   11          8                   -0.161969
   12          6                   -0.341960
   13          6                   -0.126590
   14         16                   -0.003996
   15          1                    0.225243
   16          1                    0.248518
   17          6                   -0.160627
   18          7                   -0.147872
   19          6                   -0.240203
   20          6                   -0.012185
   21          8                   -0.407910
   22          6                    0.022349
   23          6                   -0.189026
   24          1                    0.105865
   25          1                    0.184500
   26          1                    0.165434
   27          1                    0.155174
   28          1                    0.097107
   29          1                    0.127176
   30          1                    0.090563
   31          1                    0.118418
   32          1                    0.115476
   33          1                    0.116354
 -----------------------------------------------
    1   -1633.8464689504      3.17e-04  Roothaan Step
 ---------------------------------------
  Cycle       Energy         DIIS error
 ---------------------------------------
         Merz-Kollman ESP Net Atomic Charges

     Atom                 Charge (a.u.)
  ----------------------------------------
      1 C                    -0.187408
      2 S                     1.099054
      3 O                    -0.516546
      4 O                    -0.537569
      5 N                    -0.828220
      6 H                     0.413317
      7 H                     0.405509
      8 C                    -0.213240
      9 C                     0.115840
     10 C                     0.254616
     11 O                    -0.159082
     12 C                    -0.346716
     13 C                    -0.134499
     14 S                     0.005121
     15 H                     0.231432
     16 H                     0.253982
     17 C                    -0.181567
     18 N                    -0.123597
     19 C                    -0.256515
     20 C                    -0.015279
     21 O                    -0.391300
     22 C                     0.022239
     23 C                    -0.207465
     24 H                     0.110710
     25 H                     0.191106
     26 H                     0.172220
     27 H                     0.158134
     28 H                     0.095900
     29 H                     0.125958
     30 H                     0.088629
     31 H                     0.117150
     32 H                     0.117674
     33 H                     0.120415
  ----------------------------------------
  Sum of atomic charges =     0.000000

  Related Dipole Moment =     8.1651 (X  0.1733 Y -6.0900 Z -5.4360)


 Charges (in A.U.) from Merz-Kollman fitting 
 -----------------------------------------------
 Center     Atomic                  MZ       
 Number     Number                  Charge
 -----------------------------------------------
    1          6                   -0.187408
    2         16                    1.099054
    3          8                   -0.516546
    4          8                   -0.537569
    5          7                   -0.828220
    6          1                    0.413317
    7          1                    0.405509
    8          6                   -0.213240
    9          6                    0.115840
   10          6                    0.254616
   11          8                   -0.159082
   12          6                   -0.346716
   13          6                   -0.134499
   14         16                    0.005121
   15          1                    0.231432
   16          1                    0.253982
   17          6                   -0.181567
   18          7                   -0.123597
   19          6                   -0.256515
   20          6                   -0.015279
   21          8                   -0.391300
   22          6                    0.022239
   23          6                   -0.207465
   24          1                    0.110710
   25          1                    0.191106
   26          1                    0.172220
   27          1                    0.158134
   28          1                    0.095900
   29          1                    0.125958
   30          1                    0.088629
   31          1                    0.117150
   32          1                    0.117674
   33          1                    0.120415
 -----------------------------------------------
    1   -1633.8407682717      2.31e-04  
         Merz-Kollman ESP Net Atomic Charges

     Atom                 Charge (a.u.)
  ----------------------------------------
      1 C                    -0.197986
      2 S                     1.137391
      3 O                    -0.541061
      4 O                    -0.555413
      5 N                    -0.821945
      6 H                     0.412549
      7 H                     0.406054
      8 C                    -0.201425
      9 C                     0.125092
     10 C                     0.249465
     11 O                    -0.162206
     12 C                    -0.347779
     13 C                    -0.128183
     14 S                     0.000502
     15 H                     0.229679
     16 H                     0.253630
     17 C                    -0.179047
     18 N                    -0.132660
     19 C                    -0.248869
     20 C                    -0.012081
     21 O                    -0.402642
     22 C                     0.023836
     23 C                    -0.200253
     24 H                     0.110433
     25 H                     0.190191
     26 H                     0.169920
     27 H                     0.156610
     28 H                     0.096144
     29 H                     0.126318
     30 H                     0.089279
     31 H                     0.117791
     32 H                     0.117662
     33 H                     0.119006
  ----------------------------------------
  Sum of atomic charges =     0.000000

  Related Dipole Moment =     8.3724 (X  0.0335 Y -6.3139 Z -5.4983)


 Charges (in A.U.) from Merz-Kollman fitting 
 -----------------------------------------------
 Center     Atomic                  MZ       
 Number     Number                  Charge
 -----------------------------------------------
    1          6                   -0.197986
    2         16                    1.137391
    3          8                   -0.541061
    4          8                   -0.555413
    5          7                   -0.821945
    6          1                    0.412549
    7          1                    0.406054
    8          6                   -0.201425
    9          6                    0.125092
   10          6                    0.249465
   11          8                   -0.162206
   12          6                   -0.347779
   13          6                   -0.128183
   14         16                    0.000502
   15          1                    0.229679
   16          1                    0.253630
   17          6                   -0.179047
   18          7                   -0.132660
   19          6                   -0.248869
   20          6                   -0.012081
   21          8                   -0.402642
   22          6                    0.023836
   23          6                   -0.200253
   24          1                    0.110433
   25          1                    0.190191
   26          1                    0.169920
   27          1                    0.156610
   28          1                    0.096144
   29          1                    0.126318
   30          1                    0.089279
   31          1                    0.117791
   32          1                    0.117662
   33          1                    0.119006
 -----------------------------------------------
    2   -1633.8417112007      2.80e-04  
         Merz-Kollman ESP Net Atomic Charges

     Atom                 Charge (a.u.)
  ----------------------------------------
      1 C                    -0.201290
      2 S                     1.129406
      3 O                    -0.538183
      4 O                    -0.553778
      5 N                    -0.821420
      6 H                     0.413321
      7 H                     0.406628
      8 C                    -0.198877
      9 C                     0.124458
     10 C                     0.251189
     11 O                    -0.161834
     12 C                    -0.348398
     13 C                    -0.127261
     14 S                    -0.000009
     15 H                     0.229903
     16 H                     0.254267
     17 C                    -0.178730
     18 N                    -0.132837
     19 C                    -0.248614
     20 C                    -0.013397
     21 O                    -0.402815
     22 C                     0.022424
     23 C                    -0.199943
     24 H                     0.110510
     25 H                     0.190343
     26 H                     0.170064
     27 H                     0.156690
     28 H                     0.096472
     29 H                     0.126764
     30 H                     0.089614
     31 H                     0.118274
     32 H                     0.117938
     33 H                     0.119119
  ----------------------------------------
  Sum of atomic charges =     0.000000

  Related Dipole Moment =     8.4095 (X  0.0363 Y -6.3307 Z -5.5355)


 Charges (in A.U.) from Merz-Kollman fitting 
 -----------------------------------------------
 Center     Atomic                  MZ       
 Number     Number                  Charge
 -----------------------------------------------
    1          6                   -0.201290
    2         16                    1.129406
    3          8                   -0.538183
    4          8                   -0.553778
    5          7                   -0.821420
    6          1                    0.413321
    7          1                    0.406628
    8          6                   -0.198877
    9          6                    0.124458
   10          6                    0.251189
   11          8                   -0.161834
   12          6                   -0.348398
   13          6                   -0.127261
   14         16                   -0.000009
   15          1                    0.229903
   16          1                    0.254267
   17          6                   -0.178730
   18          7                   -0.132837
   19          6                   -0.248614
   20          6                   -0.013397
   21          8                   -0.402815
   22          6                    0.022424
   23          6                   -0.199943
   24          1                    0.110510
   25          1                    0.190343
   26          1                    0.170064
   27          1                    0.156690
   28          1                    0.096472
   29          1                    0.126764
   30          1                    0.089614
   31          1                    0.118274
   32          1                    0.117938
   33          1                    0.119119
 -----------------------------------------------
    3   -1633.8411992518      2.35e-05  
         Merz-Kollman ESP Net Atomic Charges

     Atom                 Charge (a.u.)
  ----------------------------------------
      1 C                    -0.198556
      2 S                     1.132540
      3 O                    -0.539888
      4 O                    -0.554856
      5 N                    -0.821935
      6 H                     0.413276
      7 H                     0.406535
      8 C                    -0.201209
      9 C                     0.124715
     10 C                     0.250201
     11 O                    -0.162110
     12 C                    -0.348689
     13 C                    -0.127469
     14 S                     0.000572
     15 H                     0.230401
     16 H                     0.254606
     17 C                    -0.180242
     18 N                    -0.131990
     19 C                    -0.248943
     20 C                    -0.013036
     21 O                    -0.402513
     22 C                     0.022688
     23 C                    -0.200484
     24 H                     0.110908
     25 H                     0.190805
     26 H                     0.170160
     27 H                     0.156715
     28 H                     0.096309
     29 H                     0.126590
     30 H                     0.089471
     31 H                     0.118151
     32 H                     0.118024
     33 H                     0.119251
  ----------------------------------------
  Sum of atomic charges =     0.000000

  Related Dipole Moment =     8.4129 (X  0.0383 Y -6.3319 Z -5.5392)


 Charges (in A.U.) from Merz-Kollman fitting 
 -----------------------------------------------
 Center     Atomic                  MZ       
 Number     Number                  Charge
 -----------------------------------------------
    1          6                   -0.198556
    2         16                    1.132540
    3          8                   -0.539888
    4          8                   -0.554856
    5          7                   -0.821935
    6          1                    0.413276
    7          1                    0.406535
    8          6                   -0.201209
    9          6                    0.124715
   10          6                    0.250201
   11          8                   -0.162110
   12          6                   -0.348689
   13          6                   -0.127469
   14         16                    0.000572
   15          1                    0.230401
   16          1                    0.254606
   17          6                   -0.180242
   18          7                   -0.131990
   19          6                   -0.248943
   20          6                   -0.013036
   21          8                   -0.402513
   22          6                    0.022688
   23          6                   -0.200484
   24          1                    0.110908
   25          1                    0.190805
   26          1                    0.170160
   27          1                    0.156715
   28          1                    0.096309
   29          1                    0.126590
   30          1                    0.089471
   31          1                    0.118151
   32          1                    0.118024
   33          1                    0.119251
 -----------------------------------------------
    4   -1633.8410410929      1.44e-05  
    5   -1633.8409834583      3.12e-06  Convergence criterion met
 ---------------------------------------
 SCF time:   CPU 222.59s  wall 16.00s 
(0)  E-EN(g) gas-phase elect-nuc energy                -1633.846469602 a.u.
(1)  E-EN(liq) elect-nuc energy of solute              -1633.840983458 a.u.
(2)  G-P(liq) polarization free energy of solvation           -21.5465 kcal/mol
(3)  G-ENP(liq) elect-nuc-pol free energy of system    -1633.875319961 a.u.
(4)  G-CDS(liq) cavity-dispersion-solvent structure 
     free energy                                               -2.1563 kcal/mol
(5)  G-P-CDS(liq) = G-P(liq) + G-CDS(liq) = (2) + (4)         -23.7027 kcal/mol
(6)  G-S(liq) free energy of system = (1) + (5)        -1633.878756189 a.u.
(7)  DeltaE-EN(liq) elect-nuc reorganization
     energy of solute molecule (7) = (1) - (0)                  3.4426 kcal/mol
(8)  DeltaG-ENP(liq) elect-nuc-pol free energy
     of solvation (8) = (3) - (0)                             -18.1039 kcal/mol
(9)  DeltaG-S(liq) free energy of  solvation
     (9) = (6) - (0)                                          -20.2601 kcal/mol
 SCF   energy in the final basis set =    -1633.8787561891
 Total energy in the final basis set =    -1633.8787561891
 
 --------------------------------------------------------------
 
                    Orbital Energies (a.u.)
 --------------------------------------------------------------
 
 Alpha MOs
 -- Occupied --
-90.1887 -89.9738 -19.7563 -19.6672 -19.6647 -19.6562 -14.8119 -14.7714
-10.6549 -10.6526 -10.6044 -10.5982 -10.5978 -10.5968 -10.5953 -10.5809
-10.5777 -10.5775 -10.5753  -8.5014  -8.3213  -6.4237  -6.4233  -6.4228
 -6.2417  -6.2396  -6.2367  -1.2862  -1.2647  -1.1704  -1.1548  -1.0519
 -1.0415  -1.0042  -0.9373  -0.8855  -0.8784  -0.8463  -0.8290  -0.7724
 -0.7493  -0.7421  -0.7048  -0.6765  -0.6669  -0.6553  -0.6230  -0.6148
 -0.6028  -0.5906  -0.5815  -0.5768  -0.5611  -0.5506  -0.5468  -0.5436
 -0.5282  -0.5221  -0.5102  -0.4954  -0.4762  -0.4741  -0.4531  -0.4491
 -0.4439  -0.4403  -0.4299  -0.4262  -0.4209  -0.4147  -0.4115  -0.4094
 -0.3975  -0.3833  -0.3771  -0.3388  -0.3088  -0.3004  -0.2904
 -- Virtual --
 -0.0431  -0.0100  -0.0058   0.0031   0.0135   0.0215   0.0239   0.0308
  0.0330   0.0370   0.0423   0.0433   0.0504   0.0542   0.0575   0.0600
  0.0662   0.0696   0.0749   0.0754   0.0798   0.0833   0.0880   0.0900
  0.0951   0.0974   0.1014   0.1032   0.1119   0.1135   0.1175   0.1214
  0.1277   0.1333   0.1362   0.1383   0.1478   0.1483   0.1526   0.1546
  0.1634   0.1644   0.1678   0.1716   0.1764   0.1771   0.1850   0.1885
  0.1928   0.1947   0.1958   0.2035   0.2051   0.2097   0.2139   0.2153
  0.2210   0.2264   0.2283   0.2322   0.2375   0.2382   0.2441   0.2484
  0.2540   0.2556   0.2591   0.2631   0.2714   0.2738   0.2765   0.2800
  0.2863   0.2887   0.2945   0.2962   0.3002   0.3051   0.3104   0.3121
  0.3139   0.3179   0.3194   0.3269   0.3303   0.3328   0.3378   0.3419
  0.3449   0.3509   0.3537   0.3545   0.3583   0.3593   0.3707   0.3746
  0.3780   0.3826   0.3910   0.3978   0.4058   0.4145   0.4194   0.4257
  0.4324   0.4393   0.4521   0.4601   0.4644   0.5024   0.5110   0.5530
  0.5692   0.5711   0.5823   0.5939   0.6273   0.6560   0.6566   0.6687
  0.6761   0.6996   0.7028   0.7097   0.7203   0.7224   0.7278   0.7401
  0.7463   0.7548   0.7667   0.7693   0.7713   0.7852   0.8043   0.8139
  0.8193   0.8290   0.8385   0.8470   0.8608   0.8612   0.8826   0.9124
  0.9163   0.9288   0.9362   0.9416   0.9458   0.9469   0.9739   0.9865
  0.9925   1.0020   1.0102   1.0140   1.0200   1.0252   1.0407   1.0461
  1.0493   1.0518   1.0678   1.0890   1.0974   1.0984   1.1036   1.1135
  1.1176   1.1315   1.1388   1.1450   1.1548   1.1649   1.1735   1.1833
  1.1890   1.2006   1.2158   1.2198   1.2411   1.2469   1.2573   1.2639
  1.2810   1.3044   1.3105   1.3149   1.3317   1.3456   1.3502   1.3606
  1.3638   1.3664   1.3755   1.3779   1.3909   1.3978   1.4217   1.4268
  1.4406   1.4639   1.4695   1.4723   1.4749   1.5018   1.5115   1.5202
  1.5324   1.5414   1.5666   1.5896   1.6129   1.6263   1.6365   1.6707
  1.6823   1.6933   1.7123   1.7270   1.7599   1.7761   1.8036   1.8051
  1.8137   1.8253   1.8372   1.8461   1.8543   1.8717   1.9041   1.9133
  1.9230   1.9404   1.9457   1.9585   1.9704   1.9766   1.9989   2.0150
  2.0297   2.0508   2.0595   2.0747   2.0993   2.1063   2.1289   2.1410
  2.1417   2.1465   2.1624   2.1749   2.1794   2.2012   2.2093   2.2147
  2.2250   2.2291   2.2397   2.2751   2.2915   2.3229   2.3393   2.3638
  2.3827   2.3989   2.4019   2.4160   2.4240   2.4575   2.4592   2.4936
  2.4971   2.5083   2.5220   2.5429   2.5613   2.5736   2.5870   2.6072
  2.6816   2.7177   2.7450   2.7953   2.8077   2.8287   2.8583   2.8777
  2.8882   2.9095   2.9180   2.9292   2.9737   2.9973   3.0257   3.0854
  3.1475   3.2369   3.8800   4.0269   4.0483   4.1788   4.2324   4.2336
  4.2482   4.2846   4.3255   4.3466   4.3715   4.4615   4.4618   4.4829
  4.5393   4.6041   4.6743   4.6808   4.7033
 --------------------------------------------------------------
 
          Ground-State Mulliken Net Atomic Charges

     Atom                 Charge (a.u.)
  ----------------------------------------
      1 C                    -1.346155
      2 S                     1.559211
      3 O                    -0.717951
      4 O                    -0.699532
      5 N                    -0.782502
      6 H                     0.511156
      7 H                     0.507981
      8 C                     0.501188
      9 C                     0.562776
     10 C                    -1.100084
     11 O                    -0.247756
     12 C                     0.193806
     13 C                    -0.237520
     14 S                     0.531619
     15 H                     0.325229
     16 H                     0.294497
     17 C                     0.054405
     18 N                    -0.501922
     19 C                     0.007786
     20 C                    -0.652501
     21 O                    -0.526474
     22 C                    -0.698737
     23 C                     0.100003
     24 H                     0.244670
     25 H                     0.258514
     26 H                     0.245063
     27 H                     0.231682
     28 H                     0.215277
     29 H                     0.234509
     30 H                     0.221951
     31 H                     0.237906
     32 H                     0.239678
     33 H                     0.232067
  ----------------------------------------
  Sum of atomic charges =    -0.000160

         Merz-Kollman ESP Net Atomic Charges

     Atom                 Charge (a.u.)
  ----------------------------------------
      1 C                    -0.199453
      2 S                     1.133066
      3 O                    -0.539915
      4 O                    -0.555058
      5 N                    -0.821834
      6 H                     0.413186
      7 H                     0.406427
      8 C                    -0.200695
      9 C                     0.124810
     10 C                     0.250542
     11 O                    -0.162149
     12 C                    -0.348858
     13 C                    -0.127303
     14 S                     0.000442
     15 H                     0.230334
     16 H                     0.254652
     17 C                    -0.180505
     18 N                    -0.131907
     19 C                    -0.248979
     20 C                    -0.012869
     21 O                    -0.402705
     22 C                     0.022908
     23 C                    -0.200580
     24 H                     0.110954
     25 H                     0.190863
     26 H                     0.170234
     27 H                     0.156698
     28 H                     0.096286
     29 H                     0.126553
     30 H                     0.089429
     31 H                     0.118109
     32 H                     0.118057
     33 H                     0.119262
  ----------------------------------------
  Sum of atomic charges =     0.000000

  Related Dipole Moment =     8.4138 (X  0.0385 Y -6.3313 Z -5.5412)

 -----------------------------------------------------------------
                    Cartesian Multipole Moments
 -----------------------------------------------------------------
    Charge (ESU x 10^10)
                -0.0008
    Dipole Moment (Debye)
         X       0.0405      Y      -6.3092      Z      -5.4188
       Tot       8.3169
    Quadrupole Moments (Debye-Ang)
        XX    -129.1805     XY       3.4767     YY    -141.7741
        XZ      14.1085     YZ       7.9603     ZZ    -106.6470
    Octopole Moments (Debye-Ang^2)
       XXX      99.4857    XXY    -216.6997    XYY      27.4274
       YYY    -606.2858    XXZ     548.1121    XYZ      58.3927
       YYZ     638.9187    XZZ     -37.3254    YZZ    -359.3442
       ZZZ    1702.9972
    Hexadecapole Moments (Debye-Ang^3)
      XXXX   -2102.6714   XXXY       5.5870   XXYY    -846.7241
      XYYY     -67.6653   YYYY   -2623.2955   XXXZ    1421.1757
      XXYZ    1035.8318   XYYZ     631.9997   YYYZ    3193.1945
      XXZZ   -4474.1798   XYZZ    -539.5049   YYZZ   -5527.1745
      XZZZ    1776.7846   YZZZ    5203.7303   ZZZZ  -26534.1161
 -----------------------------------------------------------------
 Total job time:  33.41s(wall), 461.19s(cpu) 
 Fri May 27 11:55:58 2022

        *************************************************************
        *                                                           *
        *  Thank you very much for using Q-Chem.  Have a nice day.  *
        *                                                           *
        *************************************************************


