                  Welcome to Q-Chem
     A Quantum Leap Into The Future Of Chemistry


 Q-Chem 5.4 (devel), Q-Chem, Inc., Pleasanton, CA (2021)

 E. Epifanovsky,  A. T. B. Gilbert,  Xintian Feng,  Joonho Lee,  Yuezhi Mao,  
 N. Mardirossian,  P. Pokhilko,  A. White,  M. Wormit,  M. P. Coons,  
 A. L. Dempwolff,  Zhengting Gan,  D. Hait,  P. R. Horn,  L. D. Jacobson,  
 I. Kaliman,  J. Kussmann,  A. W. Lange,  Ka Un Lao,  D. S. Levine,  Jie Liu,  
 S. C. McKenzie,  A. F. Morrison,  K. Nanda,  F. Plasser,  D. R. Rehn,  
 M. L. Vidal,  Zhi-Qiang You,  Ying Zhu,  B. Alam,  B. Albrecht,  
 A. Aldossary,  E. Alguire,  J. H. Andersen,  D. Barton,  K. Begam,  A. Behn,  
 Y. A. Bernard,  E. J. Berquist,  H. Burton,  A. Carreras,  K. Carter-Fenk,  
 R. Chakraborty,  A. D. Chien,  K. D. Closser,  V. Cofer-Shabica,  
 S. Dasgupta,  Jia Deng,  M. de Wergifosse,  M. Diedenhofen,  Hainam Do,  
 S. Ehlert,  Po-Tung Fang,  S. Fatehi,  Qingguo Feng,  T. Friedhoff,  
 J. Gayvert,  Qinghui Ge,  G. Gidofalvi,  M. Goldey,  J. Gomes,  
 C. Gonzalez-Espinoza,  S. Gulania,  A. Gunina,  M. W. D. Hanson-Heine,  
 P. H. P. Harbach,  A. W. Hauser,  M. F. Herbst,  M. Hernandez Vera,  
 M. Hodecker,  Z. C. Holden,  S. Houck,  Xunkun Huang,  Kerwin Hui,  
 B. C. Huynh,  M. Ivanov,  Hyunjun Ji,  Hanjie Jiang,  B. Kaduk,  S. Kaehler,  
 K. Khistyaev,  Jaehoon Kim,  P. Klunzinger,  Z. Koczor-Benda,  
 Joong Hoon Koh,  D. Kosenkov,  L. Koulias,  T. Kowalczyk,  C. M. Krauter,  
 K. Kue,  A. Kunitsa,  T. Kus,  A. Landau,  K. V. Lawler,  D. Lefrancois,  
 S. Lehtola,  Rain Li,  Yi-Pei Li,  Jiashu Liang,  M. Liebenthal,  
 Hung-Hsuan Lin,  You-Sheng Lin,  Fenglai Liu,  Kuan-Yu Liu,  
 M. Loipersberger,  A. Luenser,  A. Manjanath,  P. Manohar,  E. Mansoor,  
 S. F. Manzer,  Shan-Ping Mao,  A. V. Marenich,  T. Markovich,  S. Mason,  
 S. A. Maurer,  P. F. McLaughlin,  M. F. S. J. Menger,  J.-M. Mewes,  
 S. A. Mewes,  P. Morgante,  J. W. Mullinax,  K. J. Oosterbaan,  G. Paran,  
 Alexander C. Paul,  Suranjan K. Paul,  F. Pavosevic,  Zheng Pei,  S. Prager,  
 E. I. Proynov,  E. Ramos,  B. Rana,  A. E. Rask,  A. Rettig,  R. M. Richard,  
 F. Rob,  E. Rossomme,  T. Scheele,  M. Scheurer,  M. Schneider,  
 N. Sergueev,  S. M. Sharada,  W. Skomorowski,  D. W. Small,  C. J. Stein,  
 Yu-Chuan Su,  E. J. Sundstrom,  Zhen Tao,  J. Thirman,  T. Tsuchimochi,  
 N. M. Tubman,  S. P. Veccham,  O. Vydrov,  J. Wenzel,  J. Witte,  A. Yamada,  
 Kun Yao,  S. Yeganeh,  S. R. Yost,  A. Zech,  Igor Ying Zhang,  Xing Zhang,  
 Yu Zhang,  D. Zuev,  A. Aspuru-Guzik,  A. T. Bell,  N. A. Besley,  
 K. B. Bravaya,  B. R. Brooks,  D. Casanova,  Jeng-Da Chai,  S. Coriani,  
 C. J. Cramer,  A. E. DePrince, III,  R. A. DiStasio Jr.,  A. Dreuw,  
 B. D. Dunietz,  T. R. Furlani,  W. A. Goddard III,  S. Grimme,  
 S. Hammes-Schiffer,  T. Head-Gordon,  W. J. Hehre,  Chao-Ping Hsu,  
 T.-C. Jagau,  Yousung Jung,  A. Klamt,  Jing Kong,  D. S. Lambrecht,  
 WanZhen Liang,  N. J. Mayhall,  C. W. McCurdy,  J. B. Neaton,  
 C. Ochsenfeld,  J. A. Parkhill,  R. Peverati,  V. A. Rassolov,  Yihan Shao,  
 L. V. Slipchenko,  T. Stauch,  R. P. Steele,  J. E. Subotnik,  
 A. J. W. Thom,  A. Tkatchenko,  D. G. Truhlar,  T. Van Voorhis,  
 T. A. Wesolowski,  K. B. Whaley,  H. L. Woodcock III,  P. M. Zimmerman,  
 S. Faraji,  P. M. W. Gill,  M. Head-Gordon,  J. M. Herbert,  A. I. Krylov

 Additional authors for Version 5.4.1: 
 S. Kotaru,  Shaozhi Li,  Xiangyuan Li,  F. Matz,  A. Molle,  Haisheng Ren,  
 Yingli Su,  Hung-Yi Tsai,  C. Utku,  Fang Wang

 Contributors to earlier versions of Q-Chem not listed above: 
 R. D. Adamson,  B. Austin,  R. Baer,  J. Baker,  G. J. O. Beran,  
 K. Brandhorst,  S. T. Brown,  E. F. C. Byrd,  A. K. Chakraborty,  
 G. K. L. Chan,  Chun-Min Chang,  Yunqing Chen,  C.-L. Cheng,  
 Siu Hung Chien,  D. M. Chipman,  D. L. Crittenden,  H. Dachsel,  
 R. J. Doerksen,  A. D. Dutoi,  R. G. Edgar,  J. Fosso-Tande,  
 L. Fusti-Molnar,  D. Ghosh,  A. Ghysels,  A. Golubeva-Zadorozhnaya,  
 J. Gonthier,  M. S. Gordon,  S. R. Gwaltney,  G. Hawkins,  J. E. Herr,  
 A. Heyden,  S. Hirata,  E. G. Hohenstein,  G. Kedziora,  F. J. Keil,  
 C. Kelley,  Jihan Kim,  R. A. King,  R. Z. Khaliullin,  P. P. Korambath,  
 W. Kurlancheek,  A. Laurent,  A. M. Lee,  M. S. Lee,  S. V. Levchenko,  
 Ching Yeh Lin,  D. Liotard,  E. Livshits,  R. C. Lochan,  I. Lotan,  
 L. A. Martinez-Martinez,  P. E. Maslen,  N. Nair,  D. P. O'Neill,  
 D. Neuhauser,  E. Neuscamman,  C. M. Oana,  R. Olivares-Amaya,  R. Olson,  
 T. M. Perrine,  B. Peters,  P. A. Pieniazek,  A. Prociuk,  Y. M. Rhee,  
 J. Ritchie,  M. A. Rohrdanz,  E. Rosta,  N. J. Russ,  H. F. Schaefer III,  
 M. W. Schmidt,  N. E. Schultz,  S. Sharma,  N. Shenvi,  C. D. Sherrill,  
 A. C. Simmonett,  A. Sodt,  T. Stein,  D. Stuck,  K. S. Thanthiriwatte,  
 V. Vanovschi,  L. Vogt,  Tao Wang,  A. Warshel,  M. A. Watson,  
 C. F. Williams,  Q. Wu,  X. Xu,  Jun Yang,  W. Zhang,  Yan Zhao

 Please cite Q-Chem as follows:
 Y. Shao et al., Mol. Phys. 113, 184-215 (2015)
 DOI: 10.1080/00268976.2014.952696

 Q-Chem 5.4.1 for Intel X86 EM64T Linux

 Parts of Q-Chem use Armadillo 9.800.1 (Horizon Scraper).
 http://arma.sourceforge.net/

 Q-Chem begins on Fri May 27 11:56:44 2022  

 Host: gadi-cpu-clx-2628.gadi.nci.org.au
0

     Scratch files written to /jobfs/41463690.gadi-pbs/qchem256247//
 Processing $rem in /apps/qchem/5.4.1/config/preferences:
 Processing $rem in /home/561/yj5695/.qchemrc:
 Symmetry turned off for PCM/SM12/SMD calculation
 Method-specific promolecule density matrix will be built for SM12 calculation

 Checking the input file for inconsistencies... 	...done.

--------------------------------------------------------------
User input:
--------------------------------------------------------------
$molecule
0  1
C -0.679026573  0.8780017482 -1.4326566208
S -1.0772089391  1.323559055  0.2229722232
O -0.5082099513  0.2693810206  1.0512450033
O -0.6859113487  2.7156567164  0.4085086574
N -2.7037710737  1.2684630966  0.4057213339
H -3.0908580148  0.3393978035  0.2275141389
H -3.1861471118  1.9891042145 -0.1351641962
O -1.0386144166  1.7632852664 -2.4029842343
C -0.6694621363  1.2216543155 -3.5810781041
C -0.0920140837  0.0081800766 -3.3576161407
C -0.0926731863 -0.2297651097 -1.946363666
S  0.5587748545 -1.0441203165 -4.6025762317
C  2.3108788776 -0.9071761352 -4.4617119162
O  0.1379368406 -0.4801470635 -5.8922348973
O  0.1690911819 -2.41844201 -4.2599830857
C  2.964035821  0.1331194499 -5.1222495043
C  4.3358681051  0.2600450103 -4.9678474978
C  5.0352096796 -0.6459992176 -4.1619186904
C  4.3787477333 -1.6963592913 -3.4960549538
C  3.0003921576 -1.8064783778 -3.6492530684
O  6.3773058069 -0.5391479565 -3.9839085889
C  5.1452384878 -2.6731126485 -2.6422394458
N  5.7987375254 -3.7369588988 -3.4174414133
C  4.7931293021 -4.6012344007 -4.0312357228
C  6.6067719916 -4.5361358974 -2.4985892229
H -0.8738111276  1.7973061149 -4.4727784589
H  0.284860162 -1.0899208466 -1.409150976
H  2.414231384  0.8315571192 -5.7462582727
H  4.8777739286  1.0585144198 -5.4668858539
H  2.4694895502 -2.6057204429 -3.1370941292
H  6.7209027288  0.2337550269 -4.4642861566
H  4.4520866367 -3.1139199732 -1.9036205092
H  5.9206227744 -2.1384790442 -2.0858104762
H  4.198117971 -4.0456568872 -4.7603001273
H  4.1099675159 -5.0318668682 -3.2771693626
H  5.2911152475 -5.4221731787 -4.5538824708
H  7.3710645372 -3.9095828675 -2.0307753102
H  7.1035831564 -5.3398475931 -3.0483304799
H  5.9916480051 -4.9903014291 -1.7016565717
$end

$rem
jobtype sp
exchange M062X
basis 6-31+G*
SMX_GAS_PHASE = TRUE
solvent_method sm12
$end

$smx
solvent water
charges mk
$end
--------------------------------------------------------------
 ----------------------------------------------------------------
             Standard Nuclear Orientation (Angstroms)
    I     Atom           X                Y                Z
 ----------------------------------------------------------------
    1      C      -0.6790265730     0.8780017482    -1.4326566208
    2      S      -1.0772089391     1.3235590550     0.2229722232
    3      O      -0.5082099513     0.2693810206     1.0512450033
    4      O      -0.6859113487     2.7156567164     0.4085086574
    5      N      -2.7037710737     1.2684630966     0.4057213339
    6      H      -3.0908580148     0.3393978035     0.2275141389
    7      H      -3.1861471118     1.9891042145    -0.1351641962
    8      O      -1.0386144166     1.7632852664    -2.4029842343
    9      C      -0.6694621363     1.2216543155    -3.5810781041
   10      C      -0.0920140837     0.0081800766    -3.3576161407
   11      C      -0.0926731863    -0.2297651097    -1.9463636660
   12      S       0.5587748545    -1.0441203165    -4.6025762317
   13      C       2.3108788776    -0.9071761352    -4.4617119162
   14      O       0.1379368406    -0.4801470635    -5.8922348973
   15      O       0.1690911819    -2.4184420100    -4.2599830857
   16      C       2.9640358210     0.1331194499    -5.1222495043
   17      C       4.3358681051     0.2600450103    -4.9678474978
   18      C       5.0352096796    -0.6459992176    -4.1619186904
   19      C       4.3787477333    -1.6963592913    -3.4960549538
   20      C       3.0003921576    -1.8064783778    -3.6492530684
   21      O       6.3773058069    -0.5391479565    -3.9839085889
   22      C       5.1452384878    -2.6731126485    -2.6422394458
   23      N       5.7987375254    -3.7369588988    -3.4174414133
   24      C       4.7931293021    -4.6012344007    -4.0312357228
   25      C       6.6067719916    -4.5361358974    -2.4985892229
   26      H      -0.8738111276     1.7973061149    -4.4727784589
   27      H       0.2848601620    -1.0899208466    -1.4091509760
   28      H       2.4142313840     0.8315571192    -5.7462582727
   29      H       4.8777739286     1.0585144198    -5.4668858539
   30      H       2.4694895502    -2.6057204429    -3.1370941292
   31      H       6.7209027288     0.2337550269    -4.4642861566
   32      H       4.4520866367    -3.1139199732    -1.9036205092
   33      H       5.9206227744    -2.1384790442    -2.0858104762
   34      H       4.1981179710    -4.0456568872    -4.7603001273
   35      H       4.1099675159    -5.0318668682    -3.2771693626
   36      H       5.2911152475    -5.4221731787    -4.5538824708
   37      H       7.3710645372    -3.9095828675    -2.0307753102
   38      H       7.1035831564    -5.3398475931    -3.0483304799
   39      H       5.9916480051    -4.9903014291    -1.7016565717
 ----------------------------------------------------------------
 Nuclear Repulsion Energy =        2326.37597421 hartrees
 There are       94 alpha and       94 beta electrons
 Requested basis set is 6-31+G(d)
 There are 149 shells and 477 basis functions

 Total QAlloc Memory Limit   2000 MB
 Mega-Array Size       188 MB
 MEM_STATIC part       192 MB
 A cutoff of  1.0D-08 yielded   6540 shell pairs
 There are     73367 function pairs
 Smallest overlap matrix eigenvalue = 8.75E-07

 Q-Chem warning in module stvman/mkSTV.C, line 323:

 Overlap eigenvalue is smaller than square root of threshold
 Use THRESH >= 12 to get rid of this warning

 Linear dependence detected in AO basis
 Tighter screening thresholds may be required for diffuse basis sets
 Use S2THRESH > 14 and THRESH = 14 in case of SCF convergence issues
 Number of orthogonalized atomic orbitals = 476
 Maximum deviation from orthogonality = 1.096E-10

 Scale SEOQF with 1.000000e-02/1.000000e-02/1.000000e-02

 Standard Electronic Orientation quadrupole field applied
 Nucleus-field energy     =    -0.0000000109 hartrees
 ================ Generating on-the-fly Promolecule Density  ================
Attempting to make child job directory: /jobfs/41463690.gadi-pbs/qchem256247//Frg1/
Attempting to make child job directory: /jobfs/41463690.gadi-pbs/qchem256247//Frg2/
Attempting to make child job directory: /jobfs/41463690.gadi-pbs/qchem256247//Frg3/
Attempting to make child job directory: /jobfs/41463690.gadi-pbs/qchem256247//Frg4/
Attempting to make child job directory: /jobfs/41463690.gadi-pbs/qchem256247//Frg5/
Creating input file /jobfs/41463690.gadi-pbs/qchem256247/Frg1.input
using default PutDataFrgm: nothing
calling putenv with: QCSCRATCH=/jobfs/41463690.gadi-pbs/qchem256247/ 
Spawning Job For Fragment 0
Done Job For Fragment 0
calling putenv with: QCSCRATCH=/jobfs/41463690.gadi-pbs 
calling putenv with: QCTHREADS=16 
Creating input file /jobfs/41463690.gadi-pbs/qchem256247/Frg2.input
using default PutDataFrgm: nothing
calling putenv with: QCSCRATCH=/jobfs/41463690.gadi-pbs/qchem256247/ 
Spawning Job For Fragment 1
Done Job For Fragment 1
calling putenv with: QCSCRATCH=/jobfs/41463690.gadi-pbs 
calling putenv with: QCTHREADS=16 
Creating input file /jobfs/41463690.gadi-pbs/qchem256247/Frg3.input
using default PutDataFrgm: nothing
calling putenv with: QCSCRATCH=/jobfs/41463690.gadi-pbs/qchem256247/ 
Spawning Job For Fragment 2
Done Job For Fragment 2
calling putenv with: QCSCRATCH=/jobfs/41463690.gadi-pbs 
calling putenv with: QCTHREADS=16 
Creating input file /jobfs/41463690.gadi-pbs/qchem256247/Frg4.input
using default PutDataFrgm: nothing
calling putenv with: QCSCRATCH=/jobfs/41463690.gadi-pbs/qchem256247/ 
Spawning Job For Fragment 3
Done Job For Fragment 3
calling putenv with: QCSCRATCH=/jobfs/41463690.gadi-pbs 
calling putenv with: QCTHREADS=16 
Creating input file /jobfs/41463690.gadi-pbs/qchem256247/Frg5.input
using default PutDataFrgm: nothing
calling putenv with: QCSCRATCH=/jobfs/41463690.gadi-pbs/qchem256247/ 
Spawning Job For Fragment 4
Done Job For Fragment 4
calling putenv with: QCSCRATCH=/jobfs/41463690.gadi-pbs 
calling putenv with: QCTHREADS=16 
 Time for running child jobs:  CPU 1.96 s  wall 2.16 s
 ============= Method Specific Promolecule Density Constructed =============
 Guess from superposition of atomic densities
 Warning:  Energy on first SCF cycle will be non-variational
 SAD guess density has 188.000000 electrons

 -----------------------------------------------------------------------
  General SCF calculation program by
  Eric Jon Sundstrom, Paul Horn, Yuezhi Mao, Dmitri Zuev, Alec White,
  David Stuck, Shaama M.S., Shane Yost, Joonho Lee, David Small,
  Daniel Levine, Susi Lehtola, Hugh Burton, Evgeny Epifanovsky,
  Bang C. Huynh
 -----------------------------------------------------------------------
 Exchange:     0.5400 Hartree-Fock + 1.0000 M06-2X
 Correlation:  1.0000 M06-2X
 Using SG-3 standard quadrature grid
 using 16 threads for integral computing
 -------------------------------------------------------
 OpenMP Integral computing Module                
 Release: version 1.0, May 2013, Q-Chem Inc. Pittsburgh 
 -------------------------------------------------------
 A restricted SCF calculation will be
 performed using DIIS
 SCF converges when DIIS error is below 1.0e-05
 ---------------------------------------
  Cycle       Energy         DIIS error
 ---------------------------------------
    1   -1869.1301178495      3.58e-02  
    2   -1861.0823626139      4.49e-03  
    3   -1860.6946153969      6.41e-03  
    4   -1861.5569304687      6.82e-04  
    5   -1861.5666316701      3.07e-04  
    6   -1861.5689937931      7.92e-05  
    7   -1861.5691518778      3.11e-05  
    8   -1861.5691785002      9.50e-06  Convergence criterion met
 ---------------------------------------
 SCF time:   CPU 398.27s  wall 29.00s 
 SCF   energy in the final basis set =    -1861.5691785002
 Total energy in the final basis set =    -1861.5691785002
 Exchange:     0.5400 Hartree-Fock + 1.0000 M06-2X
 Correlation:  1.0000 M06-2X
 Using SG-3 standard quadrature grid
 
 SM12 calculation using Merz-Singh-Kollman charges
 Citation of the SM12 model:
 Marenich, A.V.; Cramer, C.J.; Truhlar, D.G.
 J. Chem. Theory Comput. 2013, 9, 609-612.
 iSolventCode=           1
 Solvent: water                                                           
 
  Building new vdw surfaces
         Merz-Kollman ESP Net Atomic Charges

     Atom                 Charge (a.u.)
  ----------------------------------------
      1 C                    -0.000320
      2 S                     1.060898
      3 O                    -0.503288
      4 O                    -0.486297
      5 N                    -0.808734
      6 H                     0.393770
      7 H                     0.394247
      8 O                    -0.194167
      9 C                     0.086270
     10 C                    -0.137968
     11 C                    -0.212302
     12 S                     0.928520
     13 C                     0.060136
     14 O                    -0.539830
     15 O                    -0.513621
     16 C                    -0.223121
     17 C                    -0.196065
     18 C                     0.195576
     19 C                     0.316546
     20 C                    -0.375998
     21 O                    -0.587976
     22 C                    -0.566330
     23 N                     0.025351
     24 C                    -0.632098
     25 C                    -0.635024
     26 H                     0.181961
     27 H                     0.216137
     28 H                     0.182862
     29 H                     0.156877
     30 H                     0.217881
     31 H                     0.465208
     32 H                     0.187197
     33 H                     0.262528
     34 H                     0.234142
     35 H                     0.190412
     36 H                     0.223525
     37 H                     0.215425
     38 H                     0.226891
     39 H                     0.190778
  ----------------------------------------
  Sum of atomic charges =     0.000000

  Related Dipole Moment =     2.5606 (X  1.3210 Y  1.3021 Z -1.7653)


 Charges (in A.U.) from Merz-Kollman fitting 
 -----------------------------------------------
 Center     Atomic                  MZ       
 Number     Number                  Charge
 -----------------------------------------------
    1          6                   -0.000320
    2         16                    1.060898
    3          8                   -0.503288
    4          8                   -0.486297
    5          7                   -0.808734
    6          1                    0.393770
    7          1                    0.394247
    8          8                   -0.194167
    9          6                    0.086270
   10          6                   -0.137968
   11          6                   -0.212302
   12         16                    0.928520
   13          6                    0.060136
   14          8                   -0.539830
   15          8                   -0.513621
   16          6                   -0.223121
   17          6                   -0.196065
   18          6                    0.195576
   19          6                    0.316546
   20          6                   -0.375998
   21          8                   -0.587976
   22          6                   -0.566330
   23          7                    0.025351
   24          6                   -0.632098
   25          6                   -0.635024
   26          1                    0.181961
   27          1                    0.216137
   28          1                    0.182862
   29          1                    0.156877
   30          1                    0.217881
   31          1                    0.465208
   32          1                    0.187197
   33          1                    0.262528
   34          1                    0.234142
   35          1                    0.190412
   36          1                    0.223525
   37          1                    0.215425
   38          1                    0.226891
   39          1                    0.190778
 -----------------------------------------------
 A restricted SCF calculation will be
 performed using Roothaan-Hall, DIIS
 SCF converges when DIIS error is below 1.0e-05
 ---------------------------------------
  Cycle       Energy         DIIS error
 ---------------------------------------
         Merz-Kollman ESP Net Atomic Charges

     Atom                 Charge (a.u.)
  ----------------------------------------
      1 C                     0.009227
      2 S                     1.102613
      3 O                    -0.553783
      4 O                    -0.546119
      5 N                    -0.795670
      6 H                     0.412766
      7 H                     0.412563
      8 O                    -0.200157
      9 C                     0.109650
     10 C                    -0.143863
     11 C                    -0.221142
     12 S                     0.980021
     13 C                     0.054321
     14 O                    -0.586135
     15 O                    -0.564956
     16 C                    -0.229505
     17 C                    -0.188096
     18 C                     0.192381
     19 C                     0.329957
     20 C                    -0.391289
     21 O                    -0.609227
     22 C                    -0.583280
     23 N                     0.006365
     24 C                    -0.641469
     25 C                    -0.645608
     26 H                     0.200225
     27 H                     0.229121
     28 H                     0.191282
     29 H                     0.181391
     30 H                     0.226315
     31 H                     0.489609
     32 H                     0.195793
     33 H                     0.265821
     34 H                     0.234594
     35 H                     0.196434
     36 H                     0.229266
     37 H                     0.221414
     38 H                     0.232207
     39 H                     0.196963
  ----------------------------------------
  Sum of atomic charges =     0.000000

  Related Dipole Moment =     3.1650 (X  1.1578 Y  2.0104 Z -2.1529)


 Charges (in A.U.) from Merz-Kollman fitting 
 -----------------------------------------------
 Center     Atomic                  MZ       
 Number     Number                  Charge
 -----------------------------------------------
    1          6                    0.009227
    2         16                    1.102613
    3          8                   -0.553783
    4          8                   -0.546119
    5          7                   -0.795670
    6          1                    0.412766
    7          1                    0.412563
    8          8                   -0.200157
    9          6                    0.109650
   10          6                   -0.143863
   11          6                   -0.221142
   12         16                    0.980021
   13          6                    0.054321
   14          8                   -0.586135
   15          8                   -0.564956
   16          6                   -0.229505
   17          6                   -0.188096
   18          6                    0.192381
   19          6                    0.329957
   20          6                   -0.391289
   21          8                   -0.609227
   22          6                   -0.583280
   23          7                    0.006365
   24          6                   -0.641469
   25          6                   -0.645608
   26          1                    0.200225
   27          1                    0.229121
   28          1                    0.191282
   29          1                    0.181391
   30          1                    0.226315
   31          1                    0.489609
   32          1                    0.195793
   33          1                    0.265821
   34          1                    0.234594
   35          1                    0.196434
   36          1                    0.229266
   37          1                    0.221414
   38          1                    0.232207
   39          1                    0.196963
 -----------------------------------------------
    1   -1861.5691773931      3.08e-04  Roothaan Step
 ---------------------------------------
  Cycle       Energy         DIIS error
 ---------------------------------------
         Merz-Kollman ESP Net Atomic Charges

     Atom                 Charge (a.u.)
  ----------------------------------------
      1 C                     0.005914
      2 S                     1.065182
      3 O                    -0.532482
      4 O                    -0.516991
      5 N                    -0.806739
      6 H                     0.414574
      7 H                     0.415004
      8 O                    -0.200740
      9 C                     0.091693
     10 C                    -0.160758
     11 C                    -0.216632
     12 S                     0.961812
     13 C                     0.060234
     14 O                    -0.572908
     15 O                    -0.547196
     16 C                    -0.226315
     17 C                    -0.216509
     18 C                     0.196802
     19 C                     0.336940
     20 C                    -0.396077
     21 O                    -0.601285
     22 C                    -0.587286
     23 N                     0.037640
     24 C                    -0.656252
     25 C                    -0.664031
     26 H                     0.209550
     27 H                     0.231656
     28 H                     0.189858
     29 H                     0.190800
     30 H                     0.227079
     31 H                     0.487523
     32 H                     0.193411
     33 H                     0.264791
     34 H                     0.238386
     35 H                     0.197110
     36 H                     0.229648
     37 H                     0.223457
     38 H                     0.234513
     39 H                     0.198624
  ----------------------------------------
  Sum of atomic charges =     0.000000

  Related Dipole Moment =     3.1756 (X  1.4569 Y  1.8791 Z -2.1050)


 Charges (in A.U.) from Merz-Kollman fitting 
 -----------------------------------------------
 Center     Atomic                  MZ       
 Number     Number                  Charge
 -----------------------------------------------
    1          6                    0.005914
    2         16                    1.065182
    3          8                   -0.532482
    4          8                   -0.516991
    5          7                   -0.806739
    6          1                    0.414574
    7          1                    0.415004
    8          8                   -0.200740
    9          6                    0.091693
   10          6                   -0.160758
   11          6                   -0.216632
   12         16                    0.961812
   13          6                    0.060234
   14          8                   -0.572908
   15          8                   -0.547196
   16          6                   -0.226315
   17          6                   -0.216509
   18          6                    0.196802
   19          6                    0.336940
   20          6                   -0.396077
   21          8                   -0.601285
   22          6                   -0.587286
   23          7                    0.037640
   24          6                   -0.656252
   25          6                   -0.664031
   26          1                    0.209550
   27          1                    0.231656
   28          1                    0.189858
   29          1                    0.190800
   30          1                    0.227079
   31          1                    0.487523
   32          1                    0.193411
   33          1                    0.264791
   34          1                    0.238386
   35          1                    0.197110
   36          1                    0.229648
   37          1                    0.223457
   38          1                    0.234513
   39          1                    0.198624
 -----------------------------------------------
    1   -1861.5614133771      2.26e-04  
         Merz-Kollman ESP Net Atomic Charges

     Atom                 Charge (a.u.)
  ----------------------------------------
      1 C                     0.009332
      2 S                     1.101608
      3 O                    -0.551768
      4 O                    -0.541771
      5 N                    -0.799932
      6 H                     0.413948
      7 H                     0.414022
      8 O                    -0.202162
      9 C                     0.098159
     10 C                    -0.152465
     11 C                    -0.221343
     12 S                     0.986429
     13 C                     0.061728
     14 O                    -0.587933
     15 O                    -0.565292
     16 C                    -0.226038
     17 C                    -0.207136
     18 C                     0.194707
     19 C                     0.334451
     20 C                    -0.395200
     21 O                    -0.606128
     22 C                    -0.587060
     23 N                     0.020624
     24 C                    -0.648505
     25 C                    -0.655303
     26 H                     0.207587
     27 H                     0.231550
     28 H                     0.190062
     29 H                     0.189567
     30 H                     0.226874
     31 H                     0.489882
     32 H                     0.195106
     33 H                     0.265650
     34 H                     0.236255
     35 H                     0.196933
     36 H                     0.229349
     37 H                     0.222646
     38 H                     0.233500
     39 H                     0.198066
  ----------------------------------------
  Sum of atomic charges =     0.000000

  Related Dipole Moment =     3.2081 (X  1.2946 Y  1.9963 Z -2.1519)


 Charges (in A.U.) from Merz-Kollman fitting 
 -----------------------------------------------
 Center     Atomic                  MZ       
 Number     Number                  Charge
 -----------------------------------------------
    1          6                    0.009332
    2         16                    1.101608
    3          8                   -0.551768
    4          8                   -0.541771
    5          7                   -0.799932
    6          1                    0.413948
    7          1                    0.414022
    8          8                   -0.202162
    9          6                    0.098159
   10          6                   -0.152465
   11          6                   -0.221343
   12         16                    0.986429
   13          6                    0.061728
   14          8                   -0.587933
   15          8                   -0.565292
   16          6                   -0.226038
   17          6                   -0.207136
   18          6                    0.194707
   19          6                    0.334451
   20          6                   -0.395200
   21          8                   -0.606128
   22          6                   -0.587060
   23          7                    0.020624
   24          6                   -0.648505
   25          6                   -0.655303
   26          1                    0.207587
   27          1                    0.231550
   28          1                    0.190062
   29          1                    0.189567
   30          1                    0.226874
   31          1                    0.489882
   32          1                    0.195106
   33          1                    0.265650
   34          1                    0.236255
   35          1                    0.196933
   36          1                    0.229349
   37          1                    0.222646
   38          1                    0.233500
   39          1                    0.198066
 -----------------------------------------------
    2   -1861.5628979230      2.80e-04  
         Merz-Kollman ESP Net Atomic Charges

     Atom                 Charge (a.u.)
  ----------------------------------------
      1 C                     0.007539
      2 S                     1.094021
      3 O                    -0.550046
      4 O                    -0.539262
      5 N                    -0.799284
      6 H                     0.414642
      7 H                     0.414831
      8 O                    -0.202520
      9 C                     0.104379
     10 C                    -0.156356
     11 C                    -0.218959
     12 S                     0.982982
     13 C                     0.055695
     14 O                    -0.586890
     15 O                    -0.563516
     16 C                    -0.225824
     17 C                    -0.205410
     18 C                     0.195182
     19 C                     0.335252
     20 C                    -0.394048
     21 O                    -0.606017
     22 C                    -0.587043
     23 N                     0.020056
     24 C                    -0.649363
     25 C                    -0.655677
     26 H                     0.207243
     27 H                     0.231553
     28 H                     0.190341
     29 H                     0.190192
     30 H                     0.227023
     31 H                     0.490273
     32 H                     0.195280
     33 H                     0.265604
     34 H                     0.236607
     35 H                     0.197270
     36 H                     0.229533
     37 H                     0.222808
     38 H                     0.233627
     39 H                     0.198281
  ----------------------------------------
  Sum of atomic charges =     0.000000

  Related Dipole Moment =     3.2466 (X  1.3157 Y  2.0271 Z -2.1680)


 Charges (in A.U.) from Merz-Kollman fitting 
 -----------------------------------------------
 Center     Atomic                  MZ       
 Number     Number                  Charge
 -----------------------------------------------
    1          6                    0.007539
    2         16                    1.094021
    3          8                   -0.550046
    4          8                   -0.539262
    5          7                   -0.799284
    6          1                    0.414642
    7          1                    0.414831
    8          8                   -0.202520
    9          6                    0.104379
   10          6                   -0.156356
   11          6                   -0.218959
   12         16                    0.982982
   13          6                    0.055695
   14          8                   -0.586890
   15          8                   -0.563516
   16          6                   -0.225824
   17          6                   -0.205410
   18          6                    0.195182
   19          6                    0.335252
   20          6                   -0.394048
   21          8                   -0.606017
   22          6                   -0.587043
   23          7                    0.020056
   24          6                   -0.649363
   25          6                   -0.655677
   26          1                    0.207243
   27          1                    0.231553
   28          1                    0.190341
   29          1                    0.190192
   30          1                    0.227023
   31          1                    0.490273
   32          1                    0.195280
   33          1                    0.265604
   34          1                    0.236607
   35          1                    0.197270
   36          1                    0.229533
   37          1                    0.222808
   38          1                    0.233627
   39          1                    0.198281
 -----------------------------------------------
    3   -1861.5622429187      2.43e-05  
         Merz-Kollman ESP Net Atomic Charges

     Atom                 Charge (a.u.)
  ----------------------------------------
      1 C                     0.009014
      2 S                     1.096261
      3 O                    -0.550801
      4 O                    -0.540375
      5 N                    -0.799778
      6 H                     0.414735
      7 H                     0.414916
      8 O                    -0.202850
      9 C                     0.101328
     10 C                    -0.155355
     11 C                    -0.219926
     12 S                     0.985461
     13 C                     0.058336
     14 O                    -0.588024
     15 O                    -0.564959
     16 C                    -0.225427
     17 C                    -0.207563
     18 C                     0.194952
     19 C                     0.334680
     20 C                    -0.394274
     21 O                    -0.605780
     22 C                    -0.587371
     23 N                     0.021005
     24 C                    -0.649551
     25 C                    -0.656204
     26 H                     0.208119
     27 H                     0.231839
     28 H                     0.190196
     29 H                     0.190908
     30 H                     0.227017
     31 H                     0.490369
     32 H                     0.195326
     33 H                     0.265607
     34 H                     0.236593
     35 H                     0.197246
     36 H                     0.229484
     37 H                     0.222837
     38 H                     0.233681
     39 H                     0.198329
  ----------------------------------------
  Sum of atomic charges =     0.000000

  Related Dipole Moment =     3.2423 (X  1.3165 Y  2.0206 Z -2.1671)


 Charges (in A.U.) from Merz-Kollman fitting 
 -----------------------------------------------
 Center     Atomic                  MZ       
 Number     Number                  Charge
 -----------------------------------------------
    1          6                    0.009014
    2         16                    1.096261
    3          8                   -0.550801
    4          8                   -0.540375
    5          7                   -0.799778
    6          1                    0.414735
    7          1                    0.414916
    8          8                   -0.202850
    9          6                    0.101328
   10          6                   -0.155355
   11          6                   -0.219926
   12         16                    0.985461
   13          6                    0.058336
   14          8                   -0.588024
   15          8                   -0.564959
   16          6                   -0.225427
   17          6                   -0.207563
   18          6                    0.194952
   19          6                    0.334680
   20          6                   -0.394274
   21          8                   -0.605780
   22          6                   -0.587371
   23          7                    0.021005
   24          6                   -0.649551
   25          6                   -0.656204
   26          1                    0.208119
   27          1                    0.231839
   28          1                    0.190196
   29          1                    0.190908
   30          1                    0.227017
   31          1                    0.490369
   32          1                    0.195326
   33          1                    0.265607
   34          1                    0.236593
   35          1                    0.197246
   36          1                    0.229484
   37          1                    0.222837
   38          1                    0.233681
   39          1                    0.198329
 -----------------------------------------------
    4   -1861.5620340036      1.52e-05  
    5   -1861.5619742781      2.82e-06  Convergence criterion met
 ---------------------------------------
 SCF time:   CPU 360.66s  wall 28.00s 
(0)  E-EN(g) gas-phase elect-nuc energy                -1861.569178500 a.u.
(1)  E-EN(liq) elect-nuc energy of solute              -1861.561974278 a.u.
(2)  G-P(liq) polarization free energy of solvation           -34.1898 kcal/mol
(3)  G-ENP(liq) elect-nuc-pol free energy of system    -1861.616459239 a.u.
(4)  G-CDS(liq) cavity-dispersion-solvent structure 
     free energy                                                1.8483 kcal/mol
(5)  G-P-CDS(liq) = G-P(liq) + G-CDS(liq) = (2) + (4)         -32.3416 kcal/mol
(6)  G-S(liq) free energy of system = (1) + (5)        -1861.613513832 a.u.
(7)  DeltaE-EN(liq) elect-nuc reorganization
     energy of solute molecule (7) = (1) - (0)                  4.5207 kcal/mol
(8)  DeltaG-ENP(liq) elect-nuc-pol free energy
     of solvation (8) = (3) - (0)                             -29.6691 kcal/mol
(9)  DeltaG-S(liq) free energy of  solvation
     (9) = (6) - (0)                                          -27.8208 kcal/mol
 SCF   energy in the final basis set =    -1861.6135138319
 Total energy in the final basis set =    -1861.6135138319
 
 --------------------------------------------------------------
 
                    Orbital Energies (a.u.)
 --------------------------------------------------------------
 
 Alpha MOs
 -- Occupied --
-90.1926 -90.1665 -19.7684 -19.6930 -19.6699 -19.6681 -19.6618 -19.6606
-14.8137 -14.7661 -10.6625 -10.6590 -10.6445 -10.6121 -10.6075 -10.6002
-10.5904 -10.5889 -10.5860 -10.5803 -10.5774 -10.5681 -10.5669  -8.5052
 -8.4829  -6.4274  -6.4270  -6.4266  -6.4049  -6.4045  -6.4039  -1.3001
 -1.2702  -1.2509  -1.2056  -1.1584  -1.1444  -1.0444  -1.0437  -0.9940
 -0.9664  -0.9166  -0.8982  -0.8829  -0.8144  -0.8038  -0.7988  -0.7844
 -0.7423  -0.7258  -0.7072  -0.6939  -0.6843  -0.6548  -0.6402  -0.6262
 -0.6174  -0.6115  -0.5927  -0.5899  -0.5815  -0.5766  -0.5559  -0.5538
 -0.5481  -0.5469  -0.5416  -0.5258  -0.5223  -0.5102  -0.5076  -0.5005
 -0.4816  -0.4726  -0.4607  -0.4506  -0.4481  -0.4439  -0.4350  -0.4345
 -0.4309  -0.4270  -0.4240  -0.4185  -0.4128  -0.4120  -0.4052  -0.4001
 -0.3899  -0.3817  -0.3352  -0.3323  -0.3034  -0.2947
 -- Virtual --
 -0.0282  -0.0142  -0.0055  -0.0046   0.0031   0.0165   0.0189   0.0268
  0.0274   0.0315   0.0374   0.0396   0.0414   0.0434   0.0487   0.0556
  0.0581   0.0618   0.0633   0.0690   0.0707   0.0781   0.0798   0.0834
  0.0863   0.0895   0.0916   0.0959   0.0991   0.1028   0.1044   0.1049
  0.1104   0.1177   0.1209   0.1241   0.1261   0.1317   0.1326   0.1349
  0.1381   0.1440   0.1471   0.1510   0.1543   0.1560   0.1601   0.1627
  0.1645   0.1683   0.1719   0.1755   0.1822   0.1843   0.1891   0.1934
  0.1942   0.1979   0.1993   0.2070   0.2105   0.2122   0.2151   0.2183
  0.2214   0.2235   0.2243   0.2310   0.2321   0.2327   0.2359   0.2384
  0.2442   0.2486   0.2522   0.2540   0.2566   0.2577   0.2630   0.2699
  0.2709   0.2723   0.2743   0.2809   0.2897   0.2910   0.2918   0.2958
  0.3006   0.3023   0.3055   0.3066   0.3088   0.3133   0.3175   0.3187
  0.3204   0.3232   0.3312   0.3315   0.3358   0.3390   0.3416   0.3439
  0.3459   0.3496   0.3511   0.3584   0.3649   0.3707   0.3731   0.3823
  0.3854   0.3930   0.3972   0.4020   0.4085   0.4114   0.4138   0.4187
  0.4256   0.4318   0.4378   0.4451   0.4516   0.4532   0.4619   0.4686
  0.4736   0.4870   0.4883   0.4986   0.5119   0.5193   0.5678   0.5923
  0.5987   0.6120   0.6228   0.6400   0.6491   0.6627   0.6683   0.6768
  0.6974   0.7073   0.7199   0.7282   0.7372   0.7431   0.7494   0.7557
  0.7648   0.7734   0.7740   0.7849   0.7859   0.7995   0.8139   0.8185
  0.8258   0.8361   0.8433   0.8526   0.8563   0.8668   0.8778   0.8890
  0.8931   0.9034   0.9175   0.9242   0.9293   0.9324   0.9476   0.9545
  0.9627   0.9713   0.9810   1.0001   1.0047   1.0110   1.0126   1.0266
  1.0343   1.0376   1.0451   1.0548   1.0623   1.0657   1.0749   1.0905
  1.0995   1.1025   1.1059   1.1130   1.1173   1.1200   1.1263   1.1366
  1.1447   1.1472   1.1661   1.1710   1.1815   1.1865   1.1924   1.2095
  1.2130   1.2257   1.2295   1.2382   1.2475   1.2628   1.2744   1.2776
  1.2827   1.2931   1.3008   1.3116   1.3134   1.3187   1.3280   1.3441
  1.3567   1.3580   1.3612   1.3734   1.3764   1.3797   1.3805   1.3899
  1.3956   1.3980   1.4126   1.4163   1.4265   1.4314   1.4377   1.4459
  1.4545   1.4606   1.4712   1.4749   1.4781   1.4830   1.4996   1.5131
  1.5259   1.5400   1.5662   1.5765   1.5880   1.5900   1.6017   1.6163
  1.6378   1.6415   1.6528   1.6650   1.7063   1.7187   1.7669   1.7739
  1.7837   1.7873   1.7982   1.8017   1.8183   1.8359   1.8437   1.8518
  1.8641   1.8649   1.8709   1.8828   1.8936   1.9054   1.9099   1.9237
  1.9360   1.9506   1.9545   1.9575   1.9818   1.9901   2.0005   2.0084
  2.0125   2.0241   2.0421   2.0480   2.0656   2.0728   2.0893   2.0941
  2.1040   2.1260   2.1386   2.1423   2.1451   2.1492   2.1662   2.1766
  2.1815   2.2031   2.2106   2.2183   2.2239   2.2451   2.2537   2.2694
  2.2762   2.2974   2.3028   2.3045   2.3306   2.3357   2.3383   2.3415
  2.3534   2.3586   2.3650   2.3824   2.4002   2.4202   2.4533   2.4622
  2.4939   2.5325   2.5452   2.5556   2.5924   2.5964   2.6214   2.6578
  2.6813   2.7041   2.7206   2.7632   2.7880   2.8070   2.8078   2.8311
  2.8446   2.8573   2.8697   2.8804   2.8960   2.9179   2.9522   2.9754
  2.9797   2.9816   2.9890   3.0821   3.1515   3.1571   3.4058   3.8761
  4.0335   4.0387   4.1517   4.2081   4.2263   4.2611   4.2743   4.3089
  4.3626   4.3705   4.3835   4.3996   4.4097   4.4224   4.4437   4.4620
  4.4933   4.5245   4.5409   4.5840   4.6346   4.8370
 --------------------------------------------------------------
 
          Ground-State Mulliken Net Atomic Charges

     Atom                 Charge (a.u.)
  ----------------------------------------
      1 C                    -0.761952
      2 S                     1.728558
      3 O                    -0.719675
      4 O                    -0.702690
      5 N                    -0.809443
      6 H                     0.513075
      7 H                     0.516670
      8 O                    -0.186606
      9 C                     0.606713
     10 C                    -0.911873
     11 C                     0.845660
     12 S                    -0.445705
     13 C                    -0.533593
     14 O                    -0.595758
     15 O                    -0.550486
     16 C                    -0.065234
     17 C                     0.740456
     18 C                    -0.175247
     19 C                     0.001507
     20 C                    -0.110605
     21 O                    -0.706365
     22 C                    -0.155158
     23 N                    -0.458141
     24 C                    -0.532991
     25 C                    -0.470355
     26 H                     0.349145
     27 H                     0.328697
     28 H                     0.291141
     29 H                     0.292028
     30 H                     0.279433
     31 H                     0.586625
     32 H                     0.222063
     33 H                     0.233522
     34 H                     0.235864
     35 H                     0.218699
     36 H                     0.227961
     37 H                     0.225800
     38 H                     0.228317
     39 H                     0.219934
  ----------------------------------------
  Sum of atomic charges =    -0.000008

         Merz-Kollman ESP Net Atomic Charges

     Atom                 Charge (a.u.)
  ----------------------------------------
      1 C                     0.008557
      2 S                     1.097164
      3 O                    -0.551125
      4 O                    -0.540627
      5 N                    -0.799706
      6 H                     0.414662
      7 H                     0.414847
      8 O                    -0.202747
      9 C                     0.101748
     10 C                    -0.155795
     11 C                    -0.219909
     12 S                     0.985748
     13 C                     0.057881
     14 O                    -0.588087
     15 O                    -0.564944
     16 C                    -0.225281
     17 C                    -0.207542
     18 C                     0.195281
     19 C                     0.334876
     20 C                    -0.394392
     21 O                    -0.605841
     22 C                    -0.587418
     23 N                     0.020860
     24 C                    -0.649495
     25 C                    -0.656094
     26 H                     0.208074
     27 H                     0.231853
     28 H                     0.190145
     29 H                     0.190918
     30 H                     0.227024
     31 H                     0.490352
     32 H                     0.195330
     33 H                     0.265604
     34 H                     0.236599
     35 H                     0.197246
     36 H                     0.229461
     37 H                     0.222811
     38 H                     0.233655
     39 H                     0.198308
  ----------------------------------------
  Sum of atomic charges =     0.000000

  Related Dipole Moment =     3.2454 (X  1.3174 Y  2.0238 Z -2.1683)

 -----------------------------------------------------------------
                    Cartesian Multipole Moments
 -----------------------------------------------------------------
    Charge (ESU x 10^10)
                -0.0000
    Dipole Moment (Debye)
         X       1.2499      Y       2.1133      Z      -2.2164
       Tot       3.3077
    Quadrupole Moments (Debye-Ang)
        XX    -108.8148     XY      -0.9332     YY    -155.0017
        XZ     -19.5583     YZ     -30.9608     ZZ    -167.7261
    Octopole Moments (Debye-Ang^2)
       XXX    -718.0422    XXY     159.0181    XYY    -225.2142
       YYY     263.1023    XXZ     304.5278    XYZ     -34.5478
       YYZ     418.2850    XZZ    -147.2624    YZZ     255.2522
       ZZZ    1410.3275
    Hexadecapole Moments (Debye-Ang^3)
      XXXX   -9131.3524   XXXY    2614.3350   XXYY   -2075.2133
      XYYY    2094.7919   YYYY   -3985.1301   XXXZ    2888.8336
      XXYZ    -908.7154   XYYZ    1041.0217   YYYZ   -1594.6115
      XXZZ   -2927.6300   XYZZ    1072.9124   YYZZ   -2516.9324
      XZZZ    2868.9097   YZZZ   -2415.5610   ZZZZ  -11976.8821
 -----------------------------------------------------------------
 Total job time:  60.33s(wall), 773.26s(cpu) 
 Fri May 27 11:57:44 2022

        *************************************************************
        *                                                           *
        *  Thank you very much for using Q-Chem.  Have a nice day.  *
        *                                                           *
        *************************************************************


