                  Welcome to Q-Chem
     A Quantum Leap Into The Future Of Chemistry


 Q-Chem 5.4 (devel), Q-Chem, Inc., Pleasanton, CA (2021)

 E. Epifanovsky,  A. T. B. Gilbert,  Xintian Feng,  Joonho Lee,  Yuezhi Mao,  
 N. Mardirossian,  P. Pokhilko,  A. White,  M. Wormit,  M. P. Coons,  
 A. L. Dempwolff,  Zhengting Gan,  D. Hait,  P. R. Horn,  L. D. Jacobson,  
 I. Kaliman,  J. Kussmann,  A. W. Lange,  Ka Un Lao,  D. S. Levine,  Jie Liu,  
 S. C. McKenzie,  A. F. Morrison,  K. Nanda,  F. Plasser,  D. R. Rehn,  
 M. L. Vidal,  Zhi-Qiang You,  Ying Zhu,  B. Alam,  B. Albrecht,  
 A. Aldossary,  E. Alguire,  J. H. Andersen,  D. Barton,  K. Begam,  A. Behn,  
 Y. A. Bernard,  E. J. Berquist,  H. Burton,  A. Carreras,  K. Carter-Fenk,  
 R. Chakraborty,  A. D. Chien,  K. D. Closser,  V. Cofer-Shabica,  
 S. Dasgupta,  Jia Deng,  M. de Wergifosse,  M. Diedenhofen,  Hainam Do,  
 S. Ehlert,  Po-Tung Fang,  S. Fatehi,  Qingguo Feng,  T. Friedhoff,  
 J. Gayvert,  Qinghui Ge,  G. Gidofalvi,  M. Goldey,  J. Gomes,  
 C. Gonzalez-Espinoza,  S. Gulania,  A. Gunina,  M. W. D. Hanson-Heine,  
 P. H. P. Harbach,  A. W. Hauser,  M. F. Herbst,  M. Hernandez Vera,  
 M. Hodecker,  Z. C. Holden,  S. Houck,  Xunkun Huang,  Kerwin Hui,  
 B. C. Huynh,  M. Ivanov,  Hyunjun Ji,  Hanjie Jiang,  B. Kaduk,  S. Kaehler,  
 K. Khistyaev,  Jaehoon Kim,  P. Klunzinger,  Z. Koczor-Benda,  
 Joong Hoon Koh,  D. Kosenkov,  L. Koulias,  T. Kowalczyk,  C. M. Krauter,  
 K. Kue,  A. Kunitsa,  T. Kus,  A. Landau,  K. V. Lawler,  D. Lefrancois,  
 S. Lehtola,  Rain Li,  Yi-Pei Li,  Jiashu Liang,  M. Liebenthal,  
 Hung-Hsuan Lin,  You-Sheng Lin,  Fenglai Liu,  Kuan-Yu Liu,  
 M. Loipersberger,  A. Luenser,  A. Manjanath,  P. Manohar,  E. Mansoor,  
 S. F. Manzer,  Shan-Ping Mao,  A. V. Marenich,  T. Markovich,  S. Mason,  
 S. A. Maurer,  P. F. McLaughlin,  M. F. S. J. Menger,  J.-M. Mewes,  
 S. A. Mewes,  P. Morgante,  J. W. Mullinax,  K. J. Oosterbaan,  G. Paran,  
 Alexander C. Paul,  Suranjan K. Paul,  F. Pavosevic,  Zheng Pei,  S. Prager,  
 E. I. Proynov,  E. Ramos,  B. Rana,  A. E. Rask,  A. Rettig,  R. M. Richard,  
 F. Rob,  E. Rossomme,  T. Scheele,  M. Scheurer,  M. Schneider,  
 N. Sergueev,  S. M. Sharada,  W. Skomorowski,  D. W. Small,  C. J. Stein,  
 Yu-Chuan Su,  E. J. Sundstrom,  Zhen Tao,  J. Thirman,  T. Tsuchimochi,  
 N. M. Tubman,  S. P. Veccham,  O. Vydrov,  J. Wenzel,  J. Witte,  A. Yamada,  
 Kun Yao,  S. Yeganeh,  S. R. Yost,  A. Zech,  Igor Ying Zhang,  Xing Zhang,  
 Yu Zhang,  D. Zuev,  A. Aspuru-Guzik,  A. T. Bell,  N. A. Besley,  
 K. B. Bravaya,  B. R. Brooks,  D. Casanova,  Jeng-Da Chai,  S. Coriani,  
 C. J. Cramer,  A. E. DePrince, III,  R. A. DiStasio Jr.,  A. Dreuw,  
 B. D. Dunietz,  T. R. Furlani,  W. A. Goddard III,  S. Grimme,  
 S. Hammes-Schiffer,  T. Head-Gordon,  W. J. Hehre,  Chao-Ping Hsu,  
 T.-C. Jagau,  Yousung Jung,  A. Klamt,  Jing Kong,  D. S. Lambrecht,  
 WanZhen Liang,  N. J. Mayhall,  C. W. McCurdy,  J. B. Neaton,  
 C. Ochsenfeld,  J. A. Parkhill,  R. Peverati,  V. A. Rassolov,  Yihan Shao,  
 L. V. Slipchenko,  T. Stauch,  R. P. Steele,  J. E. Subotnik,  
 A. J. W. Thom,  A. Tkatchenko,  D. G. Truhlar,  T. Van Voorhis,  
 T. A. Wesolowski,  K. B. Whaley,  H. L. Woodcock III,  P. M. Zimmerman,  
 S. Faraji,  P. M. W. Gill,  M. Head-Gordon,  J. M. Herbert,  A. I. Krylov

 Additional authors for Version 5.4.1: 
 S. Kotaru,  Shaozhi Li,  Xiangyuan Li,  F. Matz,  A. Molle,  Haisheng Ren,  
 Yingli Su,  Hung-Yi Tsai,  C. Utku,  Fang Wang

 Contributors to earlier versions of Q-Chem not listed above: 
 R. D. Adamson,  B. Austin,  R. Baer,  J. Baker,  G. J. O. Beran,  
 K. Brandhorst,  S. T. Brown,  E. F. C. Byrd,  A. K. Chakraborty,  
 G. K. L. Chan,  Chun-Min Chang,  Yunqing Chen,  C.-L. Cheng,  
 Siu Hung Chien,  D. M. Chipman,  D. L. Crittenden,  H. Dachsel,  
 R. J. Doerksen,  A. D. Dutoi,  R. G. Edgar,  J. Fosso-Tande,  
 L. Fusti-Molnar,  D. Ghosh,  A. Ghysels,  A. Golubeva-Zadorozhnaya,  
 J. Gonthier,  M. S. Gordon,  S. R. Gwaltney,  G. Hawkins,  J. E. Herr,  
 A. Heyden,  S. Hirata,  E. G. Hohenstein,  G. Kedziora,  F. J. Keil,  
 C. Kelley,  Jihan Kim,  R. A. King,  R. Z. Khaliullin,  P. P. Korambath,  
 W. Kurlancheek,  A. Laurent,  A. M. Lee,  M. S. Lee,  S. V. Levchenko,  
 Ching Yeh Lin,  D. Liotard,  E. Livshits,  R. C. Lochan,  I. Lotan,  
 L. A. Martinez-Martinez,  P. E. Maslen,  N. Nair,  D. P. O'Neill,  
 D. Neuhauser,  E. Neuscamman,  C. M. Oana,  R. Olivares-Amaya,  R. Olson,  
 T. M. Perrine,  B. Peters,  P. A. Pieniazek,  A. Prociuk,  Y. M. Rhee,  
 J. Ritchie,  M. A. Rohrdanz,  E. Rosta,  N. J. Russ,  H. F. Schaefer III,  
 M. W. Schmidt,  N. E. Schultz,  S. Sharma,  N. Shenvi,  C. D. Sherrill,  
 A. C. Simmonett,  A. Sodt,  T. Stein,  D. Stuck,  K. S. Thanthiriwatte,  
 V. Vanovschi,  L. Vogt,  Tao Wang,  A. Warshel,  M. A. Watson,  
 C. F. Williams,  Q. Wu,  X. Xu,  Jun Yang,  W. Zhang,  Yan Zhao

 Please cite Q-Chem as follows:
 Y. Shao et al., Mol. Phys. 113, 184-215 (2015)
 DOI: 10.1080/00268976.2014.952696

 Q-Chem 5.4.1 for Intel X86 EM64T Linux

 Parts of Q-Chem use Armadillo 9.800.1 (Horizon Scraper).
 http://arma.sourceforge.net/

 Q-Chem begins on Wed Jun 29 14:54:11 2022  

 Host: gadi-cpu-clx-0288.gadi.nci.org.au
0

     Scratch files written to /jobfs/48751669.gadi-pbs/qchem267220//
 Processing $rem in /apps/qchem/5.4.1/config/preferences:
 Processing $rem in /home/561/yj5695/.qchemrc:
 Symmetry turned off for PCM/SM12/SMD calculation
 Method-specific promolecule density matrix will be built for SM12 calculation

 Checking the input file for inconsistencies... 	...done.

--------------------------------------------------------------
User input:
--------------------------------------------------------------
$molecule
0  1
C -1.300351  0.743773 -0.994277
C -2.493368  0.771413 -1.716668
H -3.451487  0.821074 -1.208078
C -2.428356  0.739835 -3.103421
H -3.341048  0.763009 -3.689661
C -1.18897  0.681581 -3.752694
C -1.161141  0.648998 -5.254534
C -0.007491  0.65462 -3.005701
H  0.959498  0.615162 -3.495838
C -0.056606  0.683841 -1.613806
H  0.856486  0.667676 -1.027861
S -1.381208  0.734278  0.785928
O -0.065366  1.110587  1.299751
O -2.560911  1.499668  1.1873
N -1.648492 -0.815396  1.284934
H -0.887862 -1.439878  1.008552
H -2.547074 -1.17237  0.952879
O -2.210393  0.706486 -5.882444
C  0.162733  0.543707 -5.954046
H  0.690764 -0.360501 -5.633336
H  0.793124  1.402443 -5.699439
H  0.001097  0.514034 -7.032101
$end

$rem
jobtype sp
exchange M062X
basis 6-31+G*
SMX_GAS_PHASE = TRUE
solvent_method sm12
$end

$smx
solvent water
charges mk
$end
--------------------------------------------------------------
 ----------------------------------------------------------------
             Standard Nuclear Orientation (Angstroms)
    I     Atom           X                Y                Z
 ----------------------------------------------------------------
    1      C      -1.3003510000     0.7437730000    -0.9942770000
    2      C      -2.4933680000     0.7714130000    -1.7166680000
    3      H      -3.4514870000     0.8210740000    -1.2080780000
    4      C      -2.4283560000     0.7398350000    -3.1034210000
    5      H      -3.3410480000     0.7630090000    -3.6896610000
    6      C      -1.1889700000     0.6815810000    -3.7526940000
    7      C      -1.1611410000     0.6489980000    -5.2545340000
    8      C      -0.0074910000     0.6546200000    -3.0057010000
    9      H       0.9594980000     0.6151620000    -3.4958380000
   10      C      -0.0566060000     0.6838410000    -1.6138060000
   11      H       0.8564860000     0.6676760000    -1.0278610000
   12      S      -1.3812080000     0.7342780000     0.7859280000
   13      O      -0.0653660000     1.1105870000     1.2997510000
   14      O      -2.5609110000     1.4996680000     1.1873000000
   15      N      -1.6484920000    -0.8153960000     1.2849340000
   16      H      -0.8878620000    -1.4398780000     1.0085520000
   17      H      -2.5470740000    -1.1723700000     0.9528790000
   18      O      -2.2103930000     0.7064860000    -5.8824440000
   19      C       0.1627330000     0.5437070000    -5.9540460000
   20      H       0.6907640000    -0.3605010000    -5.6333360000
   21      H       0.7931240000     1.4024430000    -5.6994390000
   22      H       0.0010970000     0.5140340000    -7.0321010000
 ----------------------------------------------------------------
 Nuclear Repulsion Energy =         897.23249417 hartrees
 There are       52 alpha and       52 beta electrons
 Requested basis set is 6-31+G(d)
 There are 84 shells and 269 basis functions

 Total QAlloc Memory Limit   2000 MB
 Mega-Array Size       188 MB
 MEM_STATIC part       192 MB
 A cutoff of  1.0D-08 yielded   2703 shell pairs
 There are     29583 function pairs
 Smallest overlap matrix eigenvalue = 1.22E-06

 Q-Chem warning in module stvman/mkSTV.C, line 323:

 Overlap eigenvalue is smaller than square root of threshold
 Use THRESH >= 12 to get rid of this warning


 Scale SEOQF with 1.000000e-01/1.000000e-01/1.000000e-02

 Standard Electronic Orientation quadrupole field applied
 Nucleus-field energy     =     0.0000000036 hartrees
 ================ Generating on-the-fly Promolecule Density  ================
Attempting to make child job directory: /jobfs/48751669.gadi-pbs/qchem267220//Frg1/
Attempting to make child job directory: /jobfs/48751669.gadi-pbs/qchem267220//Frg2/
Attempting to make child job directory: /jobfs/48751669.gadi-pbs/qchem267220//Frg3/
Attempting to make child job directory: /jobfs/48751669.gadi-pbs/qchem267220//Frg4/
Attempting to make child job directory: /jobfs/48751669.gadi-pbs/qchem267220//Frg5/
Creating input file /jobfs/48751669.gadi-pbs/qchem267220/Frg1.input
using default PutDataFrgm: nothing
calling putenv with: QCSCRATCH=/jobfs/48751669.gadi-pbs/qchem267220/ 
Spawning Job For Fragment 0
Done Job For Fragment 0
calling putenv with: QCSCRATCH=/jobfs/48751669.gadi-pbs 
calling putenv with: QCTHREADS=8 
Creating input file /jobfs/48751669.gadi-pbs/qchem267220/Frg2.input
using default PutDataFrgm: nothing
calling putenv with: QCSCRATCH=/jobfs/48751669.gadi-pbs/qchem267220/ 
Spawning Job For Fragment 1
Done Job For Fragment 1
calling putenv with: QCSCRATCH=/jobfs/48751669.gadi-pbs 
calling putenv with: QCTHREADS=8 
Creating input file /jobfs/48751669.gadi-pbs/qchem267220/Frg3.input
using default PutDataFrgm: nothing
calling putenv with: QCSCRATCH=/jobfs/48751669.gadi-pbs/qchem267220/ 
Spawning Job For Fragment 2
Done Job For Fragment 2
calling putenv with: QCSCRATCH=/jobfs/48751669.gadi-pbs 
calling putenv with: QCTHREADS=8 
Creating input file /jobfs/48751669.gadi-pbs/qchem267220/Frg4.input
using default PutDataFrgm: nothing
calling putenv with: QCSCRATCH=/jobfs/48751669.gadi-pbs/qchem267220/ 
Spawning Job For Fragment 3
Done Job For Fragment 3
calling putenv with: QCSCRATCH=/jobfs/48751669.gadi-pbs 
calling putenv with: QCTHREADS=8 
Creating input file /jobfs/48751669.gadi-pbs/qchem267220/Frg5.input
using default PutDataFrgm: nothing
calling putenv with: QCSCRATCH=/jobfs/48751669.gadi-pbs/qchem267220/ 
Spawning Job For Fragment 4
Done Job For Fragment 4
calling putenv with: QCSCRATCH=/jobfs/48751669.gadi-pbs 
calling putenv with: QCTHREADS=8 
 Time for running child jobs:  CPU 1.08 s  wall 1.96 s
 ============= Method Specific Promolecule Density Constructed =============
 Guess from superposition of atomic densities
 Warning:  Energy on first SCF cycle will be non-variational
 SAD guess density has 104.000000 electrons

 -----------------------------------------------------------------------
  General SCF calculation program by
  Eric Jon Sundstrom, Paul Horn, Yuezhi Mao, Dmitri Zuev, Alec White,
  David Stuck, Shaama M.S., Shane Yost, Joonho Lee, David Small,
  Daniel Levine, Susi Lehtola, Hugh Burton, Evgeny Epifanovsky,
  Bang C. Huynh
 -----------------------------------------------------------------------
 Exchange:     0.5400 Hartree-Fock + 1.0000 M06-2X
 Correlation:  1.0000 M06-2X
 Using SG-3 standard quadrature grid
 using 8 threads for integral computing
 -------------------------------------------------------
 OpenMP Integral computing Module                
 Release: version 1.0, May 2013, Q-Chem Inc. Pittsburgh 
 -------------------------------------------------------
 A restricted SCF calculation will be
 performed using DIIS
 SCF converges when DIIS error is below 1.0e-05
 ---------------------------------------
  Cycle       Energy         DIIS error
 ---------------------------------------
    1    -992.5193715817      4.66e-02  
    2    -988.2399969172      6.27e-03  
    3    -987.9748238087      9.20e-03  
    4    -988.5381154132      9.42e-04  
    5    -988.5447008893      4.03e-04  
    6    -988.5459683136      9.06e-05  
    7    -988.5460330106      4.25e-05  
    8    -988.5460466148      1.23e-05  
    9    -988.5460483295      6.36e-06  Convergence criterion met
 ---------------------------------------
 SCF time:   CPU 98.61s  wall 12.00s 
 SCF   energy in the final basis set =     -988.5460483295
 Total energy in the final basis set =     -988.5460483295
 Exchange:     0.5400 Hartree-Fock + 1.0000 M06-2X
 Correlation:  1.0000 M06-2X
 Using SG-3 standard quadrature grid
 
 SM12 calculation using Merz-Singh-Kollman charges
 Citation of the SM12 model:
 Marenich, A.V.; Cramer, C.J.; Truhlar, D.G.
 J. Chem. Theory Comput. 2013, 9, 609-612.
 iSolventCode=           1
 Solvent: water                                                           
 
  Building new vdw surfaces
         Merz-Kollman ESP Net Atomic Charges

     Atom                 Charge (a.u.)
  ----------------------------------------
      1 C                    -0.061777
      2 C                    -0.181662
      3 H                     0.172874
      4 C                    -0.075085
      5 H                     0.155660
      6 C                    -0.098697
      7 C                     0.676558
      8 C                    -0.117365
      9 H                     0.145599
     10 C                    -0.160624
     11 H                     0.172463
     12 S                     1.034468
     13 O                    -0.503509
     14 O                    -0.496131
     15 N                    -0.797083
     16 H                     0.370622
     17 H                     0.371133
     18 O                    -0.515608
     19 C                    -0.600480
     20 H                     0.149127
     21 H                     0.173348
     22 H                     0.186169
  ----------------------------------------
  Sum of atomic charges =     0.000000

  Related Dipole Moment =     5.6784 (X  2.0413 Y -4.1270 Z -3.3234)


 Charges (in A.U.) from Merz-Kollman fitting 
 -----------------------------------------------
 Center     Atomic                  MZ       
 Number     Number                  Charge
 -----------------------------------------------
    1          6                   -0.061777
    2          6                   -0.181662
    3          1                    0.172874
    4          6                   -0.075085
    5          1                    0.155660
    6          6                   -0.098697
    7          6                    0.676558
    8          6                   -0.117365
    9          1                    0.145599
   10          6                   -0.160624
   11          1                    0.172463
   12         16                    1.034468
   13          8                   -0.503509
   14          8                   -0.496131
   15          7                   -0.797083
   16          1                    0.370622
   17          1                    0.371133
   18          8                   -0.515608
   19          6                   -0.600480
   20          1                    0.149127
   21          1                    0.173348
   22          1                    0.186169
 -----------------------------------------------
 A restricted SCF calculation will be
 performed using Roothaan-Hall, DIIS
 SCF converges when DIIS error is below 1.0e-05
 ---------------------------------------
  Cycle       Energy         DIIS error
 ---------------------------------------
         Merz-Kollman ESP Net Atomic Charges

     Atom                 Charge (a.u.)
  ----------------------------------------
      1 C                    -0.048772
      2 C                    -0.208049
      3 H                     0.185302
      4 C                    -0.066998
      5 H                     0.157754
      6 C                    -0.092496
      7 C                     0.705167
      8 C                    -0.105997
      9 H                     0.163431
     10 C                    -0.166308
     11 H                     0.178450
     12 S                     1.082507
     13 O                    -0.560900
     14 O                    -0.556452
     15 N                    -0.789527
     16 H                     0.387968
     17 H                     0.389512
     18 O                    -0.594805
     19 C                    -0.582842
     20 H                     0.157788
     21 H                     0.184250
     22 H                     0.181019
  ----------------------------------------
  Sum of atomic charges =     0.000000

  Related Dipole Moment =     6.7239 (X  2.8626 Y -4.8957 Z -3.6124)


 Charges (in A.U.) from Merz-Kollman fitting 
 -----------------------------------------------
 Center     Atomic                  MZ       
 Number     Number                  Charge
 -----------------------------------------------
    1          6                   -0.048772
    2          6                   -0.208049
    3          1                    0.185302
    4          6                   -0.066998
    5          1                    0.157754
    6          6                   -0.092496
    7          6                    0.705167
    8          6                   -0.105997
    9          1                    0.163431
   10          6                   -0.166308
   11          1                    0.178450
   12         16                    1.082507
   13          8                   -0.560900
   14          8                   -0.556452
   15          7                   -0.789527
   16          1                    0.387968
   17          1                    0.389512
   18          8                   -0.594805
   19          6                   -0.582842
   20          1                    0.157788
   21          1                    0.184250
   22          1                    0.181019
 -----------------------------------------------
    1    -988.5460478083      4.95e-04  Roothaan Step
 ---------------------------------------
  Cycle       Energy         DIIS error
 ---------------------------------------
         Merz-Kollman ESP Net Atomic Charges

     Atom                 Charge (a.u.)
  ----------------------------------------
      1 C                    -0.044779
      2 C                    -0.216306
      3 H                     0.187186
      4 C                    -0.045921
      5 H                     0.157308
      6 C                    -0.106522
      7 C                     0.661054
      8 C                    -0.132501
      9 H                     0.172921
     10 C                    -0.162638
     11 H                     0.179404
     12 S                     1.034730
     13 O                    -0.535095
     14 O                    -0.527144
     15 N                    -0.793479
     16 H                     0.385056
     17 H                     0.388350
     18 O                    -0.542593
     19 C                    -0.601056
     20 H                     0.160855
     21 H                     0.192272
     22 H                     0.188897
  ----------------------------------------
  Sum of atomic charges =     0.000000

  Related Dipole Moment =     6.4681 (X  2.5188 Y -4.6347 Z -3.7432)


 Charges (in A.U.) from Merz-Kollman fitting 
 -----------------------------------------------
 Center     Atomic                  MZ       
 Number     Number                  Charge
 -----------------------------------------------
    1          6                   -0.044779
    2          6                   -0.216306
    3          1                    0.187186
    4          6                   -0.045921
    5          1                    0.157308
    6          6                   -0.106522
    7          6                    0.661054
    8          6                   -0.132501
    9          1                    0.172921
   10          6                   -0.162638
   11          1                    0.179404
   12         16                    1.034730
   13          8                   -0.535095
   14          8                   -0.527144
   15          7                   -0.793479
   16          1                    0.385056
   17          1                    0.388350
   18          8                   -0.542593
   19          6                   -0.601056
   20          1                    0.160855
   21          1                    0.192272
   22          1                    0.188897
 -----------------------------------------------
    1    -988.5388450324      4.30e-04  
         Merz-Kollman ESP Net Atomic Charges

     Atom                 Charge (a.u.)
  ----------------------------------------
      1 C                    -0.042144
      2 C                    -0.216286
      3 H                     0.186985
      4 C                    -0.056012
      5 H                     0.157864
      6 C                    -0.098860
      7 C                     0.695794
      8 C                    -0.120536
      9 H                     0.169625
     10 C                    -0.166104
     11 H                     0.179156
     12 S                     1.075510
     13 O                    -0.556871
     14 O                    -0.550901
     15 N                    -0.790730
     16 H                     0.386058
     17 H                     0.388695
     18 O                    -0.583349
     19 C                    -0.594832
     20 H                     0.160499
     21 H                     0.190389
     22 H                     0.186048
  ----------------------------------------
  Sum of atomic charges =     0.000000

  Related Dipole Moment =     6.6719 (X  2.7885 Y -4.8150 Z -3.6816)


 Charges (in A.U.) from Merz-Kollman fitting 
 -----------------------------------------------
 Center     Atomic                  MZ       
 Number     Number                  Charge
 -----------------------------------------------
    1          6                   -0.042144
    2          6                   -0.216286
    3          1                    0.186985
    4          6                   -0.056012
    5          1                    0.157864
    6          6                   -0.098860
    7          6                    0.695794
    8          6                   -0.120536
    9          1                    0.169625
   10          6                   -0.166104
   11          1                    0.179156
   12         16                    1.075510
   13          8                   -0.556871
   14          8                   -0.550901
   15          7                   -0.790730
   16          1                    0.386058
   17          1                    0.388695
   18          8                   -0.583349
   19          6                   -0.594832
   20          1                    0.160499
   21          1                    0.190389
   22          1                    0.186048
 -----------------------------------------------
    2    -988.5405992556      5.76e-04  
         Merz-Kollman ESP Net Atomic Charges

     Atom                 Charge (a.u.)
  ----------------------------------------
      1 C                    -0.044795
      2 C                    -0.215693
      3 H                     0.187164
      4 C                    -0.054552
      5 H                     0.157993
      6 C                    -0.100258
      7 C                     0.690972
      8 C                    -0.118817
      9 H                     0.169994
     10 C                    -0.164618
     11 H                     0.179186
     12 S                     1.071086
     13 O                    -0.556573
     14 O                    -0.550418
     15 N                    -0.789658
     16 H                     0.386638
     17 H                     0.389379
     18 O                    -0.580841
     19 C                    -0.594514
     20 H                     0.161012
     21 H                     0.190935
     22 H                     0.186378
  ----------------------------------------
  Sum of atomic charges =     0.000000

  Related Dipole Moment =     6.7054 (X  2.7935 Y -4.8337 Z -3.7141)


 Charges (in A.U.) from Merz-Kollman fitting 
 -----------------------------------------------
 Center     Atomic                  MZ       
 Number     Number                  Charge
 -----------------------------------------------
    1          6                   -0.044795
    2          6                   -0.215693
    3          1                    0.187164
    4          6                   -0.054552
    5          1                    0.157993
    6          6                   -0.100258
    7          6                    0.690972
    8          6                   -0.118817
    9          1                    0.169994
   10          6                   -0.164618
   11          1                    0.179186
   12         16                    1.071086
   13          8                   -0.556573
   14          8                   -0.550418
   15          7                   -0.789658
   16          1                    0.386638
   17          1                    0.389379
   18          8                   -0.580841
   19          6                   -0.594514
   20          1                    0.161012
   21          1                    0.190935
   22          1                    0.186378
 -----------------------------------------------
    3    -988.5401635746      4.19e-05  
         Merz-Kollman ESP Net Atomic Charges

     Atom                 Charge (a.u.)
  ----------------------------------------
      1 C                    -0.042867
      2 C                    -0.216698
      3 H                     0.187283
      4 C                    -0.054387
      5 H                     0.158115
      6 C                    -0.099765
      7 C                     0.693006
      8 C                    -0.120496
      9 H                     0.170530
     10 C                    -0.165420
     11 H                     0.179345
     12 S                     1.071515
     13 O                    -0.556542
     14 O                    -0.550381
     15 N                    -0.790247
     16 H                     0.386565
     17 H                     0.389364
     18 O                    -0.582704
     19 C                    -0.595408
     20 H                     0.161203
     21 H                     0.191352
     22 H                     0.186635
  ----------------------------------------
  Sum of atomic charges =     0.000000

  Related Dipole Moment =     6.7009 (X  2.8000 Y -4.8276 Z -3.7090)


 Charges (in A.U.) from Merz-Kollman fitting 
 -----------------------------------------------
 Center     Atomic                  MZ       
 Number     Number                  Charge
 -----------------------------------------------
    1          6                   -0.042867
    2          6                   -0.216698
    3          1                    0.187283
    4          6                   -0.054387
    5          1                    0.158115
    6          6                   -0.099765
    7          6                    0.693006
    8          6                   -0.120496
    9          1                    0.170530
   10          6                   -0.165420
   11          1                    0.179345
   12         16                    1.071515
   13          8                   -0.556542
   14          8                   -0.550381
   15          7                   -0.790247
   16          1                    0.386565
   17          1                    0.389364
   18          8                   -0.582704
   19          6                   -0.595408
   20          1                    0.161203
   21          1                    0.191352
   22          1                    0.186635
 -----------------------------------------------
    4    -988.5400025326      2.19e-05  
    5    -988.5399501285      5.75e-06  Convergence criterion met
 ---------------------------------------
 SCF time:   CPU 78.40s  wall 10.00s 
(0)  E-EN(g) gas-phase elect-nuc energy                 -988.546048330 a.u.
(1)  E-EN(liq) elect-nuc energy of solute               -988.539950129 a.u.
(2)  G-P(liq) polarization free energy of solvation           -23.6367 kcal/mol
(3)  G-ENP(liq) elect-nuc-pol free energy of system     -988.577617554 a.u.
(4)  G-CDS(liq) cavity-dispersion-solvent structure 
     free energy                                                3.0682 kcal/mol
(5)  G-P-CDS(liq) = G-P(liq) + G-CDS(liq) = (2) + (4)         -20.5685 kcal/mol
(6)  G-S(liq) free energy of system = (1) + (5)         -988.572728043 a.u.
(7)  DeltaE-EN(liq) elect-nuc reorganization
     energy of solute molecule (7) = (1) - (0)                  3.8267 kcal/mol
(8)  DeltaG-ENP(liq) elect-nuc-pol free energy
     of solvation (8) = (3) - (0)                             -19.8100 kcal/mol
(9)  DeltaG-S(liq) free energy of  solvation
     (9) = (6) - (0)                                          -16.7418 kcal/mol
 SCF   energy in the final basis set =     -988.5727280432
 Total energy in the final basis set =     -988.5727280432
 
 --------------------------------------------------------------
 
                    Orbital Energies (a.u.)
 --------------------------------------------------------------
 
 Alpha MOs
 -- Occupied --
-90.1767 -19.6601 -19.6594 -19.6553 -14.8069 -10.6616 -10.6119 -10.5888
-10.5887 -10.5880 -10.5862 -10.5817 -10.5515  -8.4906  -6.4128  -6.4125
 -6.4115  -1.2607  -1.1831  -1.1471  -1.0363  -0.9993  -0.9068  -0.8778
 -0.8469  -0.7818  -0.7222  -0.7127  -0.6542  -0.6464  -0.6183  -0.5975
 -0.5735  -0.5660  -0.5425  -0.5367  -0.5280  -0.5193  -0.5078  -0.4922
 -0.4737  -0.4547  -0.4405  -0.4370  -0.4314  -0.4219  -0.4059  -0.4022
 -0.3838  -0.3460  -0.3368  -0.3352
 -- Virtual --
 -0.0550  -0.0063  -0.0021   0.0218   0.0343   0.0385   0.0426   0.0500
  0.0543   0.0591   0.0655   0.0718   0.0778   0.0823   0.0879   0.0963
  0.1010   0.1035   0.1055   0.1106   0.1199   0.1279   0.1292   0.1344
  0.1410   0.1425   0.1525   0.1570   0.1587   0.1675   0.1716   0.1798
  0.1902   0.1932   0.1965   0.2092   0.2132   0.2150   0.2187   0.2197
  0.2267   0.2376   0.2407   0.2475   0.2502   0.2549   0.2641   0.2677
  0.2801   0.2810   0.2871   0.2915   0.2960   0.3006   0.3042   0.3130
  0.3158   0.3184   0.3221   0.3268   0.3337   0.3432   0.3492   0.3554
  0.3595   0.3660   0.3763   0.3955   0.4046   0.4085   0.4343   0.4402
  0.4558   0.4701   0.4812   0.5241   0.5584   0.5653   0.5732   0.6490
  0.6628   0.6763   0.6826   0.6949   0.7106   0.7244   0.7371   0.7559
  0.7600   0.7683   0.7765   0.7840   0.8033   0.8063   0.8241   0.8340
  0.8458   0.8673   0.8989   0.9275   0.9399   0.9600   0.9848   0.9978
  1.0030   1.0077   1.0339   1.0356   1.0423   1.0543   1.0879   1.1033
  1.1126   1.1250   1.1283   1.1367   1.1544   1.1704   1.1775   1.1925
  1.2010   1.2287   1.2452   1.2728   1.2919   1.3083   1.3139   1.3253
  1.3373   1.3617   1.3730   1.3777   1.3789   1.3867   1.3951   1.4024
  1.4190   1.4257   1.4419   1.4686   1.4924   1.5068   1.5308   1.5374
  1.5451   1.5544   1.6109   1.6904   1.7201   1.7426   1.7639   1.7823
  1.7995   1.8102   1.8167   1.8433   1.8540   1.8796   1.8941   1.8983
  1.9085   1.9186   1.9480   1.9976   2.0224   2.0346   2.0465   2.0808
  2.0923   2.1213   2.1278   2.1457   2.1611   2.1674   2.1859   2.1972
  2.2265   2.2399   2.2948   2.3055   2.3237   2.3265   2.3422   2.3575
  2.4463   2.4621   2.4760   2.4948   2.5677   2.5976   2.6456   2.6659
  2.6745   2.7204   2.7948   2.8094   2.8326   2.9007   2.9098   2.9469
  3.0050   3.1354   3.2193   3.3892   3.8828   4.0747   4.2095   4.2258
  4.2510   4.2789   4.2833   4.3308   4.3712   4.4077   4.4356   4.6139
  4.7453
 --------------------------------------------------------------
 
          Ground-State Mulliken Net Atomic Charges

     Atom                 Charge (a.u.)
  ----------------------------------------
      1 C                    -1.620738
      2 C                    -0.059921
      3 H                     0.287106
      4 C                    -0.209924
      5 H                     0.277463
      6 C                     0.946546
      7 C                     0.083232
      8 C                     0.552258
      9 H                     0.290958
     10 C                    -0.700676
     11 H                     0.291959
     12 S                     1.272566
     13 O                    -0.751333
     14 O                    -0.725146
     15 N                    -0.816145
     16 H                     0.509905
     17 H                     0.508295
     18 O                    -0.677152
     19 C                    -0.270830
     20 H                     0.275522
     21 H                     0.283319
     22 H                     0.252737
  ----------------------------------------
  Sum of atomic charges =     0.000000

         Merz-Kollman ESP Net Atomic Charges

     Atom                 Charge (a.u.)
  ----------------------------------------
      1 C                    -0.043086
      2 C                    -0.216689
      3 H                     0.187276
      4 C                    -0.054404
      5 H                     0.158121
      6 C                    -0.099878
      7 C                     0.692827
      8 C                    -0.120473
      9 H                     0.170514
     10 C                    -0.165241
     11 H                     0.179302
     12 S                     1.072687
     13 O                    -0.556983
     14 O                    -0.550807
     15 N                    -0.790173
     16 H                     0.386472
     17 H                     0.389275
     18 O                    -0.582536
     19 C                    -0.595568
     20 H                     0.161236
     21 H                     0.191408
     22 H                     0.186721
  ----------------------------------------
  Sum of atomic charges =     0.000000

  Related Dipole Moment =     6.7017 (X  2.7998 Y -4.8286 Z -3.7092)

 -----------------------------------------------------------------
                    Cartesian Multipole Moments
 -----------------------------------------------------------------
    Charge (ESU x 10^10)
                -0.0000
    Dipole Moment (Debye)
         X       2.7794      Y      -4.7926      Z      -3.6965
       Tot       6.6602
    Quadrupole Moments (Debye-Ang)
        XX     -86.0875     XY       9.7998     YY     -86.0939
        XZ     -15.1701     YZ      -6.2961     ZZ     -97.7341
    Octopole Moments (Debye-Ang^2)
       XXX     309.8416    XXY     -77.6342    XYY     111.4327
       YYY    -177.9325    XXZ     171.9196    XYZ      -3.0129
       YYZ     149.4195    XZZ     238.5175    YZZ     -69.3294
       ZZZ     526.2239
    Hexadecapole Moments (Debye-Ang^3)
      XXXX   -1320.1400   XXXY     269.5156   XXYY    -323.6169
      XYYY     237.2758   YYYY    -445.6354   XXXZ    -475.0392
      XXYZ      92.5040   XYYZ    -157.1417   YYYZ     297.4085
      XXZZ   -1393.4808   XYZZ     165.2505   YYZZ    -964.6911
      XZZZ   -1237.2601   YZZZ     393.2524   ZZZZ   -5914.5934
 -----------------------------------------------------------------
 Total job time:  24.70s(wall), 181.47s(cpu) 
 Wed Jun 29 14:54:36 2022

        *************************************************************
        *                                                           *
        *  Thank you very much for using Q-Chem.  Have a nice day.  *
        *                                                           *
        *************************************************************


