                  Welcome to Q-Chem
     A Quantum Leap Into The Future Of Chemistry


 Q-Chem 5.4 (devel), Q-Chem, Inc., Pleasanton, CA (2021)

 E. Epifanovsky,  A. T. B. Gilbert,  Xintian Feng,  Joonho Lee,  Yuezhi Mao,  
 N. Mardirossian,  P. Pokhilko,  A. White,  M. Wormit,  M. P. Coons,  
 A. L. Dempwolff,  Zhengting Gan,  D. Hait,  P. R. Horn,  L. D. Jacobson,  
 I. Kaliman,  J. Kussmann,  A. W. Lange,  Ka Un Lao,  D. S. Levine,  Jie Liu,  
 S. C. McKenzie,  A. F. Morrison,  K. Nanda,  F. Plasser,  D. R. Rehn,  
 M. L. Vidal,  Zhi-Qiang You,  Ying Zhu,  B. Alam,  B. Albrecht,  
 A. Aldossary,  E. Alguire,  J. H. Andersen,  D. Barton,  K. Begam,  A. Behn,  
 Y. A. Bernard,  E. J. Berquist,  H. Burton,  A. Carreras,  K. Carter-Fenk,  
 R. Chakraborty,  A. D. Chien,  K. D. Closser,  V. Cofer-Shabica,  
 S. Dasgupta,  Jia Deng,  M. de Wergifosse,  M. Diedenhofen,  Hainam Do,  
 S. Ehlert,  Po-Tung Fang,  S. Fatehi,  Qingguo Feng,  T. Friedhoff,  
 J. Gayvert,  Qinghui Ge,  G. Gidofalvi,  M. Goldey,  J. Gomes,  
 C. Gonzalez-Espinoza,  S. Gulania,  A. Gunina,  M. W. D. Hanson-Heine,  
 P. H. P. Harbach,  A. W. Hauser,  M. F. Herbst,  M. Hernandez Vera,  
 M. Hodecker,  Z. C. Holden,  S. Houck,  Xunkun Huang,  Kerwin Hui,  
 B. C. Huynh,  M. Ivanov,  Hyunjun Ji,  Hanjie Jiang,  B. Kaduk,  S. Kaehler,  
 K. Khistyaev,  Jaehoon Kim,  P. Klunzinger,  Z. Koczor-Benda,  
 Joong Hoon Koh,  D. Kosenkov,  L. Koulias,  T. Kowalczyk,  C. M. Krauter,  
 K. Kue,  A. Kunitsa,  T. Kus,  A. Landau,  K. V. Lawler,  D. Lefrancois,  
 S. Lehtola,  Rain Li,  Yi-Pei Li,  Jiashu Liang,  M. Liebenthal,  
 Hung-Hsuan Lin,  You-Sheng Lin,  Fenglai Liu,  Kuan-Yu Liu,  
 M. Loipersberger,  A. Luenser,  A. Manjanath,  P. Manohar,  E. Mansoor,  
 S. F. Manzer,  Shan-Ping Mao,  A. V. Marenich,  T. Markovich,  S. Mason,  
 S. A. Maurer,  P. F. McLaughlin,  M. F. S. J. Menger,  J.-M. Mewes,  
 S. A. Mewes,  P. Morgante,  J. W. Mullinax,  K. J. Oosterbaan,  G. Paran,  
 Alexander C. Paul,  Suranjan K. Paul,  F. Pavosevic,  Zheng Pei,  S. Prager,  
 E. I. Proynov,  E. Ramos,  B. Rana,  A. E. Rask,  A. Rettig,  R. M. Richard,  
 F. Rob,  E. Rossomme,  T. Scheele,  M. Scheurer,  M. Schneider,  
 N. Sergueev,  S. M. Sharada,  W. Skomorowski,  D. W. Small,  C. J. Stein,  
 Yu-Chuan Su,  E. J. Sundstrom,  Zhen Tao,  J. Thirman,  T. Tsuchimochi,  
 N. M. Tubman,  S. P. Veccham,  O. Vydrov,  J. Wenzel,  J. Witte,  A. Yamada,  
 Kun Yao,  S. Yeganeh,  S. R. Yost,  A. Zech,  Igor Ying Zhang,  Xing Zhang,  
 Yu Zhang,  D. Zuev,  A. Aspuru-Guzik,  A. T. Bell,  N. A. Besley,  
 K. B. Bravaya,  B. R. Brooks,  D. Casanova,  Jeng-Da Chai,  S. Coriani,  
 C. J. Cramer,  A. E. DePrince, III,  R. A. DiStasio Jr.,  A. Dreuw,  
 B. D. Dunietz,  T. R. Furlani,  W. A. Goddard III,  S. Grimme,  
 S. Hammes-Schiffer,  T. Head-Gordon,  W. J. Hehre,  Chao-Ping Hsu,  
 T.-C. Jagau,  Yousung Jung,  A. Klamt,  Jing Kong,  D. S. Lambrecht,  
 WanZhen Liang,  N. J. Mayhall,  C. W. McCurdy,  J. B. Neaton,  
 C. Ochsenfeld,  J. A. Parkhill,  R. Peverati,  V. A. Rassolov,  Yihan Shao,  
 L. V. Slipchenko,  T. Stauch,  R. P. Steele,  J. E. Subotnik,  
 A. J. W. Thom,  A. Tkatchenko,  D. G. Truhlar,  T. Van Voorhis,  
 T. A. Wesolowski,  K. B. Whaley,  H. L. Woodcock III,  P. M. Zimmerman,  
 S. Faraji,  P. M. W. Gill,  M. Head-Gordon,  J. M. Herbert,  A. I. Krylov

 Additional authors for Version 5.4.1: 
 S. Kotaru,  Shaozhi Li,  Xiangyuan Li,  F. Matz,  A. Molle,  Haisheng Ren,  
 Yingli Su,  Hung-Yi Tsai,  C. Utku,  Fang Wang

 Contributors to earlier versions of Q-Chem not listed above: 
 R. D. Adamson,  B. Austin,  R. Baer,  J. Baker,  G. J. O. Beran,  
 K. Brandhorst,  S. T. Brown,  E. F. C. Byrd,  A. K. Chakraborty,  
 G. K. L. Chan,  Chun-Min Chang,  Yunqing Chen,  C.-L. Cheng,  
 Siu Hung Chien,  D. M. Chipman,  D. L. Crittenden,  H. Dachsel,  
 R. J. Doerksen,  A. D. Dutoi,  R. G. Edgar,  J. Fosso-Tande,  
 L. Fusti-Molnar,  D. Ghosh,  A. Ghysels,  A. Golubeva-Zadorozhnaya,  
 J. Gonthier,  M. S. Gordon,  S. R. Gwaltney,  G. Hawkins,  J. E. Herr,  
 A. Heyden,  S. Hirata,  E. G. Hohenstein,  G. Kedziora,  F. J. Keil,  
 C. Kelley,  Jihan Kim,  R. A. King,  R. Z. Khaliullin,  P. P. Korambath,  
 W. Kurlancheek,  A. Laurent,  A. M. Lee,  M. S. Lee,  S. V. Levchenko,  
 Ching Yeh Lin,  D. Liotard,  E. Livshits,  R. C. Lochan,  I. Lotan,  
 L. A. Martinez-Martinez,  P. E. Maslen,  N. Nair,  D. P. O'Neill,  
 D. Neuhauser,  E. Neuscamman,  C. M. Oana,  R. Olivares-Amaya,  R. Olson,  
 T. M. Perrine,  B. Peters,  P. A. Pieniazek,  A. Prociuk,  Y. M. Rhee,  
 J. Ritchie,  M. A. Rohrdanz,  E. Rosta,  N. J. Russ,  H. F. Schaefer III,  
 M. W. Schmidt,  N. E. Schultz,  S. Sharma,  N. Shenvi,  C. D. Sherrill,  
 A. C. Simmonett,  A. Sodt,  T. Stein,  D. Stuck,  K. S. Thanthiriwatte,  
 V. Vanovschi,  L. Vogt,  Tao Wang,  A. Warshel,  M. A. Watson,  
 C. F. Williams,  Q. Wu,  X. Xu,  Jun Yang,  W. Zhang,  Yan Zhao

 Please cite Q-Chem as follows:
 Y. Shao et al., Mol. Phys. 113, 184-215 (2015)
 DOI: 10.1080/00268976.2014.952696

 Q-Chem 5.4.1 for Intel X86 EM64T Linux

 Parts of Q-Chem use Armadillo 9.800.1 (Horizon Scraper).
 http://arma.sourceforge.net/

 Q-Chem begins on Sun May 22 16:32:37 2022  

 Host: gadi-cpu-clx-0456.gadi.nci.org.au
0

     Scratch files written to /jobfs/40922064.gadi-pbs/qchem2459703//
 Processing $rem in /apps/qchem/5.4.1/config/preferences:
 Processing $rem in /home/561/yj5695/.qchemrc:
 Symmetry turned off for PCM/SM12/SMD calculation
 Method-specific promolecule density matrix will be built for SM12 calculation

 Checking the input file for inconsistencies... 	...done.

--------------------------------------------------------------
User input:
--------------------------------------------------------------
$molecule
0  1
C -1.1403866149  0.5439330949 -0.8350817707
C -2.3399236747  0.8957356608 -1.4485648904
H -3.2514089119  1.0063142507 -0.8693541168
C -2.350681346  1.1015004725 -2.8247804839
H -3.2811670958  1.3895950251 -3.304711022
C -1.1716835178  0.963343905 -3.5638934298
C -1.1258070217  1.1953106536 -5.0476504955
C  0.0232707074  0.6236836611 -2.9237632832
H  0.933861455  0.5210473252 -3.5049650226
C  0.0464447309  0.4048362571 -1.5506606595
H  0.9683767756  0.1249093916 -1.050877696
S -1.1141329412  0.3239126352  0.9317388137
O -2.4504723693 -0.0949755672  1.3537204754
O  0.042905416 -0.5047171601  1.2674056179
N -0.8507359134  1.7926859239  1.6373407107
H -1.5995307184  2.4545981085  1.4219253715
H  0.0583254455  2.181170985  1.3773512866
N -2.2446577243  0.9579645257 -5.7414720068
O -0.0810581396  1.587801199 -5.594077766
C -2.2963086133  1.1626754402 -7.1797269893
H -3.3039758052  0.9321142822 -7.5220896945
H -1.5830656415  0.5092478988 -7.6899275956
H -2.0601820121  2.2011279899 -7.4251992711
H -3.0540094693  0.5686750412 -5.273789082
$end

$rem
jobtype sp
exchange M062X
basis 6-31+G*
xc_grid 1
SMX_GAS_PHASE = TRUE
solvent_method sm12
$end

$smx
solvent water
charges mk
$end
--------------------------------------------------------------
 ----------------------------------------------------------------
             Standard Nuclear Orientation (Angstroms)
    I     Atom           X                Y                Z
 ----------------------------------------------------------------
    1      C      -1.1403866149     0.5439330949    -0.8350817707
    2      C      -2.3399236747     0.8957356608    -1.4485648904
    3      H      -3.2514089119     1.0063142507    -0.8693541168
    4      C      -2.3506813460     1.1015004725    -2.8247804839
    5      H      -3.2811670958     1.3895950251    -3.3047110220
    6      C      -1.1716835178     0.9633439050    -3.5638934298
    7      C      -1.1258070217     1.1953106536    -5.0476504955
    8      C       0.0232707074     0.6236836611    -2.9237632832
    9      H       0.9338614550     0.5210473252    -3.5049650226
   10      C       0.0464447309     0.4048362571    -1.5506606595
   11      H       0.9683767756     0.1249093916    -1.0508776960
   12      S      -1.1141329412     0.3239126352     0.9317388137
   13      O      -2.4504723693    -0.0949755672     1.3537204754
   14      O       0.0429054160    -0.5047171601     1.2674056179
   15      N      -0.8507359134     1.7926859239     1.6373407107
   16      H      -1.5995307184     2.4545981085     1.4219253715
   17      H       0.0583254455     2.1811709850     1.3773512866
   18      N      -2.2446577243     0.9579645257    -5.7414720068
   19      O      -0.0810581396     1.5878011990    -5.5940777660
   20      C      -2.2963086133     1.1626754402    -7.1797269893
   21      H      -3.3039758052     0.9321142822    -7.5220896945
   22      H      -1.5830656415     0.5092478988    -7.6899275956
   23      H      -2.0601820121     2.2011279899    -7.4251992711
   24      H      -3.0540094693     0.5686750412    -5.2737890820
 ----------------------------------------------------------------
 Nuclear Repulsion Energy =        1002.12013902 hartrees
 There are       56 alpha and       56 beta electrons
 Requested basis set is 6-31+G(d)
 There are 91 shells and 290 basis functions

 Total QAlloc Memory Limit   2000 MB
 Mega-Array Size       188 MB
 MEM_STATIC part       192 MB
 A cutoff of  1.0D-08 yielded   3013 shell pairs
 There are     33015 function pairs
 Smallest overlap matrix eigenvalue = 1.36E-06

 Q-Chem warning in module stvman/mkSTV.C, line 323:

 Overlap eigenvalue is smaller than square root of threshold
 Use THRESH >= 12 to get rid of this warning


 Scale SEOQF with 1.000000e-01/1.000000e-01/1.000000e-02

 Standard Electronic Orientation quadrupole field applied
 Nucleus-field energy     =     0.0000000027 hartrees
 ================ Generating on-the-fly Promolecule Density  ================
Attempting to make child job directory: /jobfs/40922064.gadi-pbs/qchem2459703//Frg1/
Attempting to make child job directory: /jobfs/40922064.gadi-pbs/qchem2459703//Frg2/
Attempting to make child job directory: /jobfs/40922064.gadi-pbs/qchem2459703//Frg3/
Attempting to make child job directory: /jobfs/40922064.gadi-pbs/qchem2459703//Frg4/
Attempting to make child job directory: /jobfs/40922064.gadi-pbs/qchem2459703//Frg5/
Creating input file /jobfs/40922064.gadi-pbs/qchem2459703/Frg1.input
using default PutDataFrgm: nothing
calling putenv with: QCSCRATCH=/jobfs/40922064.gadi-pbs/qchem2459703/ 
Spawning Job For Fragment 0
Done Job For Fragment 0
calling putenv with: QCSCRATCH=/jobfs/40922064.gadi-pbs 
calling putenv with: QCTHREADS=16 
Creating input file /jobfs/40922064.gadi-pbs/qchem2459703/Frg2.input
using default PutDataFrgm: nothing
calling putenv with: QCSCRATCH=/jobfs/40922064.gadi-pbs/qchem2459703/ 
Spawning Job For Fragment 1
Done Job For Fragment 1
calling putenv with: QCSCRATCH=/jobfs/40922064.gadi-pbs 
calling putenv with: QCTHREADS=16 
Creating input file /jobfs/40922064.gadi-pbs/qchem2459703/Frg3.input
using default PutDataFrgm: nothing
calling putenv with: QCSCRATCH=/jobfs/40922064.gadi-pbs/qchem2459703/ 
Spawning Job For Fragment 2
Done Job For Fragment 2
calling putenv with: QCSCRATCH=/jobfs/40922064.gadi-pbs 
calling putenv with: QCTHREADS=16 
Creating input file /jobfs/40922064.gadi-pbs/qchem2459703/Frg4.input
using default PutDataFrgm: nothing
calling putenv with: QCSCRATCH=/jobfs/40922064.gadi-pbs/qchem2459703/ 
Spawning Job For Fragment 3
Done Job For Fragment 3
calling putenv with: QCSCRATCH=/jobfs/40922064.gadi-pbs 
calling putenv with: QCTHREADS=16 
Creating input file /jobfs/40922064.gadi-pbs/qchem2459703/Frg5.input
using default PutDataFrgm: nothing
calling putenv with: QCSCRATCH=/jobfs/40922064.gadi-pbs/qchem2459703/ 
Spawning Job For Fragment 4
Done Job For Fragment 4
calling putenv with: QCSCRATCH=/jobfs/40922064.gadi-pbs 
calling putenv with: QCTHREADS=16 
 Time for running child jobs:  CPU 2.45 s  wall 2.13 s
 ============= Method Specific Promolecule Density Constructed =============
 Guess from superposition of atomic densities
 Warning:  Energy on first SCF cycle will be non-variational
 SAD guess density has 112.000000 electrons

 -----------------------------------------------------------------------
  General SCF calculation program by
  Eric Jon Sundstrom, Paul Horn, Yuezhi Mao, Dmitri Zuev, Alec White,
  David Stuck, Shaama M.S., Shane Yost, Joonho Lee, David Small,
  Daniel Levine, Susi Lehtola, Hugh Burton, Evgeny Epifanovsky,
  Bang C. Huynh
 -----------------------------------------------------------------------
 Exchange:     0.5400 Hartree-Fock + 1.0000 M06-2X
 Correlation:  1.0000 M06-2X
 Using SG-1 standard quadrature grid
 using 16 threads for integral computing
 -------------------------------------------------------
 OpenMP Integral computing Module                
 Release: version 1.0, May 2013, Q-Chem Inc. Pittsburgh 
 -------------------------------------------------------
 A restricted SCF calculation will be
 performed using DIIS
 SCF converges when DIIS error is below 1.0e-05
 ---------------------------------------
  Cycle       Energy         DIIS error
 ---------------------------------------
    1   -1048.2443096027      4.53e-02  
    2   -1043.5863690346      5.90e-03  
    3   -1043.2955608003      8.76e-03  
    4   -1043.8923048250      9.34e-04  
    5   -1043.8992417564      4.26e-04  
    6   -1043.9007541938      1.12e-04  
    7   -1043.9008638443      4.26e-05  
    8   -1043.9008794091      1.18e-05  
    9   -1043.9008817161      5.95e-06  Convergence criterion met
 ---------------------------------------
 SCF time:   CPU 74.71s  wall 4.00s 
 SCF   energy in the final basis set =    -1043.9008817161
 Total energy in the final basis set =    -1043.9008817161
 Exchange:     0.5400 Hartree-Fock + 1.0000 M06-2X
 Correlation:  1.0000 M06-2X
 Using SG-1 standard quadrature grid
 
 SM12 calculation using Merz-Singh-Kollman charges
 Citation of the SM12 model:
 Marenich, A.V.; Cramer, C.J.; Truhlar, D.G.
 J. Chem. Theory Comput. 2013, 9, 609-612.
 iSolventCode=           1
 Solvent: water                                                           
 
  Building new vdw surfaces
         Merz-Kollman ESP Net Atomic Charges

     Atom                 Charge (a.u.)
  ----------------------------------------
      1 C                    -0.163445
      2 C                    -0.109149
      3 H                     0.161183
      4 C                    -0.088498
      5 H                     0.112990
      6 C                    -0.219210
      7 C                     0.666748
      8 C                    -0.025709
      9 H                     0.144569
     10 C                    -0.112647
     11 H                     0.157567
     12 S                     1.073662
     13 O                    -0.511215
     14 O                    -0.505530
     15 N                    -0.817647
     16 H                     0.380389
     17 H                     0.381297
     18 N                    -0.400754
     19 O                    -0.555886
     20 C                    -0.490449
     21 H                     0.188495
     22 H                     0.197176
     23 H                     0.198125
     24 H                     0.337939
  ----------------------------------------
  Sum of atomic charges =     0.000000

  Related Dipole Moment =     5.9473 (X -2.9642 Y  3.2321 Z -4.0171)


 Charges (in A.U.) from Merz-Kollman fitting 
 -----------------------------------------------
 Center     Atomic                  MZ       
 Number     Number                  Charge
 -----------------------------------------------
    1          6                   -0.163445
    2          6                   -0.109149
    3          1                    0.161183
    4          6                   -0.088498
    5          1                    0.112990
    6          6                   -0.219210
    7          6                    0.666748
    8          6                   -0.025709
    9          1                    0.144569
   10          6                   -0.112647
   11          1                    0.157567
   12         16                    1.073662
   13          8                   -0.511215
   14          8                   -0.505530
   15          7                   -0.817647
   16          1                    0.380389
   17          1                    0.381297
   18          7                   -0.400754
   19          8                   -0.555886
   20          6                   -0.490449
   21          1                    0.188495
   22          1                    0.197176
   23          1                    0.198125
   24          1                    0.337939
 -----------------------------------------------
 A restricted SCF calculation will be
 performed using Roothaan-Hall, DIIS
 SCF converges when DIIS error is below 1.0e-05
 ---------------------------------------
  Cycle       Energy         DIIS error
 ---------------------------------------
         Merz-Kollman ESP Net Atomic Charges

     Atom                 Charge (a.u.)
  ----------------------------------------
      1 C                    -0.149994
      2 C                    -0.117842
      3 H                     0.170899
      4 C                    -0.061449
      5 H                     0.131751
      6 C                    -0.247130
      7 C                     0.707137
      8 C                    -0.015229
      9 H                     0.145050
     10 C                    -0.137415
     11 H                     0.167820
     12 S                     1.121751
     13 O                    -0.568386
     14 O                    -0.564416
     15 N                    -0.811602
     16 H                     0.399453
     17 H                     0.399452
     18 N                    -0.379342
     19 O                    -0.654303
     20 C                    -0.497623
     21 H                     0.205956
     22 H                     0.195481
     23 H                     0.196297
     24 H                     0.363683
  ----------------------------------------
  Sum of atomic charges =     0.000000

  Related Dipole Moment =     7.1133 (X -4.2086 Y  3.7820 Z -4.3109)


 Charges (in A.U.) from Merz-Kollman fitting 
 -----------------------------------------------
 Center     Atomic                  MZ       
 Number     Number                  Charge
 -----------------------------------------------
    1          6                   -0.149994
    2          6                   -0.117842
    3          1                    0.170899
    4          6                   -0.061449
    5          1                    0.131751
    6          6                   -0.247130
    7          6                    0.707137
    8          6                   -0.015229
    9          1                    0.145050
   10          6                   -0.137415
   11          1                    0.167820
   12         16                    1.121751
   13          8                   -0.568386
   14          8                   -0.564416
   15          7                   -0.811602
   16          1                    0.399453
   17          1                    0.399452
   18          7                   -0.379342
   19          8                   -0.654303
   20          6                   -0.497623
   21          1                    0.205956
   22          1                    0.195481
   23          1                    0.196297
   24          1                    0.363683
 -----------------------------------------------
    1   -1043.9008813401      5.10e-04  Roothaan Step
 ---------------------------------------
  Cycle       Energy         DIIS error
 ---------------------------------------
         Merz-Kollman ESP Net Atomic Charges

     Atom                 Charge (a.u.)
  ----------------------------------------
      1 C                    -0.159027
      2 C                    -0.117090
      3 H                     0.172536
      4 C                    -0.093098
      5 H                     0.142172
      6 C                    -0.247865
      7 C                     0.698560
      8 C                    -0.000845
      9 H                     0.143728
     10 C                    -0.130646
     11 H                     0.166020
     12 S                     1.082148
     13 O                    -0.544233
     14 O                    -0.538555
     15 N                    -0.819220
     16 H                     0.398910
     17 H                     0.400288
     18 N                    -0.436851
     19 O                    -0.605553
     20 C                    -0.492530
     21 H                     0.208007
     22 H                     0.200270
     23 H                     0.198629
     24 H                     0.374247
  ----------------------------------------
  Sum of atomic charges =     0.000000

  Related Dipole Moment =     6.8533 (X -3.6943 Y  3.6823 Z -4.4454)


 Charges (in A.U.) from Merz-Kollman fitting 
 -----------------------------------------------
 Center     Atomic                  MZ       
 Number     Number                  Charge
 -----------------------------------------------
    1          6                   -0.159027
    2          6                   -0.117090
    3          1                    0.172536
    4          6                   -0.093098
    5          1                    0.142172
    6          6                   -0.247865
    7          6                    0.698560
    8          6                   -0.000845
    9          1                    0.143728
   10          6                   -0.130646
   11          1                    0.166020
   12         16                    1.082148
   13          8                   -0.544233
   14          8                   -0.538555
   15          7                   -0.819220
   16          1                    0.398910
   17          1                    0.400288
   18          7                   -0.436851
   19          8                   -0.605553
   20          6                   -0.492530
   21          1                    0.208007
   22          1                    0.200270
   23          1                    0.198629
   24          1                    0.374247
 -----------------------------------------------
    1   -1043.8918244869      4.42e-04  
         Merz-Kollman ESP Net Atomic Charges

     Atom                 Charge (a.u.)
  ----------------------------------------
      1 C                    -0.150838
      2 C                    -0.118525
      3 H                     0.172191
      4 C                    -0.079462
      5 H                     0.138854
      6 C                    -0.248507
      7 C                     0.713702
      8 C                    -0.006922
      9 H                     0.144086
     10 C                    -0.137298
     11 H                     0.167295
     12 S                     1.119111
     13 O                    -0.565351
     14 O                    -0.560487
     15 N                    -0.815014
     16 H                     0.398963
     17 H                     0.399870
     18 N                    -0.404361
     19 O                    -0.646181
     20 C                    -0.497936
     21 H                     0.208444
     22 H                     0.199518
     23 H                     0.198506
     24 H                     0.370345
  ----------------------------------------
  Sum of atomic charges =     0.000000

  Related Dipole Moment =     7.0834 (X -4.0812 Y  3.7507 Z -4.4102)


 Charges (in A.U.) from Merz-Kollman fitting 
 -----------------------------------------------
 Center     Atomic                  MZ       
 Number     Number                  Charge
 -----------------------------------------------
    1          6                   -0.150838
    2          6                   -0.118525
    3          1                    0.172191
    4          6                   -0.079462
    5          1                    0.138854
    6          6                   -0.248507
    7          6                    0.713702
    8          6                   -0.006922
    9          1                    0.144086
   10          6                   -0.137298
   11          1                    0.167295
   12         16                    1.119111
   13          8                   -0.565351
   14          8                   -0.560487
   15          7                   -0.815014
   16          1                    0.398963
   17          1                    0.399870
   18          7                   -0.404361
   19          8                   -0.646181
   20          6                   -0.497936
   21          1                    0.208444
   22          1                    0.199518
   23          1                    0.198506
   24          1                    0.370345
 -----------------------------------------------
    2   -1043.8940195545      5.92e-04  
         Merz-Kollman ESP Net Atomic Charges

     Atom                 Charge (a.u.)
  ----------------------------------------
      1 C                    -0.154059
      2 C                    -0.117352
      3 H                     0.172356
      4 C                    -0.077189
      5 H                     0.139396
      6 C                    -0.249051
      7 C                     0.709719
      8 C                    -0.006776
      9 H                     0.144340
     10 C                    -0.135796
     11 H                     0.167344
     12 S                     1.115466
     13 O                    -0.565259
     14 O                    -0.560370
     15 N                    -0.814165
     16 H                     0.399734
     17 H                     0.400625
     18 N                    -0.406935
     19 O                    -0.644078
     20 C                    -0.496897
     21 H                     0.209110
     22 H                     0.199650
     23 H                     0.198708
     24 H                     0.371478
  ----------------------------------------
  Sum of atomic charges =     0.000000

  Related Dipole Moment =     7.1248 (X -4.0927 Y  3.7793 Z -4.4418)


 Charges (in A.U.) from Merz-Kollman fitting 
 -----------------------------------------------
 Center     Atomic                  MZ       
 Number     Number                  Charge
 -----------------------------------------------
    1          6                   -0.154059
    2          6                   -0.117352
    3          1                    0.172356
    4          6                   -0.077189
    5          1                    0.139396
    6          6                   -0.249051
    7          6                    0.709719
    8          6                   -0.006776
    9          1                    0.144340
   10          6                   -0.135796
   11          1                    0.167344
   12         16                    1.115466
   13          8                   -0.565259
   14          8                   -0.560370
   15          7                   -0.814165
   16          1                    0.399734
   17          1                    0.400625
   18          7                   -0.406935
   19          8                   -0.644078
   20          6                   -0.496897
   21          1                    0.209110
   22          1                    0.199650
   23          1                    0.198708
   24          1                    0.371478
 -----------------------------------------------
    3   -1043.8934155192      4.60e-05  
         Merz-Kollman ESP Net Atomic Charges

     Atom                 Charge (a.u.)
  ----------------------------------------
      1 C                    -0.152372
      2 C                    -0.118270
      3 H                     0.172577
      4 C                    -0.079415
      5 H                     0.139979
      6 C                    -0.248401
      7 C                     0.711553
      8 C                    -0.006357
      9 H                     0.144341
     10 C                    -0.136657
     11 H                     0.167403
     12 S                     1.115662
     13 O                    -0.565100
     14 O                    -0.560162
     15 N                    -0.814844
     16 H                     0.399703
     17 H                     0.400651
     18 N                    -0.406235
     19 O                    -0.646206
     20 C                    -0.497752
     21 H                     0.209342
     22 H                     0.200044
     23 H                     0.198951
     24 H                     0.371567
  ----------------------------------------
  Sum of atomic charges =     0.000000

  Related Dipole Moment =     7.1252 (X -4.1001 Y  3.7669 Z -4.4462)


 Charges (in A.U.) from Merz-Kollman fitting 
 -----------------------------------------------
 Center     Atomic                  MZ       
 Number     Number                  Charge
 -----------------------------------------------
    1          6                   -0.152372
    2          6                   -0.118270
    3          1                    0.172577
    4          6                   -0.079415
    5          1                    0.139979
    6          6                   -0.248401
    7          6                    0.711553
    8          6                   -0.006357
    9          1                    0.144341
   10          6                   -0.136657
   11          1                    0.167403
   12         16                    1.115662
   13          8                   -0.565100
   14          8                   -0.560162
   15          7                   -0.814844
   16          1                    0.399703
   17          1                    0.400651
   18          7                   -0.406235
   19          8                   -0.646206
   20          6                   -0.497752
   21          1                    0.209342
   22          1                    0.200044
   23          1                    0.198951
   24          1                    0.371567
 -----------------------------------------------
    4   -1043.8932070487      2.33e-05  
    5   -1043.8931338797      6.71e-06  Convergence criterion met
 ---------------------------------------
 SCF time:   CPU 76.02s  wall 5.00s 
(0)  E-EN(g) gas-phase elect-nuc energy                -1043.900881716 a.u.
(1)  E-EN(liq) elect-nuc energy of solute              -1043.893133880 a.u.
(2)  G-P(liq) polarization free energy of solvation           -29.0740 kcal/mol
(3)  G-ENP(liq) elect-nuc-pol free energy of system    -1043.939466291 a.u.
(4)  G-CDS(liq) cavity-dispersion-solvent structure 
     free energy                                                1.7081 kcal/mol
(5)  G-P-CDS(liq) = G-P(liq) + G-CDS(liq) = (2) + (4)         -27.3659 kcal/mol
(6)  G-S(liq) free energy of system = (1) + (5)        -1043.936744220 a.u.
(7)  DeltaE-EN(liq) elect-nuc reorganization
     energy of solute molecule (7) = (1) - (0)                  4.8618 kcal/mol
(8)  DeltaG-ENP(liq) elect-nuc-pol free energy
     of solvation (8) = (3) - (0)                             -24.2122 kcal/mol
(9)  DeltaG-S(liq) free energy of  solvation
     (9) = (6) - (0)                                          -22.5041 kcal/mol
 SCF   energy in the final basis set =    -1043.9367442200
 Total energy in the final basis set =    -1043.9367442200
 
 --------------------------------------------------------------
 
                    Orbital Energies (a.u.)
 --------------------------------------------------------------
 
 Alpha MOs
 -- Occupied --
-90.1806 -19.6602 -19.6601 -19.6268 -14.8076 -14.8066 -10.6722 -10.6118
-10.5943 -10.5917 -10.5901 -10.5891 -10.5828 -10.5802  -8.4898  -6.4117
 -6.4114  -6.4104  -1.2611  -1.1716  -1.1473  -1.0470  -1.0362  -0.9996
 -0.9031  -0.8784  -0.8204  -0.7752  -0.7247  -0.7114  -0.6798  -0.6527
 -0.6311  -0.6182  -0.5929  -0.5704  -0.5484  -0.5424  -0.5392  -0.5261
 -0.5211  -0.5175  -0.4839  -0.4694  -0.4630  -0.4566  -0.4373  -0.4341
 -0.4223  -0.4069  -0.4025  -0.3849  -0.3569  -0.3408  -0.3348  -0.3281
 -- Virtual --
 -0.0410  -0.0092  -0.0042   0.0090   0.0322   0.0344   0.0427   0.0472
  0.0512   0.0543   0.0588   0.0632   0.0712   0.0794   0.0809   0.0860
  0.0910   0.0977   0.1007   0.1025   0.1147   0.1188   0.1221   0.1243
  0.1270   0.1383   0.1469   0.1500   0.1551   0.1580   0.1637   0.1690
  0.1783   0.1797   0.1918   0.1979   0.1997   0.2047   0.2108   0.2155
  0.2165   0.2286   0.2314   0.2410   0.2419   0.2474   0.2499   0.2539
  0.2553   0.2581   0.2661   0.2697   0.2756   0.2834   0.2842   0.2884
  0.2933   0.2955   0.3056   0.3066   0.3172   0.3214   0.3221   0.3251
  0.3283   0.3322   0.3464   0.3595   0.3623   0.3691   0.3770   0.3860
  0.3919   0.3986   0.4010   0.4177   0.4304   0.4566   0.4701   0.4849
  0.4966   0.5348   0.5641   0.5668   0.5807   0.6483   0.6645   0.6829
  0.6879   0.7027   0.7211   0.7247   0.7368   0.7479   0.7557   0.7804
  0.7848   0.8014   0.8067   0.8249   0.8302   0.8493   0.8630   0.8739
  0.8974   0.9123   0.9330   0.9401   0.9540   0.9701   0.9941   0.9961
  1.0095   1.0149   1.0304   1.0348   1.0410   1.0649   1.0759   1.0900
  1.0978   1.1054   1.1168   1.1215   1.1280   1.1315   1.1553   1.1603
  1.1768   1.1874   1.1983   1.2369   1.2435   1.2567   1.2944   1.3103
  1.3239   1.3430   1.3512   1.3647   1.3692   1.3701   1.3897   1.3997
  1.4092   1.4128   1.4167   1.4319   1.4558   1.4608   1.4933   1.5048
  1.5137   1.5341   1.5486   1.5511   1.5674   1.6083   1.6197   1.6903
  1.7136   1.7504   1.7906   1.8003   1.8078   1.8254   1.8511   1.8535
  1.8763   1.8930   1.9058   1.9129   1.9299   1.9472   1.9839   1.9970
  2.0110   2.0284   2.0393   2.0748   2.0793   2.1207   2.1264   2.1320
  2.1599   2.1645   2.1663   2.1719   2.1910   2.1971   2.2365   2.2545
  2.2902   2.3069   2.3087   2.3345   2.3676   2.4046   2.4211   2.4502
  2.4895   2.4999   2.5625   2.5785   2.6341   2.6488   2.6880   2.7152
  2.7371   2.7493   2.7888   2.8092   2.8953   2.9032   2.9160   2.9517
  3.1057   3.1542   3.2533   3.4005   3.8831   4.0757   4.1241   4.2319
  4.2476   4.2741   4.2869   4.3256   4.3542   4.3916   4.4024   4.4609
  4.6138   4.7452
 --------------------------------------------------------------
 
          Ground-State Mulliken Net Atomic Charges

     Atom                 Charge (a.u.)
  ----------------------------------------
      1 C                    -1.621553
      2 C                     0.357580
      3 H                     0.295671
      4 C                     1.023301
      5 H                     0.289504
      6 C                     0.691584
      7 C                    -0.055620
      8 C                    -1.027368
      9 H                     0.269654
     10 C                    -0.205448
     11 H                     0.288278
     12 S                     1.326083
     13 O                    -0.716990
     14 O                    -0.746970
     15 N                    -0.813632
     16 H                     0.511298
     17 H                     0.510926
     18 N                    -0.348447
     19 O                    -0.866539
     20 C                    -0.375085
     21 H                     0.260528
     22 H                     0.228617
     23 H                     0.227972
     24 H                     0.496657
  ----------------------------------------
  Sum of atomic charges =     0.000000

         Merz-Kollman ESP Net Atomic Charges

     Atom                 Charge (a.u.)
  ----------------------------------------
      1 C                    -0.152681
      2 C                    -0.118013
      3 H                     0.172518
      4 C                    -0.079481
      5 H                     0.139981
      6 C                    -0.248302
      7 C                     0.711463
      8 C                    -0.006545
      9 H                     0.144352
     10 C                    -0.136561
     11 H                     0.167377
     12 S                     1.117093
     13 O                    -0.565646
     14 O                    -0.560704
     15 N                    -0.814839
     16 H                     0.399633
     17 H                     0.400590
     18 N                    -0.406459
     19 O                    -0.646112
     20 C                    -0.497726
     21 H                     0.209347
     22 H                     0.200126
     23 H                     0.199022
     24 H                     0.371569
  ----------------------------------------
  Sum of atomic charges =     0.000000

  Related Dipole Moment =     7.1273 (X -4.1000 Y  3.7693 Z -4.4476)

 -----------------------------------------------------------------
                    Cartesian Multipole Moments
 -----------------------------------------------------------------
    Charge (ESU x 10^10)
                -0.0000
    Dipole Moment (Debye)
         X      -4.1004      Y       3.7735      Z      -4.4060
       Tot       7.1039
    Quadrupole Moments (Debye-Ang)
        XX     -74.6870     XY     -10.1864     YY     -86.3146
        XZ      34.4186     YZ      12.3824     ZZ     -86.6839
    Octopole Moments (Debye-Ang^2)
       XXX     284.1647    XXY     -39.7607    XYY      96.7074
       YYY    -192.8533    XXZ      76.5859    XYZ      27.1660
       YYZ     217.5868    XZZ     -62.9203    YZZ    -103.7679
       ZZZ     445.0809
    Hexadecapole Moments (Debye-Ang^3)
      XXXX   -1244.5460   XXXY     196.2984   XXYY    -309.8147
      XYYY     251.4701   YYYY    -577.6326   XXXZ    -497.0956
      XXYZ     155.9893   XYYZ    -260.8979   YYYZ     733.7194
      XXZZ    -892.6399   XYZZ     -86.9857   YYZZ   -1368.6532
      XZZZ     335.4944   YZZZ     807.6033   ZZZZ   -6063.7722
 -----------------------------------------------------------------
 Total job time:  12.14s(wall), 159.42s(cpu) 
 Sun May 22 16:32:49 2022

        *************************************************************
        *                                                           *
        *  Thank you very much for using Q-Chem.  Have a nice day.  *
        *                                                           *
        *************************************************************


