                  Welcome to Q-Chem
     A Quantum Leap Into The Future Of Chemistry


 Q-Chem 5.4 (devel), Q-Chem, Inc., Pleasanton, CA (2021)

 E. Epifanovsky,  A. T. B. Gilbert,  Xintian Feng,  Joonho Lee,  Yuezhi Mao,  
 N. Mardirossian,  P. Pokhilko,  A. White,  M. Wormit,  M. P. Coons,  
 A. L. Dempwolff,  Zhengting Gan,  D. Hait,  P. R. Horn,  L. D. Jacobson,  
 I. Kaliman,  J. Kussmann,  A. W. Lange,  Ka Un Lao,  D. S. Levine,  Jie Liu,  
 S. C. McKenzie,  A. F. Morrison,  K. Nanda,  F. Plasser,  D. R. Rehn,  
 M. L. Vidal,  Zhi-Qiang You,  Ying Zhu,  B. Alam,  B. Albrecht,  
 A. Aldossary,  E. Alguire,  J. H. Andersen,  D. Barton,  K. Begam,  A. Behn,  
 Y. A. Bernard,  E. J. Berquist,  H. Burton,  A. Carreras,  K. Carter-Fenk,  
 R. Chakraborty,  A. D. Chien,  K. D. Closser,  V. Cofer-Shabica,  
 S. Dasgupta,  Jia Deng,  M. de Wergifosse,  M. Diedenhofen,  Hainam Do,  
 S. Ehlert,  Po-Tung Fang,  S. Fatehi,  Qingguo Feng,  T. Friedhoff,  
 J. Gayvert,  Qinghui Ge,  G. Gidofalvi,  M. Goldey,  J. Gomes,  
 C. Gonzalez-Espinoza,  S. Gulania,  A. Gunina,  M. W. D. Hanson-Heine,  
 P. H. P. Harbach,  A. W. Hauser,  M. F. Herbst,  M. Hernandez Vera,  
 M. Hodecker,  Z. C. Holden,  S. Houck,  Xunkun Huang,  Kerwin Hui,  
 B. C. Huynh,  M. Ivanov,  Hyunjun Ji,  Hanjie Jiang,  B. Kaduk,  S. Kaehler,  
 K. Khistyaev,  Jaehoon Kim,  P. Klunzinger,  Z. Koczor-Benda,  
 Joong Hoon Koh,  D. Kosenkov,  L. Koulias,  T. Kowalczyk,  C. M. Krauter,  
 K. Kue,  A. Kunitsa,  T. Kus,  A. Landau,  K. V. Lawler,  D. Lefrancois,  
 S. Lehtola,  Rain Li,  Yi-Pei Li,  Jiashu Liang,  M. Liebenthal,  
 Hung-Hsuan Lin,  You-Sheng Lin,  Fenglai Liu,  Kuan-Yu Liu,  
 M. Loipersberger,  A. Luenser,  A. Manjanath,  P. Manohar,  E. Mansoor,  
 S. F. Manzer,  Shan-Ping Mao,  A. V. Marenich,  T. Markovich,  S. Mason,  
 S. A. Maurer,  P. F. McLaughlin,  M. F. S. J. Menger,  J.-M. Mewes,  
 S. A. Mewes,  P. Morgante,  J. W. Mullinax,  K. J. Oosterbaan,  G. Paran,  
 Alexander C. Paul,  Suranjan K. Paul,  F. Pavosevic,  Zheng Pei,  S. Prager,  
 E. I. Proynov,  E. Ramos,  B. Rana,  A. E. Rask,  A. Rettig,  R. M. Richard,  
 F. Rob,  E. Rossomme,  T. Scheele,  M. Scheurer,  M. Schneider,  
 N. Sergueev,  S. M. Sharada,  W. Skomorowski,  D. W. Small,  C. J. Stein,  
 Yu-Chuan Su,  E. J. Sundstrom,  Zhen Tao,  J. Thirman,  T. Tsuchimochi,  
 N. M. Tubman,  S. P. Veccham,  O. Vydrov,  J. Wenzel,  J. Witte,  A. Yamada,  
 Kun Yao,  S. Yeganeh,  S. R. Yost,  A. Zech,  Igor Ying Zhang,  Xing Zhang,  
 Yu Zhang,  D. Zuev,  A. Aspuru-Guzik,  A. T. Bell,  N. A. Besley,  
 K. B. Bravaya,  B. R. Brooks,  D. Casanova,  Jeng-Da Chai,  S. Coriani,  
 C. J. Cramer,  A. E. DePrince, III,  R. A. DiStasio Jr.,  A. Dreuw,  
 B. D. Dunietz,  T. R. Furlani,  W. A. Goddard III,  S. Grimme,  
 S. Hammes-Schiffer,  T. Head-Gordon,  W. J. Hehre,  Chao-Ping Hsu,  
 T.-C. Jagau,  Yousung Jung,  A. Klamt,  Jing Kong,  D. S. Lambrecht,  
 WanZhen Liang,  N. J. Mayhall,  C. W. McCurdy,  J. B. Neaton,  
 C. Ochsenfeld,  J. A. Parkhill,  R. Peverati,  V. A. Rassolov,  Yihan Shao,  
 L. V. Slipchenko,  T. Stauch,  R. P. Steele,  J. E. Subotnik,  
 A. J. W. Thom,  A. Tkatchenko,  D. G. Truhlar,  T. Van Voorhis,  
 T. A. Wesolowski,  K. B. Whaley,  H. L. Woodcock III,  P. M. Zimmerman,  
 S. Faraji,  P. M. W. Gill,  M. Head-Gordon,  J. M. Herbert,  A. I. Krylov

 Additional authors for Version 5.4.1: 
 S. Kotaru,  Shaozhi Li,  Xiangyuan Li,  F. Matz,  A. Molle,  Haisheng Ren,  
 Yingli Su,  Hung-Yi Tsai,  C. Utku,  Fang Wang

 Contributors to earlier versions of Q-Chem not listed above: 
 R. D. Adamson,  B. Austin,  R. Baer,  J. Baker,  G. J. O. Beran,  
 K. Brandhorst,  S. T. Brown,  E. F. C. Byrd,  A. K. Chakraborty,  
 G. K. L. Chan,  Chun-Min Chang,  Yunqing Chen,  C.-L. Cheng,  
 Siu Hung Chien,  D. M. Chipman,  D. L. Crittenden,  H. Dachsel,  
 R. J. Doerksen,  A. D. Dutoi,  R. G. Edgar,  J. Fosso-Tande,  
 L. Fusti-Molnar,  D. Ghosh,  A. Ghysels,  A. Golubeva-Zadorozhnaya,  
 J. Gonthier,  M. S. Gordon,  S. R. Gwaltney,  G. Hawkins,  J. E. Herr,  
 A. Heyden,  S. Hirata,  E. G. Hohenstein,  G. Kedziora,  F. J. Keil,  
 C. Kelley,  Jihan Kim,  R. A. King,  R. Z. Khaliullin,  P. P. Korambath,  
 W. Kurlancheek,  A. Laurent,  A. M. Lee,  M. S. Lee,  S. V. Levchenko,  
 Ching Yeh Lin,  D. Liotard,  E. Livshits,  R. C. Lochan,  I. Lotan,  
 L. A. Martinez-Martinez,  P. E. Maslen,  N. Nair,  D. P. O'Neill,  
 D. Neuhauser,  E. Neuscamman,  C. M. Oana,  R. Olivares-Amaya,  R. Olson,  
 T. M. Perrine,  B. Peters,  P. A. Pieniazek,  A. Prociuk,  Y. M. Rhee,  
 J. Ritchie,  M. A. Rohrdanz,  E. Rosta,  N. J. Russ,  H. F. Schaefer III,  
 M. W. Schmidt,  N. E. Schultz,  S. Sharma,  N. Shenvi,  C. D. Sherrill,  
 A. C. Simmonett,  A. Sodt,  T. Stein,  D. Stuck,  K. S. Thanthiriwatte,  
 V. Vanovschi,  L. Vogt,  Tao Wang,  A. Warshel,  M. A. Watson,  
 C. F. Williams,  Q. Wu,  X. Xu,  Jun Yang,  W. Zhang,  Yan Zhao

 Please cite Q-Chem as follows:
 Y. Shao et al., Mol. Phys. 113, 184-215 (2015)
 DOI: 10.1080/00268976.2014.952696

 Q-Chem 5.4.1 for Intel X86 EM64T Linux

 Parts of Q-Chem use Armadillo 9.800.1 (Horizon Scraper).
 http://arma.sourceforge.net/

 Q-Chem begins on Fri Jul  1 13:42:05 2022  

 Host: gadi-cpu-clx-0427.gadi.nci.org.au
0

     Scratch files written to /jobfs/49913260.gadi-pbs/qchem3191116//
 Processing $rem in /apps/qchem/5.4.1/config/preferences:
 Processing $rem in /home/561/yj5695/.qchemrc:
 Symmetry turned off for PCM/SM12/SMD calculation
 Method-specific promolecule density matrix will be built for SM12 calculation

 Checking the input file for inconsistencies... 	...done.

--------------------------------------------------------------
User input:
--------------------------------------------------------------
$molecule
0  1
C -1.4166791217  0.6783851298 -0.786903377
C -2.5540581373  0.6750906614 -1.6193947413
Cl -4.1562613695  0.755330721 -0.9469559747
C -2.4418515511  0.6289219691 -2.9891805972
H -3.3304465052  0.6352033518 -3.6126388181
C -1.1705480644  0.5732380346 -3.6060537239
C -0.0407943895  0.5861452405 -2.7560626275
S  1.5889770188  0.5275138129 -3.4331577778
C -0.1608582076  0.6442707773 -1.3744511136
H  0.7265150514  0.6660577492 -0.7471676534
S -1.5017328171  0.7105888281  0.9879633273
O -2.3776535448 -0.3687235699  1.4376936342
O -0.1211637319  0.7543653904  1.4639400233
N -2.2029638813  2.1152213658  1.4829566328
H -3.1933735313  2.1700564377  1.2414286523
H -1.6944590443  2.938998834  1.155125319
N -1.0648752113  0.5619627612 -4.9547465815
C  0.1957359268  0.2889487745 -5.6111211964
N  1.2333603791  1.0979103708 -4.9558860647
O  2.4589703802  1.5010034531 -2.7731455366
O  2.0637611277 -0.8618899543 -3.454035338
H  0.1341746922  0.6128549292 -6.6476379002
H  2.0890544485  1.1530010501 -5.5167623992
H -1.9129803358  0.4408901281 -5.4975831665
H  0.4356664194 -0.7815962464 -5.5825450014
$end

$rem
jobtype sp
exchange M062X
basis 6-31+G*
SMX_GAS_PHASE = TRUE
solvent_method sm12
$end

$smx
solvent water
charges mk
$end
--------------------------------------------------------------
 ----------------------------------------------------------------
             Standard Nuclear Orientation (Angstroms)
    I     Atom           X                Y                Z
 ----------------------------------------------------------------
    1      C      -1.4166791217     0.6783851298    -0.7869033770
    2      C      -2.5540581373     0.6750906614    -1.6193947413
    3      Cl     -4.1562613695     0.7553307210    -0.9469559747
    4      C      -2.4418515511     0.6289219691    -2.9891805972
    5      H      -3.3304465052     0.6352033518    -3.6126388181
    6      C      -1.1705480644     0.5732380346    -3.6060537239
    7      C      -0.0407943895     0.5861452405    -2.7560626275
    8      S       1.5889770188     0.5275138129    -3.4331577778
    9      C      -0.1608582076     0.6442707773    -1.3744511136
   10      H       0.7265150514     0.6660577492    -0.7471676534
   11      S      -1.5017328171     0.7105888281     0.9879633273
   12      O      -2.3776535448    -0.3687235699     1.4376936342
   13      O      -0.1211637319     0.7543653904     1.4639400233
   14      N      -2.2029638813     2.1152213658     1.4829566328
   15      H      -3.1933735313     2.1700564377     1.2414286523
   16      H      -1.6944590443     2.9389988340     1.1551253190
   17      N      -1.0648752113     0.5619627612    -4.9547465815
   18      C       0.1957359268     0.2889487745    -5.6111211964
   19      N       1.2333603791     1.0979103708    -4.9558860647
   20      O       2.4589703802     1.5010034531    -2.7731455366
   21      O       2.0637611277    -0.8618899543    -3.4540353380
   22      H       0.1341746922     0.6128549292    -6.6476379002
   23      H       2.0890544485     1.1530010501    -5.5167623992
   24      H      -1.9129803358     0.4408901281    -5.4975831665
   25      H       0.4356664194    -0.7815962464    -5.5825450014
 ----------------------------------------------------------------
 Nuclear Repulsion Energy =        1743.43096354 hartrees
 There are       76 alpha and       76 beta electrons
 Requested basis set is 6-31+G(d)
 There are 104 shells and 351 basis functions

 Total QAlloc Memory Limit   2000 MB
 Mega-Array Size       188 MB
 MEM_STATIC part       192 MB
 A cutoff of  1.0D-08 yielded   3919 shell pairs
 There are     47801 function pairs
 Smallest overlap matrix eigenvalue = 5.61E-07

 Q-Chem warning in module stvman/mkSTV.C, line 323:

 Overlap eigenvalue is smaller than square root of threshold
 Use THRESH >= 12 to get rid of this warning

 Linear dependence detected in AO basis
 Tighter screening thresholds may be required for diffuse basis sets
 Use S2THRESH > 14 and THRESH = 14 in case of SCF convergence issues
 Number of orthogonalized atomic orbitals = 349
 Maximum deviation from orthogonality = 1.203E-10

 Scale SEOQF with 1.000000e-01/1.000000e-01/1.000000e-02

 Standard Electronic Orientation quadrupole field applied
 Nucleus-field energy     =     0.0000000191 hartrees
 ================ Generating on-the-fly Promolecule Density  ================
Attempting to make child job directory: /jobfs/49913260.gadi-pbs/qchem3191116//Frg1/
Attempting to make child job directory: /jobfs/49913260.gadi-pbs/qchem3191116//Frg2/
Attempting to make child job directory: /jobfs/49913260.gadi-pbs/qchem3191116//Frg3/
Attempting to make child job directory: /jobfs/49913260.gadi-pbs/qchem3191116//Frg4/
Attempting to make child job directory: /jobfs/49913260.gadi-pbs/qchem3191116//Frg5/
Attempting to make child job directory: /jobfs/49913260.gadi-pbs/qchem3191116//Frg6/
Creating input file /jobfs/49913260.gadi-pbs/qchem3191116/Frg1.input
using default PutDataFrgm: nothing
calling putenv with: QCSCRATCH=/jobfs/49913260.gadi-pbs/qchem3191116/ 
Spawning Job For Fragment 0
Done Job For Fragment 0
calling putenv with: QCSCRATCH=/jobfs/49913260.gadi-pbs 
calling putenv with: QCTHREADS=8 
Creating input file /jobfs/49913260.gadi-pbs/qchem3191116/Frg2.input
using default PutDataFrgm: nothing
calling putenv with: QCSCRATCH=/jobfs/49913260.gadi-pbs/qchem3191116/ 
Spawning Job For Fragment 1
Done Job For Fragment 1
calling putenv with: QCSCRATCH=/jobfs/49913260.gadi-pbs 
calling putenv with: QCTHREADS=8 
Creating input file /jobfs/49913260.gadi-pbs/qchem3191116/Frg3.input
using default PutDataFrgm: nothing
calling putenv with: QCSCRATCH=/jobfs/49913260.gadi-pbs/qchem3191116/ 
Spawning Job For Fragment 2
Done Job For Fragment 2
calling putenv with: QCSCRATCH=/jobfs/49913260.gadi-pbs 
calling putenv with: QCTHREADS=8 
Creating input file /jobfs/49913260.gadi-pbs/qchem3191116/Frg4.input
using default PutDataFrgm: nothing
calling putenv with: QCSCRATCH=/jobfs/49913260.gadi-pbs/qchem3191116/ 
Spawning Job For Fragment 3
Done Job For Fragment 3
calling putenv with: QCSCRATCH=/jobfs/49913260.gadi-pbs 
calling putenv with: QCTHREADS=8 
Creating input file /jobfs/49913260.gadi-pbs/qchem3191116/Frg5.input
using default PutDataFrgm: nothing
calling putenv with: QCSCRATCH=/jobfs/49913260.gadi-pbs/qchem3191116/ 
Spawning Job For Fragment 4
Done Job For Fragment 4
calling putenv with: QCSCRATCH=/jobfs/49913260.gadi-pbs 
calling putenv with: QCTHREADS=8 
Creating input file /jobfs/49913260.gadi-pbs/qchem3191116/Frg6.input
using default PutDataFrgm: nothing
calling putenv with: QCSCRATCH=/jobfs/49913260.gadi-pbs/qchem3191116/ 
Spawning Job For Fragment 5
Done Job For Fragment 5
calling putenv with: QCSCRATCH=/jobfs/49913260.gadi-pbs 
calling putenv with: QCTHREADS=8 
 Time for running child jobs:  CPU 0.95 s  wall 2.58 s
 ============= Method Specific Promolecule Density Constructed =============
 Guess from superposition of atomic densities
 Warning:  Energy on first SCF cycle will be non-variational
 SAD guess density has 152.000000 electrons

 -----------------------------------------------------------------------
  General SCF calculation program by
  Eric Jon Sundstrom, Paul Horn, Yuezhi Mao, Dmitri Zuev, Alec White,
  David Stuck, Shaama M.S., Shane Yost, Joonho Lee, David Small,
  Daniel Levine, Susi Lehtola, Hugh Burton, Evgeny Epifanovsky,
  Bang C. Huynh
 -----------------------------------------------------------------------
 Exchange:     0.5400 Hartree-Fock + 1.0000 M06-2X
 Correlation:  1.0000 M06-2X
 Using SG-3 standard quadrature grid
 using 8 threads for integral computing
 -------------------------------------------------------
 OpenMP Integral computing Module                
 Release: version 1.0, May 2013, Q-Chem Inc. Pittsburgh 
 -------------------------------------------------------
 A restricted SCF calculation will be
 performed using DIIS
 SCF converges when DIIS error is below 1.0e-05
 ---------------------------------------
  Cycle       Energy         DIIS error
 ---------------------------------------
    1   -1998.5871825212      4.22e-02  
    2   -1992.3180047211      5.81e-03  
    3   -1991.9313710368      8.50e-03  
    4   -1992.7402436118      8.47e-04  
    5   -1992.7485252538      3.52e-04  
    6   -1992.7501867233      6.43e-05  
    7   -1992.7502335944      2.94e-05  
    8   -1992.7502450743      8.65e-06  Convergence criterion met
 ---------------------------------------
 SCF time:   CPU 154.31s  wall 19.00s 
 SCF   energy in the final basis set =    -1992.7502450743
 Total energy in the final basis set =    -1992.7502450743
 Exchange:     0.5400 Hartree-Fock + 1.0000 M06-2X
 Correlation:  1.0000 M06-2X
 Using SG-3 standard quadrature grid
 
 SM12 calculation using Merz-Singh-Kollman charges
 Citation of the SM12 model:
 Marenich, A.V.; Cramer, C.J.; Truhlar, D.G.
 J. Chem. Theory Comput. 2013, 9, 609-612.
 iSolventCode=           1
 Solvent: water                                                           
 
  Building new vdw surfaces
         Merz-Kollman ESP Net Atomic Charges

     Atom                 Charge (a.u.)
  ----------------------------------------
      1 C                    -0.016573
      2 C                    -0.093745
      3 Cl                   -0.008318
      4 C                    -0.226323
      5 H                     0.159065
      6 C                     0.390559
      7 C                    -0.001033
      8 S                     0.928693
      9 C                    -0.279734
     10 H                     0.249652
     11 S                     1.040703
     12 O                    -0.488127
     13 O                    -0.509316
     14 N                    -0.789801
     15 H                     0.364551
     16 H                     0.373302
     17 N                    -0.601397
     18 C                     0.146006
     19 N                    -0.715213
     20 O                    -0.485525
     21 O                    -0.490206
     22 H                     0.149688
     23 H                     0.446237
     24 H                     0.381270
     25 H                     0.075588
  ----------------------------------------
  Sum of atomic charges =     0.000000

  Related Dipole Moment =    11.4263 (X -4.7785 Y  3.1606 Z -9.8861)


 Charges (in A.U.) from Merz-Kollman fitting 
 -----------------------------------------------
 Center     Atomic                  MZ       
 Number     Number                  Charge
 -----------------------------------------------
    1          6                   -0.016573
    2          6                   -0.093745
    3         17                   -0.008318
    4          6                   -0.226323
    5          1                    0.159065
    6          6                    0.390559
    7          6                   -0.001033
    8         16                    0.928693
    9          6                   -0.279734
   10          1                    0.249652
   11         16                    1.040703
   12          8                   -0.488127
   13          8                   -0.509316
   14          7                   -0.789801
   15          1                    0.364551
   16          1                    0.373302
   17          7                   -0.601397
   18          6                    0.146006
   19          7                   -0.715213
   20          8                   -0.485525
   21          8                   -0.490206
   22          1                    0.149688
   23          1                    0.446237
   24          1                    0.381270
   25          1                    0.075588
 -----------------------------------------------
 A restricted SCF calculation will be
 performed using Roothaan-Hall, DIIS
 SCF converges when DIIS error is below 1.0e-05
 ---------------------------------------
  Cycle       Energy         DIIS error
 ---------------------------------------
         Merz-Kollman ESP Net Atomic Charges

     Atom                 Charge (a.u.)
  ----------------------------------------
      1 C                    -0.043256
      2 C                    -0.096050
      3 Cl                   -0.011787
      4 C                    -0.204695
      5 H                     0.178612
      6 C                     0.423867
      7 C                    -0.029581
      8 S                     0.985110
      9 C                    -0.293454
     10 H                     0.248435
     11 S                     1.089109
     12 O                    -0.546427
     13 O                    -0.565048
     14 N                    -0.787631
     15 H                     0.380737
     16 H                     0.393404
     17 N                    -0.578509
     18 C                     0.158361
     19 N                    -0.714182
     20 O                    -0.554416
     21 O                    -0.548025
     22 H                     0.176548
     23 H                     0.464754
     24 H                     0.402316
     25 H                     0.071810
  ----------------------------------------
  Sum of atomic charges =     0.000000

  Related Dipole Moment =    14.6551 (X -6.3806 Y  3.8949 Z -12.6051)


 Charges (in A.U.) from Merz-Kollman fitting 
 -----------------------------------------------
 Center     Atomic                  MZ       
 Number     Number                  Charge
 -----------------------------------------------
    1          6                   -0.043256
    2          6                   -0.096050
    3         17                   -0.011787
    4          6                   -0.204695
    5          1                    0.178612
    6          6                    0.423867
    7          6                   -0.029581
    8         16                    0.985110
    9          6                   -0.293454
   10          1                    0.248435
   11         16                    1.089109
   12          8                   -0.546427
   13          8                   -0.565048
   14          7                   -0.787631
   15          1                    0.380737
   16          1                    0.393404
   17          7                   -0.578509
   18          6                    0.158361
   19          7                   -0.714182
   20          8                   -0.554416
   21          8                   -0.548025
   22          1                    0.176548
   23          1                    0.464754
   24          1                    0.402316
   25          1                    0.071810
 -----------------------------------------------
    1   -1992.7502454295      4.87e-04  Roothaan Step
 ---------------------------------------
  Cycle       Energy         DIIS error
 ---------------------------------------
         Merz-Kollman ESP Net Atomic Charges

     Atom                 Charge (a.u.)
  ----------------------------------------
      1 C                    -0.024011
      2 C                    -0.091194
      3 Cl                   -0.009097
      4 C                    -0.253575
      5 H                     0.192013
      6 C                     0.431821
      7 C                    -0.036469
      8 S                     0.971399
      9 C                    -0.270469
     10 H                     0.250162
     11 S                     1.059617
     12 O                    -0.522476
     13 O                    -0.550841
     14 N                    -0.802571
     15 H                     0.379746
     16 H                     0.392610
     17 N                    -0.622990
     18 C                     0.150870
     19 N                    -0.749051
     20 O                    -0.534999
     21 O                    -0.527722
     22 H                     0.188668
     23 H                     0.475941
     24 H                     0.421176
     25 H                     0.081441
  ----------------------------------------
  Sum of atomic charges =     0.000000

  Related Dipole Moment =    13.9742 (X -5.9036 Y  3.4989 Z -12.1731)


 Charges (in A.U.) from Merz-Kollman fitting 
 -----------------------------------------------
 Center     Atomic                  MZ       
 Number     Number                  Charge
 -----------------------------------------------
    1          6                   -0.024011
    2          6                   -0.091194
    3         17                   -0.009097
    4          6                   -0.253575
    5          1                    0.192013
    6          6                    0.431821
    7          6                   -0.036469
    8         16                    0.971399
    9          6                   -0.270469
   10          1                    0.250162
   11         16                    1.059617
   12          8                   -0.522476
   13          8                   -0.550841
   14          7                   -0.802571
   15          1                    0.379746
   16          1                    0.392610
   17          7                   -0.622990
   18          6                    0.150870
   19          7                   -0.749051
   20          8                   -0.534999
   21          8                   -0.527722
   22          1                    0.188668
   23          1                    0.475941
   24          1                    0.421176
   25          1                    0.081441
 -----------------------------------------------
    1   -1992.7381538546      3.64e-04  
         Merz-Kollman ESP Net Atomic Charges

     Atom                 Charge (a.u.)
  ----------------------------------------
      1 C                    -0.039675
      2 C                    -0.092054
      3 Cl                   -0.011446
      4 C                    -0.237515
      5 H                     0.188300
      6 C                     0.440484
      7 C                    -0.034823
      8 S                     0.999921
      9 C                    -0.282865
     10 H                     0.250201
     11 S                     1.093548
     12 O                    -0.544228
     13 O                    -0.567842
     14 N                    -0.795215
     15 H                     0.379647
     16 H                     0.392977
     17 N                    -0.600873
     18 C                     0.145593
     19 N                    -0.728996
     20 O                    -0.557426
     21 O                    -0.549495
     22 H                     0.187989
     23 H                     0.470317
     24 H                     0.413921
     25 H                     0.079555
  ----------------------------------------
  Sum of atomic charges =     0.000000

  Related Dipole Moment =    14.6063 (X -6.2300 Y  3.7530 Z -12.6667)


 Charges (in A.U.) from Merz-Kollman fitting 
 -----------------------------------------------
 Center     Atomic                  MZ       
 Number     Number                  Charge
 -----------------------------------------------
    1          6                   -0.039675
    2          6                   -0.092054
    3         17                   -0.011446
    4          6                   -0.237515
    5          1                    0.188300
    6          6                    0.440484
    7          6                   -0.034823
    8         16                    0.999921
    9          6                   -0.282865
   10          1                    0.250201
   11         16                    1.093548
   12          8                   -0.544228
   13          8                   -0.567842
   14          7                   -0.795215
   15          1                    0.379647
   16          1                    0.392977
   17          7                   -0.600873
   18          6                    0.145593
   19          7                   -0.728996
   20          8                   -0.557426
   21          8                   -0.549495
   22          1                    0.187989
   23          1                    0.470317
   24          1                    0.413921
   25          1                    0.079555
 -----------------------------------------------
    2   -1992.7400696649      4.24e-04  
         Merz-Kollman ESP Net Atomic Charges

     Atom                 Charge (a.u.)
  ----------------------------------------
      1 C                    -0.040676
      2 C                    -0.090396
      3 Cl                   -0.011685
      4 C                    -0.235373
      5 H                     0.188711
      6 C                     0.441484
      7 C                    -0.042043
      8 S                     0.991254
      9 C                    -0.279094
     10 H                     0.250257
     11 S                     1.086529
     12 O                    -0.542157
     13 O                    -0.566621
     14 N                    -0.795771
     15 H                     0.380354
     16 H                     0.393631
     17 N                    -0.600424
     18 C                     0.148410
     19 N                    -0.732227
     20 O                    -0.554259
     21 O                    -0.545906
     22 H                     0.189214
     23 H                     0.472205
     24 H                     0.415146
     25 H                     0.079439
  ----------------------------------------
  Sum of atomic charges =     0.000000

  Related Dipole Moment =    14.6915 (X -6.2651 Y  3.7352 Z -12.7528)


 Charges (in A.U.) from Merz-Kollman fitting 
 -----------------------------------------------
 Center     Atomic                  MZ       
 Number     Number                  Charge
 -----------------------------------------------
    1          6                   -0.040676
    2          6                   -0.090396
    3         17                   -0.011685
    4          6                   -0.235373
    5          1                    0.188711
    6          6                    0.441484
    7          6                   -0.042043
    8         16                    0.991254
    9          6                   -0.279094
   10          1                    0.250257
   11         16                    1.086529
   12          8                   -0.542157
   13          8                   -0.566621
   14          7                   -0.795771
   15          1                    0.380354
   16          1                    0.393631
   17          7                   -0.600424
   18          6                    0.148410
   19          7                   -0.732227
   20          8                   -0.554259
   21          8                   -0.545906
   22          1                    0.189214
   23          1                    0.472205
   24          1                    0.415146
   25          1                    0.079439
 -----------------------------------------------
    3   -1992.7386203764      5.01e-05  
         Merz-Kollman ESP Net Atomic Charges

     Atom                 Charge (a.u.)
  ----------------------------------------
      1 C                    -0.041001
      2 C                    -0.090666
      3 Cl                   -0.011436
      4 C                    -0.239094
      5 H                     0.189527
      6 C                     0.442556
      7 C                    -0.040092
      8 S                     0.996306
      9 C                    -0.278772
     10 H                     0.250351
     11 S                     1.088927
     12 O                    -0.543047
     13 O                    -0.567379
     14 N                    -0.796434
     15 H                     0.380277
     16 H                     0.393564
     17 N                    -0.601590
     18 C                     0.146242
     19 N                    -0.731760
     20 O                    -0.556433
     21 O                    -0.548181
     22 H                     0.190177
     23 H                     0.471998
     24 H                     0.415762
     25 H                     0.080200
  ----------------------------------------
  Sum of atomic charges =     0.000000

  Related Dipole Moment =    14.6966 (X -6.2468 Y  3.7367 Z -12.7674)


 Charges (in A.U.) from Merz-Kollman fitting 
 -----------------------------------------------
 Center     Atomic                  MZ       
 Number     Number                  Charge
 -----------------------------------------------
    1          6                   -0.041001
    2          6                   -0.090666
    3         17                   -0.011436
    4          6                   -0.239094
    5          1                    0.189527
    6          6                    0.442556
    7          6                   -0.040092
    8         16                    0.996306
    9          6                   -0.278772
   10          1                    0.250351
   11         16                    1.088927
   12          8                   -0.543047
   13          8                   -0.567379
   14          7                   -0.796434
   15          1                    0.380277
   16          1                    0.393564
   17          7                   -0.601590
   18          6                    0.146242
   19          7                   -0.731760
   20          8                   -0.556433
   21          8                   -0.548181
   22          1                    0.190177
   23          1                    0.471998
   24          1                    0.415762
   25          1                    0.080200
 -----------------------------------------------
    4   -1992.7382028952      2.61e-05  
    5   -1992.7380802285      6.16e-06  Convergence criterion met
 ---------------------------------------
 SCF time:   CPU 139.69s  wall 18.00s 
(0)  E-EN(g) gas-phase elect-nuc energy                -1992.750245074 a.u.
(1)  E-EN(liq) elect-nuc energy of solute              -1992.738080228 a.u.
(2)  G-P(liq) polarization free energy of solvation           -37.1586 kcal/mol
(3)  G-ENP(liq) elect-nuc-pol free energy of system    -1992.797296292 a.u.
(4)  G-CDS(liq) cavity-dispersion-solvent structure 
     free energy                                                1.6372 kcal/mol
(5)  G-P-CDS(liq) = G-P(liq) + G-CDS(liq) = (2) + (4)         -35.5214 kcal/mol
(6)  G-S(liq) free energy of system = (1) + (5)        -1992.794687231 a.u.
(7)  DeltaE-EN(liq) elect-nuc reorganization
     energy of solute molecule (7) = (1) - (0)                  7.6336 kcal/mol
(8)  DeltaG-ENP(liq) elect-nuc-pol free energy
     of solvation (8) = (3) - (0)                             -29.5251 kcal/mol
(9)  DeltaG-S(liq) free energy of  solvation
     (9) = (6) - (0)                                          -27.8879 kcal/mol
 SCF   energy in the final basis set =    -1992.7946872306
 Total energy in the final basis set =    -1992.7946872306
 
 --------------------------------------------------------------
 
                    Orbital Energies (a.u.)
 --------------------------------------------------------------
 
 Alpha MOs
 -- Occupied --
******** -90.1827 -90.1809 -19.6652 -19.6625 -19.6618 -19.6596 -14.8180
-14.8153 -14.8094 -10.6626 -10.6552 -10.6435 -10.6155 -10.6141 -10.6122
-10.5942  -9.8477  -8.4958  -8.4958  -7.5720  -7.5655  -7.5650  -6.4181
 -6.4181  -6.4176  -6.4172  -6.4169  -6.4167  -1.2640  -1.2635  -1.1486
 -1.1462  -1.1179  -1.0495  -1.0400  -1.0253  -0.9753  -0.9049  -0.8881
 -0.8198  -0.7830  -0.7685  -0.7361  -0.6895  -0.6583  -0.6547  -0.6290
 -0.6221  -0.6060  -0.5962  -0.5929  -0.5727  -0.5659  -0.5479  -0.5434
 -0.5383  -0.5271  -0.5174  -0.5015  -0.4778  -0.4544  -0.4463  -0.4422
 -0.4286  -0.4251  -0.4194  -0.4163  -0.4123  -0.4025  -0.4003  -0.3920
 -0.3807  -0.3641  -0.3375  -0.2905
 -- Virtual --
 -0.0320  -0.0214  -0.0071   0.0045   0.0187   0.0239   0.0344   0.0359
  0.0399   0.0489   0.0522   0.0609   0.0639   0.0699   0.0714   0.0735
  0.0814   0.0865   0.0883   0.0954   0.0995   0.1043   0.1052   0.1141
  0.1156   0.1247   0.1276   0.1292   0.1319   0.1365   0.1392   0.1439
  0.1540   0.1548   0.1618   0.1704   0.1721   0.1756   0.1808   0.1864
  0.1894   0.1912   0.1956   0.2027   0.2042   0.2072   0.2137   0.2199
  0.2215   0.2276   0.2308   0.2357   0.2376   0.2405   0.2493   0.2544
  0.2568   0.2579   0.2661   0.2757   0.2769   0.2797   0.2824   0.2850
  0.2902   0.2957   0.2978   0.3039   0.3054   0.3116   0.3182   0.3192
  0.3265   0.3304   0.3384   0.3386   0.3434   0.3502   0.3600   0.3640
  0.3703   0.3771   0.3864   0.3871   0.3912   0.4104   0.4162   0.4289
  0.4386   0.4492   0.4517   0.4773   0.4876   0.5141   0.5467   0.5670
  0.5848   0.5932   0.6040   0.6365   0.6402   0.6519   0.6589   0.6709
  0.6782   0.6932   0.6945   0.7010   0.7210   0.7259   0.7293   0.7456
  0.7515   0.7606   0.7713   0.7803   0.8025   0.8247   0.8363   0.8552
  0.8797   0.8829   0.8970   0.9129   0.9223   0.9323   0.9438   0.9534
  0.9722   0.9766   1.0025   1.0116   1.0155   1.0273   1.0324   1.0443
  1.0532   1.0646   1.0704   1.0838   1.0879   1.0948   1.1097   1.1163
  1.1285   1.1359   1.1471   1.1509   1.1596   1.1602   1.1657   1.1789
  1.1855   1.1966   1.2019   1.2285   1.2377   1.2653   1.2717   1.3019
  1.3259   1.3273   1.3301   1.3393   1.3505   1.3650   1.3711   1.3832
  1.3860   1.3908   1.3942   1.4014   1.4049   1.4319   1.4467   1.4610
  1.4712   1.4888   1.4957   1.5155   1.5394   1.5469   1.5646   1.5703
  1.5961   1.6054   1.6319   1.6743   1.6926   1.7289   1.7465   1.7677
  1.7822   1.7973   1.8008   1.8157   1.8349   1.8380   1.8483   1.8565
  1.8623   1.8713   1.8893   1.9000   1.9244   1.9465   1.9505   1.9604
  1.9872   2.0040   2.0127   2.0194   2.0274   2.0637   2.0787   2.0995
  2.1162   2.1304   2.1572   2.1629   2.1677   2.1848   2.1943   2.2010
  2.2185   2.2287   2.2550   2.2785   2.2920   2.3090   2.3377   2.3456
  2.3946   2.4231   2.4249   2.4482   2.4959   2.5093   2.5614   2.5672
  2.6155   2.6249   2.6814   2.6973   2.7674   2.7818   2.7904   2.8149
  2.8849   2.8875   2.9352   2.9571   2.9674   3.0013   3.1830   3.3113
  3.9037   4.0214   4.0549   4.0930   4.1859   4.2167   4.2340   4.2636
  4.2987   4.3300   4.3543   4.4034   4.4142   4.4545   4.4920   4.5361
  4.7197
 --------------------------------------------------------------
 
          Ground-State Mulliken Net Atomic Charges

     Atom                 Charge (a.u.)
  ----------------------------------------
      1 C                    -3.720236
      2 C                     1.544753
      3 Cl                    0.261218
      4 C                    -0.132532
      5 H                     0.309342
      6 C                     2.729528
      7 C                    -1.277766
      8 S                     1.337972
      9 C                    -0.614352
     10 H                     0.297403
     11 S                     1.090617
     12 O                    -0.615984
     13 O                    -0.777692
     14 N                    -0.809687
     15 H                     0.494224
     16 H                     0.513659
     17 N                    -0.469959
     18 C                     0.217914
     19 N                    -0.698162
     20 O                    -0.744597
     21 O                    -0.605577
     22 H                     0.324033
     23 H                     0.537385
     24 H                     0.536982
     25 H                     0.271511
  ----------------------------------------
  Sum of atomic charges =     0.000000

         Merz-Kollman ESP Net Atomic Charges

     Atom                 Charge (a.u.)
  ----------------------------------------
      1 C                    -0.041522
      2 C                    -0.089914
      3 Cl                   -0.011731
      4 C                    -0.239253
      5 H                     0.189498
      6 C                     0.443375
      7 C                    -0.041209
      8 S                     0.996260
      9 C                    -0.278774
     10 H                     0.250420
     11 S                     1.090043
     12 O                    -0.543370
     13 O                    -0.567872
     14 N                    -0.796487
     15 H                     0.380199
     16 H                     0.393484
     17 N                    -0.601249
     18 C                     0.145685
     19 N                    -0.731856
     20 O                    -0.556318
     21 O                    -0.547971
     22 H                     0.190356
     23 H                     0.472044
     24 H                     0.415762
     25 H                     0.080400
  ----------------------------------------
  Sum of atomic charges =     0.000000

  Related Dipole Moment =    14.7044 (X -6.2488 Y  3.7347 Z -12.7759)

 -----------------------------------------------------------------
                    Cartesian Multipole Moments
 -----------------------------------------------------------------
    Charge (ESU x 10^10)
                 0.0000
    Dipole Moment (Debye)
         X      -6.2948      Y       3.7202      Z     -12.6954
       Tot      14.6505
    Quadrupole Moments (Debye-Ang)
        XX    -121.0477     XY     -11.5595     YY    -119.5945
        XZ      20.8759     YZ      -1.7905     ZZ     -54.5166
    Octopole Moments (Debye-Ang^2)
       XXX     228.8786    XXY     -49.9261    XYY      64.4916
       YYY    -217.6580    XXZ     193.9755    XYZ     -14.7751
       YYZ     256.9539    XZZ      52.7939    YZZ     -47.6941
       ZZZ     154.9074
    Hexadecapole Moments (Debye-Ang^3)
      XXXX   -3131.3853   XXXY     143.5326   XXYY    -642.6548
      XYYY     177.0289   YYYY    -628.3157   XXXZ     360.8610
      XXYZ     105.6638   XYYZ      84.2799   YYYZ     401.3859
      XXZZ   -1359.3619   XYZZ     129.7095   YYZZ   -1259.2835
      XZZZ     370.2114   YZZZ      74.0750   ZZZZ   -3152.0424
 -----------------------------------------------------------------
 Total job time:  40.14s(wall), 299.53s(cpu) 
 Fri Jul  1 13:42:45 2022

        *************************************************************
        *                                                           *
        *  Thank you very much for using Q-Chem.  Have a nice day.  *
        *                                                           *
        *************************************************************


