                  Welcome to Q-Chem
     A Quantum Leap Into The Future Of Chemistry


 Q-Chem 5.4 (devel), Q-Chem, Inc., Pleasanton, CA (2021)

 E. Epifanovsky,  A. T. B. Gilbert,  Xintian Feng,  Joonho Lee,  Yuezhi Mao,  
 N. Mardirossian,  P. Pokhilko,  A. White,  M. Wormit,  M. P. Coons,  
 A. L. Dempwolff,  Zhengting Gan,  D. Hait,  P. R. Horn,  L. D. Jacobson,  
 I. Kaliman,  J. Kussmann,  A. W. Lange,  Ka Un Lao,  D. S. Levine,  Jie Liu,  
 S. C. McKenzie,  A. F. Morrison,  K. Nanda,  F. Plasser,  D. R. Rehn,  
 M. L. Vidal,  Zhi-Qiang You,  Ying Zhu,  B. Alam,  B. Albrecht,  
 A. Aldossary,  E. Alguire,  J. H. Andersen,  D. Barton,  K. Begam,  A. Behn,  
 Y. A. Bernard,  E. J. Berquist,  H. Burton,  A. Carreras,  K. Carter-Fenk,  
 R. Chakraborty,  A. D. Chien,  K. D. Closser,  V. Cofer-Shabica,  
 S. Dasgupta,  Jia Deng,  M. de Wergifosse,  M. Diedenhofen,  Hainam Do,  
 S. Ehlert,  Po-Tung Fang,  S. Fatehi,  Qingguo Feng,  T. Friedhoff,  
 J. Gayvert,  Qinghui Ge,  G. Gidofalvi,  M. Goldey,  J. Gomes,  
 C. Gonzalez-Espinoza,  S. Gulania,  A. Gunina,  M. W. D. Hanson-Heine,  
 P. H. P. Harbach,  A. W. Hauser,  M. F. Herbst,  M. Hernandez Vera,  
 M. Hodecker,  Z. C. Holden,  S. Houck,  Xunkun Huang,  Kerwin Hui,  
 B. C. Huynh,  M. Ivanov,  Hyunjun Ji,  Hanjie Jiang,  B. Kaduk,  S. Kaehler,  
 K. Khistyaev,  Jaehoon Kim,  P. Klunzinger,  Z. Koczor-Benda,  
 Joong Hoon Koh,  D. Kosenkov,  L. Koulias,  T. Kowalczyk,  C. M. Krauter,  
 K. Kue,  A. Kunitsa,  T. Kus,  A. Landau,  K. V. Lawler,  D. Lefrancois,  
 S. Lehtola,  Rain Li,  Yi-Pei Li,  Jiashu Liang,  M. Liebenthal,  
 Hung-Hsuan Lin,  You-Sheng Lin,  Fenglai Liu,  Kuan-Yu Liu,  
 M. Loipersberger,  A. Luenser,  A. Manjanath,  P. Manohar,  E. Mansoor,  
 S. F. Manzer,  Shan-Ping Mao,  A. V. Marenich,  T. Markovich,  S. Mason,  
 S. A. Maurer,  P. F. McLaughlin,  M. F. S. J. Menger,  J.-M. Mewes,  
 S. A. Mewes,  P. Morgante,  J. W. Mullinax,  K. J. Oosterbaan,  G. Paran,  
 Alexander C. Paul,  Suranjan K. Paul,  F. Pavosevic,  Zheng Pei,  S. Prager,  
 E. I. Proynov,  E. Ramos,  B. Rana,  A. E. Rask,  A. Rettig,  R. M. Richard,  
 F. Rob,  E. Rossomme,  T. Scheele,  M. Scheurer,  M. Schneider,  
 N. Sergueev,  S. M. Sharada,  W. Skomorowski,  D. W. Small,  C. J. Stein,  
 Yu-Chuan Su,  E. J. Sundstrom,  Zhen Tao,  J. Thirman,  T. Tsuchimochi,  
 N. M. Tubman,  S. P. Veccham,  O. Vydrov,  J. Wenzel,  J. Witte,  A. Yamada,  
 Kun Yao,  S. Yeganeh,  S. R. Yost,  A. Zech,  Igor Ying Zhang,  Xing Zhang,  
 Yu Zhang,  D. Zuev,  A. Aspuru-Guzik,  A. T. Bell,  N. A. Besley,  
 K. B. Bravaya,  B. R. Brooks,  D. Casanova,  Jeng-Da Chai,  S. Coriani,  
 C. J. Cramer,  A. E. DePrince, III,  R. A. DiStasio Jr.,  A. Dreuw,  
 B. D. Dunietz,  T. R. Furlani,  W. A. Goddard III,  S. Grimme,  
 S. Hammes-Schiffer,  T. Head-Gordon,  W. J. Hehre,  Chao-Ping Hsu,  
 T.-C. Jagau,  Yousung Jung,  A. Klamt,  Jing Kong,  D. S. Lambrecht,  
 WanZhen Liang,  N. J. Mayhall,  C. W. McCurdy,  J. B. Neaton,  
 C. Ochsenfeld,  J. A. Parkhill,  R. Peverati,  V. A. Rassolov,  Yihan Shao,  
 L. V. Slipchenko,  T. Stauch,  R. P. Steele,  J. E. Subotnik,  
 A. J. W. Thom,  A. Tkatchenko,  D. G. Truhlar,  T. Van Voorhis,  
 T. A. Wesolowski,  K. B. Whaley,  H. L. Woodcock III,  P. M. Zimmerman,  
 S. Faraji,  P. M. W. Gill,  M. Head-Gordon,  J. M. Herbert,  A. I. Krylov

 Additional authors for Version 5.4.1: 
 S. Kotaru,  Shaozhi Li,  Xiangyuan Li,  F. Matz,  A. Molle,  Haisheng Ren,  
 Yingli Su,  Hung-Yi Tsai,  C. Utku,  Fang Wang

 Contributors to earlier versions of Q-Chem not listed above: 
 R. D. Adamson,  B. Austin,  R. Baer,  J. Baker,  G. J. O. Beran,  
 K. Brandhorst,  S. T. Brown,  E. F. C. Byrd,  A. K. Chakraborty,  
 G. K. L. Chan,  Chun-Min Chang,  Yunqing Chen,  C.-L. Cheng,  
 Siu Hung Chien,  D. M. Chipman,  D. L. Crittenden,  H. Dachsel,  
 R. J. Doerksen,  A. D. Dutoi,  R. G. Edgar,  J. Fosso-Tande,  
 L. Fusti-Molnar,  D. Ghosh,  A. Ghysels,  A. Golubeva-Zadorozhnaya,  
 J. Gonthier,  M. S. Gordon,  S. R. Gwaltney,  G. Hawkins,  J. E. Herr,  
 A. Heyden,  S. Hirata,  E. G. Hohenstein,  G. Kedziora,  F. J. Keil,  
 C. Kelley,  Jihan Kim,  R. A. King,  R. Z. Khaliullin,  P. P. Korambath,  
 W. Kurlancheek,  A. Laurent,  A. M. Lee,  M. S. Lee,  S. V. Levchenko,  
 Ching Yeh Lin,  D. Liotard,  E. Livshits,  R. C. Lochan,  I. Lotan,  
 L. A. Martinez-Martinez,  P. E. Maslen,  N. Nair,  D. P. O'Neill,  
 D. Neuhauser,  E. Neuscamman,  C. M. Oana,  R. Olivares-Amaya,  R. Olson,  
 T. M. Perrine,  B. Peters,  P. A. Pieniazek,  A. Prociuk,  Y. M. Rhee,  
 J. Ritchie,  M. A. Rohrdanz,  E. Rosta,  N. J. Russ,  H. F. Schaefer III,  
 M. W. Schmidt,  N. E. Schultz,  S. Sharma,  N. Shenvi,  C. D. Sherrill,  
 A. C. Simmonett,  A. Sodt,  T. Stein,  D. Stuck,  K. S. Thanthiriwatte,  
 V. Vanovschi,  L. Vogt,  Tao Wang,  A. Warshel,  M. A. Watson,  
 C. F. Williams,  Q. Wu,  X. Xu,  Jun Yang,  W. Zhang,  Yan Zhao

 Please cite Q-Chem as follows:
 Y. Shao et al., Mol. Phys. 113, 184-215 (2015)
 DOI: 10.1080/00268976.2014.952696

 Q-Chem 5.4.1 for Intel X86 EM64T Linux

 Parts of Q-Chem use Armadillo 9.800.1 (Horizon Scraper).
 http://arma.sourceforge.net/

 Q-Chem begins on Fri Jul  1 13:32:50 2022  

 Host: gadi-cpu-clx-1213.gadi.nci.org.au
0

     Scratch files written to /jobfs/49912516.gadi-pbs/qchem4189484//
 Processing $rem in /apps/qchem/5.4.1/config/preferences:
 Processing $rem in /home/561/yj5695/.qchemrc:
 Symmetry turned off for PCM/SM12/SMD calculation
 Method-specific promolecule density matrix will be built for SM12 calculation

 Checking the input file for inconsistencies... 	...done.

--------------------------------------------------------------
User input:
--------------------------------------------------------------
$molecule
0  1
C -1.492925  0.722182 -0.828774
C -2.621587  0.857188 -1.675789
C -4.024754  1.081545 -1.152194
C -2.476818  0.816108 -3.042933
H -3.339043  0.928844 -3.692309
C -1.210457  0.618241 -3.649592
C -0.10532  0.482707 -2.782778
S  1.512049  0.293339 -3.470787
C -0.244631  0.539161 -1.401198
H  0.632463  0.453654 -0.766045
S -1.535845  0.760686  0.95523
O -0.148802  0.883105  1.398893
O -2.511705  1.761125  1.375604
N -2.058764 -0.690964  1.533297
H -1.425073 -1.450227  1.275705
H -3.016962 -0.903541  1.252393
N -1.09298  0.604663 -4.994534
C  0.140148  0.231185 -5.666141
N  1.305436  0.83658 -5.026001
O  2.442577  1.195533 -2.798066
O  1.847438 -1.127351 -3.542477
H -1.935929  0.689957 -5.552444
F -4.950511  0.831485 -2.088743
F -4.220046  2.34539 -0.748445
F -4.31289  0.276068 -0.111133
H  0.279092 -0.853786 -5.663151
H  0.095072  0.578705 -6.695728
H  1.274936  1.860649 -5.0382
$end

$rem
jobtype sp
exchange M062X
basis 6-31+G*
SMX_GAS_PHASE = TRUE
solvent_method sm12
$end

$smx
solvent water
charges mk
$end
--------------------------------------------------------------
 ----------------------------------------------------------------
             Standard Nuclear Orientation (Angstroms)
    I     Atom           X                Y                Z
 ----------------------------------------------------------------
    1      C      -1.4929250000     0.7221820000    -0.8287740000
    2      C      -2.6215870000     0.8571880000    -1.6757890000
    3      C      -4.0247540000     1.0815450000    -1.1521940000
    4      C      -2.4768180000     0.8161080000    -3.0429330000
    5      H      -3.3390430000     0.9288440000    -3.6923090000
    6      C      -1.2104570000     0.6182410000    -3.6495920000
    7      C      -0.1053200000     0.4827070000    -2.7827780000
    8      S       1.5120490000     0.2933390000    -3.4707870000
    9      C      -0.2446310000     0.5391610000    -1.4011980000
   10      H       0.6324630000     0.4536540000    -0.7660450000
   11      S      -1.5358450000     0.7606860000     0.9552300000
   12      O      -0.1488020000     0.8831050000     1.3988930000
   13      O      -2.5117050000     1.7611250000     1.3756040000
   14      N      -2.0587640000    -0.6909640000     1.5332970000
   15      H      -1.4250730000    -1.4502270000     1.2757050000
   16      H      -3.0169620000    -0.9035410000     1.2523930000
   17      N      -1.0929800000     0.6046630000    -4.9945340000
   18      C       0.1401480000     0.2311850000    -5.6661410000
   19      N       1.3054360000     0.8365800000    -5.0260010000
   20      O       2.4425770000     1.1955330000    -2.7980660000
   21      O       1.8474380000    -1.1273510000    -3.5424770000
   22      H      -1.9359290000     0.6899570000    -5.5524440000
   23      F      -4.9505110000     0.8314850000    -2.0887430000
   24      F      -4.2200460000     2.3453900000    -0.7484450000
   25      F      -4.3128900000     0.2760680000    -0.1111330000
   26      H       0.2790920000    -0.8537860000    -5.6631510000
   27      H       0.0950720000     0.5787050000    -6.6957280000
   28      H       1.2749360000     1.8606490000    -5.0382000000
 ----------------------------------------------------------------
 Nuclear Repulsion Energy =        2106.53123068 hartrees
 There are       84 alpha and       84 beta electrons
 Requested basis set is 6-31+G(d)
 There are 118 shells and 404 basis functions

 Total QAlloc Memory Limit   2000 MB
 Mega-Array Size       188 MB
 MEM_STATIC part       192 MB
 A cutoff of  1.0D-08 yielded   4823 shell pairs
 There are     60439 function pairs
 Smallest overlap matrix eigenvalue = 3.58E-07

 Q-Chem warning in module stvman/mkSTV.C, line 323:

 Overlap eigenvalue is smaller than square root of threshold
 Use THRESH >= 12 to get rid of this warning

 Linear dependence detected in AO basis
 Tighter screening thresholds may be required for diffuse basis sets
 Use S2THRESH > 14 and THRESH = 14 in case of SCF convergence issues
 Number of orthogonalized atomic orbitals = 402
 Maximum deviation from orthogonality = 1.588E-10

 Scale SEOQF with 1.000000e-01/1.000000e-01/1.000000e-02

 Standard Electronic Orientation quadrupole field applied
 Nucleus-field energy     =     0.0000000335 hartrees
 ================ Generating on-the-fly Promolecule Density  ================
Attempting to make child job directory: /jobfs/49912516.gadi-pbs/qchem4189484//Frg1/
Attempting to make child job directory: /jobfs/49912516.gadi-pbs/qchem4189484//Frg2/
Attempting to make child job directory: /jobfs/49912516.gadi-pbs/qchem4189484//Frg3/
Attempting to make child job directory: /jobfs/49912516.gadi-pbs/qchem4189484//Frg4/
Attempting to make child job directory: /jobfs/49912516.gadi-pbs/qchem4189484//Frg5/
Attempting to make child job directory: /jobfs/49912516.gadi-pbs/qchem4189484//Frg6/
Creating input file /jobfs/49912516.gadi-pbs/qchem4189484/Frg1.input
using default PutDataFrgm: nothing
calling putenv with: QCSCRATCH=/jobfs/49912516.gadi-pbs/qchem4189484/ 
Spawning Job For Fragment 0
Done Job For Fragment 0
calling putenv with: QCSCRATCH=/jobfs/49912516.gadi-pbs 
calling putenv with: QCTHREADS=8 
Creating input file /jobfs/49912516.gadi-pbs/qchem4189484/Frg2.input
using default PutDataFrgm: nothing
calling putenv with: QCSCRATCH=/jobfs/49912516.gadi-pbs/qchem4189484/ 
Spawning Job For Fragment 1
Done Job For Fragment 1
calling putenv with: QCSCRATCH=/jobfs/49912516.gadi-pbs 
calling putenv with: QCTHREADS=8 
Creating input file /jobfs/49912516.gadi-pbs/qchem4189484/Frg3.input
using default PutDataFrgm: nothing
calling putenv with: QCSCRATCH=/jobfs/49912516.gadi-pbs/qchem4189484/ 
Spawning Job For Fragment 2
Done Job For Fragment 2
calling putenv with: QCSCRATCH=/jobfs/49912516.gadi-pbs 
calling putenv with: QCTHREADS=8 
Creating input file /jobfs/49912516.gadi-pbs/qchem4189484/Frg4.input
using default PutDataFrgm: nothing
calling putenv with: QCSCRATCH=/jobfs/49912516.gadi-pbs/qchem4189484/ 
Spawning Job For Fragment 3
Done Job For Fragment 3
calling putenv with: QCSCRATCH=/jobfs/49912516.gadi-pbs 
calling putenv with: QCTHREADS=8 
Creating input file /jobfs/49912516.gadi-pbs/qchem4189484/Frg5.input
using default PutDataFrgm: nothing
calling putenv with: QCSCRATCH=/jobfs/49912516.gadi-pbs/qchem4189484/ 
Spawning Job For Fragment 4
Done Job For Fragment 4
calling putenv with: QCSCRATCH=/jobfs/49912516.gadi-pbs 
calling putenv with: QCTHREADS=8 
Creating input file /jobfs/49912516.gadi-pbs/qchem4189484/Frg6.input
using default PutDataFrgm: nothing
calling putenv with: QCSCRATCH=/jobfs/49912516.gadi-pbs/qchem4189484/ 
Spawning Job For Fragment 5
Done Job For Fragment 5
calling putenv with: QCSCRATCH=/jobfs/49912516.gadi-pbs 
calling putenv with: QCTHREADS=8 
 Time for running child jobs:  CPU 0.92 s  wall 2.19 s
 ============= Method Specific Promolecule Density Constructed =============
 Guess from superposition of atomic densities
 Warning:  Energy on first SCF cycle will be non-variational
 SAD guess density has 168.000000 electrons

 -----------------------------------------------------------------------
  General SCF calculation program by
  Eric Jon Sundstrom, Paul Horn, Yuezhi Mao, Dmitri Zuev, Alec White,
  David Stuck, Shaama M.S., Shane Yost, Joonho Lee, David Small,
  Daniel Levine, Susi Lehtola, Hugh Burton, Evgeny Epifanovsky,
  Bang C. Huynh
 -----------------------------------------------------------------------
 Exchange:     0.5400 Hartree-Fock + 1.0000 M06-2X
 Correlation:  1.0000 M06-2X
 Using SG-3 standard quadrature grid
 using 8 threads for integral computing
 -------------------------------------------------------
 OpenMP Integral computing Module                
 Release: version 1.0, May 2013, Q-Chem Inc. Pittsburgh 
 -------------------------------------------------------
 A restricted SCF calculation will be
 performed using DIIS
 SCF converges when DIIS error is below 1.0e-05
 ---------------------------------------
  Cycle       Energy         DIIS error
 ---------------------------------------
    1   -1876.5451050524      3.86e-02  
    2   -1869.6166305585      5.59e-03  
    3   -1869.2111336114      7.93e-03  
    4   -1870.1259552430      8.43e-04  
    5   -1870.1366086882      3.36e-04  
    6   -1870.1385108521      7.70e-05  
    7   -1870.1386028151      2.65e-05  
    8   -1870.1386165530      8.31e-06  Convergence criterion met
 ---------------------------------------
 SCF time:   CPU 239.97s  wall 30.00s 
 SCF   energy in the final basis set =    -1870.1386165530
 Total energy in the final basis set =    -1870.1386165530
 Exchange:     0.5400 Hartree-Fock + 1.0000 M06-2X
 Correlation:  1.0000 M06-2X
 Using SG-3 standard quadrature grid
 
 SM12 calculation using Merz-Singh-Kollman charges
 Citation of the SM12 model:
 Marenich, A.V.; Cramer, C.J.; Truhlar, D.G.
 J. Chem. Theory Comput. 2013, 9, 609-612.
 iSolventCode=           1
 Solvent: water                                                           
 
  Building new vdw surfaces
         Merz-Kollman ESP Net Atomic Charges

     Atom                 Charge (a.u.)
  ----------------------------------------
      1 C                    -0.181696
      2 C                    -0.004861
      3 C                     0.520572
      4 C                    -0.348375
      5 H                     0.199785
      6 C                     0.496987
      7 C                    -0.220806
      8 S                     1.008010
      9 C                    -0.105451
     10 H                     0.209001
     11 S                     1.051096
     12 O                    -0.501159
     13 O                    -0.482616
     14 N                    -0.801963
     15 H                     0.375937
     16 H                     0.387962
     17 N                    -0.679623
     18 C                     0.138823
     19 N                    -0.662973
     20 O                    -0.486992
     21 O                    -0.479881
     22 H                     0.389433
     23 F                    -0.191141
     24 F                    -0.141663
     25 F                    -0.183397
     26 H                     0.132715
     27 H                     0.149807
     28 H                     0.412471
  ----------------------------------------
  Sum of atomic charges =     0.000000

  Related Dipole Moment =    10.4755 (X -4.3963 Y -2.2975 Z -9.2266)


 Charges (in A.U.) from Merz-Kollman fitting 
 -----------------------------------------------
 Center     Atomic                  MZ       
 Number     Number                  Charge
 -----------------------------------------------
    1          6                   -0.181696
    2          6                   -0.004861
    3          6                    0.520572
    4          6                   -0.348375
    5          1                    0.199785
    6          6                    0.496987
    7          6                   -0.220806
    8         16                    1.008010
    9          6                   -0.105451
   10          1                    0.209001
   11         16                    1.051096
   12          8                   -0.501159
   13          8                   -0.482616
   14          7                   -0.801963
   15          1                    0.375937
   16          1                    0.387962
   17          7                   -0.679623
   18          6                    0.138823
   19          7                   -0.662973
   20          8                   -0.486992
   21          8                   -0.479881
   22          1                    0.389433
   23          9                   -0.191141
   24          9                   -0.141663
   25          9                   -0.183397
   26          1                    0.132715
   27          1                    0.149807
   28          1                    0.412471
 -----------------------------------------------
 A restricted SCF calculation will be
 performed using Roothaan-Hall, DIIS
 SCF converges when DIIS error is below 1.0e-05
 ---------------------------------------
  Cycle       Energy         DIIS error
 ---------------------------------------
         Merz-Kollman ESP Net Atomic Charges

     Atom                 Charge (a.u.)
  ----------------------------------------
      1 C                    -0.179028
      2 C                    -0.042972
      3 C                     0.521948
      4 C                    -0.302824
      5 H                     0.211911
      6 C                     0.541796
      7 C                    -0.240252
      8 S                     1.076523
      9 C                    -0.132678
     10 H                     0.209438
     11 S                     1.087886
     12 O                    -0.555376
     13 O                    -0.540206
     14 N                    -0.798749
     15 H                     0.395321
     16 H                     0.404642
     17 N                    -0.665311
     18 C                     0.172065
     19 N                    -0.676779
     20 O                    -0.555777
     21 O                    -0.545409
     22 H                     0.415493
     23 F                    -0.186934
     24 F                    -0.154400
     25 F                    -0.184570
     26 H                     0.122607
     27 H                     0.170951
     28 H                     0.430684
  ----------------------------------------
  Sum of atomic charges =     0.000000

  Related Dipole Moment =    13.6588 (X -5.8423 Y -2.6873 Z -12.0502)


 Charges (in A.U.) from Merz-Kollman fitting 
 -----------------------------------------------
 Center     Atomic                  MZ       
 Number     Number                  Charge
 -----------------------------------------------
    1          6                   -0.179028
    2          6                   -0.042972
    3          6                    0.521948
    4          6                   -0.302824
    5          1                    0.211911
    6          6                    0.541796
    7          6                   -0.240252
    8         16                    1.076523
    9          6                   -0.132678
   10          1                    0.209438
   11         16                    1.087886
   12          8                   -0.555376
   13          8                   -0.540206
   14          7                   -0.798749
   15          1                    0.395321
   16          1                    0.404642
   17          7                   -0.665311
   18          6                    0.172065
   19          7                   -0.676779
   20          8                   -0.555777
   21          8                   -0.545409
   22          1                    0.415493
   23          9                   -0.186934
   24          9                   -0.154400
   25          9                   -0.184570
   26          1                    0.122607
   27          1                    0.170951
   28          1                    0.430684
 -----------------------------------------------
    1   -1870.1386168516      4.40e-04  Roothaan Step
 ---------------------------------------
  Cycle       Energy         DIIS error
 ---------------------------------------
         Merz-Kollman ESP Net Atomic Charges

     Atom                 Charge (a.u.)
  ----------------------------------------
      1 C                    -0.147040
      2 C                    -0.049638
      3 C                     0.520424
      4 C                    -0.332413
      5 H                     0.223683
      6 C                     0.522841
      7 C                    -0.268947
      8 S                     1.068396
      9 C                    -0.097527
     10 H                     0.206555
     11 S                     1.061429
     12 O                    -0.542249
     13 O                    -0.518498
     14 N                    -0.812915
     15 H                     0.394249
     16 H                     0.403227
     17 N                    -0.705776
     18 C                     0.154007
     19 N                    -0.684402
     20 O                    -0.533807
     21 O                    -0.526968
     22 H                     0.434544
     23 F                    -0.190468
     24 F                    -0.145023
     25 F                    -0.184327
     26 H                     0.134113
     27 H                     0.185166
     28 H                     0.431363
  ----------------------------------------
  Sum of atomic charges =     0.000000

  Related Dipole Moment =    12.9682 (X -5.3759 Y -2.5099 Z -11.5315)


 Charges (in A.U.) from Merz-Kollman fitting 
 -----------------------------------------------
 Center     Atomic                  MZ       
 Number     Number                  Charge
 -----------------------------------------------
    1          6                   -0.147040
    2          6                   -0.049638
    3          6                    0.520424
    4          6                   -0.332413
    5          1                    0.223683
    6          6                    0.522841
    7          6                   -0.268947
    8         16                    1.068396
    9          6                   -0.097527
   10          1                    0.206555
   11         16                    1.061429
   12          8                   -0.542249
   13          8                   -0.518498
   14          7                   -0.812915
   15          1                    0.394249
   16          1                    0.403227
   17          7                   -0.705776
   18          6                    0.154007
   19          7                   -0.684402
   20          8                   -0.533807
   21          8                   -0.526968
   22          1                    0.434544
   23          9                   -0.190468
   24          9                   -0.145023
   25          9                   -0.184327
   26          1                    0.134113
   27          1                    0.185166
   28          1                    0.431363
 -----------------------------------------------
    1   -1870.1252849615      3.37e-04  
         Merz-Kollman ESP Net Atomic Charges

     Atom                 Charge (a.u.)
  ----------------------------------------
      1 C                    -0.167452
      2 C                    -0.051714
      3 C                     0.519552
      4 C                    -0.320291
      5 H                     0.219787
      6 C                     0.545674
      7 C                    -0.259002
      8 S                     1.098265
      9 C                    -0.116084
     10 H                     0.208710
     11 S                     1.092570
     12 O                    -0.558037
     13 O                    -0.538822
     14 N                    -0.804687
     15 H                     0.394279
     16 H                     0.402634
     17 N                    -0.688118
     18 C                     0.157953
     19 N                    -0.680585
     20 O                    -0.557626
     21 O                    -0.548833
     22 H                     0.428154
     23 F                    -0.188764
     24 F                    -0.149208
     25 F                    -0.183294
     26 H                     0.131242
     27 H                     0.182528
     28 H                     0.431168
  ----------------------------------------
  Sum of atomic charges =     0.000000

  Related Dipole Moment =    13.6071 (X -5.6705 Y -2.6290 Z -12.0867)


 Charges (in A.U.) from Merz-Kollman fitting 
 -----------------------------------------------
 Center     Atomic                  MZ       
 Number     Number                  Charge
 -----------------------------------------------
    1          6                   -0.167452
    2          6                   -0.051714
    3          6                    0.519552
    4          6                   -0.320291
    5          1                    0.219787
    6          6                    0.545674
    7          6                   -0.259002
    8         16                    1.098265
    9          6                   -0.116084
   10          1                    0.208710
   11         16                    1.092570
   12          8                   -0.558037
   13          8                   -0.538822
   14          7                   -0.804687
   15          1                    0.394279
   16          1                    0.402634
   17          7                   -0.688118
   18          6                    0.157953
   19          7                   -0.680585
   20          8                   -0.557626
   21          8                   -0.548833
   22          1                    0.428154
   23          9                   -0.188764
   24          9                   -0.149208
   25          9                   -0.183294
   26          1                    0.131242
   27          1                    0.182528
   28          1                    0.431168
 -----------------------------------------------
    2   -1870.1279629801      3.90e-04  
         Merz-Kollman ESP Net Atomic Charges

     Atom                 Charge (a.u.)
  ----------------------------------------
      1 C                    -0.166106
      2 C                    -0.049731
      3 C                     0.519602
      4 C                    -0.318191
      5 H                     0.219694
      6 C                     0.546788
      7 C                    -0.266394
      8 S                     1.088349
      9 C                    -0.111799
     10 H                     0.208345
     11 S                     1.085459
     12 O                    -0.557250
     13 O                    -0.536845
     14 N                    -0.806118
     15 H                     0.395159
     16 H                     0.403667
     17 N                    -0.688384
     18 C                     0.160653
     19 N                    -0.681879
     20 O                    -0.553881
     21 O                    -0.545293
     22 H                     0.429653
     23 F                    -0.188968
     24 F                    -0.149668
     25 F                    -0.183607
     26 H                     0.130798
     27 H                     0.183772
     28 H                     0.432175
  ----------------------------------------
  Sum of atomic charges =     0.000000

  Related Dipole Moment =    13.6937 (X -5.7060 Y -2.6251 Z -12.1683)


 Charges (in A.U.) from Merz-Kollman fitting 
 -----------------------------------------------
 Center     Atomic                  MZ       
 Number     Number                  Charge
 -----------------------------------------------
    1          6                   -0.166106
    2          6                   -0.049731
    3          6                    0.519602
    4          6                   -0.318191
    5          1                    0.219694
    6          6                    0.546788
    7          6                   -0.266394
    8         16                    1.088349
    9          6                   -0.111799
   10          1                    0.208345
   11         16                    1.085459
   12          8                   -0.557250
   13          8                   -0.536845
   14          7                   -0.806118
   15          1                    0.395159
   16          1                    0.403667
   17          7                   -0.688384
   18          6                    0.160653
   19          7                   -0.681879
   20          8                   -0.553881
   21          8                   -0.545293
   22          1                    0.429653
   23          9                   -0.188968
   24          9                   -0.149668
   25          9                   -0.183607
   26          1                    0.130798
   27          1                    0.183772
   28          1                    0.432175
 -----------------------------------------------
    3   -1870.1262575558      4.49e-05  
         Merz-Kollman ESP Net Atomic Charges

     Atom                 Charge (a.u.)
  ----------------------------------------
      1 C                    -0.167155
      2 C                    -0.050685
      3 C                     0.519025
      4 C                    -0.320550
      5 H                     0.220469
      6 C                     0.547102
      7 C                    -0.265250
      8 S                     1.094504
      9 C                    -0.111088
     10 H                     0.208415
     11 S                     1.087711
     12 O                    -0.557785
     13 O                    -0.537719
     14 N                    -0.806267
     15 H                     0.394972
     16 H                     0.403357
     17 N                    -0.689303
     18 C                     0.158658
     19 N                    -0.681664
     20 O                    -0.556301
     21 O                    -0.547690
     22 H                     0.430288
     23 F                    -0.188972
     24 F                    -0.149080
     25 F                    -0.183319
     26 H                     0.131614
     27 H                     0.184703
     28 H                     0.432010
  ----------------------------------------
  Sum of atomic charges =     0.000000

  Related Dipole Moment =    13.7010 (X -5.6844 Y -2.6236 Z -12.1870)


 Charges (in A.U.) from Merz-Kollman fitting 
 -----------------------------------------------
 Center     Atomic                  MZ       
 Number     Number                  Charge
 -----------------------------------------------
    1          6                   -0.167155
    2          6                   -0.050685
    3          6                    0.519025
    4          6                   -0.320550
    5          1                    0.220469
    6          6                    0.547102
    7          6                   -0.265250
    8         16                    1.094504
    9          6                   -0.111088
   10          1                    0.208415
   11         16                    1.087711
   12          8                   -0.557785
   13          8                   -0.537719
   14          7                   -0.806267
   15          1                    0.394972
   16          1                    0.403357
   17          7                   -0.689303
   18          6                    0.158658
   19          7                   -0.681664
   20          8                   -0.556301
   21          8                   -0.547690
   22          1                    0.430288
   23          9                   -0.188972
   24          9                   -0.149080
   25          9                   -0.183319
   26          1                    0.131614
   27          1                    0.184703
   28          1                    0.432010
 -----------------------------------------------
    4   -1870.1258425977      2.39e-05  
    5   -1870.1257154454      5.50e-06  Convergence criterion met
 ---------------------------------------
 SCF time:   CPU 209.51s  wall 26.00s 
(0)  E-EN(g) gas-phase elect-nuc energy                -1870.138616553 a.u.
(1)  E-EN(liq) elect-nuc energy of solute              -1870.125715445 a.u.
(2)  G-P(liq) polarization free energy of solvation           -37.0873 kcal/mol
(3)  G-ENP(liq) elect-nuc-pol free energy of system    -1870.184817744 a.u.
(4)  G-CDS(liq) cavity-dispersion-solvent structure 
     free energy                                                3.6582 kcal/mol
(5)  G-P-CDS(liq) = G-P(liq) + G-CDS(liq) = (2) + (4)         -33.4291 kcal/mol
(6)  G-S(liq) free energy of system = (1) + (5)        -1870.178988078 a.u.
(7)  DeltaE-EN(liq) elect-nuc reorganization
     energy of solute molecule (7) = (1) - (0)                  8.0956 kcal/mol
(8)  DeltaG-ENP(liq) elect-nuc-pol free energy
     of solvation (8) = (3) - (0)                             -28.9917 kcal/mol
(9)  DeltaG-S(liq) free energy of  solvation
     (9) = (6) - (0)                                          -25.3335 kcal/mol
 SCF   energy in the final basis set =    -1870.1789880781
 Total energy in the final basis set =    -1870.1789880781
 
 --------------------------------------------------------------
 
                    Orbital Energies (a.u.)
 --------------------------------------------------------------
 
 Alpha MOs
 -- Occupied --
-90.1828 -90.1822 -25.3227 -25.3223 -25.3142 -19.6681 -19.6655 -19.6616
-19.6591 -14.8189 -14.8173 -14.8083 -10.8373 -10.6566 -10.6432 -10.6300
-10.6201 -10.6161 -10.6122 -10.6013  -8.4972  -8.4954  -6.4195  -6.4189
 -6.4180  -6.4176  -6.4173  -6.4166  -1.4893  -1.3973  -1.3924  -1.2683
 -1.2636  -1.1528  -1.1492  -1.1198  -1.0480  -1.0383  -1.0109  -0.9358
 -0.9040  -0.8499  -0.8207  -0.7877  -0.7698  -0.7417  -0.7200  -0.7121
 -0.7092  -0.6879  -0.6642  -0.6430  -0.6317  -0.6203  -0.6099  -0.6018
 -0.5916  -0.5886  -0.5772  -0.5724  -0.5559  -0.5528  -0.5519  -0.5450
 -0.5391  -0.5303  -0.5281  -0.5262  -0.5028  -0.4895  -0.4740  -0.4396
 -0.4391  -0.4350  -0.4305  -0.4232  -0.4142  -0.4078  -0.4038  -0.4008
 -0.3873  -0.3727  -0.3590  -0.2927
 -- Virtual --
 -0.0440  -0.0247  -0.0067   0.0063   0.0247   0.0333   0.0385   0.0394
  0.0481   0.0523   0.0566   0.0660   0.0686   0.0711   0.0749   0.0761
  0.0853   0.0870   0.0898   0.0947   0.1033   0.1042   0.1079   0.1117
  0.1180   0.1188   0.1288   0.1323   0.1359   0.1403   0.1447   0.1490
  0.1539   0.1573   0.1602   0.1662   0.1692   0.1791   0.1819   0.1831
  0.1869   0.1894   0.1946   0.1953   0.2031   0.2048   0.2112   0.2124
  0.2179   0.2232   0.2277   0.2355   0.2397   0.2415   0.2439   0.2483
  0.2552   0.2599   0.2627   0.2678   0.2690   0.2724   0.2791   0.2812
  0.2828   0.2845   0.2927   0.2981   0.3014   0.3043   0.3068   0.3103
  0.3128   0.3189   0.3244   0.3289   0.3295   0.3380   0.3420   0.3446
  0.3493   0.3522   0.3629   0.3653   0.3709   0.3778   0.3818   0.3857
  0.3911   0.3969   0.4009   0.4050   0.4112   0.4169   0.4298   0.4385
  0.4407   0.4456   0.4575   0.4614   0.4686   0.4779   0.4897   0.4902
  0.5007   0.5182   0.5383   0.5435   0.5537   0.5565   0.5828   0.6175
  0.6245   0.6431   0.6504   0.6683   0.6767   0.6931   0.6993   0.7034
  0.7247   0.7253   0.7349   0.7411   0.7527   0.7705   0.7931   0.8164
  0.8290   0.8323   0.8431   0.8618   0.8892   0.8923   0.9023   0.9258
  0.9271   0.9433   0.9475   0.9534   0.9800   0.9881   1.0098   1.0188
  1.0263   1.0298   1.0482   1.0664   1.0694   1.0750   1.0886   1.0969
  1.1163   1.1177   1.1281   1.1353   1.1444   1.1478   1.1556   1.1576
  1.1666   1.1767   1.1890   1.1958   1.2140   1.2384   1.2476   1.2621
  1.2700   1.2933   1.3063   1.3132   1.3266   1.3305   1.3482   1.3584
  1.3618   1.3676   1.3806   1.3872   1.3901   1.3981   1.4052   1.4123
  1.4398   1.4505   1.4630   1.4769   1.4910   1.4920   1.4994   1.5268
  1.5403   1.5598   1.5723   1.5956   1.6223   1.6451   1.6501   1.6577
  1.6695   1.6817   1.6972   1.7133   1.7205   1.7300   1.7356   1.7443
  1.7522   1.7659   1.7693   1.7719   1.7771   1.7964   1.8177   1.8213
  1.8221   1.8322   1.8395   1.8516   1.8583   1.8607   1.8762   1.8790
  1.8878   1.8960   1.9098   1.9184   1.9282   1.9430   1.9524   1.9540
  1.9637   1.9740   1.9827   1.9986   2.0146   2.0324   2.0519   2.0703
  2.0786   2.0810   2.0928   2.1104   2.1144   2.1211   2.1222   2.1361
  2.1456   2.1541   2.1677   2.1759   2.1830   2.2047   2.2193   2.2315
  2.2359   2.2466   2.2557   2.2771   2.2969   2.3050   2.3215   2.3405
  2.3803   2.3954   2.4097   2.4305   2.4740   2.4892   2.4924   2.5095
  2.5281   2.5422   2.5661   2.6001   2.6333   2.6487   2.6890   2.7137
  2.7642   2.7743   2.7870   2.8013   2.8345   2.8752   2.8993   2.9146
  2.9345   2.9617   3.0029   3.0111   3.0621   3.1949   3.2146   3.2830
  3.3006   3.3442   3.9428   3.9967   4.0838   4.0936   4.1979   4.2210
  4.2521   4.3035   4.3406   4.3564   4.3880   4.4233   4.4302   4.4859
  4.5477   4.6215   4.7706   5.8213   6.1102   7.0540
 --------------------------------------------------------------
 
          Ground-State Mulliken Net Atomic Charges

     Atom                 Charge (a.u.)
  ----------------------------------------
      1 C                    -3.378572
      2 C                     0.637865
      3 C                     1.035492
      4 C                     0.043902
      5 H                     0.319295
      6 C                     2.735979
      7 C                    -0.547117
      8 S                     1.353360
      9 C                    -0.736692
     10 H                     0.296719
     11 S                     1.236106
     12 O                    -0.762180
     13 O                    -0.700134
     14 N                    -0.890317
     15 H                     0.515983
     16 H                     0.514373
     17 N                    -0.387040
     18 C                     0.088589
     19 N                    -0.740244
     20 O                    -0.717579
     21 O                    -0.680193
     22 H                     0.540136
     23 F                    -0.297505
     24 F                    -0.293189
     25 F                    -0.329118
     26 H                     0.276424
     27 H                     0.326731
     28 H                     0.538924
  ----------------------------------------
  Sum of atomic charges =     0.000000

         Merz-Kollman ESP Net Atomic Charges

     Atom                 Charge (a.u.)
  ----------------------------------------
      1 C                    -0.167594
      2 C                    -0.050231
      3 C                     0.518981
      4 C                    -0.320637
      5 H                     0.220442
      6 C                     0.547959
      7 C                    -0.266677
      8 S                     1.094553
      9 C                    -0.110977
     10 H                     0.208467
     11 S                     1.089032
     12 O                    -0.558378
     13 O                    -0.538081
     14 N                    -0.806408
     15 H                     0.394901
     16 H                     0.403261
     17 N                    -0.689026
     18 C                     0.158146
     19 N                    -0.681651
     20 O                    -0.556128
     21 O                    -0.547544
     22 H                     0.430325
     23 F                    -0.189021
     24 F                    -0.149140
     25 F                    -0.183270
     26 H                     0.131832
     27 H                     0.184882
     28 H                     0.431984
  ----------------------------------------
  Sum of atomic charges =     0.000000

  Related Dipole Moment =    13.7106 (X -5.6874 Y -2.6244 Z -12.1961)

 -----------------------------------------------------------------
                    Cartesian Multipole Moments
 -----------------------------------------------------------------
    Charge (ESU x 10^10)
                -0.0000
    Dipole Moment (Debye)
         X      -5.7055      Y      -2.6507      Z     -12.1529
       Tot      13.6848
    Quadrupole Moments (Debye-Ang)
        XX    -144.6964     XY      10.7341     YY    -133.7245
        XZ      30.7597     YZ     -22.9377     ZZ     -68.3541
    Octopole Moments (Debye-Ang^2)
       XXX     414.0957    XXY    -115.9243    XYY     147.0458
       YYY    -253.7870    XXZ     242.0882    XYZ      13.9421
       YYZ     226.3138    XZZ      27.4168    YZZ      -6.3097
       ZZZ     255.1781
    Hexadecapole Moments (Debye-Ang^3)
      XXXX   -4559.5632   XXXY     554.2947   XXYY    -924.2121
      XYYY     526.2870   YYYY    -822.6610   XXXZ     205.3115
      XXYZ      52.4033   XYYZ      34.1621   YYYZ     282.8998
      XXZZ   -1783.3991   XYZZ     166.3101   YYZZ   -1168.4326
      XZZZ     625.0311   YZZZ     -96.1942   ZZZZ   -3818.9234
 -----------------------------------------------------------------
 Total job time:  59.71s(wall), 455.60s(cpu) 
 Fri Jul  1 13:33:50 2022

        *************************************************************
        *                                                           *
        *  Thank you very much for using Q-Chem.  Have a nice day.  *
        *                                                           *
        *************************************************************


