                  Welcome to Q-Chem
     A Quantum Leap Into The Future Of Chemistry


 Q-Chem 5.4 (devel), Q-Chem, Inc., Pleasanton, CA (2021)

 E. Epifanovsky,  A. T. B. Gilbert,  Xintian Feng,  Joonho Lee,  Yuezhi Mao,  
 N. Mardirossian,  P. Pokhilko,  A. White,  M. Wormit,  M. P. Coons,  
 A. L. Dempwolff,  Zhengting Gan,  D. Hait,  P. R. Horn,  L. D. Jacobson,  
 I. Kaliman,  J. Kussmann,  A. W. Lange,  Ka Un Lao,  D. S. Levine,  Jie Liu,  
 S. C. McKenzie,  A. F. Morrison,  K. Nanda,  F. Plasser,  D. R. Rehn,  
 M. L. Vidal,  Zhi-Qiang You,  Ying Zhu,  B. Alam,  B. Albrecht,  
 A. Aldossary,  E. Alguire,  J. H. Andersen,  D. Barton,  K. Begam,  A. Behn,  
 Y. A. Bernard,  E. J. Berquist,  H. Burton,  A. Carreras,  K. Carter-Fenk,  
 R. Chakraborty,  A. D. Chien,  K. D. Closser,  V. Cofer-Shabica,  
 S. Dasgupta,  Jia Deng,  M. de Wergifosse,  M. Diedenhofen,  Hainam Do,  
 S. Ehlert,  Po-Tung Fang,  S. Fatehi,  Qingguo Feng,  T. Friedhoff,  
 J. Gayvert,  Qinghui Ge,  G. Gidofalvi,  M. Goldey,  J. Gomes,  
 C. Gonzalez-Espinoza,  S. Gulania,  A. Gunina,  M. W. D. Hanson-Heine,  
 P. H. P. Harbach,  A. W. Hauser,  M. F. Herbst,  M. Hernandez Vera,  
 M. Hodecker,  Z. C. Holden,  S. Houck,  Xunkun Huang,  Kerwin Hui,  
 B. C. Huynh,  M. Ivanov,  Hyunjun Ji,  Hanjie Jiang,  B. Kaduk,  S. Kaehler,  
 K. Khistyaev,  Jaehoon Kim,  P. Klunzinger,  Z. Koczor-Benda,  
 Joong Hoon Koh,  D. Kosenkov,  L. Koulias,  T. Kowalczyk,  C. M. Krauter,  
 K. Kue,  A. Kunitsa,  T. Kus,  A. Landau,  K. V. Lawler,  D. Lefrancois,  
 S. Lehtola,  Rain Li,  Yi-Pei Li,  Jiashu Liang,  M. Liebenthal,  
 Hung-Hsuan Lin,  You-Sheng Lin,  Fenglai Liu,  Kuan-Yu Liu,  
 M. Loipersberger,  A. Luenser,  A. Manjanath,  P. Manohar,  E. Mansoor,  
 S. F. Manzer,  Shan-Ping Mao,  A. V. Marenich,  T. Markovich,  S. Mason,  
 S. A. Maurer,  P. F. McLaughlin,  M. F. S. J. Menger,  J.-M. Mewes,  
 S. A. Mewes,  P. Morgante,  J. W. Mullinax,  K. J. Oosterbaan,  G. Paran,  
 Alexander C. Paul,  Suranjan K. Paul,  F. Pavosevic,  Zheng Pei,  S. Prager,  
 E. I. Proynov,  E. Ramos,  B. Rana,  A. E. Rask,  A. Rettig,  R. M. Richard,  
 F. Rob,  E. Rossomme,  T. Scheele,  M. Scheurer,  M. Schneider,  
 N. Sergueev,  S. M. Sharada,  W. Skomorowski,  D. W. Small,  C. J. Stein,  
 Yu-Chuan Su,  E. J. Sundstrom,  Zhen Tao,  J. Thirman,  T. Tsuchimochi,  
 N. M. Tubman,  S. P. Veccham,  O. Vydrov,  J. Wenzel,  J. Witte,  A. Yamada,  
 Kun Yao,  S. Yeganeh,  S. R. Yost,  A. Zech,  Igor Ying Zhang,  Xing Zhang,  
 Yu Zhang,  D. Zuev,  A. Aspuru-Guzik,  A. T. Bell,  N. A. Besley,  
 K. B. Bravaya,  B. R. Brooks,  D. Casanova,  Jeng-Da Chai,  S. Coriani,  
 C. J. Cramer,  A. E. DePrince, III,  R. A. DiStasio Jr.,  A. Dreuw,  
 B. D. Dunietz,  T. R. Furlani,  W. A. Goddard III,  S. Grimme,  
 S. Hammes-Schiffer,  T. Head-Gordon,  W. J. Hehre,  Chao-Ping Hsu,  
 T.-C. Jagau,  Yousung Jung,  A. Klamt,  Jing Kong,  D. S. Lambrecht,  
 WanZhen Liang,  N. J. Mayhall,  C. W. McCurdy,  J. B. Neaton,  
 C. Ochsenfeld,  J. A. Parkhill,  R. Peverati,  V. A. Rassolov,  Yihan Shao,  
 L. V. Slipchenko,  T. Stauch,  R. P. Steele,  J. E. Subotnik,  
 A. J. W. Thom,  A. Tkatchenko,  D. G. Truhlar,  T. Van Voorhis,  
 T. A. Wesolowski,  K. B. Whaley,  H. L. Woodcock III,  P. M. Zimmerman,  
 S. Faraji,  P. M. W. Gill,  M. Head-Gordon,  J. M. Herbert,  A. I. Krylov

 Additional authors for Version 5.4.1: 
 S. Kotaru,  Shaozhi Li,  Xiangyuan Li,  F. Matz,  A. Molle,  Haisheng Ren,  
 Yingli Su,  Hung-Yi Tsai,  C. Utku,  Fang Wang

 Contributors to earlier versions of Q-Chem not listed above: 
 R. D. Adamson,  B. Austin,  R. Baer,  J. Baker,  G. J. O. Beran,  
 K. Brandhorst,  S. T. Brown,  E. F. C. Byrd,  A. K. Chakraborty,  
 G. K. L. Chan,  Chun-Min Chang,  Yunqing Chen,  C.-L. Cheng,  
 Siu Hung Chien,  D. M. Chipman,  D. L. Crittenden,  H. Dachsel,  
 R. J. Doerksen,  A. D. Dutoi,  R. G. Edgar,  J. Fosso-Tande,  
 L. Fusti-Molnar,  D. Ghosh,  A. Ghysels,  A. Golubeva-Zadorozhnaya,  
 J. Gonthier,  M. S. Gordon,  S. R. Gwaltney,  G. Hawkins,  J. E. Herr,  
 A. Heyden,  S. Hirata,  E. G. Hohenstein,  G. Kedziora,  F. J. Keil,  
 C. Kelley,  Jihan Kim,  R. A. King,  R. Z. Khaliullin,  P. P. Korambath,  
 W. Kurlancheek,  A. Laurent,  A. M. Lee,  M. S. Lee,  S. V. Levchenko,  
 Ching Yeh Lin,  D. Liotard,  E. Livshits,  R. C. Lochan,  I. Lotan,  
 L. A. Martinez-Martinez,  P. E. Maslen,  N. Nair,  D. P. O'Neill,  
 D. Neuhauser,  E. Neuscamman,  C. M. Oana,  R. Olivares-Amaya,  R. Olson,  
 T. M. Perrine,  B. Peters,  P. A. Pieniazek,  A. Prociuk,  Y. M. Rhee,  
 J. Ritchie,  M. A. Rohrdanz,  E. Rosta,  N. J. Russ,  H. F. Schaefer III,  
 M. W. Schmidt,  N. E. Schultz,  S. Sharma,  N. Shenvi,  C. D. Sherrill,  
 A. C. Simmonett,  A. Sodt,  T. Stein,  D. Stuck,  K. S. Thanthiriwatte,  
 V. Vanovschi,  L. Vogt,  Tao Wang,  A. Warshel,  M. A. Watson,  
 C. F. Williams,  Q. Wu,  X. Xu,  Jun Yang,  W. Zhang,  Yan Zhao

 Please cite Q-Chem as follows:
 Y. Shao et al., Mol. Phys. 113, 184-215 (2015)
 DOI: 10.1080/00268976.2014.952696

 Q-Chem 5.4.1 for Intel X86 EM64T Linux

 Parts of Q-Chem use Armadillo 9.800.1 (Horizon Scraper).
 http://arma.sourceforge.net/

 Q-Chem begins on Sat Jul  2 21:20:35 2022  

 Host: gadi-cpu-clx-1208.gadi.nci.org.au
0

     Scratch files written to /jobfs/50112451.gadi-pbs/qchem2631802//
 Processing $rem in /apps/qchem/5.4.1/config/preferences:
 Processing $rem in /home/561/yj5695/.qchemrc:
 Symmetry turned off for PCM/SM12/SMD calculation
 Method-specific promolecule density matrix will be built for SM12 calculation

 Checking the input file for inconsistencies... 	...done.

--------------------------------------------------------------
User input:
--------------------------------------------------------------
$molecule
0  1
C -1.5618709318  1.0829905193 -1.1332499857
C -2.8205727784  0.9289782226 -1.7320162407
C -2.9347296007  0.1341806172 -2.8767666992
C -1.8181699601 -0.4995731204 -3.4148698735
C -0.5910284488 -0.3273317038 -2.7949145311
C -0.4394924132  0.4564283916 -1.6558380023
S -1.3866443965  2.1163165421  0.333164674
O -1.7211106755  3.4817054289 -0.0582158386
O -2.1226407623  1.4667968952  1.412910144
N  0.1842998652  2.1195559327  0.7639309355
H  0.8096888778  2.5767709799  0.0991262459
H  0.5384167546  1.2252126819  1.1055492276
Cl -4.2170904604  1.7031579575 -1.0815237892
Cl -4.4620127565 -0.079702175 -3.6585488172
S  0.8374831185 -1.168517593 -3.4598957219
H -1.9174834553 -1.1087117877 -4.3083771515
H  0.5375376436  0.5784121045 -1.1976558365
O  0.5538298842 -1.4637601002 -4.860401244
O  2.0097815098 -0.379217275 -3.0952203868
N  0.9914808316 -2.6148766733 -2.6949068443
H  0.1964928518 -3.2336875375 -2.8672669876
H  1.1674463026 -2.5087633074 -1.6935222768
$end

$rem
jobtype sp
exchange M062X
basis 6-31+G*
SMX_GAS_PHASE = TRUE
solvent_method sm12
$end

$smx
solvent water
charges mk
$end
--------------------------------------------------------------
 ----------------------------------------------------------------
             Standard Nuclear Orientation (Angstroms)
    I     Atom           X                Y                Z
 ----------------------------------------------------------------
    1      C      -1.5618709318     1.0829905193    -1.1332499857
    2      C      -2.8205727784     0.9289782226    -1.7320162407
    3      C      -2.9347296007     0.1341806172    -2.8767666992
    4      C      -1.8181699601    -0.4995731204    -3.4148698735
    5      C      -0.5910284488    -0.3273317038    -2.7949145311
    6      C      -0.4394924132     0.4564283916    -1.6558380023
    7      S      -1.3866443965     2.1163165421     0.3331646740
    8      O      -1.7211106755     3.4817054289    -0.0582158386
    9      O      -2.1226407623     1.4667968952     1.4129101440
   10      N       0.1842998652     2.1195559327     0.7639309355
   11      H       0.8096888778     2.5767709799     0.0991262459
   12      H       0.5384167546     1.2252126819     1.1055492276
   13      Cl     -4.2170904604     1.7031579575    -1.0815237892
   14      Cl     -4.4620127565    -0.0797021750    -3.6585488172
   15      S       0.8374831185    -1.1685175930    -3.4598957219
   16      H      -1.9174834553    -1.1087117877    -4.3083771515
   17      H       0.5375376436     0.5784121045    -1.1976558365
   18      O       0.5538298842    -1.4637601002    -4.8604012440
   19      O       2.0097815098    -0.3792172750    -3.0952203868
   20      N       0.9914808316    -2.6148766733    -2.6949068443
   21      H       0.1964928518    -3.2336875375    -2.8672669876
   22      H       1.1674463026    -2.5087633074    -1.6935222768
 ----------------------------------------------------------------
 Nuclear Repulsion Energy =        1731.36050688 hartrees
 There are       77 alpha and       77 beta electrons
 Requested basis set is 6-31+G(d)
 There are 96 shells and 332 basis functions

 Total QAlloc Memory Limit   2000 MB
 Mega-Array Size       188 MB
 MEM_STATIC part       192 MB
 A cutoff of  1.0D-08 yielded   3419 shell pairs
 There are     43093 function pairs
 Smallest overlap matrix eigenvalue = 6.52E-07

 Q-Chem warning in module stvman/mkSTV.C, line 323:

 Overlap eigenvalue is smaller than square root of threshold
 Use THRESH >= 12 to get rid of this warning

 Linear dependence detected in AO basis
 Tighter screening thresholds may be required for diffuse basis sets
 Use S2THRESH > 14 and THRESH = 14 in case of SCF convergence issues
 Number of orthogonalized atomic orbitals = 330
 Maximum deviation from orthogonality = 4.126E-10

 Scale SEOQF with 1.000000e-01/1.000000e-01/1.000000e-01

 Standard Electronic Orientation quadrupole field applied
 Nucleus-field energy     =    -0.0000000476 hartrees
 ================ Generating on-the-fly Promolecule Density  ================
Attempting to make child job directory: /jobfs/50112451.gadi-pbs/qchem2631802//Frg1/
Attempting to make child job directory: /jobfs/50112451.gadi-pbs/qchem2631802//Frg2/
Attempting to make child job directory: /jobfs/50112451.gadi-pbs/qchem2631802//Frg3/
Attempting to make child job directory: /jobfs/50112451.gadi-pbs/qchem2631802//Frg4/
Attempting to make child job directory: /jobfs/50112451.gadi-pbs/qchem2631802//Frg5/
Attempting to make child job directory: /jobfs/50112451.gadi-pbs/qchem2631802//Frg6/
Creating input file /jobfs/50112451.gadi-pbs/qchem2631802/Frg1.input
using default PutDataFrgm: nothing
calling putenv with: QCSCRATCH=/jobfs/50112451.gadi-pbs/qchem2631802/ 
Spawning Job For Fragment 0
Done Job For Fragment 0
calling putenv with: QCSCRATCH=/jobfs/50112451.gadi-pbs 
calling putenv with: QCTHREADS=8 
Creating input file /jobfs/50112451.gadi-pbs/qchem2631802/Frg2.input
using default PutDataFrgm: nothing
calling putenv with: QCSCRATCH=/jobfs/50112451.gadi-pbs/qchem2631802/ 
Spawning Job For Fragment 1
Done Job For Fragment 1
calling putenv with: QCSCRATCH=/jobfs/50112451.gadi-pbs 
calling putenv with: QCTHREADS=8 
Creating input file /jobfs/50112451.gadi-pbs/qchem2631802/Frg3.input
using default PutDataFrgm: nothing
calling putenv with: QCSCRATCH=/jobfs/50112451.gadi-pbs/qchem2631802/ 
Spawning Job For Fragment 2
Done Job For Fragment 2
calling putenv with: QCSCRATCH=/jobfs/50112451.gadi-pbs 
calling putenv with: QCTHREADS=8 
Creating input file /jobfs/50112451.gadi-pbs/qchem2631802/Frg4.input
using default PutDataFrgm: nothing
calling putenv with: QCSCRATCH=/jobfs/50112451.gadi-pbs/qchem2631802/ 
Spawning Job For Fragment 3
Done Job For Fragment 3
calling putenv with: QCSCRATCH=/jobfs/50112451.gadi-pbs 
calling putenv with: QCTHREADS=8 
Creating input file /jobfs/50112451.gadi-pbs/qchem2631802/Frg5.input
using default PutDataFrgm: nothing
calling putenv with: QCSCRATCH=/jobfs/50112451.gadi-pbs/qchem2631802/ 
Spawning Job For Fragment 4
Done Job For Fragment 4
calling putenv with: QCSCRATCH=/jobfs/50112451.gadi-pbs 
calling putenv with: QCTHREADS=8 
Creating input file /jobfs/50112451.gadi-pbs/qchem2631802/Frg6.input
using default PutDataFrgm: nothing
calling putenv with: QCSCRATCH=/jobfs/50112451.gadi-pbs/qchem2631802/ 
Spawning Job For Fragment 5
Done Job For Fragment 5
calling putenv with: QCSCRATCH=/jobfs/50112451.gadi-pbs 
calling putenv with: QCTHREADS=8 
 Time for running child jobs:  CPU 0.92 s  wall 2.74 s
 ============= Method Specific Promolecule Density Constructed =============
 Guess from superposition of atomic densities
 Warning:  Energy on first SCF cycle will be non-variational
 SAD guess density has 154.000000 electrons

 -----------------------------------------------------------------------
  General SCF calculation program by
  Eric Jon Sundstrom, Paul Horn, Yuezhi Mao, Dmitri Zuev, Alec White,
  David Stuck, Shaama M.S., Shane Yost, Joonho Lee, David Small,
  Daniel Levine, Susi Lehtola, Hugh Burton, Evgeny Epifanovsky,
  Bang C. Huynh
 -----------------------------------------------------------------------
 Exchange:     0.5400 Hartree-Fock + 1.0000 M06-2X
 Correlation:  1.0000 M06-2X
 Using SG-3 standard quadrature grid
 using 8 threads for integral computing
 -------------------------------------------------------
 OpenMP Integral computing Module                
 Release: version 1.0, May 2013, Q-Chem Inc. Pittsburgh 
 -------------------------------------------------------
 A restricted SCF calculation will be
 performed using DIIS
 SCF converges when DIIS error is below 1.0e-05
 ---------------------------------------
  Cycle       Energy         DIIS error
 ---------------------------------------
    1   -2364.0805705511      4.25e-02  
    2   -2358.4427631591      6.17e-03  
    3   -2358.0300825159      9.11e-03  
    4   -2358.8704080596      8.63e-04  
    5   -2358.8778233275      3.92e-04  
    6   -2358.8797148858      1.02e-04  
    7   -2358.8798472352      3.26e-05  
    8   -2358.8798618975      7.03e-06  Convergence criterion met
 ---------------------------------------
 SCF time:   CPU 133.36s  wall 18.00s 
 SCF   energy in the final basis set =    -2358.8798618975
 Total energy in the final basis set =    -2358.8798618975
 Exchange:     0.5400 Hartree-Fock + 1.0000 M06-2X
 Correlation:  1.0000 M06-2X
 Using SG-3 standard quadrature grid
 
 SM12 calculation using Merz-Singh-Kollman charges
 Citation of the SM12 model:
 Marenich, A.V.; Cramer, C.J.; Truhlar, D.G.
 J. Chem. Theory Comput. 2013, 9, 609-612.
 iSolventCode=           1
 Solvent: water                                                           
 
  Building new vdw surfaces
         Merz-Kollman ESP Net Atomic Charges

     Atom                 Charge (a.u.)
  ----------------------------------------
      1 C                    -0.080272
      2 C                     0.009279
      3 C                     0.000001
      4 C                    -0.043013
      5 C                    -0.074734
      6 C                    -0.177404
      7 S                     1.132304
      8 O                    -0.500948
      9 O                    -0.528983
     10 N                    -0.859789
     11 H                     0.420819
     12 H                     0.410937
     13 Cl                    0.032172
     14 Cl                   -0.025035
     15 S                     1.013950
     16 H                     0.146281
     17 H                     0.124426
     18 O                    -0.478626
     19 O                    -0.486277
     20 N                    -0.785510
     21 H                     0.372320
     22 H                     0.378102
  ----------------------------------------
  Sum of atomic charges =     0.000000

  Related Dipole Moment =     4.6067 (X  1.0709 Y -4.3391 Z  1.1165)


 Charges (in A.U.) from Merz-Kollman fitting 
 -----------------------------------------------
 Center     Atomic                  MZ       
 Number     Number                  Charge
 -----------------------------------------------
    1          6                   -0.080272
    2          6                    0.009279
    3          6                    0.000001
    4          6                   -0.043013
    5          6                   -0.074734
    6          6                   -0.177404
    7         16                    1.132304
    8          8                   -0.500948
    9          8                   -0.528983
   10          7                   -0.859789
   11          1                    0.420819
   12          1                    0.410937
   13         17                    0.032172
   14         17                   -0.025035
   15         16                    1.013950
   16          1                    0.146281
   17          1                    0.124426
   18          8                   -0.478626
   19          8                   -0.486277
   20          7                   -0.785510
   21          1                    0.372320
   22          1                    0.378102
 -----------------------------------------------
 A restricted SCF calculation will be
 performed using Roothaan-Hall, DIIS
 SCF converges when DIIS error is below 1.0e-05
 ---------------------------------------
  Cycle       Energy         DIIS error
 ---------------------------------------
         Merz-Kollman ESP Net Atomic Charges

     Atom                 Charge (a.u.)
  ----------------------------------------
      1 C                    -0.084676
      2 C                     0.004111
      3 C                     0.011275
      4 C                    -0.051559
      5 C                    -0.023002
      6 C                    -0.172475
      7 S                     1.174988
      8 O                    -0.562506
      9 O                    -0.587394
     10 N                    -0.848200
     11 H                     0.443051
     12 H                     0.435493
     13 Cl                    0.002621
     14 Cl                   -0.036373
     15 S                     1.058459
     16 H                     0.158381
     17 H                     0.143638
     18 O                    -0.539357
     19 O                    -0.536957
     20 N                    -0.776416
     21 H                     0.388772
     22 H                     0.398126
  ----------------------------------------
  Sum of atomic charges =     0.000000

  Related Dipole Moment =     6.1096 (X  2.3918 Y -5.4873 Z  1.2231)


 Charges (in A.U.) from Merz-Kollman fitting 
 -----------------------------------------------
 Center     Atomic                  MZ       
 Number     Number                  Charge
 -----------------------------------------------
    1          6                   -0.084676
    2          6                    0.004111
    3          6                    0.011275
    4          6                   -0.051559
    5          6                   -0.023002
    6          6                   -0.172475
    7         16                    1.174988
    8          8                   -0.562506
    9          8                   -0.587394
   10          7                   -0.848200
   11          1                    0.443051
   12          1                    0.435493
   13         17                    0.002621
   14         17                   -0.036373
   15         16                    1.058459
   16          1                    0.158381
   17          1                    0.143638
   18          8                   -0.539357
   19          8                   -0.536957
   20          7                   -0.776416
   21          1                    0.388772
   22          1                    0.398126
 -----------------------------------------------
    1   -2358.8798615905      4.81e-04  Roothaan Step
 ---------------------------------------
  Cycle       Energy         DIIS error
 ---------------------------------------
         Merz-Kollman ESP Net Atomic Charges

     Atom                 Charge (a.u.)
  ----------------------------------------
      1 C                    -0.129394
      2 C                     0.062708
      3 C                    -0.006293
      4 C                    -0.046817
      5 C                    -0.057348
      6 C                    -0.187371
      7 S                     1.149355
      8 O                    -0.529952
      9 O                    -0.562951
     10 N                    -0.866187
     11 H                     0.447688
     12 H                     0.438616
     13 Cl                    0.004346
     14 Cl                   -0.030358
     15 S                     0.997244
     16 H                     0.159944
     17 H                     0.144413
     18 O                    -0.497820
     19 O                    -0.503021
     20 N                    -0.766976
     21 H                     0.385556
     22 H                     0.394617
  ----------------------------------------
  Sum of atomic charges =     0.000000

  Related Dipole Moment =     5.6218 (X  1.9691 Y -5.1421 Z  1.1343)


 Charges (in A.U.) from Merz-Kollman fitting 
 -----------------------------------------------
 Center     Atomic                  MZ       
 Number     Number                  Charge
 -----------------------------------------------
    1          6                   -0.129394
    2          6                    0.062708
    3          6                   -0.006293
    4          6                   -0.046817
    5          6                   -0.057348
    6          6                   -0.187371
    7         16                    1.149355
    8          8                   -0.529952
    9          8                   -0.562951
   10          7                   -0.866187
   11          1                    0.447688
   12          1                    0.438616
   13         17                    0.004346
   14         17                   -0.030358
   15         16                    0.997244
   16          1                    0.159944
   17          1                    0.144413
   18          8                   -0.497820
   19          8                   -0.503021
   20          7                   -0.766976
   21          1                    0.385556
   22          1                    0.394617
 -----------------------------------------------
    1   -2358.8695884069      3.86e-04  
         Merz-Kollman ESP Net Atomic Charges

     Atom                 Charge (a.u.)
  ----------------------------------------
      1 C                    -0.109958
      2 C                     0.030630
      3 C                    -0.001589
      4 C                    -0.052443
      5 C                    -0.029481
      6 C                    -0.181262
      7 S                     1.182841
      8 O                    -0.555946
      9 O                    -0.585308
     10 N                    -0.857027
     11 H                     0.446304
     12 H                     0.437631
     13 Cl                    0.004108
     14 Cl                   -0.033151
     15 S                     1.044673
     16 H                     0.160002
     17 H                     0.143071
     18 O                    -0.528073
     19 O                    -0.528385
     20 N                    -0.770398
     21 H                     0.387166
     22 H                     0.396597
  ----------------------------------------
  Sum of atomic charges =     0.000000

  Related Dipole Moment =     5.9842 (X  2.2911 Y -5.3976 Z  1.1949)


 Charges (in A.U.) from Merz-Kollman fitting 
 -----------------------------------------------
 Center     Atomic                  MZ       
 Number     Number                  Charge
 -----------------------------------------------
    1          6                   -0.109958
    2          6                    0.030630
    3          6                   -0.001589
    4          6                   -0.052443
    5          6                   -0.029481
    6          6                   -0.181262
    7         16                    1.182841
    8          8                   -0.555946
    9          8                   -0.585308
   10          7                   -0.857027
   11          1                    0.446304
   12          1                    0.437631
   13         17                    0.004108
   14         17                   -0.033151
   15         16                    1.044673
   16          1                    0.160002
   17          1                    0.143071
   18          8                   -0.528073
   19          8                   -0.528385
   20          7                   -0.770398
   21          1                    0.387166
   22          1                    0.396597
 -----------------------------------------------
    2   -2358.8722222154      5.07e-04  
         Merz-Kollman ESP Net Atomic Charges

     Atom                 Charge (a.u.)
  ----------------------------------------
      1 C                    -0.112881
      2 C                     0.035152
      3 C                     0.003127
      4 C                    -0.050936
      5 C                    -0.032402
      6 C                    -0.178887
      7 S                     1.175373
      8 O                    -0.554329
      9 O                    -0.583817
     10 N                    -0.856047
     11 H                     0.447201
     12 H                     0.438504
     13 Cl                    0.001390
     14 Cl                   -0.035340
     15 S                     1.036081
     16 H                     0.160142
     17 H                     0.142882
     18 O                    -0.525281
     19 O                    -0.526057
     20 N                    -0.768732
     21 H                     0.387676
     22 H                     0.397180
  ----------------------------------------
  Sum of atomic charges =     0.000000

  Related Dipole Moment =     6.0158 (X  2.3104 Y -5.4298 Z  1.1704)


 Charges (in A.U.) from Merz-Kollman fitting 
 -----------------------------------------------
 Center     Atomic                  MZ       
 Number     Number                  Charge
 -----------------------------------------------
    1          6                   -0.112881
    2          6                    0.035152
    3          6                    0.003127
    4          6                   -0.050936
    5          6                   -0.032402
    6          6                   -0.178887
    7         16                    1.175373
    8          8                   -0.554329
    9          8                   -0.583817
   10          7                   -0.856047
   11          1                    0.447201
   12          1                    0.438504
   13         17                    0.001390
   14         17                   -0.035340
   15         16                    1.036081
   16          1                    0.160142
   17          1                    0.142882
   18          8                   -0.525281
   19          8                   -0.526057
   20          7                   -0.768732
   21          1                    0.387676
   22          1                    0.397180
 -----------------------------------------------
    3   -2358.8715253911      3.69e-05  
         Merz-Kollman ESP Net Atomic Charges

     Atom                 Charge (a.u.)
  ----------------------------------------
      1 C                    -0.112982
      2 C                     0.034687
      3 C                    -0.000807
      4 C                    -0.051447
      5 C                    -0.030323
      6 C                    -0.180010
      7 S                     1.177973
      8 O                    -0.554863
      9 O                    -0.584474
     10 N                    -0.856986
     11 H                     0.447403
     12 H                     0.438666
     13 Cl                    0.002264
     14 Cl                   -0.033930
     15 S                     1.038521
     16 H                     0.160367
     17 H                     0.143098
     18 O                    -0.526231
     19 O                    -0.526796
     20 N                    -0.769018
     21 H                     0.387645
     22 H                     0.397242
  ----------------------------------------
  Sum of atomic charges =     0.000000

  Related Dipole Moment =     6.0192 (X  2.3177 Y -5.4290 Z  1.1769)


 Charges (in A.U.) from Merz-Kollman fitting 
 -----------------------------------------------
 Center     Atomic                  MZ       
 Number     Number                  Charge
 -----------------------------------------------
    1          6                   -0.112982
    2          6                    0.034687
    3          6                   -0.000807
    4          6                   -0.051447
    5          6                   -0.030323
    6          6                   -0.180010
    7         16                    1.177973
    8          8                   -0.554863
    9          8                   -0.584474
   10          7                   -0.856986
   11          1                    0.447403
   12          1                    0.438666
   13         17                    0.002264
   14         17                   -0.033930
   15         16                    1.038521
   16          1                    0.160367
   17          1                    0.143098
   18          8                   -0.526231
   19          8                   -0.526796
   20          7                   -0.769018
   21          1                    0.387645
   22          1                    0.397242
 -----------------------------------------------
    4   -2358.8713320323      2.01e-05  
    5   -2358.8712836140      4.49e-06  Convergence criterion met
 ---------------------------------------
 SCF time:   CPU 120.65s  wall 16.00s 
(0)  E-EN(g) gas-phase elect-nuc energy                -2358.879861897 a.u.
(1)  E-EN(liq) elect-nuc energy of solute              -2358.871283614 a.u.
(2)  G-P(liq) polarization free energy of solvation           -31.5535 kcal/mol
(3)  G-ENP(liq) elect-nuc-pol free energy of system    -2358.921567309 a.u.
(4)  G-CDS(liq) cavity-dispersion-solvent structure 
     free energy                                                3.8388 kcal/mol
(5)  G-P-CDS(liq) = G-P(liq) + G-CDS(liq) = (2) + (4)         -27.7146 kcal/mol
(6)  G-S(liq) free energy of system = (1) + (5)        -2358.915449713 a.u.
(7)  DeltaE-EN(liq) elect-nuc reorganization
     energy of solute molecule (7) = (1) - (0)                  5.3830 kcal/mol
(8)  DeltaG-ENP(liq) elect-nuc-pol free energy
     of solvation (8) = (3) - (0)                             -26.1705 kcal/mol
(9)  DeltaG-S(liq) free energy of  solvation
     (9) = (6) - (0)                                          -22.3317 kcal/mol
 SCF   energy in the final basis set =    -2358.9154497134
 Total energy in the final basis set =    -2358.9154497134
 
 --------------------------------------------------------------
 
                    Orbital Energies (a.u.)
 --------------------------------------------------------------
 
 Alpha MOs
 -- Occupied --
********-102.6984 -90.1886 -90.1849 -19.6660 -19.6652 -19.6649 -19.6639
-14.8156 -14.8109 -10.6747 -10.6649 -10.6379 -10.6289 -10.6204 -10.6164
 -9.8511  -9.8477  -8.5015  -8.4983  -7.5757  -7.5722  -7.5686  -7.5680
 -7.5653  -7.5648  -6.4240  -6.4232  -6.4227  -6.4205  -6.4201  -6.4194
 -1.2686  -1.2681  -1.1544  -1.1527  -1.0639  -1.0472  -1.0408  -0.9917
 -0.9886  -0.9080  -0.8758  -0.7966  -0.7837  -0.7282  -0.7096  -0.6681
 -0.6309  -0.6302  -0.6237  -0.6128  -0.6108  -0.5877  -0.5828  -0.5502
 -0.5483  -0.5433  -0.5301  -0.5053  -0.4918  -0.4532  -0.4510  -0.4475
 -0.4434  -0.4321  -0.4236  -0.4228  -0.4155  -0.4105  -0.4082  -0.3999
 -0.3959  -0.3898  -0.3835  -0.3504  -0.3339
 -- Virtual --
 -0.0516  -0.0377  -0.0150   0.0034   0.0125   0.0285   0.0391   0.0423
  0.0452   0.0523   0.0586   0.0625   0.0701   0.0712   0.0754   0.0771
  0.0843   0.0939   0.0944   0.0969   0.1014   0.1077   0.1096   0.1148
  0.1179   0.1244   0.1250   0.1315   0.1338   0.1393   0.1416   0.1487
  0.1505   0.1561   0.1658   0.1710   0.1714   0.1773   0.1795   0.1825
  0.1874   0.1956   0.1977   0.2053   0.2103   0.2165   0.2221   0.2246
  0.2344   0.2381   0.2385   0.2420   0.2455   0.2518   0.2563   0.2598
  0.2684   0.2720   0.2798   0.2829   0.2888   0.2948   0.3011   0.3030
  0.3084   0.3097   0.3156   0.3185   0.3233   0.3292   0.3318   0.3326
  0.3408   0.3523   0.3546   0.3638   0.3772   0.3800   0.3855   0.3899
  0.4252   0.4342   0.4431   0.4604   0.4866   0.5184   0.5406   0.5429
  0.5611   0.5708   0.5814   0.5963   0.6115   0.6217   0.6364   0.6439
  0.6448   0.6582   0.6643   0.6711   0.6755   0.6786   0.6955   0.7038
  0.7216   0.7329   0.7364   0.7530   0.7605   0.7685   0.7804   0.7897
  0.8340   0.8543   0.8705   0.8775   0.8941   0.9093   0.9127   0.9288
  0.9360   0.9373   0.9513   0.9602   0.9720   0.9867   0.9923   1.0141
  1.0196   1.0278   1.0371   1.0434   1.0563   1.0595   1.0699   1.0876
  1.1085   1.1165   1.1193   1.1316   1.1347   1.1414   1.1472   1.1579
  1.1594   1.1717   1.1893   1.1981   1.2135   1.2366   1.2436   1.2542
  1.2675   1.3089   1.3174   1.3270   1.3307   1.3492   1.3673   1.3756
  1.3824   1.3867   1.3928   1.4017   1.4085   1.4188   1.4411   1.4593
  1.4622   1.4705   1.4918   1.5228   1.5366   1.5398   1.5496   1.5658
  1.5813   1.5973   1.6218   1.6896   1.7086   1.7512   1.7613   1.7911
  1.7967   1.8052   1.8248   1.8371   1.8425   1.8465   1.8489   1.8513
  1.8846   1.9030   1.9252   1.9457   1.9717   1.9802   1.9957   2.0003
  2.0164   2.0311   2.1075   2.1182   2.1264   2.1341   2.1447   2.1538
  2.1615   2.1720   2.1830   2.2033   2.2249   2.2338   2.2671   2.2741
  2.3169   2.3359   2.3799   2.4494   2.4721   2.4887   2.4982   2.5611
  2.5771   2.5999   2.6733   2.7144   2.7564   2.7937   2.8617   2.9030
  2.9122   2.9175   2.9405   3.0541   3.2699   3.8837   3.9555   4.0410
  4.0755   4.1093   4.1995   4.2396   4.2703   4.2871   4.3064   4.3592
  4.3942   4.4333   4.4567   4.4936   4.6603
 --------------------------------------------------------------
 
          Ground-State Mulliken Net Atomic Charges

     Atom                 Charge (a.u.)
  ----------------------------------------
      1 C                    -2.133147
      2 C                    -1.518486
      3 C                     0.040795
      4 C                    -0.176226
      5 C                    -0.100380
      6 C                     2.640724
      7 S                     1.191391
      8 O                    -0.670267
      9 O                    -0.653342
     10 N                    -0.977564
     11 H                     0.542461
     12 H                     0.542326
     13 Cl                    0.084470
     14 Cl                    0.229485
     15 S                     1.519412
     16 H                     0.326642
     17 H                     0.332664
     18 O                    -0.718423
     19 O                    -0.709022
     20 N                    -0.824770
     21 H                     0.514230
     22 H                     0.517027
  ----------------------------------------
  Sum of atomic charges =     0.000000

         Merz-Kollman ESP Net Atomic Charges

     Atom                 Charge (a.u.)
  ----------------------------------------
      1 C                    -0.113599
      2 C                     0.035153
      3 C                     0.000198
      4 C                    -0.051609
      5 C                    -0.030711
      6 C                    -0.180021
      7 S                     1.178916
      8 O                    -0.555168
      9 O                    -0.584837
     10 N                    -0.856947
     11 H                     0.447365
     12 H                     0.438609
     13 Cl                    0.002102
     14 Cl                   -0.034376
     15 S                     1.038687
     16 H                     0.160366
     17 H                     0.142991
     18 O                    -0.526188
     19 O                    -0.526845
     20 N                    -0.768857
     21 H                     0.387598
     22 H                     0.397173
  ----------------------------------------
  Sum of atomic charges =     0.000000

  Related Dipole Moment =     6.0195 (X  2.3173 Y -5.4300 Z  1.1749)

 -----------------------------------------------------------------
                    Cartesian Multipole Moments
 -----------------------------------------------------------------
    Charge (ESU x 10^10)
                 0.0000
    Dipole Moment (Debye)
         X       2.1588      Y      -5.4022      Z       1.1663
       Tot       5.9333
    Quadrupole Moments (Debye-Ang)
        XX    -134.5838     XY      15.6563     YY    -124.9547
        XZ      20.9167     YZ      -2.3448     ZZ    -146.6932
    Octopole Moments (Debye-Ang^2)
       XXX     511.4803    XXY     -66.6028    XYY     206.1877
       YYY    -258.3767    XXZ     236.5437    XYZ     -13.2687
       YYZ     208.7615    XZZ     115.9030    YZZ     -42.7600
       ZZZ     804.6630
    Hexadecapole Moments (Debye-Ang^3)
      XXXX   -4359.0594   XXXY     706.2617   XXYY   -1098.6793
      XYYY     840.9387   YYYY   -2042.5990   XXXZ    -719.4348
      XXYZ    -162.6566   XYYZ    -241.3628   YYYZ    -397.8298
      XXZZ   -1594.0003   XYZZ     319.6469   YYZZ   -1149.3072
      XZZZ    -534.0176   YZZZ    -624.0667   ZZZZ   -5580.6626
 -----------------------------------------------------------------
 Total job time:  37.06s(wall), 259.62s(cpu) 
 Sat Jul  2 21:21:12 2022

        *************************************************************
        *                                                           *
        *  Thank you very much for using Q-Chem.  Have a nice day.  *
        *                                                           *
        *************************************************************


