                  Welcome to Q-Chem
     A Quantum Leap Into The Future Of Chemistry


 Q-Chem 5.4 (devel), Q-Chem, Inc., Pleasanton, CA (2021)

 E. Epifanovsky,  A. T. B. Gilbert,  Xintian Feng,  Joonho Lee,  Yuezhi Mao,  
 N. Mardirossian,  P. Pokhilko,  A. White,  M. Wormit,  M. P. Coons,  
 A. L. Dempwolff,  Zhengting Gan,  D. Hait,  P. R. Horn,  L. D. Jacobson,  
 I. Kaliman,  J. Kussmann,  A. W. Lange,  Ka Un Lao,  D. S. Levine,  Jie Liu,  
 S. C. McKenzie,  A. F. Morrison,  K. Nanda,  F. Plasser,  D. R. Rehn,  
 M. L. Vidal,  Zhi-Qiang You,  Ying Zhu,  B. Alam,  B. Albrecht,  
 A. Aldossary,  E. Alguire,  J. H. Andersen,  D. Barton,  K. Begam,  A. Behn,  
 Y. A. Bernard,  E. J. Berquist,  H. Burton,  A. Carreras,  K. Carter-Fenk,  
 R. Chakraborty,  A. D. Chien,  K. D. Closser,  V. Cofer-Shabica,  
 S. Dasgupta,  Jia Deng,  M. de Wergifosse,  M. Diedenhofen,  Hainam Do,  
 S. Ehlert,  Po-Tung Fang,  S. Fatehi,  Qingguo Feng,  T. Friedhoff,  
 J. Gayvert,  Qinghui Ge,  G. Gidofalvi,  M. Goldey,  J. Gomes,  
 C. Gonzalez-Espinoza,  S. Gulania,  A. Gunina,  M. W. D. Hanson-Heine,  
 P. H. P. Harbach,  A. W. Hauser,  M. F. Herbst,  M. Hernandez Vera,  
 M. Hodecker,  Z. C. Holden,  S. Houck,  Xunkun Huang,  Kerwin Hui,  
 B. C. Huynh,  M. Ivanov,  Hyunjun Ji,  Hanjie Jiang,  B. Kaduk,  S. Kaehler,  
 K. Khistyaev,  Jaehoon Kim,  P. Klunzinger,  Z. Koczor-Benda,  
 Joong Hoon Koh,  D. Kosenkov,  L. Koulias,  T. Kowalczyk,  C. M. Krauter,  
 K. Kue,  A. Kunitsa,  T. Kus,  A. Landau,  K. V. Lawler,  D. Lefrancois,  
 S. Lehtola,  Rain Li,  Yi-Pei Li,  Jiashu Liang,  M. Liebenthal,  
 Hung-Hsuan Lin,  You-Sheng Lin,  Fenglai Liu,  Kuan-Yu Liu,  
 M. Loipersberger,  A. Luenser,  A. Manjanath,  P. Manohar,  E. Mansoor,  
 S. F. Manzer,  Shan-Ping Mao,  A. V. Marenich,  T. Markovich,  S. Mason,  
 S. A. Maurer,  P. F. McLaughlin,  M. F. S. J. Menger,  J.-M. Mewes,  
 S. A. Mewes,  P. Morgante,  J. W. Mullinax,  K. J. Oosterbaan,  G. Paran,  
 Alexander C. Paul,  Suranjan K. Paul,  F. Pavosevic,  Zheng Pei,  S. Prager,  
 E. I. Proynov,  E. Ramos,  B. Rana,  A. E. Rask,  A. Rettig,  R. M. Richard,  
 F. Rob,  E. Rossomme,  T. Scheele,  M. Scheurer,  M. Schneider,  
 N. Sergueev,  S. M. Sharada,  W. Skomorowski,  D. W. Small,  C. J. Stein,  
 Yu-Chuan Su,  E. J. Sundstrom,  Zhen Tao,  J. Thirman,  T. Tsuchimochi,  
 N. M. Tubman,  S. P. Veccham,  O. Vydrov,  J. Wenzel,  J. Witte,  A. Yamada,  
 Kun Yao,  S. Yeganeh,  S. R. Yost,  A. Zech,  Igor Ying Zhang,  Xing Zhang,  
 Yu Zhang,  D. Zuev,  A. Aspuru-Guzik,  A. T. Bell,  N. A. Besley,  
 K. B. Bravaya,  B. R. Brooks,  D. Casanova,  Jeng-Da Chai,  S. Coriani,  
 C. J. Cramer,  A. E. DePrince, III,  R. A. DiStasio Jr.,  A. Dreuw,  
 B. D. Dunietz,  T. R. Furlani,  W. A. Goddard III,  S. Grimme,  
 S. Hammes-Schiffer,  T. Head-Gordon,  W. J. Hehre,  Chao-Ping Hsu,  
 T.-C. Jagau,  Yousung Jung,  A. Klamt,  Jing Kong,  D. S. Lambrecht,  
 WanZhen Liang,  N. J. Mayhall,  C. W. McCurdy,  J. B. Neaton,  
 C. Ochsenfeld,  J. A. Parkhill,  R. Peverati,  V. A. Rassolov,  Yihan Shao,  
 L. V. Slipchenko,  T. Stauch,  R. P. Steele,  J. E. Subotnik,  
 A. J. W. Thom,  A. Tkatchenko,  D. G. Truhlar,  T. Van Voorhis,  
 T. A. Wesolowski,  K. B. Whaley,  H. L. Woodcock III,  P. M. Zimmerman,  
 S. Faraji,  P. M. W. Gill,  M. Head-Gordon,  J. M. Herbert,  A. I. Krylov

 Additional authors for Version 5.4.1: 
 S. Kotaru,  Shaozhi Li,  Xiangyuan Li,  F. Matz,  A. Molle,  Haisheng Ren,  
 Yingli Su,  Hung-Yi Tsai,  C. Utku,  Fang Wang

 Contributors to earlier versions of Q-Chem not listed above: 
 R. D. Adamson,  B. Austin,  R. Baer,  J. Baker,  G. J. O. Beran,  
 K. Brandhorst,  S. T. Brown,  E. F. C. Byrd,  A. K. Chakraborty,  
 G. K. L. Chan,  Chun-Min Chang,  Yunqing Chen,  C.-L. Cheng,  
 Siu Hung Chien,  D. M. Chipman,  D. L. Crittenden,  H. Dachsel,  
 R. J. Doerksen,  A. D. Dutoi,  R. G. Edgar,  J. Fosso-Tande,  
 L. Fusti-Molnar,  D. Ghosh,  A. Ghysels,  A. Golubeva-Zadorozhnaya,  
 J. Gonthier,  M. S. Gordon,  S. R. Gwaltney,  G. Hawkins,  J. E. Herr,  
 A. Heyden,  S. Hirata,  E. G. Hohenstein,  G. Kedziora,  F. J. Keil,  
 C. Kelley,  Jihan Kim,  R. A. King,  R. Z. Khaliullin,  P. P. Korambath,  
 W. Kurlancheek,  A. Laurent,  A. M. Lee,  M. S. Lee,  S. V. Levchenko,  
 Ching Yeh Lin,  D. Liotard,  E. Livshits,  R. C. Lochan,  I. Lotan,  
 L. A. Martinez-Martinez,  P. E. Maslen,  N. Nair,  D. P. O'Neill,  
 D. Neuhauser,  E. Neuscamman,  C. M. Oana,  R. Olivares-Amaya,  R. Olson,  
 T. M. Perrine,  B. Peters,  P. A. Pieniazek,  A. Prociuk,  Y. M. Rhee,  
 J. Ritchie,  M. A. Rohrdanz,  E. Rosta,  N. J. Russ,  H. F. Schaefer III,  
 M. W. Schmidt,  N. E. Schultz,  S. Sharma,  N. Shenvi,  C. D. Sherrill,  
 A. C. Simmonett,  A. Sodt,  T. Stein,  D. Stuck,  K. S. Thanthiriwatte,  
 V. Vanovschi,  L. Vogt,  Tao Wang,  A. Warshel,  M. A. Watson,  
 C. F. Williams,  Q. Wu,  X. Xu,  Jun Yang,  W. Zhang,  Yan Zhao

 Please cite Q-Chem as follows:
 Y. Shao et al., Mol. Phys. 113, 184-215 (2015)
 DOI: 10.1080/00268976.2014.952696

 Q-Chem 5.4.1 for Intel X86 EM64T Linux

 Parts of Q-Chem use Armadillo 9.800.1 (Horizon Scraper).
 http://arma.sourceforge.net/

 Q-Chem begins on Sat Jul  2 12:22:59 2022  

 Host: gadi-cpu-clx-1208.gadi.nci.org.au
0

     Scratch files written to /jobfs/50068355.gadi-pbs/qchem1293161//
 Processing $rem in /apps/qchem/5.4.1/config/preferences:
 Processing $rem in /home/561/yj5695/.qchemrc:
 Symmetry turned off for PCM/SM12/SMD calculation
 Method-specific promolecule density matrix will be built for SM12 calculation

 Checking the input file for inconsistencies... 	...done.

--------------------------------------------------------------
User input:
--------------------------------------------------------------
$molecule
0  1
C -1.5891557604  1.2191213513 -1.2392266694
C -2.7078160642  1.3175737452 -2.1107344423
C -2.7604069043  0.6256071432 -3.2945533425
C -1.6844513204 -0.2035287638 -3.6747256492
C -0.5785965668 -0.2914949702 -2.8640366783
C -0.468024768  0.4219862381 -1.6275269719
S  0.7552846173 -1.316817032 -3.4602623698
O  1.2289384514 -2.1733890973 -2.3711994063
O  0.3075643887 -1.9478432563 -4.7018598445
N  2.0318885725 -0.3574287153 -3.8850679641
H  2.4403558852  0.1366360587 -3.0897968293
H  1.7767187725  0.3009125325 -4.6242329262
C  0.6897543119  0.4057247431 -0.8012441743
C  0.7226538692  1.163090595  0.3418816387
C -0.3901640254  1.929141157  0.7524606837
C -1.550283801  1.9465347134  0.0045987382
N -2.6980333542  2.6810617407  0.3936596202
C -3.8127351245  1.8165285553  0.8089870001
C -2.467329627  3.690081543  1.4219836256
H -3.5291606751  1.9711878077 -1.839087185
H -3.6200879004  0.7185417162 -3.9497870736
H -1.7248144995 -0.7561357203 -4.6069133007
H  1.548499536 -0.2039331618 -1.0546446264
H  1.6139592045  1.1576295039  0.9624204303
H -0.3238864229  2.486302041  1.6798959962
H -3.9894119101  1.0202354434  0.0856107289
H -4.7211687418  2.418860552  0.8936469434
H -3.6037275073  1.3550133655  1.7870488639
H -1.6498711492  4.3521011015  1.1266581728
H -2.2350827  3.2498389551  2.4044366043
H -3.3779467865  4.2853371142  1.5265034074
$end

$rem
jobtype sp
exchange M062X
basis 6-31+G*
SMX_GAS_PHASE = TRUE
solvent_method sm12
$end

$smx
solvent water
charges mk
$end
--------------------------------------------------------------
 ----------------------------------------------------------------
             Standard Nuclear Orientation (Angstroms)
    I     Atom           X                Y                Z
 ----------------------------------------------------------------
    1      C      -1.5891557604     1.2191213513    -1.2392266694
    2      C      -2.7078160642     1.3175737452    -2.1107344423
    3      C      -2.7604069043     0.6256071432    -3.2945533425
    4      C      -1.6844513204    -0.2035287638    -3.6747256492
    5      C      -0.5785965668    -0.2914949702    -2.8640366783
    6      C      -0.4680247680     0.4219862381    -1.6275269719
    7      S       0.7552846173    -1.3168170320    -3.4602623698
    8      O       1.2289384514    -2.1733890973    -2.3711994063
    9      O       0.3075643887    -1.9478432563    -4.7018598445
   10      N       2.0318885725    -0.3574287153    -3.8850679641
   11      H       2.4403558852     0.1366360587    -3.0897968293
   12      H       1.7767187725     0.3009125325    -4.6242329262
   13      C       0.6897543119     0.4057247431    -0.8012441743
   14      C       0.7226538692     1.1630905950     0.3418816387
   15      C      -0.3901640254     1.9291411570     0.7524606837
   16      C      -1.5502838010     1.9465347134     0.0045987382
   17      N      -2.6980333542     2.6810617407     0.3936596202
   18      C      -3.8127351245     1.8165285553     0.8089870001
   19      C      -2.4673296270     3.6900815430     1.4219836256
   20      H      -3.5291606751     1.9711878077    -1.8390871850
   21      H      -3.6200879004     0.7185417162    -3.9497870736
   22      H      -1.7248144995    -0.7561357203    -4.6069133007
   23      H       1.5484995360    -0.2039331618    -1.0546446264
   24      H       1.6139592045     1.1576295039     0.9624204303
   25      H      -0.3238864229     2.4863020410     1.6798959962
   26      H      -3.9894119101     1.0202354434     0.0856107289
   27      H      -4.7211687418     2.4188605520     0.8936469434
   28      H      -3.6037275073     1.3550133655     1.7870488639
   29      H      -1.6498711492     4.3521011015     1.1266581728
   30      H      -2.2350827000     3.2498389551     2.4044366043
   31      H      -3.3779467865     4.2853371142     1.5265034074
 ----------------------------------------------------------------
 Nuclear Repulsion Energy =        1363.75492237 hartrees
 There are       66 alpha and       66 beta electrons
 Requested basis set is 6-31+G(d)
 There are 114 shells and 355 basis functions

 Total QAlloc Memory Limit   2000 MB
 Mega-Array Size       188 MB
 MEM_STATIC part       192 MB
 A cutoff of  1.0D-08 yielded   4687 shell pairs
 There are     49533 function pairs
 Smallest overlap matrix eigenvalue = 2.50E-07

 Q-Chem warning in module stvman/mkSTV.C, line 323:

 Overlap eigenvalue is smaller than square root of threshold
 Use THRESH >= 12 to get rid of this warning

 Linear dependence detected in AO basis
 Tighter screening thresholds may be required for diffuse basis sets
 Use S2THRESH > 14 and THRESH = 14 in case of SCF convergence issues
 Number of orthogonalized atomic orbitals = 351
 Maximum deviation from orthogonality = 1.931E-10

 Scale SEOQF with 1.000000e-01/1.000000e-01/1.000000e-01

 Standard Electronic Orientation quadrupole field applied
 Nucleus-field energy     =    -0.0000000488 hartrees
 ================ Generating on-the-fly Promolecule Density  ================
Attempting to make child job directory: /jobfs/50068355.gadi-pbs/qchem1293161//Frg1/
Attempting to make child job directory: /jobfs/50068355.gadi-pbs/qchem1293161//Frg2/
Attempting to make child job directory: /jobfs/50068355.gadi-pbs/qchem1293161//Frg3/
Attempting to make child job directory: /jobfs/50068355.gadi-pbs/qchem1293161//Frg4/
Attempting to make child job directory: /jobfs/50068355.gadi-pbs/qchem1293161//Frg5/
Creating input file /jobfs/50068355.gadi-pbs/qchem1293161/Frg1.input
using default PutDataFrgm: nothing
calling putenv with: QCSCRATCH=/jobfs/50068355.gadi-pbs/qchem1293161/ 
Spawning Job For Fragment 0
Done Job For Fragment 0
calling putenv with: QCSCRATCH=/jobfs/50068355.gadi-pbs 
calling putenv with: QCTHREADS=8 
Creating input file /jobfs/50068355.gadi-pbs/qchem1293161/Frg2.input
using default PutDataFrgm: nothing
calling putenv with: QCSCRATCH=/jobfs/50068355.gadi-pbs/qchem1293161/ 
Spawning Job For Fragment 1
Done Job For Fragment 1
calling putenv with: QCSCRATCH=/jobfs/50068355.gadi-pbs 
calling putenv with: QCTHREADS=8 
Creating input file /jobfs/50068355.gadi-pbs/qchem1293161/Frg3.input
using default PutDataFrgm: nothing
calling putenv with: QCSCRATCH=/jobfs/50068355.gadi-pbs/qchem1293161/ 
Spawning Job For Fragment 2
Done Job For Fragment 2
calling putenv with: QCSCRATCH=/jobfs/50068355.gadi-pbs 
calling putenv with: QCTHREADS=8 
Creating input file /jobfs/50068355.gadi-pbs/qchem1293161/Frg4.input
using default PutDataFrgm: nothing
calling putenv with: QCSCRATCH=/jobfs/50068355.gadi-pbs/qchem1293161/ 
Spawning Job For Fragment 3
Done Job For Fragment 3
calling putenv with: QCSCRATCH=/jobfs/50068355.gadi-pbs 
calling putenv with: QCTHREADS=8 
Creating input file /jobfs/50068355.gadi-pbs/qchem1293161/Frg5.input
using default PutDataFrgm: nothing
calling putenv with: QCSCRATCH=/jobfs/50068355.gadi-pbs/qchem1293161/ 
Spawning Job For Fragment 4
Done Job For Fragment 4
calling putenv with: QCSCRATCH=/jobfs/50068355.gadi-pbs 
calling putenv with: QCTHREADS=8 
 Time for running child jobs:  CPU 0.89 s  wall 1.82 s
 ============= Method Specific Promolecule Density Constructed =============
 Guess from superposition of atomic densities
 Warning:  Energy on first SCF cycle will be non-variational
 SAD guess density has 132.000000 electrons

 -----------------------------------------------------------------------
  General SCF calculation program by
  Eric Jon Sundstrom, Paul Horn, Yuezhi Mao, Dmitri Zuev, Alec White,
  David Stuck, Shaama M.S., Shane Yost, Joonho Lee, David Small,
  Daniel Levine, Susi Lehtola, Hugh Burton, Evgeny Epifanovsky,
  Bang C. Huynh
 -----------------------------------------------------------------------
 Exchange:     0.5400 Hartree-Fock + 1.0000 M06-2X
 Correlation:  1.0000 M06-2X
 Using SG-3 standard quadrature grid
 using 8 threads for integral computing
 -------------------------------------------------------
 OpenMP Integral computing Module                
 Release: version 1.0, May 2013, Q-Chem Inc. Pittsburgh 
 -------------------------------------------------------
 A restricted SCF calculation will be
 performed using DIIS
 SCF converges when DIIS error is below 1.0e-05
 ---------------------------------------
  Cycle       Energy         DIIS error
 ---------------------------------------
    1   -1129.0186330267      4.10e-02  
    2   -1123.1708478561      4.52e-03  
    3   -1123.0039108191      6.15e-03  
    4   -1123.4374214066      8.23e-04  
    5   -1123.4456838030      3.33e-04  
    6   -1123.4472091901      1.10e-04  
    7   -1123.4473985253      2.82e-05  
    8   -1123.4474113438      9.15e-06  Convergence criterion met
 ---------------------------------------
 SCF time:   CPU 184.26s  wall 23.00s 
 SCF   energy in the final basis set =    -1123.4474113438
 Total energy in the final basis set =    -1123.4474113438
 Exchange:     0.5400 Hartree-Fock + 1.0000 M06-2X
 Correlation:  1.0000 M06-2X
 Using SG-3 standard quadrature grid
 
 SM12 calculation using Merz-Singh-Kollman charges
 Citation of the SM12 model:
 Marenich, A.V.; Cramer, C.J.; Truhlar, D.G.
 J. Chem. Theory Comput. 2013, 9, 609-612.
 iSolventCode=           1
 Solvent: water                                                           
 
  Building new vdw surfaces
         Merz-Kollman ESP Net Atomic Charges

     Atom                 Charge (a.u.)
  ----------------------------------------
      1 C                     0.046181
      2 C                    -0.349605
      3 C                    -0.043156
      4 C                    -0.139999
      5 C                    -0.210231
      6 C                     0.283207
      7 S                     1.023766
      8 O                    -0.496871
      9 O                    -0.505666
     10 N                    -0.808263
     11 H                     0.357639
     12 H                     0.382179
     13 C                    -0.464441
     14 C                    -0.156189
     15 C                    -0.194897
     16 C                     0.271062
     17 N                    -0.201528
     18 C                    -0.406766
     19 C                    -0.544869
     20 H                     0.194579
     21 H                     0.134789
     22 H                     0.171816
     23 H                     0.262108
     24 H                     0.175368
     25 H                     0.156181
     26 H                     0.184844
     27 H                     0.165119
     28 H                     0.144795
     29 H                     0.182448
     30 H                     0.168119
     31 H                     0.218281
  ----------------------------------------
  Sum of atomic charges =     0.000000

  Related Dipole Moment =     7.6112 (X -2.3540 Y  6.6646 Z  2.8234)


 Charges (in A.U.) from Merz-Kollman fitting 
 -----------------------------------------------
 Center     Atomic                  MZ       
 Number     Number                  Charge
 -----------------------------------------------
    1          6                    0.046181
    2          6                   -0.349605
    3          6                   -0.043156
    4          6                   -0.139999
    5          6                   -0.210231
    6          6                    0.283207
    7         16                    1.023766
    8          8                   -0.496871
    9          8                   -0.505666
   10          7                   -0.808263
   11          1                    0.357639
   12          1                    0.382179
   13          6                   -0.464441
   14          6                   -0.156189
   15          6                   -0.194897
   16          6                    0.271062
   17          7                   -0.201528
   18          6                   -0.406766
   19          6                   -0.544869
   20          1                    0.194579
   21          1                    0.134789
   22          1                    0.171816
   23          1                    0.262108
   24          1                    0.175368
   25          1                    0.156181
   26          1                    0.184844
   27          1                    0.165119
   28          1                    0.144795
   29          1                    0.182448
   30          1                    0.168119
   31          1                    0.218281
 -----------------------------------------------
 A restricted SCF calculation will be
 performed using Roothaan-Hall, DIIS
 SCF converges when DIIS error is below 1.0e-05
 ---------------------------------------
  Cycle       Energy         DIIS error
 ---------------------------------------
         Merz-Kollman ESP Net Atomic Charges

     Atom                 Charge (a.u.)
  ----------------------------------------
      1 C                     0.072911
      2 C                    -0.371753
      3 C                    -0.034555
      4 C                    -0.150580
      5 C                    -0.199163
      6 C                     0.241779
      7 S                     1.068783
      8 O                    -0.551696
      9 O                    -0.560396
     10 N                    -0.802070
     11 H                     0.377847
     12 H                     0.399319
     13 C                    -0.469597
     14 C                    -0.169331
     15 C                    -0.195398
     16 C                     0.265628
     17 N                    -0.215485
     18 C                    -0.405022
     19 C                    -0.548363
     20 H                     0.206802
     21 H                     0.150272
     22 H                     0.176172
     23 H                     0.263975
     24 H                     0.191307
     25 H                     0.168853
     26 H                     0.187176
     27 H                     0.172110
     28 H                     0.146131
     29 H                     0.184657
     30 H                     0.174141
     31 H                     0.225546
  ----------------------------------------
  Sum of atomic charges =     0.000000

  Related Dipole Moment =     8.9122 (X -2.6857 Y  7.8619 Z  3.2255)


 Charges (in A.U.) from Merz-Kollman fitting 
 -----------------------------------------------
 Center     Atomic                  MZ       
 Number     Number                  Charge
 -----------------------------------------------
    1          6                    0.072911
    2          6                   -0.371753
    3          6                   -0.034555
    4          6                   -0.150580
    5          6                   -0.199163
    6          6                    0.241779
    7         16                    1.068783
    8          8                   -0.551696
    9          8                   -0.560396
   10          7                   -0.802070
   11          1                    0.377847
   12          1                    0.399319
   13          6                   -0.469597
   14          6                   -0.169331
   15          6                   -0.195398
   16          6                    0.265628
   17          7                   -0.215485
   18          6                   -0.405022
   19          6                   -0.548363
   20          1                    0.206802
   21          1                    0.150272
   22          1                    0.176172
   23          1                    0.263975
   24          1                    0.191307
   25          1                    0.168853
   26          1                    0.187176
   27          1                    0.172110
   28          1                    0.146131
   29          1                    0.184657
   30          1                    0.174141
   31          1                    0.225546
 -----------------------------------------------
    1   -1123.4474106615      3.14e-04  Roothaan Step
 ---------------------------------------
  Cycle       Energy         DIIS error
 ---------------------------------------
         Merz-Kollman ESP Net Atomic Charges

     Atom                 Charge (a.u.)
  ----------------------------------------
      1 C                     0.093879
      2 C                    -0.398780
      3 C                    -0.029939
      4 C                    -0.174081
      5 C                    -0.167227
      6 C                     0.224896
      7 S                     1.023786
      8 O                    -0.526414
      9 O                    -0.540153
     10 N                    -0.809577
     11 H                     0.375605
     12 H                     0.397392
     13 C                    -0.448941
     14 C                    -0.181553
     15 C                    -0.202573
     16 C                     0.273802
     17 N                    -0.212245
     18 C                    -0.405551
     19 C                    -0.556866
     20 H                     0.211837
     21 H                     0.153105
     22 H                     0.178244
     23 H                     0.258396
     24 H                     0.193864
     25 H                     0.170756
     26 H                     0.191999
     27 H                     0.170479
     28 H                     0.145868
     29 H                     0.184762
     30 H                     0.175587
     31 H                     0.229643
  ----------------------------------------
  Sum of atomic charges =     0.000000

  Related Dipole Moment =     8.8505 (X -2.7792 Y  7.6842 Z  3.4001)


 Charges (in A.U.) from Merz-Kollman fitting 
 -----------------------------------------------
 Center     Atomic                  MZ       
 Number     Number                  Charge
 -----------------------------------------------
    1          6                    0.093879
    2          6                   -0.398780
    3          6                   -0.029939
    4          6                   -0.174081
    5          6                   -0.167227
    6          6                    0.224896
    7         16                    1.023786
    8          8                   -0.526414
    9          8                   -0.540153
   10          7                   -0.809577
   11          1                    0.375605
   12          1                    0.397392
   13          6                   -0.448941
   14          6                   -0.181553
   15          6                   -0.202573
   16          6                    0.273802
   17          7                   -0.212245
   18          6                   -0.405551
   19          6                   -0.556866
   20          1                    0.211837
   21          1                    0.153105
   22          1                    0.178244
   23          1                    0.258396
   24          1                    0.193864
   25          1                    0.170756
   26          1                    0.191999
   27          1                    0.170479
   28          1                    0.145868
   29          1                    0.184762
   30          1                    0.175587
   31          1                    0.229643
 -----------------------------------------------
    1   -1123.4430684474      2.18e-04  
         Merz-Kollman ESP Net Atomic Charges

     Atom                 Charge (a.u.)
  ----------------------------------------
      1 C                     0.086097
      2 C                    -0.389615
      3 C                    -0.033413
      4 C                    -0.162876
      5 C                    -0.178742
      6 C                     0.230076
      7 S                     1.063961
      8 O                    -0.548642
      9 O                    -0.559977
     10 N                    -0.805640
     11 H                     0.376011
     12 H                     0.398288
     13 C                    -0.458801
     14 C                    -0.177822
     15 C                    -0.199676
     16 C                     0.270759
     17 N                    -0.215264
     18 C                    -0.404847
     19 C                    -0.553968
     20 H                     0.210248
     21 H                     0.153397
     22 H                     0.176683
     23 H                     0.261194
     24 H                     0.194064
     25 H                     0.170805
     26 H                     0.190147
     27 H                     0.171669
     28 H                     0.146361
     29 H                     0.185124
     30 H                     0.175422
     31 H                     0.228978
  ----------------------------------------
  Sum of atomic charges =     0.000000

  Related Dipole Moment =     8.9963 (X -2.7710 Y  7.8685 Z  3.3677)


 Charges (in A.U.) from Merz-Kollman fitting 
 -----------------------------------------------
 Center     Atomic                  MZ       
 Number     Number                  Charge
 -----------------------------------------------
    1          6                    0.086097
    2          6                   -0.389615
    3          6                   -0.033413
    4          6                   -0.162876
    5          6                   -0.178742
    6          6                    0.230076
    7         16                    1.063961
    8          8                   -0.548642
    9          8                   -0.559977
   10          7                   -0.805640
   11          1                    0.376011
   12          1                    0.398288
   13          6                   -0.458801
   14          6                   -0.177822
   15          6                   -0.199676
   16          6                    0.270759
   17          7                   -0.215264
   18          6                   -0.404847
   19          6                   -0.553968
   20          1                    0.210248
   21          1                    0.153397
   22          1                    0.176683
   23          1                    0.261194
   24          1                    0.194064
   25          1                    0.170805
   26          1                    0.190147
   27          1                    0.171669
   28          1                    0.146361
   29          1                    0.185124
   30          1                    0.175422
   31          1                    0.228978
 -----------------------------------------------
    2   -1123.4437019381      2.67e-04  
         Merz-Kollman ESP Net Atomic Charges

     Atom                 Charge (a.u.)
  ----------------------------------------
      1 C                     0.087645
      2 C                    -0.388376
      3 C                    -0.033500
      4 C                    -0.162078
      5 C                    -0.181102
      6 C                     0.227524
      7 S                     1.056203
      8 O                    -0.546006
      9 O                    -0.558009
     10 N                    -0.804824
     11 H                     0.376768
     12 H                     0.398768
     13 C                    -0.459599
     14 C                    -0.177183
     15 C                    -0.200506
     16 C                     0.271620
     17 N                    -0.215689
     18 C                    -0.404695
     19 C                    -0.554017
     20 H                     0.210460
     21 H                     0.154007
     22 H                     0.176895
     23 H                     0.261070
     24 H                     0.194603
     25 H                     0.171299
     26 H                     0.190241
     27 H                     0.171900
     28 H                     0.146478
     29 H                     0.185241
     30 H                     0.175580
     31 H                     0.229282
  ----------------------------------------
  Sum of atomic charges =     0.000000

  Related Dipole Moment =     9.0576 (X -2.8128 Y  7.9103 Z  3.3992)


 Charges (in A.U.) from Merz-Kollman fitting 
 -----------------------------------------------
 Center     Atomic                  MZ       
 Number     Number                  Charge
 -----------------------------------------------
    1          6                    0.087645
    2          6                   -0.388376
    3          6                   -0.033500
    4          6                   -0.162078
    5          6                   -0.181102
    6          6                    0.227524
    7         16                    1.056203
    8          8                   -0.546006
    9          8                   -0.558009
   10          7                   -0.804824
   11          1                    0.376768
   12          1                    0.398768
   13          6                   -0.459599
   14          6                   -0.177183
   15          6                   -0.200506
   16          6                    0.271620
   17          7                   -0.215689
   18          6                   -0.404695
   19          6                   -0.554017
   20          1                    0.210460
   21          1                    0.154007
   22          1                    0.176895
   23          1                    0.261070
   24          1                    0.194603
   25          1                    0.171299
   26          1                    0.190241
   27          1                    0.171900
   28          1                    0.146478
   29          1                    0.185241
   30          1                    0.175580
   31          1                    0.229282
 -----------------------------------------------
    3   -1123.4433471509      2.51e-05  
         Merz-Kollman ESP Net Atomic Charges

     Atom                 Charge (a.u.)
  ----------------------------------------
      1 C                     0.087946
      2 C                    -0.390171
      3 C                    -0.033970
      4 C                    -0.163480
      5 C                    -0.178145
      6 C                     0.227676
      7 S                     1.058795
      8 O                    -0.547276
      9 O                    -0.559185
     10 N                    -0.805723
     11 H                     0.376760
     12 H                     0.398796
     13 C                    -0.458329
     14 C                    -0.178131
     15 C                    -0.200842
     16 C                     0.271393
     17 N                    -0.215648
     18 C                    -0.404948
     19 C                    -0.554330
     20 H                     0.210841
     21 H                     0.154344
     22 H                     0.176976
     23 H                     0.260737
     24 H                     0.194816
     25 H                     0.171462
     26 H                     0.190424
     27 H                     0.172038
     28 H                     0.146632
     29 H                     0.185317
     30 H                     0.175683
     31 H                     0.229542
  ----------------------------------------
  Sum of atomic charges =     0.000000

  Related Dipole Moment =     9.0601 (X -2.8094 Y  7.9109 Z  3.4074)


 Charges (in A.U.) from Merz-Kollman fitting 
 -----------------------------------------------
 Center     Atomic                  MZ       
 Number     Number                  Charge
 -----------------------------------------------
    1          6                    0.087946
    2          6                   -0.390171
    3          6                   -0.033970
    4          6                   -0.163480
    5          6                   -0.178145
    6          6                    0.227676
    7         16                    1.058795
    8          8                   -0.547276
    9          8                   -0.559185
   10          7                   -0.805723
   11          1                    0.376760
   12          1                    0.398796
   13          6                   -0.458329
   14          6                   -0.178131
   15          6                   -0.200842
   16          6                    0.271393
   17          7                   -0.215648
   18          6                   -0.404948
   19          6                   -0.554330
   20          1                    0.210841
   21          1                    0.154344
   22          1                    0.176976
   23          1                    0.260737
   24          1                    0.194816
   25          1                    0.171462
   26          1                    0.190424
   27          1                    0.172038
   28          1                    0.146632
   29          1                    0.185317
   30          1                    0.175683
   31          1                    0.229542
 -----------------------------------------------
    4   -1123.4432180278      1.37e-05  
    5   -1123.4431792683      4.01e-06  Convergence criterion met
 ---------------------------------------
 SCF time:   CPU 159.22s  wall 20.00s 
(0)  E-EN(g) gas-phase elect-nuc energy                -1123.447411344 a.u.
(1)  E-EN(liq) elect-nuc energy of solute              -1123.443179268 a.u.
(2)  G-P(liq) polarization free energy of solvation           -19.4143 kcal/mol
(3)  G-ENP(liq) elect-nuc-pol free energy of system    -1123.474117870 a.u.
(4)  G-CDS(liq) cavity-dispersion-solvent structure 
     free energy                                                1.6992 kcal/mol
(5)  G-P-CDS(liq) = G-P(liq) + G-CDS(liq) = (2) + (4)         -17.7151 kcal/mol
(6)  G-S(liq) free energy of system = (1) + (5)        -1123.471410021 a.u.
(7)  DeltaE-EN(liq) elect-nuc reorganization
     energy of solute molecule (7) = (1) - (0)                  2.6557 kcal/mol
(8)  DeltaG-ENP(liq) elect-nuc-pol free energy
     of solvation (8) = (3) - (0)                             -16.7586 kcal/mol
(9)  DeltaG-S(liq) free energy of  solvation
     (9) = (6) - (0)                                          -15.0594 kcal/mol
 SCF   energy in the final basis set =    -1123.4714100212
 Total energy in the final basis set =    -1123.4714100212
 
 --------------------------------------------------------------
 
                    Orbital Energies (a.u.)
 --------------------------------------------------------------
 
 Alpha MOs
 -- Occupied --
-90.1763 -19.6583 -19.6569 -14.8070 -14.7814 -10.6071 -10.6069 -10.5970
-10.5859 -10.5852 -10.5777 -10.5740 -10.5734 -10.5728 -10.5716 -10.5670
-10.5637  -8.4899  -6.4122  -6.4118  -6.4107  -1.2588  -1.1442  -1.0639
 -1.0355  -0.9999  -0.9449  -0.8994  -0.8624  -0.8444  -0.8088  -0.7740
 -0.7559  -0.7209  -0.7102  -0.6783  -0.6335  -0.6199  -0.6035  -0.5985
 -0.5897  -0.5775  -0.5554  -0.5415  -0.5406  -0.5341  -0.5141  -0.5004
 -0.4890  -0.4835  -0.4693  -0.4635  -0.4525  -0.4426  -0.4381  -0.4284
 -0.4205  -0.4173  -0.4153  -0.4024  -0.3991  -0.3788  -0.3627  -0.3182
 -0.3166  -0.2686
 -- Virtual --
 -0.0445  -0.0091  -0.0025   0.0139   0.0175   0.0264   0.0313   0.0331
  0.0418   0.0440   0.0464   0.0552   0.0576   0.0629   0.0700   0.0761
  0.0790   0.0801   0.0862   0.0893   0.0993   0.1041   0.1047   0.1082
  0.1121   0.1135   0.1216   0.1231   0.1234   0.1361   0.1394   0.1463
  0.1539   0.1562   0.1598   0.1648   0.1677   0.1689   0.1783   0.1825
  0.1858   0.1889   0.1930   0.1973   0.1991   0.2036   0.2065   0.2158
  0.2215   0.2245   0.2263   0.2342   0.2372   0.2422   0.2472   0.2515
  0.2533   0.2566   0.2615   0.2629   0.2654   0.2703   0.2719   0.2801
  0.2822   0.2847   0.2898   0.2956   0.2983   0.3023   0.3059   0.3097
  0.3159   0.3190   0.3255   0.3259   0.3290   0.3319   0.3388   0.3516
  0.3530   0.3609   0.3629   0.3677   0.3800   0.3812   0.3896   0.3955
  0.4100   0.4209   0.4351   0.4505   0.4546   0.4626   0.4802   0.4833
  0.4903   0.5526   0.5622   0.5746   0.6101   0.6296   0.6572   0.6633
  0.6904   0.7018   0.7102   0.7149   0.7187   0.7274   0.7383   0.7486
  0.7545   0.7668   0.7716   0.7820   0.7888   0.7974   0.7997   0.8110
  0.8159   0.8283   0.8370   0.8488   0.8604   0.8728   0.9122   0.9234
  0.9359   0.9394   0.9454   0.9562   0.9611   0.9663   0.9891   0.9962
  1.0070   1.0117   1.0207   1.0346   1.0460   1.0577   1.0608   1.0627
  1.0808   1.0827   1.0903   1.1006   1.1128   1.1259   1.1371   1.1433
  1.1477   1.1543   1.1627   1.1702   1.1807   1.1981   1.2013   1.2058
  1.2190   1.2252   1.2504   1.2628   1.2782   1.2894   1.3053   1.3092
  1.3197   1.3328   1.3430   1.3493   1.3700   1.3916   1.3966   1.4021
  1.4124   1.4240   1.4303   1.4401   1.4530   1.4857   1.4998   1.5015
  1.5153   1.5237   1.5331   1.5473   1.5591   1.5837   1.6180   1.6291
  1.6858   1.7090   1.7260   1.7718   1.7864   1.8030   1.8134   1.8283
  1.8327   1.8547   1.8625   1.8727   1.8847   1.9044   1.9185   1.9308
  1.9491   1.9588   1.9834   1.9994   2.0105   2.0160   2.0385   2.0525
  2.0619   2.0834   2.1040   2.1127   2.1225   2.1483   2.1643   2.1726
  2.1936   2.2060   2.2157   2.2257   2.2316   2.2412   2.2542   2.2682
  2.3008   2.3125   2.3296   2.3354   2.3434   2.3546   2.3682   2.3959
  2.4027   2.4338   2.4532   2.4972   2.5094   2.5298   2.5780   2.6093
  2.6260   2.6399   2.6813   2.6863   2.7009   2.7156   2.7490   2.7682
  2.8088   2.8417   2.8640   2.8879   2.9027   2.9499   2.9773   2.9989
  3.0397   3.1530   3.3553   3.4501   3.9108   4.0776   4.2228   4.2602
  4.2858   4.2920   4.3230   4.3422   4.3611   4.3762   4.4216   4.4425
  4.4478   4.4797   4.5267   4.5976   4.8413
 --------------------------------------------------------------
 
          Ground-State Mulliken Net Atomic Charges

     Atom                 Charge (a.u.)
  ----------------------------------------
      1 C                    -0.579905
      2 C                    -0.027745
      3 C                     0.501685
      4 C                    -0.435165
      5 C                    -1.001208
      6 C                     0.228724
      7 S                     1.143459
      8 O                    -0.692722
      9 O                    -0.770859
     10 N                    -0.814827
     11 H                     0.501263
     12 H                     0.511324
     13 C                    -0.505688
     14 C                    -1.045703
     15 C                     0.641939
     16 C                     0.130243
     17 N                    -0.286836
     18 C                    -0.307291
     19 C                    -0.245895
     20 H                     0.275627
     21 H                     0.276671
     22 H                     0.287402
     23 H                     0.254847
     24 H                     0.265689
     25 H                     0.254655
     26 H                     0.239806
     27 H                     0.248115
     28 H                     0.232023
     29 H                     0.234856
     30 H                     0.239005
     31 H                     0.246511
  ----------------------------------------
  Sum of atomic charges =     0.000000

         Merz-Kollman ESP Net Atomic Charges

     Atom                 Charge (a.u.)
  ----------------------------------------
      1 C                     0.087860
      2 C                    -0.389749
      3 C                    -0.034075
      4 C                    -0.162838
      5 C                    -0.179180
      6 C                     0.227691
      7 S                     1.059305
      8 O                    -0.547385
      9 O                    -0.559347
     10 N                    -0.805533
     11 H                     0.376631
     12 H                     0.398713
     13 C                    -0.458933
     14 C                    -0.177695
     15 C                    -0.201006
     16 C                     0.271830
     17 N                    -0.215700
     18 C                    -0.404951
     19 C                    -0.554431
     20 H                     0.210750
     21 H                     0.154321
     22 H                     0.176865
     23 H                     0.260847
     24 H                     0.194779
     25 H                     0.171460
     26 H                     0.190447
     27 H                     0.172036
     28 H                     0.146650
     29 H                     0.185349
     30 H                     0.175704
     31 H                     0.229586
  ----------------------------------------
  Sum of atomic charges =     0.000000

  Related Dipole Moment =     9.0664 (X -2.8146 Y  7.9151 Z  3.4102)

 -----------------------------------------------------------------
                    Cartesian Multipole Moments
 -----------------------------------------------------------------
    Charge (ESU x 10^10)
                 0.0000
    Dipole Moment (Debye)
         X      -2.7880      Y       7.9062      Z       3.3654
       Tot       9.0337
    Quadrupole Moments (Debye-Ang)
        XX     -91.4245     XY       1.9323     YY    -118.7378
        XZ       3.0805     YZ     -16.0874     ZZ    -113.2967
    Octopole Moments (Debye-Ang^2)
       XXX     208.8840    XXY     -23.4844    XYY      61.1089
       YYY    -140.5749    XXZ     157.1160    XYZ     -33.1431
       YYZ     243.5196    XZZ      60.6117    YZZ      37.9082
       ZZZ     566.1241
    Hexadecapole Moments (Debye-Ang^3)
      XXXX   -2233.2250   XXXY     655.0840   XXYY    -713.8560
      XYYY     726.0405   YYYY   -2020.4354   XXXZ     116.5908
      XXYZ    -207.3756   XYYZ       8.5400   YYYZ    -583.8662
      XXZZ    -998.8578   XYZZ     328.6070   YYZZ   -1223.3971
      XZZZ     169.2812   YZZZ    -977.2139   ZZZZ   -4525.9979
 -----------------------------------------------------------------
 Total job time:  45.44s(wall), 347.80s(cpu) 
 Sat Jul  2 12:23:45 2022

        *************************************************************
        *                                                           *
        *  Thank you very much for using Q-Chem.  Have a nice day.  *
        *                                                           *
        *************************************************************


