                  Welcome to Q-Chem
     A Quantum Leap Into The Future Of Chemistry


 Q-Chem 5.4 (devel), Q-Chem, Inc., Pleasanton, CA (2021)

 E. Epifanovsky,  A. T. B. Gilbert,  Xintian Feng,  Joonho Lee,  Yuezhi Mao,  
 N. Mardirossian,  P. Pokhilko,  A. White,  M. Wormit,  M. P. Coons,  
 A. L. Dempwolff,  Zhengting Gan,  D. Hait,  P. R. Horn,  L. D. Jacobson,  
 I. Kaliman,  J. Kussmann,  A. W. Lange,  Ka Un Lao,  D. S. Levine,  Jie Liu,  
 S. C. McKenzie,  A. F. Morrison,  K. Nanda,  F. Plasser,  D. R. Rehn,  
 M. L. Vidal,  Zhi-Qiang You,  Ying Zhu,  B. Alam,  B. Albrecht,  
 A. Aldossary,  E. Alguire,  J. H. Andersen,  D. Barton,  K. Begam,  A. Behn,  
 Y. A. Bernard,  E. J. Berquist,  H. Burton,  A. Carreras,  K. Carter-Fenk,  
 R. Chakraborty,  A. D. Chien,  K. D. Closser,  V. Cofer-Shabica,  
 S. Dasgupta,  Jia Deng,  M. de Wergifosse,  M. Diedenhofen,  Hainam Do,  
 S. Ehlert,  Po-Tung Fang,  S. Fatehi,  Qingguo Feng,  T. Friedhoff,  
 J. Gayvert,  Qinghui Ge,  G. Gidofalvi,  M. Goldey,  J. Gomes,  
 C. Gonzalez-Espinoza,  S. Gulania,  A. Gunina,  M. W. D. Hanson-Heine,  
 P. H. P. Harbach,  A. W. Hauser,  M. F. Herbst,  M. Hernandez Vera,  
 M. Hodecker,  Z. C. Holden,  S. Houck,  Xunkun Huang,  Kerwin Hui,  
 B. C. Huynh,  M. Ivanov,  Hyunjun Ji,  Hanjie Jiang,  B. Kaduk,  S. Kaehler,  
 K. Khistyaev,  Jaehoon Kim,  P. Klunzinger,  Z. Koczor-Benda,  
 Joong Hoon Koh,  D. Kosenkov,  L. Koulias,  T. Kowalczyk,  C. M. Krauter,  
 K. Kue,  A. Kunitsa,  T. Kus,  A. Landau,  K. V. Lawler,  D. Lefrancois,  
 S. Lehtola,  Rain Li,  Yi-Pei Li,  Jiashu Liang,  M. Liebenthal,  
 Hung-Hsuan Lin,  You-Sheng Lin,  Fenglai Liu,  Kuan-Yu Liu,  
 M. Loipersberger,  A. Luenser,  A. Manjanath,  P. Manohar,  E. Mansoor,  
 S. F. Manzer,  Shan-Ping Mao,  A. V. Marenich,  T. Markovich,  S. Mason,  
 S. A. Maurer,  P. F. McLaughlin,  M. F. S. J. Menger,  J.-M. Mewes,  
 S. A. Mewes,  P. Morgante,  J. W. Mullinax,  K. J. Oosterbaan,  G. Paran,  
 Alexander C. Paul,  Suranjan K. Paul,  F. Pavosevic,  Zheng Pei,  S. Prager,  
 E. I. Proynov,  E. Ramos,  B. Rana,  A. E. Rask,  A. Rettig,  R. M. Richard,  
 F. Rob,  E. Rossomme,  T. Scheele,  M. Scheurer,  M. Schneider,  
 N. Sergueev,  S. M. Sharada,  W. Skomorowski,  D. W. Small,  C. J. Stein,  
 Yu-Chuan Su,  E. J. Sundstrom,  Zhen Tao,  J. Thirman,  T. Tsuchimochi,  
 N. M. Tubman,  S. P. Veccham,  O. Vydrov,  J. Wenzel,  J. Witte,  A. Yamada,  
 Kun Yao,  S. Yeganeh,  S. R. Yost,  A. Zech,  Igor Ying Zhang,  Xing Zhang,  
 Yu Zhang,  D. Zuev,  A. Aspuru-Guzik,  A. T. Bell,  N. A. Besley,  
 K. B. Bravaya,  B. R. Brooks,  D. Casanova,  Jeng-Da Chai,  S. Coriani,  
 C. J. Cramer,  A. E. DePrince, III,  R. A. DiStasio Jr.,  A. Dreuw,  
 B. D. Dunietz,  T. R. Furlani,  W. A. Goddard III,  S. Grimme,  
 S. Hammes-Schiffer,  T. Head-Gordon,  W. J. Hehre,  Chao-Ping Hsu,  
 T.-C. Jagau,  Yousung Jung,  A. Klamt,  Jing Kong,  D. S. Lambrecht,  
 WanZhen Liang,  N. J. Mayhall,  C. W. McCurdy,  J. B. Neaton,  
 C. Ochsenfeld,  J. A. Parkhill,  R. Peverati,  V. A. Rassolov,  Yihan Shao,  
 L. V. Slipchenko,  T. Stauch,  R. P. Steele,  J. E. Subotnik,  
 A. J. W. Thom,  A. Tkatchenko,  D. G. Truhlar,  T. Van Voorhis,  
 T. A. Wesolowski,  K. B. Whaley,  H. L. Woodcock III,  P. M. Zimmerman,  
 S. Faraji,  P. M. W. Gill,  M. Head-Gordon,  J. M. Herbert,  A. I. Krylov

 Additional authors for Version 5.4.1: 
 S. Kotaru,  Shaozhi Li,  Xiangyuan Li,  F. Matz,  A. Molle,  Haisheng Ren,  
 Yingli Su,  Hung-Yi Tsai,  C. Utku,  Fang Wang

 Contributors to earlier versions of Q-Chem not listed above: 
 R. D. Adamson,  B. Austin,  R. Baer,  J. Baker,  G. J. O. Beran,  
 K. Brandhorst,  S. T. Brown,  E. F. C. Byrd,  A. K. Chakraborty,  
 G. K. L. Chan,  Chun-Min Chang,  Yunqing Chen,  C.-L. Cheng,  
 Siu Hung Chien,  D. M. Chipman,  D. L. Crittenden,  H. Dachsel,  
 R. J. Doerksen,  A. D. Dutoi,  R. G. Edgar,  J. Fosso-Tande,  
 L. Fusti-Molnar,  D. Ghosh,  A. Ghysels,  A. Golubeva-Zadorozhnaya,  
 J. Gonthier,  M. S. Gordon,  S. R. Gwaltney,  G. Hawkins,  J. E. Herr,  
 A. Heyden,  S. Hirata,  E. G. Hohenstein,  G. Kedziora,  F. J. Keil,  
 C. Kelley,  Jihan Kim,  R. A. King,  R. Z. Khaliullin,  P. P. Korambath,  
 W. Kurlancheek,  A. Laurent,  A. M. Lee,  M. S. Lee,  S. V. Levchenko,  
 Ching Yeh Lin,  D. Liotard,  E. Livshits,  R. C. Lochan,  I. Lotan,  
 L. A. Martinez-Martinez,  P. E. Maslen,  N. Nair,  D. P. O'Neill,  
 D. Neuhauser,  E. Neuscamman,  C. M. Oana,  R. Olivares-Amaya,  R. Olson,  
 T. M. Perrine,  B. Peters,  P. A. Pieniazek,  A. Prociuk,  Y. M. Rhee,  
 J. Ritchie,  M. A. Rohrdanz,  E. Rosta,  N. J. Russ,  H. F. Schaefer III,  
 M. W. Schmidt,  N. E. Schultz,  S. Sharma,  N. Shenvi,  C. D. Sherrill,  
 A. C. Simmonett,  A. Sodt,  T. Stein,  D. Stuck,  K. S. Thanthiriwatte,  
 V. Vanovschi,  L. Vogt,  Tao Wang,  A. Warshel,  M. A. Watson,  
 C. F. Williams,  Q. Wu,  X. Xu,  Jun Yang,  W. Zhang,  Yan Zhao

 Please cite Q-Chem as follows:
 Y. Shao et al., Mol. Phys. 113, 184-215 (2015)
 DOI: 10.1080/00268976.2014.952696

 Q-Chem 5.4.1 for Intel X86 EM64T Linux

 Parts of Q-Chem use Armadillo 9.800.1 (Horizon Scraper).
 http://arma.sourceforge.net/

 Q-Chem begins on Thu May 26 10:29:06 2022  

 Host: gadi-cpu-clx-2690.gadi.nci.org.au
0

     Scratch files written to /jobfs/41312715.gadi-pbs/qchem616684//
 Processing $rem in /apps/qchem/5.4.1/config/preferences:
 Processing $rem in /home/561/yj5695/.qchemrc:
 Symmetry turned off for PCM/SM12/SMD calculation
 Method-specific promolecule density matrix will be built for SM12 calculation

 Checking the input file for inconsistencies... 	...done.

--------------------------------------------------------------
User input:
--------------------------------------------------------------
$molecule
0  1
C -1.521749  0.646102 -0.822422
C -2.637926  0.934928 -1.609398
F -3.835632  1.105058 -1.036512
C -2.550047  1.062607 -2.986776
H -3.447466  1.289919 -3.551712
C -1.313113  0.897802 -3.602341
C -0.170037  0.609318 -2.856856
H  0.803719  0.476359 -3.315023
C -0.303541  0.492974 -1.489145
F  0.781892  0.207969 -0.745802
S -1.544685  0.48552  0.954667
O -0.594707  1.457  1.487009
O -2.93107  0.515072  1.398677
N -0.958883 -1.00015  1.334524
H  0.023798 -1.115596  1.080571
H -1.236087  0.995908 -4.679973
H -1.535975 -1.75636  0.960473
$end

$rem
jobtype sp
exchange M062X
basis 6-31+G*
SMX_GAS_PHASE = TRUE
solvent_method sm12
$end

$smx
solvent water
charges mk
$end
--------------------------------------------------------------
 ----------------------------------------------------------------
             Standard Nuclear Orientation (Angstroms)
    I     Atom           X                Y                Z
 ----------------------------------------------------------------
    1      C      -1.5217490000     0.6461020000    -0.8224220000
    2      C      -2.6379260000     0.9349280000    -1.6093980000
    3      F      -3.8356320000     1.1050580000    -1.0365120000
    4      C      -2.5500470000     1.0626070000    -2.9867760000
    5      H      -3.4474660000     1.2899190000    -3.5517120000
    6      C      -1.3131130000     0.8978020000    -3.6023410000
    7      C      -0.1700370000     0.6093180000    -2.8568560000
    8      H       0.8037190000     0.4763590000    -3.3150230000
    9      C      -0.3035410000     0.4929740000    -1.4891450000
   10      F       0.7818920000     0.2079690000    -0.7458020000
   11      S      -1.5446850000     0.4855200000     0.9546670000
   12      O      -0.5947070000     1.4570000000     1.4870090000
   13      O      -2.9310700000     0.5150720000     1.3986770000
   14      N      -0.9588830000    -1.0001500000     1.3345240000
   15      H       0.0237980000    -1.1155960000     1.0805710000
   16      H      -1.2360870000     0.9959080000    -4.6799730000
   17      H      -1.5359750000    -1.7563600000     0.9604730000
 ----------------------------------------------------------------
 Nuclear Repulsion Energy =         874.72300326 hartrees
 There are       49 alpha and       49 beta electrons
 Requested basis set is 6-31+G(d)
 There are 71 shells and 242 basis functions

 Total QAlloc Memory Limit   2000 MB
 Mega-Array Size       188 MB
 MEM_STATIC part       192 MB
 A cutoff of  1.0D-08 yielded   2103 shell pairs
 There are     26131 function pairs
 Smallest overlap matrix eigenvalue = 2.44E-06

 Q-Chem warning in module stvman/mkSTV.C, line 323:

 Overlap eigenvalue is smaller than square root of threshold
 Use THRESH >= 12 to get rid of this warning


 Scale SEOQF with 1.000000e-01/1.000000e-01/1.000000e-01

 Standard Electronic Orientation quadrupole field applied
 Nucleus-field energy     =    -0.0000000174 hartrees
 ================ Generating on-the-fly Promolecule Density  ================
Attempting to make child job directory: /jobfs/41312715.gadi-pbs/qchem616684//Frg1/
Attempting to make child job directory: /jobfs/41312715.gadi-pbs/qchem616684//Frg2/
Attempting to make child job directory: /jobfs/41312715.gadi-pbs/qchem616684//Frg3/
Attempting to make child job directory: /jobfs/41312715.gadi-pbs/qchem616684//Frg4/
Attempting to make child job directory: /jobfs/41312715.gadi-pbs/qchem616684//Frg5/
Attempting to make child job directory: /jobfs/41312715.gadi-pbs/qchem616684//Frg6/
Creating input file /jobfs/41312715.gadi-pbs/qchem616684/Frg1.input
using default PutDataFrgm: nothing
calling putenv with: QCSCRATCH=/jobfs/41312715.gadi-pbs/qchem616684/ 
Spawning Job For Fragment 0
Done Job For Fragment 0
calling putenv with: QCSCRATCH=/jobfs/41312715.gadi-pbs 
calling putenv with: QCTHREADS=16 
Creating input file /jobfs/41312715.gadi-pbs/qchem616684/Frg2.input
using default PutDataFrgm: nothing
calling putenv with: QCSCRATCH=/jobfs/41312715.gadi-pbs/qchem616684/ 
Spawning Job For Fragment 1
Done Job For Fragment 1
calling putenv with: QCSCRATCH=/jobfs/41312715.gadi-pbs 
calling putenv with: QCTHREADS=16 
Creating input file /jobfs/41312715.gadi-pbs/qchem616684/Frg3.input
using default PutDataFrgm: nothing
calling putenv with: QCSCRATCH=/jobfs/41312715.gadi-pbs/qchem616684/ 
Spawning Job For Fragment 2
Done Job For Fragment 2
calling putenv with: QCSCRATCH=/jobfs/41312715.gadi-pbs 
calling putenv with: QCTHREADS=16 
Creating input file /jobfs/41312715.gadi-pbs/qchem616684/Frg4.input
using default PutDataFrgm: nothing
calling putenv with: QCSCRATCH=/jobfs/41312715.gadi-pbs/qchem616684/ 
Spawning Job For Fragment 3
Done Job For Fragment 3
calling putenv with: QCSCRATCH=/jobfs/41312715.gadi-pbs 
calling putenv with: QCTHREADS=16 
Creating input file /jobfs/41312715.gadi-pbs/qchem616684/Frg5.input
using default PutDataFrgm: nothing
calling putenv with: QCSCRATCH=/jobfs/41312715.gadi-pbs/qchem616684/ 
Spawning Job For Fragment 4
Done Job For Fragment 4
calling putenv with: QCSCRATCH=/jobfs/41312715.gadi-pbs 
calling putenv with: QCTHREADS=16 
Creating input file /jobfs/41312715.gadi-pbs/qchem616684/Frg6.input
using default PutDataFrgm: nothing
calling putenv with: QCSCRATCH=/jobfs/41312715.gadi-pbs/qchem616684/ 
Spawning Job For Fragment 5
Done Job For Fragment 5
calling putenv with: QCSCRATCH=/jobfs/41312715.gadi-pbs 
calling putenv with: QCTHREADS=16 
 Time for running child jobs:  CPU 2.36 s  wall 2.62 s
 ============= Method Specific Promolecule Density Constructed =============
 Guess from superposition of atomic densities
 Warning:  Energy on first SCF cycle will be non-variational
 SAD guess density has 98.000000 electrons

 -----------------------------------------------------------------------
  General SCF calculation program by
  Eric Jon Sundstrom, Paul Horn, Yuezhi Mao, Dmitri Zuev, Alec White,
  David Stuck, Shaama M.S., Shane Yost, Joonho Lee, David Small,
  Daniel Levine, Susi Lehtola, Hugh Burton, Evgeny Epifanovsky,
  Bang C. Huynh
 -----------------------------------------------------------------------
 Exchange:     0.5400 Hartree-Fock + 1.0000 M06-2X
 Correlation:  1.0000 M06-2X
 Using SG-3 standard quadrature grid
 using 16 threads for integral computing
 -------------------------------------------------------
 OpenMP Integral computing Module                
 Release: version 1.0, May 2013, Q-Chem Inc. Pittsburgh 
 -------------------------------------------------------
 A restricted SCF calculation will be
 performed using DIIS
 SCF converges when DIIS error is below 1.0e-05
 ---------------------------------------
  Cycle       Energy         DIIS error
 ---------------------------------------
    1   -1037.9881842118      4.88e-02  
    2   -1034.0941341907      6.63e-03  
    3   -1033.8397105902      9.69e-03  
    4   -1034.3581094287      1.05e-03  
    5   -1034.3644255860      3.90e-04  
    6   -1034.3654305858      6.40e-05  
    7   -1034.3654542171      2.46e-05  
    8   -1034.3654579366      8.73e-06  Convergence criterion met
 ---------------------------------------
 SCF time:   CPU 87.34s  wall 6.00s 
 SCF   energy in the final basis set =    -1034.3654579366
 Total energy in the final basis set =    -1034.3654579366
 Exchange:     0.5400 Hartree-Fock + 1.0000 M06-2X
 Correlation:  1.0000 M06-2X
 Using SG-3 standard quadrature grid
 
 SM12 calculation using Merz-Singh-Kollman charges
 Citation of the SM12 model:
 Marenich, A.V.; Cramer, C.J.; Truhlar, D.G.
 J. Chem. Theory Comput. 2013, 9, 609-612.
 iSolventCode=           1
 Solvent: water                                                           
 
  Building new vdw surfaces
         Merz-Kollman ESP Net Atomic Charges

     Atom                 Charge (a.u.)
  ----------------------------------------
      1 C                    -0.350617
      2 C                     0.480863
      3 F                    -0.197012
      4 C                    -0.374512
      5 H                     0.215067
      6 C                    -0.049197
      7 C                    -0.308301
      8 H                     0.209500
      9 C                     0.315106
     10 F                    -0.176284
     11 S                     1.044968
     12 O                    -0.467111
     13 O                    -0.473955
     14 N                    -0.832837
     15 H                     0.404194
     16 H                     0.169814
     17 H                     0.390313
  ----------------------------------------
  Sum of atomic charges =     0.000000

  Related Dipole Moment =     7.4629 (X  1.6229 Y -3.2685 Z -6.5098)


 Charges (in A.U.) from Merz-Kollman fitting 
 -----------------------------------------------
 Center     Atomic                  MZ       
 Number     Number                  Charge
 -----------------------------------------------
    1          6                   -0.350617
    2          6                    0.480863
    3          9                   -0.197012
    4          6                   -0.374512
    5          1                    0.215067
    6          6                   -0.049197
    7          6                   -0.308301
    8          1                    0.209500
    9          6                    0.315106
   10          9                   -0.176284
   11         16                    1.044968
   12          8                   -0.467111
   13          8                   -0.473955
   14          7                   -0.832837
   15          1                    0.404194
   16          1                    0.169814
   17          1                    0.390313
 -----------------------------------------------
 A restricted SCF calculation will be
 performed using Roothaan-Hall, DIIS
 SCF converges when DIIS error is below 1.0e-05
 ---------------------------------------
  Cycle       Energy         DIIS error
 ---------------------------------------
         Merz-Kollman ESP Net Atomic Charges

     Atom                 Charge (a.u.)
  ----------------------------------------
      1 C                    -0.354905
      2 C                     0.474226
      3 F                    -0.215119
      4 C                    -0.381060
      5 H                     0.231486
      6 C                    -0.028394
      7 C                    -0.302330
      8 H                     0.225418
      9 C                     0.310414
     10 F                    -0.181456
     11 S                     1.090210
     12 O                    -0.526201
     13 O                    -0.533145
     14 N                    -0.826694
     15 H                     0.421743
     16 H                     0.184641
     17 H                     0.411165
  ----------------------------------------
  Sum of atomic charges =     0.000000

  Related Dipole Moment =     9.0763 (X  2.1913 Y -3.8950 Z -7.8997)


 Charges (in A.U.) from Merz-Kollman fitting 
 -----------------------------------------------
 Center     Atomic                  MZ       
 Number     Number                  Charge
 -----------------------------------------------
    1          6                   -0.354905
    2          6                    0.474226
    3          9                   -0.215119
    4          6                   -0.381060
    5          1                    0.231486
    6          6                   -0.028394
    7          6                   -0.302330
    8          1                    0.225418
    9          6                    0.310414
   10          9                   -0.181456
   11         16                    1.090210
   12          8                   -0.526201
   13          8                   -0.533145
   14          7                   -0.826694
   15          1                    0.421743
   16          1                    0.184641
   17          1                    0.411165
 -----------------------------------------------
    1   -1034.3654579528      5.02e-04  Roothaan Step
 ---------------------------------------
  Cycle       Energy         DIIS error
 ---------------------------------------
         Merz-Kollman ESP Net Atomic Charges

     Atom                 Charge (a.u.)
  ----------------------------------------
      1 C                    -0.335223
      2 C                     0.471097
      3 F                    -0.208871
      4 C                    -0.380288
      5 H                     0.235206
      6 C                    -0.050774
      7 C                    -0.303055
      8 H                     0.231672
      9 C                     0.289998
     10 F                    -0.176153
     11 S                     1.053651
     12 O                    -0.501437
     13 O                    -0.511571
     14 N                    -0.840774
     15 H                     0.421453
     16 H                     0.194668
     17 H                     0.410401
  ----------------------------------------
  Sum of atomic charges =     0.000000

  Related Dipole Moment =     8.8472 (X  2.0242 Y -3.6502 Z -7.8008)


 Charges (in A.U.) from Merz-Kollman fitting 
 -----------------------------------------------
 Center     Atomic                  MZ       
 Number     Number                  Charge
 -----------------------------------------------
    1          6                   -0.335223
    2          6                    0.471097
    3          9                   -0.208871
    4          6                   -0.380288
    5          1                    0.235206
    6          6                   -0.050774
    7          6                   -0.303055
    8          1                    0.231672
    9          6                    0.289998
   10          9                   -0.176153
   11         16                    1.053651
   12          8                   -0.501437
   13          8                   -0.511571
   14          7                   -0.840774
   15          1                    0.421453
   16          1                    0.194668
   17          1                    0.410401
 -----------------------------------------------
    1   -1034.3598209368      3.67e-04  
         Merz-Kollman ESP Net Atomic Charges

     Atom                 Charge (a.u.)
  ----------------------------------------
      1 C                    -0.340130
      2 C                     0.471001
      3 F                    -0.213300
      4 C                    -0.382153
      5 H                     0.235152
      6 C                    -0.040497
      7 C                    -0.303081
      8 H                     0.230711
      9 C                     0.297127
     10 F                    -0.179117
     11 S                     1.092267
     12 O                    -0.524582
     13 O                    -0.533384
     14 N                    -0.833929
     15 H                     0.421160
     16 H                     0.192308
     17 H                     0.410448
  ----------------------------------------
  Sum of atomic charges =     0.000000

  Related Dipole Moment =     9.0938 (X  2.1454 Y -3.8121 Z -7.9726)


 Charges (in A.U.) from Merz-Kollman fitting 
 -----------------------------------------------
 Center     Atomic                  MZ       
 Number     Number                  Charge
 -----------------------------------------------
    1          6                   -0.340130
    2          6                    0.471001
    3          9                   -0.213300
    4          6                   -0.382153
    5          1                    0.235152
    6          6                   -0.040497
    7          6                   -0.303081
    8          1                    0.230711
    9          6                    0.297127
   10          9                   -0.179117
   11         16                    1.092267
   12          8                   -0.524582
   13          8                   -0.533384
   14          7                   -0.833929
   15          1                    0.421160
   16          1                    0.192308
   17          1                    0.410448
 -----------------------------------------------
    2   -1034.3606931227      4.38e-04  
         Merz-Kollman ESP Net Atomic Charges

     Atom                 Charge (a.u.)
  ----------------------------------------
      1 C                    -0.343378
      2 C                     0.470268
      3 F                    -0.213355
      4 C                    -0.380840
      5 H                     0.235455
      6 C                    -0.038429
      7 C                    -0.301560
      8 H                     0.231150
      9 C                     0.296621
     10 F                    -0.178990
     11 S                     1.083114
     12 O                    -0.521767
     13 O                    -0.530540
     14 N                    -0.833364
     15 H                     0.421878
     16 H                     0.192646
     17 H                     0.411091
  ----------------------------------------
  Sum of atomic charges =     0.000000

  Related Dipole Moment =     9.1531 (X  2.1575 Y -3.8089 Z -8.0384)


 Charges (in A.U.) from Merz-Kollman fitting 
 -----------------------------------------------
 Center     Atomic                  MZ       
 Number     Number                  Charge
 -----------------------------------------------
    1          6                   -0.343378
    2          6                    0.470268
    3          9                   -0.213355
    4          6                   -0.380840
    5          1                    0.235455
    6          6                   -0.038429
    7          6                   -0.301560
    8          1                    0.231150
    9          6                    0.296621
   10          9                   -0.178990
   11         16                    1.083114
   12          8                   -0.521767
   13          8                   -0.530540
   14          7                   -0.833364
   15          1                    0.421878
   16          1                    0.192646
   17          1                    0.411091
 -----------------------------------------------
    3   -1034.3601315389      4.54e-05  
         Merz-Kollman ESP Net Atomic Charges

     Atom                 Charge (a.u.)
  ----------------------------------------
      1 C                    -0.340808
      2 C                     0.470258
      3 F                    -0.213249
      4 C                    -0.381671
      5 H                     0.235906
      6 C                    -0.040202
      7 C                    -0.302573
      8 H                     0.231749
      9 C                     0.296333
     10 F                    -0.179079
     11 S                     1.086730
     12 O                    -0.523250
     13 O                    -0.532133
     14 N                    -0.834544
     15 H                     0.421921
     16 H                     0.193497
     17 H                     0.411115
  ----------------------------------------
  Sum of atomic charges =     0.000000

  Related Dipole Moment =     9.1521 (X  2.1541 Y -3.8084 Z -8.0384)


 Charges (in A.U.) from Merz-Kollman fitting 
 -----------------------------------------------
 Center     Atomic                  MZ       
 Number     Number                  Charge
 -----------------------------------------------
    1          6                   -0.340808
    2          6                    0.470258
    3          9                   -0.213249
    4          6                   -0.381671
    5          1                    0.235906
    6          6                   -0.040202
    7          6                   -0.302573
    8          1                    0.231749
    9          6                    0.296333
   10          9                   -0.179079
   11         16                    1.086730
   12          8                   -0.523250
   13          8                   -0.532133
   14          7                   -0.834544
   15          1                    0.421921
   16          1                    0.193497
   17          1                    0.411115
 -----------------------------------------------
    4   -1034.3599457267      2.44e-05  
    5   -1034.3598974122      5.21e-06  Convergence criterion met
 ---------------------------------------
 SCF time:   CPU 83.50s  wall 5.00s 
(0)  E-EN(g) gas-phase elect-nuc energy                -1034.365457937 a.u.
(1)  E-EN(liq) elect-nuc energy of solute              -1034.359897412 a.u.
(2)  G-P(liq) polarization free energy of solvation           -19.5445 kcal/mol
(3)  G-ENP(liq) elect-nuc-pol free energy of system    -1034.391043493 a.u.
(4)  G-CDS(liq) cavity-dispersion-solvent structure 
     free energy                                                3.8443 kcal/mol
(5)  G-P-CDS(liq) = G-P(liq) + G-CDS(liq) = (2) + (4)         -15.7002 kcal/mol
(6)  G-S(liq) free energy of system = (1) + (5)        -1034.384917257 a.u.
(7)  DeltaE-EN(liq) elect-nuc reorganization
     energy of solute molecule (7) = (1) - (0)                  3.4893 kcal/mol
(8)  DeltaG-ENP(liq) elect-nuc-pol free energy
     of solvation (8) = (3) - (0)                             -16.0552 kcal/mol
(9)  DeltaG-S(liq) free energy of  solvation
     (9) = (6) - (0)                                          -12.2109 kcal/mol
 SCF   energy in the final basis set =    -1034.3849172571
 Total energy in the final basis set =    -1034.3849172571
 
 --------------------------------------------------------------
 
                    Orbital Energies (a.u.)
 --------------------------------------------------------------
 
 Alpha MOs
 -- Occupied --
-90.1883 -25.3121 -25.3036 -19.6636 -19.6624 -14.8109 -10.6833 -10.6824
-10.6200 -10.5940 -10.5840 -10.5830  -8.5009  -6.4232  -6.4227  -6.4222
 -1.4088  -1.4028  -1.2672  -1.1522  -1.0422  -1.0103  -0.9050  -0.8839
 -0.7888  -0.7484  -0.7311  -0.6790  -0.6500  -0.6446  -0.6205  -0.6061
 -0.5974  -0.5945  -0.5891  -0.5663  -0.5574  -0.5450  -0.4944  -0.4746
 -0.4706  -0.4622  -0.4405  -0.4268  -0.4095  -0.4051  -0.3918  -0.3415
 -0.3291
 -- Virtual --
 -0.0271  -0.0025   0.0029   0.0218   0.0321   0.0352   0.0442   0.0492
  0.0611   0.0735   0.0789   0.0793   0.0850   0.0884   0.0967   0.1036
  0.1132   0.1170   0.1232   0.1291   0.1415   0.1458   0.1507   0.1553
  0.1671   0.1702   0.1774   0.1844   0.1867   0.1938   0.1987   0.2078
  0.2115   0.2164   0.2254   0.2326   0.2367   0.2433   0.2495   0.2552
  0.2609   0.2630   0.2745   0.2902   0.2949   0.3007   0.3105   0.3111
  0.3174   0.3230   0.3311   0.3417   0.3590   0.3679   0.3763   0.3833
  0.3968   0.4016   0.4138   0.4270   0.4449   0.4483   0.4601   0.4717
  0.4902   0.5021   0.5514   0.5903   0.6171   0.6553   0.6719   0.6849
  0.6934   0.7034   0.7242   0.7259   0.7434   0.7623   0.7696   0.7839
  0.7882   0.8067   0.8616   0.8906   0.9236   0.9304   0.9547   0.9742
  0.9829   0.9998   1.0290   1.0443   1.0634   1.0739   1.0815   1.1157
  1.1261   1.1377   1.1390   1.1549   1.1724   1.2169   1.2362   1.2534
  1.2720   1.2914   1.3140   1.3241   1.3494   1.3661   1.3764   1.3768
  1.3808   1.3935   1.4098   1.4329   1.4604   1.4897   1.4924   1.4973
  1.5336   1.6382   1.6544   1.6962   1.7057   1.7128   1.7545   1.7608
  1.7834   1.7893   1.7985   1.8077   1.8348   1.8420   1.8566   1.8688
  1.8848   1.8914   1.9128   1.9370   1.9517   1.9690   1.9851   2.0028
  2.0074   2.0121   2.0234   2.0523   2.0650   2.0868   2.1498   2.1597
  2.1784   2.1897   2.2072   2.2180   2.2818   2.2920   2.3093   2.3349
  2.3577   2.3875   2.4284   2.4759   2.4900   2.5020   2.5924   2.5974
  2.6254   2.6470   2.6848   2.7014   2.8212   2.8356   2.8934   2.9640
  3.0395   3.1864   3.2241   3.3160   3.4318   3.8958   4.0515   4.2045
  4.2507   4.2604   4.3038   4.3405   4.4326   4.4701   4.7661   6.1712
  6.3466
 --------------------------------------------------------------
 
          Ground-State Mulliken Net Atomic Charges

     Atom                 Charge (a.u.)
  ----------------------------------------
      1 C                    -1.287931
      2 C                    -0.964968
      3 F                    -0.362954
      4 C                     0.648831
      5 H                     0.298379
      6 C                     0.474826
      7 C                     0.925584
      8 H                     0.306302
      9 C                     0.272612
     10 F                    -0.350221
     11 S                     1.039816
     12 O                    -0.710714
     13 O                    -0.753592
     14 N                    -0.862909
     15 H                     0.505597
     16 H                     0.303819
     17 H                     0.517523
  ----------------------------------------
  Sum of atomic charges =     0.000000

         Merz-Kollman ESP Net Atomic Charges

     Atom                 Charge (a.u.)
  ----------------------------------------
      1 C                    -0.341497
      2 C                     0.470242
      3 F                    -0.213297
      4 C                    -0.381564
      5 H                     0.235884
      6 C                    -0.039753
      7 C                    -0.302412
      8 H                     0.231729
      9 C                     0.296229
     10 F                    -0.179053
     11 S                     1.087267
     12 O                    -0.523403
     13 O                    -0.532247
     14 N                    -0.834329
     15 H                     0.421795
     16 H                     0.193433
     17 H                     0.410977
  ----------------------------------------
  Sum of atomic charges =     0.000000

  Related Dipole Moment =     9.1564 (X  2.1549 Y -3.8080 Z -8.0434)

 -----------------------------------------------------------------
                    Cartesian Multipole Moments
 -----------------------------------------------------------------
    Charge (ESU x 10^10)
                -0.0000
    Dipole Moment (Debye)
         X       2.1751      Y      -3.6936      Z      -8.0276
       Tot       9.1003
    Quadrupole Moments (Debye-Ang)
        XX     -84.9413     XY       3.0681     YY     -74.6263
        XZ      12.4378     YZ     -10.7350     ZZ     -62.0831
    Octopole Moments (Debye-Ang^2)
       XXX     372.8373    XXY     -51.7994    XYY     104.9080
       YYY    -146.0368    XXZ      10.4432    XYZ      14.9562
       YYZ      46.0225    XZZ      95.4446    YZZ     -26.7041
       ZZZ      45.7910
    Hexadecapole Moments (Debye-Ang^3)
      XXXX   -1850.9810   XXXY     269.4288   XXYY    -334.5783
      XYYY     255.7801   YYYY    -395.2296   XXXZ     -94.1717
      XXYZ      13.6518   XYYZ     -63.6895   YYYZ     165.5390
      XXZZ    -497.5606   XYZZ      40.4977   YYZZ    -356.5966
      XZZZ     -73.5219   YZZZ      73.0389   ZZZZ   -1343.2954
 -----------------------------------------------------------------
 Total job time:  13.87s(wall), 178.33s(cpu) 
 Thu May 26 10:29:20 2022

        *************************************************************
        *                                                           *
        *  Thank you very much for using Q-Chem.  Have a nice day.  *
        *                                                           *
        *************************************************************


