                  Welcome to Q-Chem
     A Quantum Leap Into The Future Of Chemistry


 Q-Chem 5.4 (devel), Q-Chem, Inc., Pleasanton, CA (2021)

 E. Epifanovsky,  A. T. B. Gilbert,  Xintian Feng,  Joonho Lee,  Yuezhi Mao,  
 N. Mardirossian,  P. Pokhilko,  A. White,  M. Wormit,  M. P. Coons,  
 A. L. Dempwolff,  Zhengting Gan,  D. Hait,  P. R. Horn,  L. D. Jacobson,  
 I. Kaliman,  J. Kussmann,  A. W. Lange,  Ka Un Lao,  D. S. Levine,  Jie Liu,  
 S. C. McKenzie,  A. F. Morrison,  K. Nanda,  F. Plasser,  D. R. Rehn,  
 M. L. Vidal,  Zhi-Qiang You,  Ying Zhu,  B. Alam,  B. Albrecht,  
 A. Aldossary,  E. Alguire,  J. H. Andersen,  D. Barton,  K. Begam,  A. Behn,  
 Y. A. Bernard,  E. J. Berquist,  H. Burton,  A. Carreras,  K. Carter-Fenk,  
 R. Chakraborty,  A. D. Chien,  K. D. Closser,  V. Cofer-Shabica,  
 S. Dasgupta,  Jia Deng,  M. de Wergifosse,  M. Diedenhofen,  Hainam Do,  
 S. Ehlert,  Po-Tung Fang,  S. Fatehi,  Qingguo Feng,  T. Friedhoff,  
 J. Gayvert,  Qinghui Ge,  G. Gidofalvi,  M. Goldey,  J. Gomes,  
 C. Gonzalez-Espinoza,  S. Gulania,  A. Gunina,  M. W. D. Hanson-Heine,  
 P. H. P. Harbach,  A. W. Hauser,  M. F. Herbst,  M. Hernandez Vera,  
 M. Hodecker,  Z. C. Holden,  S. Houck,  Xunkun Huang,  Kerwin Hui,  
 B. C. Huynh,  M. Ivanov,  Hyunjun Ji,  Hanjie Jiang,  B. Kaduk,  S. Kaehler,  
 K. Khistyaev,  Jaehoon Kim,  P. Klunzinger,  Z. Koczor-Benda,  
 Joong Hoon Koh,  D. Kosenkov,  L. Koulias,  T. Kowalczyk,  C. M. Krauter,  
 K. Kue,  A. Kunitsa,  T. Kus,  A. Landau,  K. V. Lawler,  D. Lefrancois,  
 S. Lehtola,  Rain Li,  Yi-Pei Li,  Jiashu Liang,  M. Liebenthal,  
 Hung-Hsuan Lin,  You-Sheng Lin,  Fenglai Liu,  Kuan-Yu Liu,  
 M. Loipersberger,  A. Luenser,  A. Manjanath,  P. Manohar,  E. Mansoor,  
 S. F. Manzer,  Shan-Ping Mao,  A. V. Marenich,  T. Markovich,  S. Mason,  
 S. A. Maurer,  P. F. McLaughlin,  M. F. S. J. Menger,  J.-M. Mewes,  
 S. A. Mewes,  P. Morgante,  J. W. Mullinax,  K. J. Oosterbaan,  G. Paran,  
 Alexander C. Paul,  Suranjan K. Paul,  F. Pavosevic,  Zheng Pei,  S. Prager,  
 E. I. Proynov,  E. Ramos,  B. Rana,  A. E. Rask,  A. Rettig,  R. M. Richard,  
 F. Rob,  E. Rossomme,  T. Scheele,  M. Scheurer,  M. Schneider,  
 N. Sergueev,  S. M. Sharada,  W. Skomorowski,  D. W. Small,  C. J. Stein,  
 Yu-Chuan Su,  E. J. Sundstrom,  Zhen Tao,  J. Thirman,  T. Tsuchimochi,  
 N. M. Tubman,  S. P. Veccham,  O. Vydrov,  J. Wenzel,  J. Witte,  A. Yamada,  
 Kun Yao,  S. Yeganeh,  S. R. Yost,  A. Zech,  Igor Ying Zhang,  Xing Zhang,  
 Yu Zhang,  D. Zuev,  A. Aspuru-Guzik,  A. T. Bell,  N. A. Besley,  
 K. B. Bravaya,  B. R. Brooks,  D. Casanova,  Jeng-Da Chai,  S. Coriani,  
 C. J. Cramer,  A. E. DePrince, III,  R. A. DiStasio Jr.,  A. Dreuw,  
 B. D. Dunietz,  T. R. Furlani,  W. A. Goddard III,  S. Grimme,  
 S. Hammes-Schiffer,  T. Head-Gordon,  W. J. Hehre,  Chao-Ping Hsu,  
 T.-C. Jagau,  Yousung Jung,  A. Klamt,  Jing Kong,  D. S. Lambrecht,  
 WanZhen Liang,  N. J. Mayhall,  C. W. McCurdy,  J. B. Neaton,  
 C. Ochsenfeld,  J. A. Parkhill,  R. Peverati,  V. A. Rassolov,  Yihan Shao,  
 L. V. Slipchenko,  T. Stauch,  R. P. Steele,  J. E. Subotnik,  
 A. J. W. Thom,  A. Tkatchenko,  D. G. Truhlar,  T. Van Voorhis,  
 T. A. Wesolowski,  K. B. Whaley,  H. L. Woodcock III,  P. M. Zimmerman,  
 S. Faraji,  P. M. W. Gill,  M. Head-Gordon,  J. M. Herbert,  A. I. Krylov

 Additional authors for Version 5.4.1: 
 S. Kotaru,  Shaozhi Li,  Xiangyuan Li,  F. Matz,  A. Molle,  Haisheng Ren,  
 Yingli Su,  Hung-Yi Tsai,  C. Utku,  Fang Wang

 Contributors to earlier versions of Q-Chem not listed above: 
 R. D. Adamson,  B. Austin,  R. Baer,  J. Baker,  G. J. O. Beran,  
 K. Brandhorst,  S. T. Brown,  E. F. C. Byrd,  A. K. Chakraborty,  
 G. K. L. Chan,  Chun-Min Chang,  Yunqing Chen,  C.-L. Cheng,  
 Siu Hung Chien,  D. M. Chipman,  D. L. Crittenden,  H. Dachsel,  
 R. J. Doerksen,  A. D. Dutoi,  R. G. Edgar,  J. Fosso-Tande,  
 L. Fusti-Molnar,  D. Ghosh,  A. Ghysels,  A. Golubeva-Zadorozhnaya,  
 J. Gonthier,  M. S. Gordon,  S. R. Gwaltney,  G. Hawkins,  J. E. Herr,  
 A. Heyden,  S. Hirata,  E. G. Hohenstein,  G. Kedziora,  F. J. Keil,  
 C. Kelley,  Jihan Kim,  R. A. King,  R. Z. Khaliullin,  P. P. Korambath,  
 W. Kurlancheek,  A. Laurent,  A. M. Lee,  M. S. Lee,  S. V. Levchenko,  
 Ching Yeh Lin,  D. Liotard,  E. Livshits,  R. C. Lochan,  I. Lotan,  
 L. A. Martinez-Martinez,  P. E. Maslen,  N. Nair,  D. P. O'Neill,  
 D. Neuhauser,  E. Neuscamman,  C. M. Oana,  R. Olivares-Amaya,  R. Olson,  
 T. M. Perrine,  B. Peters,  P. A. Pieniazek,  A. Prociuk,  Y. M. Rhee,  
 J. Ritchie,  M. A. Rohrdanz,  E. Rosta,  N. J. Russ,  H. F. Schaefer III,  
 M. W. Schmidt,  N. E. Schultz,  S. Sharma,  N. Shenvi,  C. D. Sherrill,  
 A. C. Simmonett,  A. Sodt,  T. Stein,  D. Stuck,  K. S. Thanthiriwatte,  
 V. Vanovschi,  L. Vogt,  Tao Wang,  A. Warshel,  M. A. Watson,  
 C. F. Williams,  Q. Wu,  X. Xu,  Jun Yang,  W. Zhang,  Yan Zhao

 Please cite Q-Chem as follows:
 Y. Shao et al., Mol. Phys. 113, 184-215 (2015)
 DOI: 10.1080/00268976.2014.952696

 Q-Chem 5.4.1 for Intel X86 EM64T Linux

 Parts of Q-Chem use Armadillo 9.800.1 (Horizon Scraper).
 http://arma.sourceforge.net/

 Q-Chem begins on Wed Jun 29 13:28:36 2022  

 Host: gadi-cpu-clx-0896.gadi.nci.org.au
0

     Scratch files written to /jobfs/48730546.gadi-pbs/qchem1645130//
 Processing $rem in /apps/qchem/5.4.1/config/preferences:
 Processing $rem in /home/561/yj5695/.qchemrc:
 Symmetry turned off for PCM/SM12/SMD calculation
 Method-specific promolecule density matrix will be built for SM12 calculation

 Checking the input file for inconsistencies... 	...done.

--------------------------------------------------------------
User input:
--------------------------------------------------------------
$molecule
0  1
C -1.2847980412  0.7733700502 -0.9134837788
C -2.47788819  0.8967385101 -1.6335685278
H -3.4372187601  0.8939573706 -1.1244008755
C -2.4215981584  1.0319576802 -3.0090391719
H -3.3282282144  1.1359632575 -3.5966620234
C -1.1796853187  1.0439133352 -3.6643737889
O -1.2281850815  1.1866056225 -5.0115097952
C  0.0090137461  0.9168771927 -2.9372804833
H  0.9747765974  0.9281694777 -3.4281401426
C -0.0496579214  0.776923372 -1.5524708553
H  0.8684654783  0.6811400798 -0.9813067908
S -1.3604853357  0.5497409523  0.8388211645
O -0.042767312  0.8568312195  1.3981024865
O -2.537772405  1.2624433699  1.340116688
N -1.6328332975 -1.0485434903  1.1720155626
H -0.8801175221 -1.6386198849  0.8114532926
H -2.5337688124 -1.3587293421  0.8014650331
C  0.0075017095  1.2106899881 -5.7248328244
H -0.2601659432  1.3328139208 -6.7735147332
H  0.5502264153  0.270584955 -5.5870995465
H  0.6244823667  2.0533673631 -5.3982678896
$end

$rem
jobtype sp
exchange M062X
basis 6-31+G*
SMX_GAS_PHASE = TRUE
solvent_method sm12
$end

$smx
solvent water
charges mk
$end
--------------------------------------------------------------
 ----------------------------------------------------------------
             Standard Nuclear Orientation (Angstroms)
    I     Atom           X                Y                Z
 ----------------------------------------------------------------
    1      C      -1.2847980412     0.7733700502    -0.9134837788
    2      C      -2.4778881900     0.8967385101    -1.6335685278
    3      H      -3.4372187601     0.8939573706    -1.1244008755
    4      C      -2.4215981584     1.0319576802    -3.0090391719
    5      H      -3.3282282144     1.1359632575    -3.5966620234
    6      C      -1.1796853187     1.0439133352    -3.6643737889
    7      O      -1.2281850815     1.1866056225    -5.0115097952
    8      C       0.0090137461     0.9168771927    -2.9372804833
    9      H       0.9747765974     0.9281694777    -3.4281401426
   10      C      -0.0496579214     0.7769233720    -1.5524708553
   11      H       0.8684654783     0.6811400798    -0.9813067908
   12      S      -1.3604853357     0.5497409523     0.8388211645
   13      O      -0.0427673120     0.8568312195     1.3981024865
   14      O      -2.5377724050     1.2624433699     1.3401166880
   15      N      -1.6328332975    -1.0485434903     1.1720155626
   16      H      -0.8801175221    -1.6386198849     0.8114532926
   17      H      -2.5337688124    -1.3587293421     0.8014650331
   18      C       0.0075017095     1.2106899881    -5.7248328244
   19      H      -0.2601659432     1.3328139208    -6.7735147332
   20      H       0.5502264153     0.2705849550    -5.5870995465
   21      H       0.6244823667     2.0533673631    -5.3982678896
 ----------------------------------------------------------------
 Nuclear Repulsion Energy =         825.47081922 hartrees
 There are       49 alpha and       49 beta electrons
 Requested basis set is 6-31+G(d)
 There are 79 shells and 250 basis functions

 Total QAlloc Memory Limit   2000 MB
 Mega-Array Size       188 MB
 MEM_STATIC part       192 MB
 A cutoff of  1.0D-08 yielded   2441 shell pairs
 There are     26169 function pairs
 Smallest overlap matrix eigenvalue = 2.02E-06

 Q-Chem warning in module stvman/mkSTV.C, line 323:

 Overlap eigenvalue is smaller than square root of threshold
 Use THRESH >= 12 to get rid of this warning


 Scale SEOQF with 1.000000e-01/1.000000e-01/1.000000e-02

 Standard Electronic Orientation quadrupole field applied
 Nucleus-field energy     =     0.0000000066 hartrees
 ================ Generating on-the-fly Promolecule Density  ================
Attempting to make child job directory: /jobfs/48730546.gadi-pbs/qchem1645130//Frg1/
Attempting to make child job directory: /jobfs/48730546.gadi-pbs/qchem1645130//Frg2/
Attempting to make child job directory: /jobfs/48730546.gadi-pbs/qchem1645130//Frg3/
Attempting to make child job directory: /jobfs/48730546.gadi-pbs/qchem1645130//Frg4/
Attempting to make child job directory: /jobfs/48730546.gadi-pbs/qchem1645130//Frg5/
Creating input file /jobfs/48730546.gadi-pbs/qchem1645130/Frg1.input
using default PutDataFrgm: nothing
calling putenv with: QCSCRATCH=/jobfs/48730546.gadi-pbs/qchem1645130/ 
Spawning Job For Fragment 0
Done Job For Fragment 0
calling putenv with: QCSCRATCH=/jobfs/48730546.gadi-pbs 
calling putenv with: QCTHREADS=8 
Creating input file /jobfs/48730546.gadi-pbs/qchem1645130/Frg2.input
using default PutDataFrgm: nothing
calling putenv with: QCSCRATCH=/jobfs/48730546.gadi-pbs/qchem1645130/ 
Spawning Job For Fragment 1
Done Job For Fragment 1
calling putenv with: QCSCRATCH=/jobfs/48730546.gadi-pbs 
calling putenv with: QCTHREADS=8 
Creating input file /jobfs/48730546.gadi-pbs/qchem1645130/Frg3.input
using default PutDataFrgm: nothing
calling putenv with: QCSCRATCH=/jobfs/48730546.gadi-pbs/qchem1645130/ 
Spawning Job For Fragment 2
Done Job For Fragment 2
calling putenv with: QCSCRATCH=/jobfs/48730546.gadi-pbs 
calling putenv with: QCTHREADS=8 
Creating input file /jobfs/48730546.gadi-pbs/qchem1645130/Frg4.input
using default PutDataFrgm: nothing
calling putenv with: QCSCRATCH=/jobfs/48730546.gadi-pbs/qchem1645130/ 
Spawning Job For Fragment 3
Done Job For Fragment 3
calling putenv with: QCSCRATCH=/jobfs/48730546.gadi-pbs 
calling putenv with: QCTHREADS=8 
Creating input file /jobfs/48730546.gadi-pbs/qchem1645130/Frg5.input
using default PutDataFrgm: nothing
calling putenv with: QCSCRATCH=/jobfs/48730546.gadi-pbs/qchem1645130/ 
Spawning Job For Fragment 4
Done Job For Fragment 4
calling putenv with: QCSCRATCH=/jobfs/48730546.gadi-pbs 
calling putenv with: QCTHREADS=8 
 Time for running child jobs:  CPU 1.16 s  wall 1.90 s
 ============= Method Specific Promolecule Density Constructed =============
 Guess from superposition of atomic densities
 Warning:  Energy on first SCF cycle will be non-variational
 SAD guess density has 98.000000 electrons

 -----------------------------------------------------------------------
  General SCF calculation program by
  Eric Jon Sundstrom, Paul Horn, Yuezhi Mao, Dmitri Zuev, Alec White,
  David Stuck, Shaama M.S., Shane Yost, Joonho Lee, David Small,
  Daniel Levine, Susi Lehtola, Hugh Burton, Evgeny Epifanovsky,
  Bang C. Huynh
 -----------------------------------------------------------------------
 Exchange:     0.5400 Hartree-Fock + 1.0000 M06-2X
 Correlation:  1.0000 M06-2X
 Using SG-3 standard quadrature grid
 using 8 threads for integral computing
 -------------------------------------------------------
 OpenMP Integral computing Module                
 Release: version 1.0, May 2013, Q-Chem Inc. Pittsburgh 
 -------------------------------------------------------
 A restricted SCF calculation will be
 performed using DIIS
 SCF converges when DIIS error is below 1.0e-05
 ---------------------------------------
  Cycle       Energy         DIIS error
 ---------------------------------------
    1    -954.1738363595      4.87e-02  
    2    -950.1983321806      6.07e-03  
    3    -950.0467585353      8.24e-03  
    4    -950.4337703211      9.85e-04  
    5    -950.4394444030      4.09e-04  
    6    -950.4406321245      9.85e-05  
    7    -950.4407052647      3.19e-05  
    8    -950.4407131274      7.79e-06  Convergence criterion met
 ---------------------------------------
 SCF time:   CPU 75.78s  wall 10.00s 
 SCF   energy in the final basis set =     -950.4407131274
 Total energy in the final basis set =     -950.4407131274
 Exchange:     0.5400 Hartree-Fock + 1.0000 M06-2X
 Correlation:  1.0000 M06-2X
 Using SG-3 standard quadrature grid
 
 SM12 calculation using Merz-Singh-Kollman charges
 Citation of the SM12 model:
 Marenich, A.V.; Cramer, C.J.; Truhlar, D.G.
 J. Chem. Theory Comput. 2013, 9, 609-612.
 iSolventCode=           1
 Solvent: water                                                           
 
  Building new vdw surfaces
         Merz-Kollman ESP Net Atomic Charges

     Atom                 Charge (a.u.)
  ----------------------------------------
      1 C                    -0.240161
      2 C                    -0.019453
      3 H                     0.160844
      4 C                    -0.404057
      5 H                     0.202717
      6 C                     0.537293
      7 O                    -0.353642
      8 C                    -0.268000
      9 H                     0.160193
     10 C                    -0.133106
     11 H                     0.185037
     12 S                     1.110053
     13 O                    -0.520741
     14 O                    -0.521248
     15 N                    -0.826384
     16 H                     0.375912
     17 H                     0.370743
     18 C                    -0.196262
     19 H                     0.161590
     20 H                     0.096794
     21 H                     0.121878
  ----------------------------------------
  Sum of atomic charges =     0.000000

  Related Dipole Moment =     7.5743 (X  1.1003 Y -3.2289 Z -6.7626)


 Charges (in A.U.) from Merz-Kollman fitting 
 -----------------------------------------------
 Center     Atomic                  MZ       
 Number     Number                  Charge
 -----------------------------------------------
    1          6                   -0.240161
    2          6                   -0.019453
    3          1                    0.160844
    4          6                   -0.404057
    5          1                    0.202717
    6          6                    0.537293
    7          8                   -0.353642
    8          6                   -0.268000
    9          1                    0.160193
   10          6                   -0.133106
   11          1                    0.185037
   12         16                    1.110053
   13          8                   -0.520741
   14          8                   -0.521248
   15          7                   -0.826384
   16          1                    0.375912
   17          1                    0.370743
   18          6                   -0.196262
   19          1                    0.161590
   20          1                    0.096794
   21          1                    0.121878
 -----------------------------------------------
 A restricted SCF calculation will be
 performed using Roothaan-Hall, DIIS
 SCF converges when DIIS error is below 1.0e-05
 ---------------------------------------
  Cycle       Energy         DIIS error
 ---------------------------------------
         Merz-Kollman ESP Net Atomic Charges

     Atom                 Charge (a.u.)
  ----------------------------------------
      1 C                    -0.231803
      2 C                    -0.050052
      3 H                     0.174372
      4 C                    -0.397938
      5 H                     0.211384
      6 C                     0.537957
      7 O                    -0.375658
      8 C                    -0.250347
      9 H                     0.177299
     10 C                    -0.154031
     11 H                     0.193165
     12 S                     1.154597
     13 O                    -0.577249
     14 O                    -0.580292
     15 N                    -0.819430
     16 H                     0.393542
     17 H                     0.389126
     18 C                    -0.206342
     19 H                     0.171410
     20 H                     0.106575
     21 H                     0.133717
  ----------------------------------------
  Sum of atomic charges =     0.000000

  Related Dipole Moment =     8.7837 (X  1.3619 Y -3.8466 Z -7.7784)


 Charges (in A.U.) from Merz-Kollman fitting 
 -----------------------------------------------
 Center     Atomic                  MZ       
 Number     Number                  Charge
 -----------------------------------------------
    1          6                   -0.231803
    2          6                   -0.050052
    3          1                    0.174372
    4          6                   -0.397938
    5          1                    0.211384
    6          6                    0.537957
    7          8                   -0.375658
    8          6                   -0.250347
    9          1                    0.177299
   10          6                   -0.154031
   11          1                    0.193165
   12         16                    1.154597
   13          8                   -0.577249
   14          8                   -0.580292
   15          7                   -0.819430
   16          1                    0.393542
   17          1                    0.389126
   18          6                   -0.206342
   19          1                    0.171410
   20          1                    0.106575
   21          1                    0.133717
 -----------------------------------------------
    1    -950.4407130330      4.69e-04  Roothaan Step
 ---------------------------------------
  Cycle       Energy         DIIS error
 ---------------------------------------
         Merz-Kollman ESP Net Atomic Charges

     Atom                 Charge (a.u.)
  ----------------------------------------
      1 C                    -0.212083
      2 C                    -0.061498
      3 H                     0.174921
      4 C                    -0.389722
      5 H                     0.211765
      6 C                     0.533203
      7 O                    -0.361438
      8 C                    -0.264923
      9 H                     0.183105
     10 C                    -0.163522
     11 H                     0.194169
     12 S                     1.113413
     13 O                    -0.555558
     14 O                    -0.556321
     15 N                    -0.827416
     16 H                     0.391541
     17 H                     0.387925
     18 C                    -0.218273
     19 H                     0.175819
     20 H                     0.106438
     21 H                     0.138456
  ----------------------------------------
  Sum of atomic charges =     0.000000

  Related Dipole Moment =     8.7273 (X  1.3078 Y -3.5956 Z -7.8439)


 Charges (in A.U.) from Merz-Kollman fitting 
 -----------------------------------------------
 Center     Atomic                  MZ       
 Number     Number                  Charge
 -----------------------------------------------
    1          6                   -0.212083
    2          6                   -0.061498
    3          1                    0.174921
    4          6                   -0.389722
    5          1                    0.211765
    6          6                    0.533203
    7          8                   -0.361438
    8          6                   -0.264923
    9          1                    0.183105
   10          6                   -0.163522
   11          1                    0.194169
   12         16                    1.113413
   13          8                   -0.555558
   14          8                   -0.556321
   15          7                   -0.827416
   16          1                    0.391541
   17          1                    0.387925
   18          6                   -0.218273
   19          1                    0.175819
   20          1                    0.106438
   21          1                    0.138456
 -----------------------------------------------
    1    -950.4358684305      3.29e-04  
         Merz-Kollman ESP Net Atomic Charges

     Atom                 Charge (a.u.)
  ----------------------------------------
      1 C                    -0.217298
      2 C                    -0.059371
      3 H                     0.175220
      4 C                    -0.394368
      5 H                     0.212321
      6 C                     0.537345
      7 O                    -0.370370
      8 C                    -0.260300
      9 H                     0.182256
     10 C                    -0.159967
     11 H                     0.193583
     12 S                     1.153360
     13 O                    -0.576680
     14 O                    -0.578832
     15 N                    -0.823526
     16 H                     0.392193
     17 H                     0.388263
     18 C                    -0.215370
     19 H                     0.175803
     20 H                     0.107581
     21 H                     0.138157
  ----------------------------------------
  Sum of atomic charges =     0.000000

  Related Dipole Moment =     8.8677 (X  1.3597 Y -3.7563 Z -7.9169)


 Charges (in A.U.) from Merz-Kollman fitting 
 -----------------------------------------------
 Center     Atomic                  MZ       
 Number     Number                  Charge
 -----------------------------------------------
    1          6                   -0.217298
    2          6                   -0.059371
    3          1                    0.175220
    4          6                   -0.394368
    5          1                    0.212321
    6          6                    0.537345
    7          8                   -0.370370
    8          6                   -0.260300
    9          1                    0.182256
   10          6                   -0.159967
   11          1                    0.193583
   12         16                    1.153360
   13          8                   -0.576680
   14          8                   -0.578832
   15          7                   -0.823526
   16          1                    0.392193
   17          1                    0.388263
   18          6                   -0.215370
   19          1                    0.175803
   20          1                    0.107581
   21          1                    0.138157
 -----------------------------------------------
    2    -950.4365281950      4.05e-04  
         Merz-Kollman ESP Net Atomic Charges

     Atom                 Charge (a.u.)
  ----------------------------------------
      1 C                    -0.221185
      2 C                    -0.059454
      3 H                     0.175549
      4 C                    -0.393748
      5 H                     0.212668
      6 C                     0.538245
      7 O                    -0.370154
      8 C                    -0.258714
      9 H                     0.182680
     10 C                    -0.159971
     11 H                     0.193860
     12 S                     1.145743
     13 O                    -0.574618
     14 O                    -0.576573
     15 N                    -0.822838
     16 H                     0.392784
     17 H                     0.388942
     18 C                    -0.215751
     19 H                     0.176173
     20 H                     0.107837
     21 H                     0.138526
  ----------------------------------------
  Sum of atomic charges =     0.000000

  Related Dipole Moment =     8.9246 (X  1.3702 Y -3.7556 Z -7.9791)


 Charges (in A.U.) from Merz-Kollman fitting 
 -----------------------------------------------
 Center     Atomic                  MZ       
 Number     Number                  Charge
 -----------------------------------------------
    1          6                   -0.221185
    2          6                   -0.059454
    3          1                    0.175549
    4          6                   -0.393748
    5          1                    0.212668
    6          6                    0.538245
    7          8                   -0.370154
    8          6                   -0.258714
    9          1                    0.182680
   10          6                   -0.159971
   11          1                    0.193860
   12         16                    1.145743
   13          8                   -0.574618
   14          8                   -0.576573
   15          7                   -0.822838
   16          1                    0.392784
   17          1                    0.388942
   18          6                   -0.215751
   19          1                    0.176173
   20          1                    0.107837
   21          1                    0.138526
 -----------------------------------------------
    3    -950.4361338492      3.61e-05  
         Merz-Kollman ESP Net Atomic Charges

     Atom                 Charge (a.u.)
  ----------------------------------------
      1 C                    -0.218322
      2 C                    -0.059814
      3 H                     0.175501
      4 C                    -0.394263
      5 H                     0.212851
      6 C                     0.537826
      7 O                    -0.369925
      8 C                    -0.260623
      9 H                     0.183254
     10 C                    -0.160174
     11 H                     0.193818
     12 S                     1.148710
     13 O                    -0.575922
     14 O                    -0.577948
     15 N                    -0.823714
     16 H                     0.392754
     17 H                     0.388936
     18 C                    -0.216397
     19 H                     0.176579
     20 H                     0.108003
     21 H                     0.138869
  ----------------------------------------
  Sum of atomic charges =     0.000000

  Related Dipole Moment =     8.9274 (X  1.3698 Y -3.7545 Z -7.9828)


 Charges (in A.U.) from Merz-Kollman fitting 
 -----------------------------------------------
 Center     Atomic                  MZ       
 Number     Number                  Charge
 -----------------------------------------------
    1          6                   -0.218322
    2          6                   -0.059814
    3          1                    0.175501
    4          6                   -0.394263
    5          1                    0.212851
    6          6                    0.537826
    7          8                   -0.369925
    8          6                   -0.260623
    9          1                    0.183254
   10          6                   -0.160174
   11          1                    0.193818
   12         16                    1.148710
   13          8                   -0.575922
   14          8                   -0.577948
   15          7                   -0.823714
   16          1                    0.392754
   17          1                    0.388936
   18          6                   -0.216397
   19          1                    0.176579
   20          1                    0.108003
   21          1                    0.138869
 -----------------------------------------------
    4    -950.4359830062      2.03e-05  
    5    -950.4359358605      4.89e-06  Convergence criterion met
 ---------------------------------------
 SCF time:   CPU 67.05s  wall 8.00s 
(0)  E-EN(g) gas-phase elect-nuc energy                 -950.440713127 a.u.
(1)  E-EN(liq) elect-nuc energy of solute               -950.435935861 a.u.
(2)  G-P(liq) polarization free energy of solvation           -20.8907 kcal/mol
(3)  G-ENP(liq) elect-nuc-pol free energy of system     -950.469227236 a.u.
(4)  G-CDS(liq) cavity-dispersion-solvent structure 
     free energy                                                2.7304 kcal/mol
(5)  G-P-CDS(liq) = G-P(liq) + G-CDS(liq) = (2) + (4)         -18.1602 kcal/mol
(6)  G-S(liq) free energy of system = (1) + (5)         -950.464876030 a.u.
(7)  DeltaE-EN(liq) elect-nuc reorganization
     energy of solute molecule (7) = (1) - (0)                  2.9978 kcal/mol
(8)  DeltaG-ENP(liq) elect-nuc-pol free energy
     of solvation (8) = (3) - (0)                             -17.8929 kcal/mol
(9)  DeltaG-S(liq) free energy of  solvation
     (9) = (6) - (0)                                          -15.1624 kcal/mol
 SCF   energy in the final basis set =     -950.4648760296
 Total energy in the final basis set =     -950.4648760296
 
 --------------------------------------------------------------
 
                    Orbital Energies (a.u.)
 --------------------------------------------------------------
 
 Alpha MOs
 -- Occupied --
-90.1735 -19.6924 -19.6568 -19.6561 -14.8041 -10.6406 -10.6015 -10.5981
-10.5876 -10.5869 -10.5745 -10.5724  -8.4874  -6.4096  -6.4092  -6.4082
 -1.2566  -1.2091  -1.1430  -1.0325  -0.9895  -0.8883  -0.8750  -0.8157
 -0.7572  -0.7212  -0.6890  -0.6475  -0.6170  -0.6155  -0.5880  -0.5800
 -0.5584  -0.5413  -0.5366  -0.5178  -0.4958  -0.4926  -0.4731  -0.4463
 -0.4336  -0.4247  -0.4186  -0.4100  -0.3988  -0.3929  -0.3813  -0.3342
 -0.2998
 -- Virtual --
 -0.0109  -0.0043  -0.0023   0.0200   0.0278   0.0373   0.0427   0.0491
  0.0562   0.0641   0.0662   0.0746   0.0824   0.0862   0.0936   0.0998
  0.1047   0.1076   0.1106   0.1248   0.1304   0.1324   0.1345   0.1422
  0.1518   0.1566   0.1583   0.1598   0.1687   0.1763   0.1827   0.1901
  0.1976   0.2034   0.2073   0.2159   0.2220   0.2244   0.2277   0.2371
  0.2438   0.2514   0.2602   0.2630   0.2699   0.2743   0.2824   0.2835
  0.2870   0.2928   0.2952   0.2999   0.3119   0.3173   0.3187   0.3248
  0.3301   0.3352   0.3529   0.3558   0.3659   0.3794   0.3881   0.3937
  0.4032   0.4215   0.4391   0.4437   0.4739   0.4865   0.5481   0.5628
  0.5699   0.6343   0.6679   0.6821   0.6864   0.7117   0.7206   0.7304
  0.7332   0.7392   0.7544   0.7654   0.7740   0.7923   0.8120   0.8153
  0.8271   0.8910   0.9080   0.9366   0.9438   0.9671   0.9810   0.9905
  0.9956   1.0079   1.0214   1.0346   1.0362   1.0539   1.0798   1.1019
  1.1080   1.1182   1.1266   1.1287   1.1535   1.1676   1.1835   1.1963
  1.2170   1.2454   1.2648   1.2729   1.2789   1.3070   1.3262   1.3424
  1.3575   1.3646   1.3688   1.3722   1.3934   1.3999   1.4087   1.4243
  1.4617   1.4847   1.4925   1.4986   1.5303   1.5453   1.5712   1.5876
  1.6109   1.6870   1.7212   1.7426   1.7982   1.8058   1.8160   1.8478
  1.8567   1.8691   1.9040   1.9113   1.9360   1.9611   1.9838   2.0048
  2.0121   2.0388   2.0557   2.0999   2.1200   2.1358   2.1546   2.1589
  2.1662   2.1880   2.2029   2.2173   2.2367   2.2631   2.3041   2.3130
  2.3342   2.3480   2.3861   2.4217   2.4478   2.4984   2.5679   2.5798
  2.6410   2.6630   2.7065   2.7777   2.7951   2.8245   2.8454   2.8992
  2.9186   2.9544   3.0563   3.1894   3.4011   3.8835   4.0788   4.2133
  4.2484   4.2658   4.2825   4.3170   4.3622   4.4030   4.4780   4.5527
  4.7881
 --------------------------------------------------------------
 
          Ground-State Mulliken Net Atomic Charges

     Atom                 Charge (a.u.)
  ----------------------------------------
      1 C                    -1.519877
      2 C                    -0.115614
      3 H                     0.284427
      4 C                    -0.259832
      5 H                     0.270025
      6 C                     0.270568
      7 O                    -0.475663
      8 C                     1.781639
      9 H                     0.282048
     10 C                    -1.239683
     11 H                     0.284742
     12 S                     1.158649
     13 O                    -0.762136
     14 O                    -0.748615
     15 N                    -0.820864
     16 H                     0.506061
     17 H                     0.502499
     18 C                    -0.149035
     19 H                     0.254587
     20 H                     0.244182
     21 H                     0.251892
  ----------------------------------------
  Sum of atomic charges =     0.000000

         Merz-Kollman ESP Net Atomic Charges

     Atom                 Charge (a.u.)
  ----------------------------------------
      1 C                    -0.219227
      2 C                    -0.059800
      3 H                     0.175493
      4 C                    -0.394238
      5 H                     0.212820
      6 C                     0.538381
      7 O                    -0.370070
      8 C                    -0.260501
      9 H                     0.183210
     10 C                    -0.159964
     11 H                     0.193768
     12 S                     1.149297
     13 O                    -0.576092
     14 O                    -0.578092
     15 N                    -0.823559
     16 H                     0.392651
     17 H                     0.388831
     18 C                    -0.216504
     19 H                     0.176632
     20 H                     0.108036
     21 H                     0.138929
  ----------------------------------------
  Sum of atomic charges =     0.000000

  Related Dipole Moment =     8.9322 (X  1.3715 Y -3.7540 Z -7.9881)

 -----------------------------------------------------------------
                    Cartesian Multipole Moments
 -----------------------------------------------------------------
    Charge (ESU x 10^10)
                 0.0000
    Dipole Moment (Debye)
         X       1.3327      Y      -3.7267      Z      -7.9596
       Tot       8.8893
    Quadrupole Moments (Debye-Ang)
        XX     -75.8439     XY       8.4103     YY     -78.9049
        XZ      -0.6622     YZ     -10.4847     ZZ     -65.7988
    Octopole Moments (Debye-Ang^2)
       XXX     260.9878    XXY     -74.7071    XYY      97.7260
       YYY    -190.1728    XXZ      89.3380    XYZ       2.8574
       YYZ     107.5891    XZZ     137.5902    YZZ     -34.2295
       ZZZ     195.8214
    Hexadecapole Moments (Debye-Ang^3)
      XXXX   -1104.2070   XXXY     229.1977   XXYY    -297.0586
      XYYY     221.5591   YYYY    -533.3926   XXXZ    -147.6005
      XXYZ     104.9777   XYYZ     -87.7562   YYYZ     424.9017
      XXZZ    -871.5891   XYZZ     105.2151   YYZZ    -720.7286
      XZZZ    -406.1368   YZZZ     254.1427   ZZZZ   -3036.8687
 -----------------------------------------------------------------
 Total job time:  20.30s(wall), 147.09s(cpu) 
 Wed Jun 29 13:28:57 2022

        *************************************************************
        *                                                           *
        *  Thank you very much for using Q-Chem.  Have a nice day.  *
        *                                                           *
        *************************************************************


